2023-12-01 21:21:50             SUCCESS             MOFSLOPENAPI.py             Initilize Constructor
2023-12-01 21:21:51             SUCCESS             MOFSLOPENAPI.py             Initilize Constructor Done
2023-12-01 21:22:16             SUCCESS             MOFSLOPENAPI.py             Initilize login request send
2023-12-01 21:22:16             SUCCESS             MOFSLOPENAPI.py             Initilize Post WebRequest Sent
2023-12-01 21:22:18             SUCCESS             MOFSLOPENAPI.py             Post WebRequest Send Successfully
2023-12-01 21:22:18             SUCCESS             MOFSLOPENAPI.py             Login sucessfully
2023-12-01 22:01:48             SUCCESS             MOFSLOPENAPI.py             Initilize Constructor
2023-12-01 22:01:50             SUCCESS             MOFSLOPENAPI.py             Initilize Constructor Done
2023-12-01 22:02:19             SUCCESS             MOFSLOPENAPI.py             Initilize login request send
2023-12-01 22:02:19             SUCCESS             MOFSLOPENAPI.py             Initilize Post WebRequest Sent
2023-12-01 22:02:20             SUCCESS             MOFSLOPENAPI.py             Post WebRequest Send Successfully
2023-12-01 22:02:20             SUCCESS             MOFSLOPENAPI.py             Login sucessfully
2023-12-01 22:02:47             SUCCESS             MOFSLOPENAPI.py             Initilize Constructor
2023-12-01 22:02:48             SUCCESS             MOFSLOPENAPI.py             Initilize Constructor Done
2023-12-01 22:02:54             SUCCESS             MOFSLOPENAPI.py             Initilize login request send
2023-12-01 22:02:54             SUCCESS             MOFSLOPENAPI.py             Initilize Post WebRequest Sent
2023-12-01 22:02:56             SUCCESS             MOFSLOPENAPI.py             Post WebRequest Send Successfully
2023-12-01 22:02:56             SUCCESS             MOFSLOPENAPI.py             Login sucessfully
2023-12-01 22:02:56             SUCCESS             MOFSLOPENAPI.py             Initilize Constructor
2023-12-01 22:02:57             SUCCESS             MOFSLOPENAPI.py             Initilize Constructor Done
2023-12-01 22:03:11             SUCCESS             MOFSLOPENAPI.py             Initilize login request send
2023-12-01 22:03:11             SUCCESS             MOFSLOPENAPI.py             Initilize Post WebRequest Sent
2023-12-01 22:03:12             SUCCESS             MOFSLOPENAPI.py             Post WebRequest Send Successfully
2023-12-01 22:03:12             SUCCESS             MOFSLOPENAPI.py             Login sucessfully
2023-12-01 22:03:12             SUCCESS             MOFSLOPENAPI.py             Initilaize GetInstrumentFile request send
2023-12-01 22:03:12             SUCCESS             MOFSLOPENAPI.py             Initilize Post WebRequest Sent
2023-12-01 22:03:17             SUCCESS             MOFSLOPENAPI.py             Post WebRequest Send Successfully
2023-12-01 22:03:17             SUCCESS             MOFSLOPENAPI.py             GetInstrumentFile request sent Successfully
2023-12-01 22:11:53             SUCCESS             MOFSLOPENAPI.py             Initilize Constructor
2023-12-01 22:11:55             SUCCESS             MOFSLOPENAPI.py             Initilize Constructor Done
2023-12-01 22:12:12             SUCCESS             MOFSLOPENAPI.py             Initilize login request send
2023-12-01 22:12:12             SUCCESS             MOFSLOPENAPI.py             Initilize Post WebRequest Sent
2023-12-01 22:12:13             SUCCESS             MOFSLOPENAPI.py             Post WebRequest Send Successfully
2023-12-01 22:12:13             SUCCESS             MOFSLOPENAPI.py             Login sucessfully
2023-12-01 22:13:54             SUCCESS             MOFSLOPENAPI.py             Initilize Constructor
2023-12-01 22:13:55             SUCCESS             MOFSLOPENAPI.py             Initilize Constructor Done
2023-12-01 22:14:10             SUCCESS             MOFSLOPENAPI.py             Initilize login request send
2023-12-01 22:14:10             SUCCESS             MOFSLOPENAPI.py             Initilize Post WebRequest Sent
2023-12-01 22:14:11             SUCCESS             MOFSLOPENAPI.py             Post WebRequest Send Successfully
2023-12-01 22:14:11             SUCCESS             MOFSLOPENAPI.py             Login sucessfully
2023-12-01 22:31:31             SUCCESS             MOFSLOPENAPI.py             Initilize Constructor
2023-12-01 22:31:32             SUCCESS             MOFSLOPENAPI.py             Initilize Constructor Done
2023-12-01 22:31:56             SUCCESS             MOFSLOPENAPI.py             Initilize login request send
2023-12-01 22:31:56             SUCCESS             MOFSLOPENAPI.py             Initilize Post WebRequest Sent
2023-12-01 22:31:57             SUCCESS             MOFSLOPENAPI.py             Post WebRequest Send Successfully
2023-12-01 22:31:57             SUCCESS             MOFSLOPENAPI.py             Login sucessfully
2023-12-01 22:35:44             SUCCESS             MOFSLOPENAPI.py             Initilize Constructor
2023-12-01 22:35:46             SUCCESS             MOFSLOPENAPI.py             Initilize Constructor Done
2023-12-01 22:36:09             SUCCESS             MOFSLOPENAPI.py             Initilize login request send
2023-12-01 22:36:09             SUCCESS             MOFSLOPENAPI.py             Initilize Post WebRequest Sent
2023-12-01 22:36:10             SUCCESS             MOFSLOPENAPI.py             Post WebRequest Send Successfully
2023-12-01 22:36:11             SUCCESS             MOFSLOPENAPI.py             Login sucessfully
2023-12-01 22:38:23             SUCCESS             MOFSLOPENAPI.py             Initilize Constructor
2023-12-01 22:38:24             SUCCESS             MOFSLOPENAPI.py             Initilize Constructor Done
2023-12-01 22:38:43             SUCCESS             MOFSLOPENAPI.py             Initilize login request send
2023-12-01 22:38:43             SUCCESS             MOFSLOPENAPI.py             Initilize Post WebRequest Sent
2023-12-01 22:38:44             SUCCESS             MOFSLOPENAPI.py             Post WebRequest Send Successfully
2023-12-01 22:38:44             SUCCESS             MOFSLOPENAPI.py             Login sucessfully
2023-12-01 22:39:55             SUCCESS             MOFSLOPENAPI.py             Initilize Constructor
2023-12-01 22:39:57             SUCCESS             MOFSLOPENAPI.py             Initilize Constructor Done
2023-12-01 22:40:13             SUCCESS             MOFSLOPENAPI.py             Initilize login request send
2023-12-01 22:40:13             SUCCESS             MOFSLOPENAPI.py             Initilize Post WebRequest Sent
2023-12-01 22:40:14             SUCCESS             MOFSLOPENAPI.py             Post WebRequest Send Successfully
2023-12-01 22:40:14             SUCCESS             MOFSLOPENAPI.py             Login sucessfully
2023-12-01 22:41:42             SUCCESS             MOFSLOPENAPI.py             Initilize Constructor
2023-12-01 22:42:05             SUCCESS             MOFSLOPENAPI.py             Initilize Constructor Done
2023-12-01 22:42:11             SUCCESS             MOFSLOPENAPI.py             Initilize login request send
2023-12-01 22:42:11             SUCCESS             MOFSLOPENAPI.py             Initilize Post WebRequest Sent
2023-12-01 22:42:13             SUCCESS             MOFSLOPENAPI.py             Post WebRequest Send Successfully
2023-12-01 22:42:13             SUCCESS             MOFSLOPENAPI.py             Login sucessfully
2023-12-01 22:46:19             SUCCESS             MOFSLOPENAPI.py             Initilize Constructor
2023-12-01 22:46:41             SUCCESS             MOFSLOPENAPI.py             Initilize Constructor
2023-12-01 22:46:43             SUCCESS             MOFSLOPENAPI.py             Initilize Constructor Done
2023-12-01 22:46:51             SUCCESS             MOFSLOPENAPI.py             Initilize login request send
2023-12-01 22:46:51             SUCCESS             MOFSLOPENAPI.py             Initilize Post WebRequest Sent
2023-12-01 22:46:52             SUCCESS             MOFSLOPENAPI.py             Post WebRequest Send Successfully
2023-12-01 22:46:52             SUCCESS             MOFSLOPENAPI.py             Login sucessfully
2023-12-01 22:48:42             SUCCESS             MOFSLOPENAPI.py             Initilize Constructor
2023-12-01 22:48:44             SUCCESS             MOFSLOPENAPI.py             Initilize Constructor Done
2023-12-01 22:48:53             SUCCESS             MOFSLOPENAPI.py             Initilize login request send
2023-12-01 22:48:53             SUCCESS             MOFSLOPENAPI.py             Initilize Post WebRequest Sent
2023-12-01 22:48:55             SUCCESS             MOFSLOPENAPI.py             Post WebRequest Send Successfully
2023-12-01 22:48:55             SUCCESS             MOFSLOPENAPI.py             Login sucessfully
2023-12-01 22:53:28             SUCCESS             MOFSLOPENAPI.py             Initilize Constructor
2023-12-01 22:53:29             SUCCESS             MOFSLOPENAPI.py             Initilize Constructor Done
2023-12-01 22:53:50             SUCCESS             MOFSLOPENAPI.py             Initilize login request send
2023-12-01 22:53:50             SUCCESS             MOFSLOPENAPI.py             Initilize Post WebRequest Sent
2023-12-01 22:53:51             SUCCESS             MOFSLOPENAPI.py             Post WebRequest Send Successfully
2023-12-01 22:53:51             SUCCESS             MOFSLOPENAPI.py             Login sucessfully
2023-12-01 22:55:56             SUCCESS             MOFSLOPENAPI.py             Initilize Constructor
2023-12-01 22:56:18             SUCCESS             MOFSLOPENAPI.py             Initilize Constructor Done
2023-12-01 22:56:35             SUCCESS             MOFSLOPENAPI.py             Initilize login request send
2023-12-01 22:56:35             SUCCESS             MOFSLOPENAPI.py             Initilize Post WebRequest Sent
2023-12-01 22:56:36             SUCCESS             MOFSLOPENAPI.py             Post WebRequest Send Successfully
2023-12-01 22:56:36             SUCCESS             MOFSLOPENAPI.py             Login sucessfully
2023-12-01 23:15:06             SUCCESS             MOFSLOPENAPI.py             Initilize Constructor
2023-12-01 23:16:31             SUCCESS             MOFSLOPENAPI.py             Initilize Constructor Done
2023-12-01 23:16:41             SUCCESS             MOFSLOPENAPI.py             Initilize login request send
2023-12-01 23:16:41             SUCCESS             MOFSLOPENAPI.py             Initilize Post WebRequest Sent
2023-12-01 23:16:42             SUCCESS             MOFSLOPENAPI.py             Post WebRequest Send Successfully
2023-12-01 23:16:42             SUCCESS             MOFSLOPENAPI.py             Login sucessfully
2023-12-01 23:17:29             SUCCESS             MOFSLOPENAPI.py             Initilize Constructor
2023-12-01 23:17:30             SUCCESS             MOFSLOPENAPI.py             Initilize Constructor Done
2023-12-01 23:17:41             SUCCESS             MOFSLOPENAPI.py             Initilize login request send
2023-12-01 23:17:41             SUCCESS             MOFSLOPENAPI.py             Initilize Post WebRequest Sent
2023-12-01 23:17:42             SUCCESS             MOFSLOPENAPI.py             Post WebRequest Send Successfully
2023-12-01 23:17:42             SUCCESS             MOFSLOPENAPI.py             Login sucessfully
2023-12-01 23:18:05             SUCCESS             MOFSLOPENAPI.py             Initilize Constructor
2023-12-01 23:18:06             SUCCESS             MOFSLOPENAPI.py             Initilize Constructor Done
2023-12-01 23:18:11             SUCCESS             MOFSLOPENAPI.py             Initilize login request send
2023-12-01 23:18:11             SUCCESS             MOFSLOPENAPI.py             Initilize Post WebRequest Sent
2023-12-01 23:18:12             SUCCESS             MOFSLOPENAPI.py             Post WebRequest Send Successfully
2023-12-01 23:18:12             SUCCESS             MOFSLOPENAPI.py             Login sucessfully
2023-12-01 23:22:09             SUCCESS             MOFSLOPENAPI.py             Initilize Constructor
2023-12-01 23:22:10             SUCCESS             MOFSLOPENAPI.py             Initilize Constructor Done
2023-12-01 23:22:17             SUCCESS             MOFSLOPENAPI.py             Initilize login request send
2023-12-01 23:22:17             SUCCESS             MOFSLOPENAPI.py             Initilize Post WebRequest Sent
2023-12-01 23:22:18             SUCCESS             MOFSLOPENAPI.py             Post WebRequest Send Successfully
2023-12-01 23:22:18             SUCCESS             MOFSLOPENAPI.py             Login sucessfully
2023-12-01 23:23:07             SUCCESS             MOFSLOPENAPI.py             Initilize Constructor
2023-12-01 23:23:08             SUCCESS             MOFSLOPENAPI.py             Initilize Constructor Done
2023-12-01 23:23:11             SUCCESS             MOFSLOPENAPI.py             Initilize login request send
2023-12-01 23:23:11             SUCCESS             MOFSLOPENAPI.py             Initilize Post WebRequest Sent
2023-12-01 23:23:13             SUCCESS             MOFSLOPENAPI.py             Post WebRequest Send Successfully
2023-12-01 23:23:13             SUCCESS             MOFSLOPENAPI.py             Login sucessfully
2023-12-01 23:24:18             SUCCESS             MOFSLOPENAPI.py             Initilize Constructor
2023-12-01 23:24:21             SUCCESS             MOFSLOPENAPI.py             Initilize Constructor Done
2023-12-01 23:24:25             SUCCESS             MOFSLOPENAPI.py             Initilize login request send
2023-12-01 23:24:25             SUCCESS             MOFSLOPENAPI.py             Initilize Post WebRequest Sent
2023-12-01 23:24:26             SUCCESS             MOFSLOPENAPI.py             Post WebRequest Send Successfully
2023-12-01 23:24:26             SUCCESS             MOFSLOPENAPI.py             Login sucessfully
2023-12-01 23:24:28             SUCCESS             MOFSLOPENAPI.py             Initilaize GetLtp request send
2023-12-01 23:24:28             SUCCESS             MOFSLOPENAPI.py             Initilize Post WebRequest Sent
2023-12-01 23:24:29             SUCCESS             MOFSLOPENAPI.py             Post WebRequest Send Successfully
2023-12-01 23:24:29             SUCCESS             MOFSLOPENAPI.py             GetLtp request sent Successfully
2023-12-01 23:25:30             SUCCESS             MOFSLOPENAPI.py             Initilize Constructor
2023-12-01 23:26:12             SUCCESS             MOFSLOPENAPI.py             Initilize Constructor Done
2023-12-01 23:26:18             SUCCESS             MOFSLOPENAPI.py             Initilize Constructor
2023-12-01 23:26:30             SUCCESS             MOFSLOPENAPI.py             Initilize Constructor
2023-12-01 23:26:59             SUCCESS             MOFSLOPENAPI.py             Initilize Constructor Done
2023-12-01 23:27:08             SUCCESS             MOFSLOPENAPI.py             Initilize login request send
2023-12-01 23:27:08             SUCCESS             MOFSLOPENAPI.py             Initilize Post WebRequest Sent
2023-12-01 23:27:10             SUCCESS             MOFSLOPENAPI.py             Post WebRequest Send Successfully
2023-12-01 23:27:10             SUCCESS             MOFSLOPENAPI.py             Login sucessfully
2023-12-01 23:28:19             SUCCESS             MOFSLOPENAPI.py             Initilize Constructor
2023-12-01 23:28:20             SUCCESS             MOFSLOPENAPI.py             Initilize Constructor Done
2023-12-01 23:28:24             SUCCESS             MOFSLOPENAPI.py             Initilize login request send
2023-12-01 23:28:24             SUCCESS             MOFSLOPENAPI.py             Initilize Post WebRequest Sent
2023-12-01 23:28:26             SUCCESS             MOFSLOPENAPI.py             Post WebRequest Send Successfully
2023-12-01 23:28:26             SUCCESS             MOFSLOPENAPI.py             Login sucessfully
2023-12-01 23:28:27             SUCCESS             MOFSLOPENAPI.py             Initilaize GetLtp request send
2023-12-01 23:28:27             SUCCESS             MOFSLOPENAPI.py             Initilize Post WebRequest Sent
2023-12-01 23:28:28             SUCCESS             MOFSLOPENAPI.py             Post WebRequest Send Successfully
2023-12-01 23:28:28             SUCCESS             MOFSLOPENAPI.py             GetLtp request sent Successfully
2023-12-01 23:28:48             SUCCESS             MOFSLOPENAPI.py             Initilize Constructor
2023-12-01 23:28:49             SUCCESS             MOFSLOPENAPI.py             Initilize Constructor Done
2023-12-01 23:28:57             SUCCESS             MOFSLOPENAPI.py             Initilize login request send
2023-12-01 23:28:57             SUCCESS             MOFSLOPENAPI.py             Initilize Post WebRequest Sent
2023-12-01 23:28:58             SUCCESS             MOFSLOPENAPI.py             Post WebRequest Send Successfully
2023-12-01 23:28:58             SUCCESS             MOFSLOPENAPI.py             Login sucessfully
2023-12-01 23:29:00             SUCCESS             MOFSLOPENAPI.py             Initilaize GetLtp request send
2023-12-01 23:29:00             SUCCESS             MOFSLOPENAPI.py             Initilize Post WebRequest Sent
2023-12-01 23:29:01             SUCCESS             MOFSLOPENAPI.py             Post WebRequest Send Successfully
2023-12-01 23:29:01             SUCCESS             MOFSLOPENAPI.py             GetLtp request sent Successfully
2023-12-01 23:30:09             SUCCESS             MOFSLOPENAPI.py             Initilize Constructor
2023-12-01 23:31:07             SUCCESS             MOFSLOPENAPI.py             Initilize Constructor
2023-12-01 23:31:19             SUCCESS             MOFSLOPENAPI.py             Initilize Constructor
2023-12-01 23:32:05             SUCCESS             MOFSLOPENAPI.py             Initilize Constructor Done
2023-12-01 23:32:27             SUCCESS             MOFSLOPENAPI.py             Initilize login request send
2023-12-01 23:32:27             SUCCESS             MOFSLOPENAPI.py             Initilize Post WebRequest Sent
2023-12-01 23:32:28             SUCCESS             MOFSLOPENAPI.py             Post WebRequest Send Successfully
2023-12-01 23:32:28             SUCCESS             MOFSLOPENAPI.py             Login sucessfully
2023-12-01 23:32:30             SUCCESS             MOFSLOPENAPI.py             Initilaize GetLtp request send
2023-12-01 23:32:30             SUCCESS             MOFSLOPENAPI.py             Initilize Post WebRequest Sent
2023-12-01 23:32:31             SUCCESS             MOFSLOPENAPI.py             Post WebRequest Send Successfully
2023-12-01 23:32:31             SUCCESS             MOFSLOPENAPI.py             GetLtp request sent Successfully
2023-12-01 23:35:06             SUCCESS             MOFSLOPENAPI.py             Initilize Constructor
2023-12-01 23:35:10             SUCCESS             MOFSLOPENAPI.py             Initilize Constructor Done
2023-12-01 23:35:17             SUCCESS             MOFSLOPENAPI.py             Initilize login request send
2023-12-01 23:35:17             SUCCESS             MOFSLOPENAPI.py             Initilize Post WebRequest Sent
2023-12-01 23:35:18             SUCCESS             MOFSLOPENAPI.py             Post WebRequest Send Successfully
2023-12-01 23:35:18             SUCCESS             MOFSLOPENAPI.py             Login sucessfully
2023-12-01 23:35:19             SUCCESS             MOFSLOPENAPI.py             Initilaize GetLtp request send
2023-12-01 23:35:19             SUCCESS             MOFSLOPENAPI.py             Initilize Post WebRequest Sent
2023-12-01 23:35:20             SUCCESS             MOFSLOPENAPI.py             Post WebRequest Send Successfully
2023-12-01 23:35:20             SUCCESS             MOFSLOPENAPI.py             GetLtp request sent Successfully
2023-12-01 23:35:48             SUCCESS             MOFSLOPENAPI.py             Initilize Constructor
2023-12-01 23:35:49             SUCCESS             MOFSLOPENAPI.py             Initilize Constructor Done
2023-12-01 23:35:54             SUCCESS             MOFSLOPENAPI.py             Initilize login request send
2023-12-01 23:35:54             SUCCESS             MOFSLOPENAPI.py             Initilize Post WebRequest Sent
2023-12-01 23:35:56             SUCCESS             MOFSLOPENAPI.py             Post WebRequest Send Successfully
2023-12-01 23:35:56             SUCCESS             MOFSLOPENAPI.py             Login sucessfully
2023-12-01 23:36:28             SUCCESS             MOFSLOPENAPI.py             Initilize Constructor
2023-12-01 23:36:29             SUCCESS             MOFSLOPENAPI.py             Initilize Constructor Done
2023-12-01 23:36:38             SUCCESS             MOFSLOPENAPI.py             Initilize login request send
2023-12-01 23:36:38             SUCCESS             MOFSLOPENAPI.py             Initilize Post WebRequest Sent
2023-12-01 23:36:40             SUCCESS             MOFSLOPENAPI.py             Post WebRequest Send Successfully
2023-12-01 23:36:40             SUCCESS             MOFSLOPENAPI.py             Login sucessfully
2023-12-01 23:36:41             SUCCESS             MOFSLOPENAPI.py             Initilaize GetLtp request send
2023-12-01 23:36:41             SUCCESS             MOFSLOPENAPI.py             Initilize Post WebRequest Sent
2023-12-01 23:36:42             SUCCESS             MOFSLOPENAPI.py             Post WebRequest Send Successfully
2023-12-01 23:36:42             SUCCESS             MOFSLOPENAPI.py             GetLtp request sent Successfully
2023-12-01 23:37:54             SUCCESS             MOFSLOPENAPI.py             Initilize Constructor
2023-12-01 23:37:55             SUCCESS             MOFSLOPENAPI.py             Initilize Constructor Done
2023-12-01 23:38:06             SUCCESS             MOFSLOPENAPI.py             Initilize login request send
2023-12-01 23:38:06             SUCCESS             MOFSLOPENAPI.py             Initilize Post WebRequest Sent
2023-12-01 23:38:07             SUCCESS             MOFSLOPENAPI.py             Post WebRequest Send Successfully
2023-12-01 23:38:07             SUCCESS             MOFSLOPENAPI.py             Login sucessfully
2023-12-01 23:38:08             SUCCESS             MOFSLOPENAPI.py             Initilaize GetLtp request send
2023-12-01 23:38:08             SUCCESS             MOFSLOPENAPI.py             Initilize Post WebRequest Sent
2023-12-01 23:38:10             SUCCESS             MOFSLOPENAPI.py             Post WebRequest Send Successfully
2023-12-01 23:38:10             SUCCESS             MOFSLOPENAPI.py             GetLtp request sent Successfully
2023-12-01 23:43:01             SUCCESS             MOFSLOPENAPI.py             Initilize Constructor
2023-12-01 23:43:02             SUCCESS             MOFSLOPENAPI.py             Initilize Constructor Done
2023-12-01 23:43:12             SUCCESS             MOFSLOPENAPI.py             Initilize Constructor
2023-12-01 23:43:13             SUCCESS             MOFSLOPENAPI.py             Initilize Constructor Done
2023-12-01 23:46:11             SUCCESS             MOFSLOPENAPI.py             Initilize Constructor
2023-12-01 23:46:33             SUCCESS             MOFSLOPENAPI.py             Initilize Constructor Done
2023-12-01 23:46:40             SUCCESS             MOFSLOPENAPI.py             Initilize login request send
2023-12-01 23:46:40             SUCCESS             MOFSLOPENAPI.py             Initilize Post WebRequest Sent
2023-12-01 23:46:41             SUCCESS             MOFSLOPENAPI.py             Post WebRequest Send Successfully
2023-12-01 23:46:41             SUCCESS             MOFSLOPENAPI.py             Login sucessfully
2023-12-01 23:46:42             SUCCESS             MOFSLOPENAPI.py             Initilaize GetLtp request send
2023-12-01 23:46:42             SUCCESS             MOFSLOPENAPI.py             Initilize Post WebRequest Sent
2023-12-01 23:46:44             SUCCESS             MOFSLOPENAPI.py             Post WebRequest Send Successfully
2023-12-01 23:46:44             SUCCESS             MOFSLOPENAPI.py             GetLtp request sent Successfully
2023-12-01 23:50:41             SUCCESS             MOFSLOPENAPI.py             Initilize Constructor
2023-12-01 23:51:04             SUCCESS             MOFSLOPENAPI.py             Initilize Constructor Done
2023-12-01 23:51:50             SUCCESS             MOFSLOPENAPI.py             Initilize login request send
2023-12-01 23:51:50             SUCCESS             MOFSLOPENAPI.py             Initilize Post WebRequest Sent
2023-12-01 23:51:51             SUCCESS             MOFSLOPENAPI.py             Post WebRequest Send Successfully
2023-12-01 23:51:51             SUCCESS             MOFSLOPENAPI.py             Login sucessfully
2023-12-01 23:51:52             SUCCESS             MOFSLOPENAPI.py             Initilaize GetLtp request send
2023-12-01 23:51:52             SUCCESS             MOFSLOPENAPI.py             Initilize Post WebRequest Sent
2023-12-01 23:51:54             SUCCESS             MOFSLOPENAPI.py             Post WebRequest Send Successfully
2023-12-01 23:51:54             SUCCESS             MOFSLOPENAPI.py             GetLtp request sent Successfully
