2024-03-01 02:01:13             SUCCESS             MOFSLOPENAPI.py             Initilize Constructor
2024-03-01 02:01:14             SUCCESS             MOFSLOPENAPI.py             GetManufacturerLENOVO
2024-03-01 02:01:14             SUCCESS             MOFSLOPENAPI.py             Initilize Constructor Done
2024-03-01 02:01:26             SUCCESS             MOFSLOPENAPI.py             Initilize Constructor
2024-03-01 02:01:26             SUCCESS             MOFSLOPENAPI.py             GetManufacturerLENOVO
2024-03-01 02:01:26             SUCCESS             MOFSLOPENAPI.py             Initilize Constructor Done
2024-03-01 02:01:26             SUCCESS             MOFSLOPENAPI.py             Initilize login request send
2024-03-01 02:01:27             SUCCESS             MOFSLOPENAPI.py             Initilize Post WebRequest Sent
2024-03-01 02:01:28             SUCCESS             MOFSLOPENAPI.py             Post WebRequest Send Successfully
2024-03-01 02:01:28             SUCCESS             MOFSLOPENAPI.py             Login sucessfully
2024-03-01 02:01:30             SUCCESS             MOFSLOPENAPI.py             Initilaize GetLtp request send
2024-03-01 02:01:30             SUCCESS             MOFSLOPENAPI.py             Initilize Post WebRequest Sent
2024-03-01 02:01:31             SUCCESS             MOFSLOPENAPI.py             Post WebRequest Send Successfully
2024-03-01 02:01:31             SUCCESS             MOFSLOPENAPI.py             GetLtp request sent Successfully
2024-03-01 02:01:34             SUCCESS             MOFSLOPENAPI.py             Initilaize GetOrderBook request send
2024-03-01 02:01:34             SUCCESS             MOFSLOPENAPI.py             Initilize Post WebRequest Sent
2024-03-01 02:01:36             SUCCESS             MOFSLOPENAPI.py             Post WebRequest Send Successfully
2024-03-01 02:01:36             SUCCESS             MOFSLOPENAPI.py             GetOrderBook request sent Successfully
2024-03-01 02:08:00             SUCCESS             MOFSLOPENAPI.py             Initilize Constructor
2024-03-01 02:08:01             SUCCESS             MOFSLOPENAPI.py             GetManufacturerLENOVO
2024-03-01 02:08:01             SUCCESS             MOFSLOPENAPI.py             Initilize Constructor Done
2024-03-01 02:08:38             SUCCESS             MOFSLOPENAPI.py             Initilize Constructor
2024-03-01 02:08:39             SUCCESS             MOFSLOPENAPI.py             GetManufacturerLENOVO
2024-03-01 02:08:39             SUCCESS             MOFSLOPENAPI.py             Initilize Constructor Done
2024-03-01 02:08:39             SUCCESS             MOFSLOPENAPI.py             Initilize login request send
2024-03-01 02:08:39             SUCCESS             MOFSLOPENAPI.py             Initilize Post WebRequest Sent
2024-03-01 02:08:40             SUCCESS             MOFSLOPENAPI.py             Post WebRequest Send Successfully
2024-03-01 02:08:40             SUCCESS             MOFSLOPENAPI.py             Login sucessfully
2024-03-01 02:08:42             SUCCESS             MOFSLOPENAPI.py             Initilaize GetLtp request send
2024-03-01 02:08:42             SUCCESS             MOFSLOPENAPI.py             Initilize Post WebRequest Sent
2024-03-01 02:08:43             SUCCESS             MOFSLOPENAPI.py             Post WebRequest Send Successfully
2024-03-01 02:08:43             SUCCESS             MOFSLOPENAPI.py             GetLtp request sent Successfully
2024-03-01 02:08:45             SUCCESS             MOFSLOPENAPI.py             Initilaize GetOrderBook request send
2024-03-01 02:08:45             SUCCESS             MOFSLOPENAPI.py             Initilize Post WebRequest Sent
2024-03-01 02:08:47             SUCCESS             MOFSLOPENAPI.py             Post WebRequest Send Successfully
2024-03-01 02:08:47             SUCCESS             MOFSLOPENAPI.py             GetOrderBook request sent Successfully
2024-03-01 02:55:15             SUCCESS             MOFSLOPENAPI.py             Initilize Constructor
2024-03-01 02:55:16             SUCCESS             MOFSLOPENAPI.py             GetManufacturerLENOVO
2024-03-01 02:55:16             SUCCESS             MOFSLOPENAPI.py             Initilize Constructor Done
2024-03-01 02:55:41             SUCCESS             MOFSLOPENAPI.py             Initilize Constructor
2024-03-01 02:55:42             SUCCESS             MOFSLOPENAPI.py             GetManufacturerLENOVO
2024-03-01 02:55:42             SUCCESS             MOFSLOPENAPI.py             Initilize Constructor Done
2024-03-01 02:55:42             SUCCESS             MOFSLOPENAPI.py             Initilize login request send
2024-03-01 02:55:42             SUCCESS             MOFSLOPENAPI.py             Initilize Post WebRequest Sent
2024-03-01 02:55:44             SUCCESS             MOFSLOPENAPI.py             Post WebRequest Send Successfully
2024-03-01 02:55:44             SUCCESS             MOFSLOPENAPI.py             Login sucessfully
2024-03-01 02:55:45             SUCCESS             MOFSLOPENAPI.py             Initilaize GetLtp request send
2024-03-01 02:55:45             SUCCESS             MOFSLOPENAPI.py             Initilize Post WebRequest Sent
2024-03-01 02:55:46             SUCCESS             MOFSLOPENAPI.py             Post WebRequest Send Successfully
2024-03-01 02:55:46             SUCCESS             MOFSLOPENAPI.py             GetLtp request sent Successfully
2024-03-01 02:55:49             SUCCESS             MOFSLOPENAPI.py             Initilaize GetOrderBook request send
2024-03-01 02:55:49             SUCCESS             MOFSLOPENAPI.py             Initilize Post WebRequest Sent
2024-03-01 02:55:51             SUCCESS             MOFSLOPENAPI.py             Post WebRequest Send Successfully
2024-03-01 02:55:51             SUCCESS             MOFSLOPENAPI.py             GetOrderBook request sent Successfully
2024-03-01 02:56:47             SUCCESS             MOFSLOPENAPI.py             Initilize Constructor
2024-03-01 02:56:48             SUCCESS             MOFSLOPENAPI.py             GetManufacturerLENOVO
2024-03-01 02:56:48             SUCCESS             MOFSLOPENAPI.py             Initilize Constructor Done
2024-03-01 02:56:55             SUCCESS             MOFSLOPENAPI.py             Initilize Constructor
2024-03-01 02:56:56             SUCCESS             MOFSLOPENAPI.py             GetManufacturerLENOVO
2024-03-01 02:56:56             SUCCESS             MOFSLOPENAPI.py             Initilize Constructor Done
2024-03-01 02:56:56             SUCCESS             MOFSLOPENAPI.py             Initilize login request send
2024-03-01 02:56:56             SUCCESS             MOFSLOPENAPI.py             Initilize Post WebRequest Sent
2024-03-01 02:56:58             SUCCESS             MOFSLOPENAPI.py             Post WebRequest Send Successfully
2024-03-01 02:56:58             SUCCESS             MOFSLOPENAPI.py             Login sucessfully
2024-03-01 02:56:59             SUCCESS             MOFSLOPENAPI.py             Initilaize GetLtp request send
2024-03-01 02:56:59             SUCCESS             MOFSLOPENAPI.py             Initilize Post WebRequest Sent
2024-03-01 02:57:00             SUCCESS             MOFSLOPENAPI.py             Post WebRequest Send Successfully
2024-03-01 02:57:00             SUCCESS             MOFSLOPENAPI.py             GetLtp request sent Successfully
2024-03-01 02:57:03             SUCCESS             MOFSLOPENAPI.py             Initilaize GetOrderBook request send
2024-03-01 02:57:03             SUCCESS             MOFSLOPENAPI.py             Initilize Post WebRequest Sent
2024-03-01 02:57:04             SUCCESS             MOFSLOPENAPI.py             Post WebRequest Send Successfully
2024-03-01 02:57:04             SUCCESS             MOFSLOPENAPI.py             GetOrderBook request sent Successfully
2024-03-01 02:59:57             SUCCESS             MOFSLOPENAPI.py             Initilize Constructor
2024-03-01 02:59:57             SUCCESS             MOFSLOPENAPI.py             GetManufacturerLENOVO
2024-03-01 02:59:58             SUCCESS             MOFSLOPENAPI.py             Initilize Constructor Done
2024-03-01 03:00:07             SUCCESS             MOFSLOPENAPI.py             Initilize Constructor
2024-03-01 03:00:08             SUCCESS             MOFSLOPENAPI.py             GetManufacturerLENOVO
2024-03-01 03:00:08             SUCCESS             MOFSLOPENAPI.py             Initilize Constructor Done
2024-03-01 03:00:08             SUCCESS             MOFSLOPENAPI.py             Initilize login request send
2024-03-01 03:00:08             SUCCESS             MOFSLOPENAPI.py             Initilize Post WebRequest Sent
2024-03-01 03:00:09             SUCCESS             MOFSLOPENAPI.py             Post WebRequest Send Successfully
2024-03-01 03:00:09             SUCCESS             MOFSLOPENAPI.py             Login sucessfully
2024-03-01 03:00:11             SUCCESS             MOFSLOPENAPI.py             Initilaize GetLtp request send
2024-03-01 03:00:11             SUCCESS             MOFSLOPENAPI.py             Initilize Post WebRequest Sent
2024-03-01 03:00:12             SUCCESS             MOFSLOPENAPI.py             Post WebRequest Send Successfully
2024-03-01 03:00:12             SUCCESS             MOFSLOPENAPI.py             GetLtp request sent Successfully
2024-03-01 03:00:14             SUCCESS             MOFSLOPENAPI.py             Initilaize GetOrderBook request send
2024-03-01 03:00:14             SUCCESS             MOFSLOPENAPI.py             Initilize Post WebRequest Sent
2024-03-01 03:00:16             SUCCESS             MOFSLOPENAPI.py             Post WebRequest Send Successfully
2024-03-01 03:00:16             SUCCESS             MOFSLOPENAPI.py             GetOrderBook request sent Successfully
2024-03-01 03:00:52             SUCCESS             MOFSLOPENAPI.py             Initilaize GetLtp request send
2024-03-01 03:00:52             SUCCESS             MOFSLOPENAPI.py             Initilize Post WebRequest Sent
2024-03-01 03:00:53             SUCCESS             MOFSLOPENAPI.py             Post WebRequest Send Successfully
2024-03-01 03:00:53             SUCCESS             MOFSLOPENAPI.py             GetLtp request sent Successfully
2024-03-01 03:00:56             SUCCESS             MOFSLOPENAPI.py             Initilaize GetOrderBook request send
2024-03-01 03:00:56             SUCCESS             MOFSLOPENAPI.py             Initilize Post WebRequest Sent
2024-03-01 03:00:57             SUCCESS             MOFSLOPENAPI.py             Post WebRequest Send Successfully
2024-03-01 03:00:57             SUCCESS             MOFSLOPENAPI.py             GetOrderBook request sent Successfully
2024-03-01 03:05:42             SUCCESS             MOFSLOPENAPI.py             Initilize Constructor
2024-03-01 03:05:43             SUCCESS             MOFSLOPENAPI.py             GetManufacturerLENOVO
2024-03-01 03:05:43             SUCCESS             MOFSLOPENAPI.py             Initilize Constructor Done
2024-03-01 03:05:50             SUCCESS             MOFSLOPENAPI.py             Initilize Constructor
2024-03-01 03:05:51             SUCCESS             MOFSLOPENAPI.py             GetManufacturerLENOVO
2024-03-01 03:05:51             SUCCESS             MOFSLOPENAPI.py             Initilize Constructor Done
2024-03-01 03:05:51             SUCCESS             MOFSLOPENAPI.py             Initilize login request send
2024-03-01 03:05:51             SUCCESS             MOFSLOPENAPI.py             Initilize Post WebRequest Sent
2024-03-01 03:05:53             SUCCESS             MOFSLOPENAPI.py             Post WebRequest Send Successfully
2024-03-01 03:05:53             SUCCESS             MOFSLOPENAPI.py             Login sucessfully
2024-03-01 03:05:54             SUCCESS             MOFSLOPENAPI.py             Initilaize GetLtp request send
2024-03-01 03:05:54             SUCCESS             MOFSLOPENAPI.py             Initilize Post WebRequest Sent
2024-03-01 03:05:55             SUCCESS             MOFSLOPENAPI.py             Post WebRequest Send Successfully
2024-03-01 03:05:55             SUCCESS             MOFSLOPENAPI.py             GetLtp request sent Successfully
2024-03-01 03:05:58             SUCCESS             MOFSLOPENAPI.py             Initilaize GetOrderBook request send
2024-03-01 03:05:58             SUCCESS             MOFSLOPENAPI.py             Initilize Post WebRequest Sent
2024-03-01 03:05:59             SUCCESS             MOFSLOPENAPI.py             Post WebRequest Send Successfully
2024-03-01 03:05:59             SUCCESS             MOFSLOPENAPI.py             GetOrderBook request sent Successfully
2024-03-01 03:08:16             SUCCESS             MOFSLOPENAPI.py             Initilize Constructor
2024-03-01 03:08:17             SUCCESS             MOFSLOPENAPI.py             GetManufacturerLENOVO
2024-03-01 03:08:17             SUCCESS             MOFSLOPENAPI.py             Initilize Constructor Done
2024-03-01 03:08:24             SUCCESS             MOFSLOPENAPI.py             Initilize Constructor
2024-03-01 03:08:25             SUCCESS             MOFSLOPENAPI.py             GetManufacturerLENOVO
2024-03-01 03:08:25             SUCCESS             MOFSLOPENAPI.py             Initilize Constructor Done
2024-03-01 03:08:25             SUCCESS             MOFSLOPENAPI.py             Initilize login request send
2024-03-01 03:08:25             SUCCESS             MOFSLOPENAPI.py             Initilize Post WebRequest Sent
2024-03-01 03:08:27             SUCCESS             MOFSLOPENAPI.py             Post WebRequest Send Successfully
2024-03-01 03:08:27             SUCCESS             MOFSLOPENAPI.py             Login sucessfully
2024-03-01 03:08:28             SUCCESS             MOFSLOPENAPI.py             Initilaize GetLtp request send
2024-03-01 03:08:28             SUCCESS             MOFSLOPENAPI.py             Initilize Post WebRequest Sent
2024-03-01 03:08:29             SUCCESS             MOFSLOPENAPI.py             Post WebRequest Send Successfully
2024-03-01 03:08:29             SUCCESS             MOFSLOPENAPI.py             GetLtp request sent Successfully
2024-03-01 03:08:32             SUCCESS             MOFSLOPENAPI.py             Initilaize GetOrderBook request send
2024-03-01 03:08:32             SUCCESS             MOFSLOPENAPI.py             Initilize Post WebRequest Sent
2024-03-01 03:08:33             SUCCESS             MOFSLOPENAPI.py             Post WebRequest Send Successfully
2024-03-01 03:08:33             SUCCESS             MOFSLOPENAPI.py             GetOrderBook request sent Successfully
2024-03-01 03:10:14             SUCCESS             MOFSLOPENAPI.py             Initilize Constructor
2024-03-01 03:10:15             SUCCESS             MOFSLOPENAPI.py             GetManufacturerLENOVO
2024-03-01 03:10:15             SUCCESS             MOFSLOPENAPI.py             Initilize Constructor Done
2024-03-01 03:10:22             SUCCESS             MOFSLOPENAPI.py             Initilize Constructor
2024-03-01 03:10:22             SUCCESS             MOFSLOPENAPI.py             GetManufacturerLENOVO
2024-03-01 03:10:23             SUCCESS             MOFSLOPENAPI.py             Initilize Constructor Done
2024-03-01 03:10:23             SUCCESS             MOFSLOPENAPI.py             Initilize login request send
2024-03-01 03:10:23             SUCCESS             MOFSLOPENAPI.py             Initilize Post WebRequest Sent
2024-03-01 03:10:24             SUCCESS             MOFSLOPENAPI.py             Post WebRequest Send Successfully
2024-03-01 03:10:24             SUCCESS             MOFSLOPENAPI.py             Login sucessfully
2024-03-01 03:10:26             SUCCESS             MOFSLOPENAPI.py             Initilaize GetLtp request send
2024-03-01 03:10:26             SUCCESS             MOFSLOPENAPI.py             Initilize Post WebRequest Sent
2024-03-01 03:10:27             SUCCESS             MOFSLOPENAPI.py             Post WebRequest Send Successfully
2024-03-01 03:10:27             SUCCESS             MOFSLOPENAPI.py             GetLtp request sent Successfully
2024-03-01 03:10:29             SUCCESS             MOFSLOPENAPI.py             Initilaize GetOrderBook request send
2024-03-01 03:10:29             SUCCESS             MOFSLOPENAPI.py             Initilize Post WebRequest Sent
2024-03-01 03:10:31             SUCCESS             MOFSLOPENAPI.py             Post WebRequest Send Successfully
2024-03-01 03:10:31             SUCCESS             MOFSLOPENAPI.py             GetOrderBook request sent Successfully
2024-03-01 03:11:46             SUCCESS             MOFSLOPENAPI.py             Initilize Constructor
2024-03-01 03:11:57             FAILED             MOFSLOPENAPI.py             GetPublicIPAddressHTTPConnectionPool(host='checkip.dyndns.org', port=80): Max retries exceeded with url: / (Caused by NameResolutionError("<urllib3.connection.HTTPConnection object at 0x00000156B7B98DD0>: Failed to resolve 'checkip.dyndns.org' ([Errno 11001] getaddrinfo failed)"))
2024-03-01 03:11:58             SUCCESS             MOFSLOPENAPI.py             GetManufacturerLENOVO
2024-03-01 03:11:58             SUCCESS             MOFSLOPENAPI.py             Initilize Constructor Done
2024-03-01 03:12:05             SUCCESS             MOFSLOPENAPI.py             Initilize Constructor
2024-03-01 03:12:05             FAILED             MOFSLOPENAPI.py             GetPublicIPAddressHTTPConnectionPool(host='checkip.dyndns.org', port=80): Max retries exceeded with url: / (Caused by NameResolutionError("<urllib3.connection.HTTPConnection object at 0x00000156B7D45550>: Failed to resolve 'checkip.dyndns.org' ([Errno 11001] getaddrinfo failed)"))
2024-03-01 03:12:05             SUCCESS             MOFSLOPENAPI.py             GetManufacturerLENOVO
2024-03-01 03:12:05             SUCCESS             MOFSLOPENAPI.py             Initilize Constructor Done
2024-03-01 03:12:05             SUCCESS             MOFSLOPENAPI.py             Initilize login request send
2024-03-01 03:12:06             SUCCESS             MOFSLOPENAPI.py             Initilize Post WebRequest Sent
2024-03-01 03:12:06             FAILED             MOFSLOPENAPI.py             Network connection is unavailable
2024-03-01 03:12:06             FAILED             MOFSLOPENAPI.py             'NoneType' object is not subscriptable
2024-03-01 03:12:06             FAILED             MOFSLOPENAPI.py             login_Error while sending the webRequest
2024-03-01 03:12:06             FAILED             MOFSLOPENAPI.py             Login Request failed
2024-03-01 03:12:46             SUCCESS             MOFSLOPENAPI.py             Initilize Constructor
2024-03-01 03:12:46             FAILED             MOFSLOPENAPI.py             GetPublicIPAddressHTTPConnectionPool(host='checkip.dyndns.org', port=80): Max retries exceeded with url: / (Caused by NameResolutionError("<urllib3.connection.HTTPConnection object at 0x00000156B7A1ACF0>: Failed to resolve 'checkip.dyndns.org' ([Errno 11001] getaddrinfo failed)"))
2024-03-01 03:12:46             SUCCESS             MOFSLOPENAPI.py             GetManufacturerLENOVO
2024-03-01 03:12:46             SUCCESS             MOFSLOPENAPI.py             Initilize Constructor Done
2024-03-01 03:12:46             SUCCESS             MOFSLOPENAPI.py             Initilize login request send
2024-03-01 03:12:46             SUCCESS             MOFSLOPENAPI.py             Initilize Post WebRequest Sent
2024-03-01 03:12:46             FAILED             MOFSLOPENAPI.py             Network connection is unavailable
2024-03-01 03:12:46             FAILED             MOFSLOPENAPI.py             'NoneType' object is not subscriptable
2024-03-01 03:12:46             FAILED             MOFSLOPENAPI.py             login_Error while sending the webRequest
2024-03-01 03:12:46             FAILED             MOFSLOPENAPI.py             Login Request failed
