2023-12-02 00:08:02             SUCCESS             MOFSLOPENAPI.py             Initilize Constructor
2023-12-02 00:08:03             SUCCESS             MOFSLOPENAPI.py             Initilize Constructor Done
2023-12-02 00:08:12             SUCCESS             MOFSLOPENAPI.py             Initilize login request send
2023-12-02 00:08:12             SUCCESS             MOFSLOPENAPI.py             Initilize Post WebRequest Sent
2023-12-02 00:10:14             SUCCESS             MOFSLOPENAPI.py             Initilize Constructor
2023-12-02 00:11:10             SUCCESS             MOFSLOPENAPI.py             Initilize Constructor
2023-12-02 00:11:11             SUCCESS             MOFSLOPENAPI.py             Initilize Constructor Done
2023-12-02 00:11:23             SUCCESS             MOFSLOPENAPI.py             Initilize Constructor
2023-12-02 00:11:24             SUCCESS             MOFSLOPENAPI.py             Initilize Constructor Done
2023-12-02 00:11:31             SUCCESS             MOFSLOPENAPI.py             Initilize Constructor
2023-12-02 00:11:33             SUCCESS             MOFSLOPENAPI.py             Initilize Constructor Done
2023-12-02 00:11:41             SUCCESS             MOFSLOPENAPI.py             Initilize Constructor
2023-12-02 00:11:42             SUCCESS             MOFSLOPENAPI.py             Initilize Constructor Done
2023-12-02 00:11:50             SUCCESS             MOFSLOPENAPI.py             Initilize Constructor
2023-12-02 00:11:51             SUCCESS             MOFSLOPENAPI.py             Initilize Constructor Done
2023-12-02 00:12:07             SUCCESS             MOFSLOPENAPI.py             Initilize login request send
2023-12-02 00:12:07             SUCCESS             MOFSLOPENAPI.py             Initilize Post WebRequest Sent
2023-12-02 00:14:27             SUCCESS             MOFSLOPENAPI.py             Initilize Constructor
2023-12-02 00:14:27             SUCCESS             MOFSLOPENAPI.py             Initilize Constructor Done
2023-12-02 00:14:34             SUCCESS             MOFSLOPENAPI.py             Initilize Constructor
2023-12-02 00:14:35             SUCCESS             MOFSLOPENAPI.py             Initilize Constructor Done
2023-12-02 00:15:05             SUCCESS             MOFSLOPENAPI.py             Initilize Constructor
2023-12-02 00:15:40             SUCCESS             MOFSLOPENAPI.py             Initilize Constructor
2023-12-02 00:15:41             SUCCESS             MOFSLOPENAPI.py             Initilize Constructor Done
2023-12-02 00:17:29             SUCCESS             MOFSLOPENAPI.py             Initilize Constructor
2023-12-02 00:17:30             SUCCESS             MOFSLOPENAPI.py             Initilize Constructor Done
2023-12-02 00:17:50             SUCCESS             MOFSLOPENAPI.py             Initilize login request send
2023-12-02 00:17:50             SUCCESS             MOFSLOPENAPI.py             Initilize Post WebRequest Sent
2023-12-02 00:18:00             SUCCESS             MOFSLOPENAPI.py             Post WebRequest Send Successfully
2023-12-02 00:18:00             SUCCESS             MOFSLOPENAPI.py             Login sucessfully
2023-12-02 00:21:29             SUCCESS             MOFSLOPENAPI.py             Initilize Constructor
2023-12-02 00:21:30             SUCCESS             MOFSLOPENAPI.py             Initilize Constructor Done
2023-12-02 00:21:36             SUCCESS             MOFSLOPENAPI.py             Initilize login request send
2023-12-02 00:21:36             SUCCESS             MOFSLOPENAPI.py             Initilize Post WebRequest Sent
2023-12-02 00:22:57             SUCCESS             MOFSLOPENAPI.py             Initilize Constructor
2023-12-02 00:22:58             SUCCESS             MOFSLOPENAPI.py             Initilize Constructor Done
2023-12-02 00:23:04             SUCCESS             MOFSLOPENAPI.py             Initilize login request send
2023-12-02 00:23:04             SUCCESS             MOFSLOPENAPI.py             Initilize Post WebRequest Sent
2023-12-02 00:23:23             SUCCESS             MOFSLOPENAPI.py             Post WebRequest Send Successfully
2023-12-02 00:23:23             SUCCESS             MOFSLOPENAPI.py             Login sucessfully
2023-12-02 00:45:49             SUCCESS             MOFSLOPENAPI.py             Initilize Constructor
2023-12-02 00:46:12             SUCCESS             MOFSLOPENAPI.py             Initilize Constructor Done
2023-12-02 00:46:19             SUCCESS             MOFSLOPENAPI.py             Initilize login request send
2023-12-02 00:46:20             SUCCESS             MOFSLOPENAPI.py             Initilize Post WebRequest Sent
2023-12-02 00:46:21             SUCCESS             MOFSLOPENAPI.py             Post WebRequest Send Successfully
2023-12-02 00:46:21             SUCCESS             MOFSLOPENAPI.py             Login sucessfully
2023-12-02 00:46:23             SUCCESS             MOFSLOPENAPI.py             Initilaize GetLtp request send
2023-12-02 00:46:23             SUCCESS             MOFSLOPENAPI.py             Initilize Post WebRequest Sent
2023-12-02 00:46:24             SUCCESS             MOFSLOPENAPI.py             Post WebRequest Send Successfully
2023-12-02 00:46:24             SUCCESS             MOFSLOPENAPI.py             GetLtp request sent Successfully
2023-12-02 00:47:31             SUCCESS             MOFSLOPENAPI.py             Initilize Constructor
2023-12-02 00:47:32             SUCCESS             MOFSLOPENAPI.py             Initilize Constructor Done
2023-12-02 00:47:45             SUCCESS             MOFSLOPENAPI.py             Initilize login request send
2023-12-02 00:47:45             SUCCESS             MOFSLOPENAPI.py             Initilize Post WebRequest Sent
2023-12-02 00:47:47             SUCCESS             MOFSLOPENAPI.py             Post WebRequest Send Successfully
2023-12-02 00:47:47             SUCCESS             MOFSLOPENAPI.py             Login sucessfully
2023-12-02 00:47:48             SUCCESS             MOFSLOPENAPI.py             Initilaize GetLtp request send
2023-12-02 00:47:48             SUCCESS             MOFSLOPENAPI.py             Initilize Post WebRequest Sent
2023-12-02 00:47:50             SUCCESS             MOFSLOPENAPI.py             Post WebRequest Send Successfully
2023-12-02 00:47:50             SUCCESS             MOFSLOPENAPI.py             GetLtp request sent Successfully
2023-12-02 00:49:25             SUCCESS             MOFSLOPENAPI.py             Initilize Constructor
2023-12-02 00:49:27             SUCCESS             MOFSLOPENAPI.py             Initilize Constructor Done
2023-12-02 00:49:37             SUCCESS             MOFSLOPENAPI.py             Initilize login request send
2023-12-02 00:49:37             SUCCESS             MOFSLOPENAPI.py             Initilize Post WebRequest Sent
2023-12-02 00:49:40             SUCCESS             MOFSLOPENAPI.py             Post WebRequest Send Successfully
2023-12-02 00:49:40             SUCCESS             MOFSLOPENAPI.py             Login sucessfully
2023-12-02 00:49:41             SUCCESS             MOFSLOPENAPI.py             Initilaize GetLtp request send
2023-12-02 00:49:41             SUCCESS             MOFSLOPENAPI.py             Initilize Post WebRequest Sent
2023-12-02 00:49:43             SUCCESS             MOFSLOPENAPI.py             Post WebRequest Send Successfully
2023-12-02 00:49:43             SUCCESS             MOFSLOPENAPI.py             GetLtp request sent Successfully
2023-12-02 00:50:18             SUCCESS             MOFSLOPENAPI.py             Initilize Constructor
2023-12-02 00:50:40             SUCCESS             MOFSLOPENAPI.py             Initilize Constructor Done
2023-12-02 00:50:52             SUCCESS             MOFSLOPENAPI.py             Initilize login request send
2023-12-02 00:50:52             SUCCESS             MOFSLOPENAPI.py             Initilize Post WebRequest Sent
2023-12-02 00:50:56             SUCCESS             MOFSLOPENAPI.py             Post WebRequest Send Successfully
2023-12-02 00:50:56             SUCCESS             MOFSLOPENAPI.py             Login sucessfully
2023-12-02 00:50:57             SUCCESS             MOFSLOPENAPI.py             Initilaize GetLtp request send
2023-12-02 00:50:57             SUCCESS             MOFSLOPENAPI.py             Initilize Post WebRequest Sent
2023-12-02 00:50:58             SUCCESS             MOFSLOPENAPI.py             Post WebRequest Send Successfully
2023-12-02 00:50:58             SUCCESS             MOFSLOPENAPI.py             GetLtp request sent Successfully
2023-12-02 00:50:58             SUCCESS             MOFSLOPENAPI.py             Initilaize GetLtp request send
2023-12-02 00:50:58             SUCCESS             MOFSLOPENAPI.py             Initilize Post WebRequest Sent
2023-12-02 00:51:00             SUCCESS             MOFSLOPENAPI.py             Post WebRequest Send Successfully
2023-12-02 00:51:00             SUCCESS             MOFSLOPENAPI.py             GetLtp request sent Successfully
2023-12-02 00:51:00             SUCCESS             MOFSLOPENAPI.py             Initilaize GetLtp request send
2023-12-02 00:51:00             SUCCESS             MOFSLOPENAPI.py             Initilize Post WebRequest Sent
2023-12-02 00:51:01             SUCCESS             MOFSLOPENAPI.py             Post WebRequest Send Successfully
2023-12-02 00:51:01             SUCCESS             MOFSLOPENAPI.py             GetLtp request sent Successfully
2023-12-02 00:51:01             SUCCESS             MOFSLOPENAPI.py             Initilaize GetLtp request send
2023-12-02 00:51:01             SUCCESS             MOFSLOPENAPI.py             Initilize Post WebRequest Sent
2023-12-02 00:51:02             SUCCESS             MOFSLOPENAPI.py             Post WebRequest Send Successfully
2023-12-02 00:51:02             SUCCESS             MOFSLOPENAPI.py             GetLtp request sent Successfully
2023-12-02 00:53:58             SUCCESS             MOFSLOPENAPI.py             Initilize Constructor
2023-12-02 00:53:59             SUCCESS             MOFSLOPENAPI.py             Initilize Constructor Done
2023-12-02 00:54:05             SUCCESS             MOFSLOPENAPI.py             Initilize login request send
2023-12-02 00:54:05             SUCCESS             MOFSLOPENAPI.py             Initilize Post WebRequest Sent
2023-12-02 00:54:07             SUCCESS             MOFSLOPENAPI.py             Post WebRequest Send Successfully
2023-12-02 00:54:07             SUCCESS             MOFSLOPENAPI.py             Login sucessfully
2023-12-02 00:54:08             SUCCESS             MOFSLOPENAPI.py             Initilaize GetLtp request send
2023-12-02 00:54:08             SUCCESS             MOFSLOPENAPI.py             Initilize Post WebRequest Sent
2023-12-02 00:54:10             SUCCESS             MOFSLOPENAPI.py             Post WebRequest Send Successfully
2023-12-02 00:54:10             SUCCESS             MOFSLOPENAPI.py             GetLtp request sent Successfully
2023-12-02 00:54:10             SUCCESS             MOFSLOPENAPI.py             Initilaize GetLtp request send
2023-12-02 00:54:10             SUCCESS             MOFSLOPENAPI.py             Initilize Post WebRequest Sent
2023-12-02 00:54:11             SUCCESS             MOFSLOPENAPI.py             Post WebRequest Send Successfully
2023-12-02 00:54:11             SUCCESS             MOFSLOPENAPI.py             GetLtp request sent Successfully
2023-12-02 00:54:11             SUCCESS             MOFSLOPENAPI.py             Initilaize GetLtp request send
2023-12-02 00:54:11             SUCCESS             MOFSLOPENAPI.py             Initilize Post WebRequest Sent
2023-12-02 00:54:12             SUCCESS             MOFSLOPENAPI.py             Post WebRequest Send Successfully
2023-12-02 00:54:12             SUCCESS             MOFSLOPENAPI.py             GetLtp request sent Successfully
2023-12-02 00:54:12             SUCCESS             MOFSLOPENAPI.py             Initilaize GetLtp request send
2023-12-02 00:54:12             SUCCESS             MOFSLOPENAPI.py             Initilize Post WebRequest Sent
2023-12-02 00:54:14             SUCCESS             MOFSLOPENAPI.py             Post WebRequest Send Successfully
2023-12-02 00:54:14             SUCCESS             MOFSLOPENAPI.py             GetLtp request sent Successfully
2023-12-02 01:00:00             SUCCESS             MOFSLOPENAPI.py             Initilize Constructor
2023-12-02 01:00:15             SUCCESS             MOFSLOPENAPI.py             Initilize Constructor Done
2023-12-02 01:00:36             SUCCESS             MOFSLOPENAPI.py             Initilize login request send
2023-12-02 01:00:36             SUCCESS             MOFSLOPENAPI.py             Initilize Post WebRequest Sent
2023-12-02 01:00:38             SUCCESS             MOFSLOPENAPI.py             Post WebRequest Send Successfully
2023-12-02 01:00:38             SUCCESS             MOFSLOPENAPI.py             Login sucessfully
2023-12-02 01:00:40             SUCCESS             MOFSLOPENAPI.py             Initilaize GetLtp request send
2023-12-02 01:00:40             SUCCESS             MOFSLOPENAPI.py             Initilize Post WebRequest Sent
2023-12-02 01:00:41             SUCCESS             MOFSLOPENAPI.py             Post WebRequest Send Successfully
2023-12-02 01:00:41             SUCCESS             MOFSLOPENAPI.py             GetLtp request sent Successfully
2023-12-02 01:00:41             SUCCESS             MOFSLOPENAPI.py             Initilaize GetLtp request send
2023-12-02 01:00:41             SUCCESS             MOFSLOPENAPI.py             Initilize Post WebRequest Sent
2023-12-02 01:00:42             SUCCESS             MOFSLOPENAPI.py             Post WebRequest Send Successfully
2023-12-02 01:00:42             SUCCESS             MOFSLOPENAPI.py             GetLtp request sent Successfully
2023-12-02 01:00:42             SUCCESS             MOFSLOPENAPI.py             Initilaize GetLtp request send
2023-12-02 01:00:42             SUCCESS             MOFSLOPENAPI.py             Initilize Post WebRequest Sent
2023-12-02 01:00:43             SUCCESS             MOFSLOPENAPI.py             Post WebRequest Send Successfully
2023-12-02 01:00:43             SUCCESS             MOFSLOPENAPI.py             GetLtp request sent Successfully
2023-12-02 01:00:43             SUCCESS             MOFSLOPENAPI.py             Initilaize GetLtp request send
2023-12-02 01:00:43             SUCCESS             MOFSLOPENAPI.py             Initilize Post WebRequest Sent
2023-12-02 01:00:45             SUCCESS             MOFSLOPENAPI.py             Post WebRequest Send Successfully
2023-12-02 01:00:45             SUCCESS             MOFSLOPENAPI.py             GetLtp request sent Successfully
2023-12-02 01:03:08             SUCCESS             MOFSLOPENAPI.py             Initilize Constructor
2023-12-02 01:03:09             SUCCESS             MOFSLOPENAPI.py             Initilize Constructor Done
2023-12-02 01:03:34             SUCCESS             MOFSLOPENAPI.py             Initilize Constructor
2023-12-02 01:03:35             SUCCESS             MOFSLOPENAPI.py             Initilize Constructor Done
2023-12-02 01:08:08             SUCCESS             MOFSLOPENAPI.py             Initilize Constructor
2023-12-02 01:08:09             SUCCESS             MOFSLOPENAPI.py             Initilize Constructor Done
2023-12-02 01:08:20             SUCCESS             MOFSLOPENAPI.py             Initilize login request send
2023-12-02 01:08:20             SUCCESS             MOFSLOPENAPI.py             Initilize Post WebRequest Sent
2023-12-02 01:08:23             SUCCESS             MOFSLOPENAPI.py             Post WebRequest Send Successfully
2023-12-02 01:08:23             SUCCESS             MOFSLOPENAPI.py             Login sucessfully
2023-12-02 01:08:25             SUCCESS             MOFSLOPENAPI.py             Initilaize GetLtp request send
2023-12-02 01:08:25             SUCCESS             MOFSLOPENAPI.py             Initilize Post WebRequest Sent
2023-12-02 01:08:27             SUCCESS             MOFSLOPENAPI.py             Post WebRequest Send Successfully
2023-12-02 01:08:27             SUCCESS             MOFSLOPENAPI.py             GetLtp request sent Successfully
2023-12-02 01:08:27             SUCCESS             MOFSLOPENAPI.py             Initilaize GetLtp request send
2023-12-02 01:08:27             SUCCESS             MOFSLOPENAPI.py             Initilize Post WebRequest Sent
2023-12-02 01:08:28             SUCCESS             MOFSLOPENAPI.py             Post WebRequest Send Successfully
2023-12-02 01:08:28             SUCCESS             MOFSLOPENAPI.py             GetLtp request sent Successfully
2023-12-02 01:08:28             SUCCESS             MOFSLOPENAPI.py             Initilaize GetLtp request send
2023-12-02 01:08:28             SUCCESS             MOFSLOPENAPI.py             Initilize Post WebRequest Sent
2023-12-02 01:08:30             SUCCESS             MOFSLOPENAPI.py             Post WebRequest Send Successfully
2023-12-02 01:08:30             SUCCESS             MOFSLOPENAPI.py             GetLtp request sent Successfully
2023-12-02 01:08:30             SUCCESS             MOFSLOPENAPI.py             Initilaize GetLtp request send
2023-12-02 01:08:30             SUCCESS             MOFSLOPENAPI.py             Initilize Post WebRequest Sent
2023-12-02 01:08:32             SUCCESS             MOFSLOPENAPI.py             Post WebRequest Send Successfully
2023-12-02 01:08:32             SUCCESS             MOFSLOPENAPI.py             GetLtp request sent Successfully
2023-12-02 01:13:45             SUCCESS             MOFSLOPENAPI.py             Initilize Constructor
2023-12-02 01:13:48             SUCCESS             MOFSLOPENAPI.py             Initilize Constructor Done
2023-12-02 01:13:59             SUCCESS             MOFSLOPENAPI.py             Initilize login request send
2023-12-02 01:13:59             SUCCESS             MOFSLOPENAPI.py             Initilize Post WebRequest Sent
2023-12-02 01:14:01             SUCCESS             MOFSLOPENAPI.py             Post WebRequest Send Successfully
2023-12-02 01:14:01             SUCCESS             MOFSLOPENAPI.py             Login sucessfully
2023-12-02 01:14:02             SUCCESS             MOFSLOPENAPI.py             Initilaize GetLtp request send
2023-12-02 01:14:02             SUCCESS             MOFSLOPENAPI.py             Initilize Post WebRequest Sent
2023-12-02 01:14:04             SUCCESS             MOFSLOPENAPI.py             Post WebRequest Send Successfully
2023-12-02 01:14:04             SUCCESS             MOFSLOPENAPI.py             GetLtp request sent Successfully
2023-12-02 01:14:04             SUCCESS             MOFSLOPENAPI.py             Initilaize GetLtp request send
2023-12-02 01:14:04             SUCCESS             MOFSLOPENAPI.py             Initilize Post WebRequest Sent
2023-12-02 01:14:05             SUCCESS             MOFSLOPENAPI.py             Post WebRequest Send Successfully
2023-12-02 01:14:05             SUCCESS             MOFSLOPENAPI.py             GetLtp request sent Successfully
2023-12-02 01:14:05             SUCCESS             MOFSLOPENAPI.py             Initilaize GetLtp request send
2023-12-02 01:14:05             SUCCESS             MOFSLOPENAPI.py             Initilize Post WebRequest Sent
2023-12-02 01:14:07             SUCCESS             MOFSLOPENAPI.py             Post WebRequest Send Successfully
2023-12-02 01:14:07             SUCCESS             MOFSLOPENAPI.py             GetLtp request sent Successfully
2023-12-02 01:14:07             SUCCESS             MOFSLOPENAPI.py             Initilaize GetLtp request send
2023-12-02 01:14:07             SUCCESS             MOFSLOPENAPI.py             Initilize Post WebRequest Sent
2023-12-02 01:14:09             SUCCESS             MOFSLOPENAPI.py             Post WebRequest Send Successfully
2023-12-02 01:14:09             SUCCESS             MOFSLOPENAPI.py             GetLtp request sent Successfully
2023-12-02 02:08:06             SUCCESS             MOFSLOPENAPI.py             Initilize Constructor
2023-12-02 02:08:08             SUCCESS             MOFSLOPENAPI.py             Initilize Constructor Done
2023-12-02 02:08:21             SUCCESS             MOFSLOPENAPI.py             Initilize login request send
2023-12-02 02:08:21             SUCCESS             MOFSLOPENAPI.py             Initilize Post WebRequest Sent
2023-12-02 02:08:23             SUCCESS             MOFSLOPENAPI.py             Post WebRequest Send Successfully
2023-12-02 02:08:23             ERROR             MOFSLOPENAPI.py             Invalid TOTP Value | Please Provide Correct TOTP
2023-12-02 02:11:11             SUCCESS             MOFSLOPENAPI.py             Initilize Constructor
2023-12-02 02:11:33             SUCCESS             MOFSLOPENAPI.py             Initilize Constructor Done
2023-12-02 02:11:48             SUCCESS             MOFSLOPENAPI.py             Initilize login request send
2023-12-02 02:11:48             SUCCESS             MOFSLOPENAPI.py             Initilize Post WebRequest Sent
2023-12-02 02:11:49             SUCCESS             MOFSLOPENAPI.py             Post WebRequest Send Successfully
2023-12-02 02:11:49             SUCCESS             MOFSLOPENAPI.py             Login sucessfully
2023-12-02 02:18:51             SUCCESS             MOFSLOPENAPI.py             Initilize Constructor
2023-12-02 02:18:53             SUCCESS             MOFSLOPENAPI.py             Initilize Constructor Done
2023-12-02 02:19:08             SUCCESS             MOFSLOPENAPI.py             Initilize login request send
2023-12-02 02:19:08             SUCCESS             MOFSLOPENAPI.py             Initilize Post WebRequest Sent
2023-12-02 02:19:09             SUCCESS             MOFSLOPENAPI.py             Post WebRequest Send Successfully
2023-12-02 02:19:09             SUCCESS             MOFSLOPENAPI.py             Login sucessfully
2023-12-02 02:19:10             SUCCESS             MOFSLOPENAPI.py             Initilaize GetLtp request send
2023-12-02 02:19:10             SUCCESS             MOFSLOPENAPI.py             Initilize Post WebRequest Sent
2023-12-02 02:19:11             SUCCESS             MOFSLOPENAPI.py             Post WebRequest Send Successfully
2023-12-02 02:19:11             SUCCESS             MOFSLOPENAPI.py             GetLtp request sent Successfully
2023-12-02 02:20:51             SUCCESS             MOFSLOPENAPI.py             Initilize Constructor
2023-12-02 02:20:54             SUCCESS             MOFSLOPENAPI.py             Initilize Constructor Done
2023-12-02 02:21:05             SUCCESS             MOFSLOPENAPI.py             Initilize login request send
2023-12-02 02:21:05             SUCCESS             MOFSLOPENAPI.py             Initilize Post WebRequest Sent
2023-12-02 02:21:08             SUCCESS             MOFSLOPENAPI.py             Post WebRequest Send Successfully
2023-12-02 02:21:08             SUCCESS             MOFSLOPENAPI.py             Login sucessfully
2023-12-02 02:21:08             SUCCESS             MOFSLOPENAPI.py             Initilaize GetLtp request send
2023-12-02 02:21:08             SUCCESS             MOFSLOPENAPI.py             Initilize Post WebRequest Sent
2023-12-02 02:21:09             SUCCESS             MOFSLOPENAPI.py             Post WebRequest Send Successfully
2023-12-02 02:21:09             SUCCESS             MOFSLOPENAPI.py             GetLtp request sent Successfully
2023-12-02 02:22:09             SUCCESS             MOFSLOPENAPI.py             Initilize Constructor
2023-12-02 02:22:11             SUCCESS             MOFSLOPENAPI.py             Initilize Constructor Done
2023-12-02 02:22:31             SUCCESS             MOFSLOPENAPI.py             Initilize Constructor
2023-12-02 02:22:32             SUCCESS             MOFSLOPENAPI.py             Initilize Constructor Done
2023-12-02 02:22:38             SUCCESS             MOFSLOPENAPI.py             Initilize login request send
2023-12-02 02:22:38             SUCCESS             MOFSLOPENAPI.py             Initilize Post WebRequest Sent
2023-12-02 02:22:41             SUCCESS             MOFSLOPENAPI.py             Post WebRequest Send Successfully
2023-12-02 02:22:41             SUCCESS             MOFSLOPENAPI.py             Login sucessfully
2023-12-02 02:23:27             SUCCESS             MOFSLOPENAPI.py             Initilize Constructor
2023-12-02 02:23:28             SUCCESS             MOFSLOPENAPI.py             Initilize Constructor Done
2023-12-02 02:23:37             SUCCESS             MOFSLOPENAPI.py             Initilize login request send
2023-12-02 02:23:37             SUCCESS             MOFSLOPENAPI.py             Initilize Post WebRequest Sent
2023-12-02 02:23:39             SUCCESS             MOFSLOPENAPI.py             Post WebRequest Send Successfully
2023-12-02 02:23:39             SUCCESS             MOFSLOPENAPI.py             Login sucessfully
2023-12-02 02:23:39             SUCCESS             MOFSLOPENAPI.py             Initilaize GetLtp request send
2023-12-02 02:23:39             SUCCESS             MOFSLOPENAPI.py             Initilize Post WebRequest Sent
2023-12-02 02:23:40             SUCCESS             MOFSLOPENAPI.py             Post WebRequest Send Successfully
2023-12-02 02:23:40             SUCCESS             MOFSLOPENAPI.py             GetLtp request sent Successfully
2023-12-02 02:28:59             SUCCESS             MOFSLOPENAPI.py             Initilize Constructor
2023-12-02 02:29:00             SUCCESS             MOFSLOPENAPI.py             Initilize Constructor Done
2023-12-02 02:29:45             SUCCESS             MOFSLOPENAPI.py             Initilize Constructor
2023-12-02 02:29:46             SUCCESS             MOFSLOPENAPI.py             Initilize Constructor Done
2023-12-02 02:33:32             SUCCESS             MOFSLOPENAPI.py             Initilize Constructor
2023-12-02 02:33:33             SUCCESS             MOFSLOPENAPI.py             Initilize Constructor Done
2023-12-02 02:34:55             SUCCESS             MOFSLOPENAPI.py             Initilize Constructor
2023-12-02 02:34:57             SUCCESS             MOFSLOPENAPI.py             Initilize Constructor Done
2023-12-02 02:36:17             SUCCESS             MOFSLOPENAPI.py             Initilize Constructor
2023-12-02 02:36:19             SUCCESS             MOFSLOPENAPI.py             Initilize Constructor Done
2023-12-02 02:37:30             SUCCESS             MOFSLOPENAPI.py             Initilize Constructor
2023-12-02 02:37:32             SUCCESS             MOFSLOPENAPI.py             Initilize Constructor Done
2023-12-02 02:37:59             SUCCESS             MOFSLOPENAPI.py             Initilize Constructor
2023-12-02 02:38:00             SUCCESS             MOFSLOPENAPI.py             Initilize Constructor Done
2023-12-02 02:57:05             SUCCESS             MOFSLOPENAPI.py             Initilize Constructor
2023-12-02 02:57:05             FAILED             MOFSLOPENAPI.py             GetPublicIPAddressHTTPConnectionPool(host='checkip.dyndns.org', port=80): Max retries exceeded with url: / (Caused by NewConnectionError('<urllib3.connection.HTTPConnection object at 0x000001EDE9CE1250>: Failed to establish a new connection: [Errno 11001] getaddrinfo failed'))
2023-12-02 02:57:05             SUCCESS             MOFSLOPENAPI.py             Initilize Constructor Done
2023-12-02 02:57:26             SUCCESS             MOFSLOPENAPI.py             Initilize login request send
2023-12-02 02:57:26             SUCCESS             MOFSLOPENAPI.py             Initilize Post WebRequest Sent
2023-12-02 02:57:26             FAILED             MOFSLOPENAPI.py             Network connection is unavailable
2023-12-02 02:57:26             FAILED             MOFSLOPENAPI.py             'NoneType' object is not subscriptable
2023-12-02 02:57:26             FAILED             MOFSLOPENAPI.py             login_Error while sending the webRequest
2023-12-02 02:57:26             FAILED             MOFSLOPENAPI.py             Login Request failed
2023-12-02 02:57:26             SUCCESS             MOFSLOPENAPI.py             Initilaize GetLtp request send
2023-12-02 02:57:26             SUCCESS             MOFSLOPENAPI.py             Initilize Post WebRequest Sent
2023-12-02 02:57:26             FAILED             MOFSLOPENAPI.py             Network connection is unavailable
2023-12-02 02:57:27             FAILED             MOFSLOPENAPI.py             'NoneType' object is not subscriptable
2023-12-02 02:57:27             FAILED             MOFSLOPENAPI.py             Expecting value: line 1 column 1 (char 0)
2023-12-02 02:58:07             SUCCESS             MOFSLOPENAPI.py             Initilize Constructor
2023-12-02 02:58:09             SUCCESS             MOFSLOPENAPI.py             Initilize Constructor Done
2023-12-02 02:58:19             SUCCESS             MOFSLOPENAPI.py             Initilize login request send
2023-12-02 02:58:19             SUCCESS             MOFSLOPENAPI.py             Initilize Post WebRequest Sent
2023-12-02 02:58:23             SUCCESS             MOFSLOPENAPI.py             Post WebRequest Send Successfully
2023-12-02 02:58:23             SUCCESS             MOFSLOPENAPI.py             Login sucessfully
2023-12-02 02:58:24             SUCCESS             MOFSLOPENAPI.py             Initilaize GetLtp request send
2023-12-02 02:58:24             SUCCESS             MOFSLOPENAPI.py             Initilize Post WebRequest Sent
2023-12-02 02:58:25             SUCCESS             MOFSLOPENAPI.py             Post WebRequest Send Successfully
2023-12-02 02:58:25             SUCCESS             MOFSLOPENAPI.py             GetLtp request sent Successfully
2023-12-02 02:59:57             SUCCESS             MOFSLOPENAPI.py             Initilize Constructor
2023-12-02 03:00:11             SUCCESS             MOFSLOPENAPI.py             Initilize Constructor Done
2023-12-02 03:00:19             SUCCESS             MOFSLOPENAPI.py             Initilize login request send
2023-12-02 03:00:19             SUCCESS             MOFSLOPENAPI.py             Initilize Post WebRequest Sent
2023-12-02 03:00:21             SUCCESS             MOFSLOPENAPI.py             Post WebRequest Send Successfully
2023-12-02 03:00:21             SUCCESS             MOFSLOPENAPI.py             Login sucessfully
2023-12-02 03:00:21             SUCCESS             MOFSLOPENAPI.py             Initilaize GetLtp request send
2023-12-02 03:00:21             SUCCESS             MOFSLOPENAPI.py             Initilize Post WebRequest Sent
2023-12-02 03:00:23             SUCCESS             MOFSLOPENAPI.py             Post WebRequest Send Successfully
2023-12-02 03:00:23             SUCCESS             MOFSLOPENAPI.py             GetLtp request sent Successfully
2023-12-02 12:54:11             SUCCESS             MOFSLOPENAPI.py             Initilize Constructor
2023-12-02 12:54:12             SUCCESS             MOFSLOPENAPI.py             Initilize Constructor Done
2023-12-02 12:55:40             SUCCESS             MOFSLOPENAPI.py             Initilize login request send
2023-12-02 12:55:40             SUCCESS             MOFSLOPENAPI.py             Initilize Post WebRequest Sent
2023-12-02 12:55:43             SUCCESS             MOFSLOPENAPI.py             Post WebRequest Send Successfully
2023-12-02 12:55:43             SUCCESS             MOFSLOPENAPI.py             Login sucessfully
2023-12-02 12:55:43             SUCCESS             MOFSLOPENAPI.py             Initilaize GetLtp request send
2023-12-02 12:55:43             SUCCESS             MOFSLOPENAPI.py             Initilize Post WebRequest Sent
2023-12-02 12:55:45             SUCCESS             MOFSLOPENAPI.py             Post WebRequest Send Successfully
2023-12-02 12:55:45             SUCCESS             MOFSLOPENAPI.py             GetLtp request sent Successfully
2023-12-02 20:23:01             SUCCESS             MOFSLOPENAPI.py             Initilize Constructor
2023-12-02 20:23:02             SUCCESS             MOFSLOPENAPI.py             Initilize Constructor Done
2023-12-02 20:23:19             SUCCESS             MOFSLOPENAPI.py             Initilize login request send
2023-12-02 20:23:19             SUCCESS             MOFSLOPENAPI.py             Initilize Post WebRequest Sent
2023-12-02 20:23:20             SUCCESS             MOFSLOPENAPI.py             Post WebRequest Send Successfully
2023-12-02 20:23:20             SUCCESS             MOFSLOPENAPI.py             Login sucessfully
2023-12-02 20:23:20             SUCCESS             MOFSLOPENAPI.py             Initilaize GetLtp request send
2023-12-02 20:23:20             SUCCESS             MOFSLOPENAPI.py             Initilize Post WebRequest Sent
2023-12-02 20:23:21             SUCCESS             MOFSLOPENAPI.py             Post WebRequest Send Successfully
2023-12-02 20:23:21             SUCCESS             MOFSLOPENAPI.py             GetLtp request sent Successfully
2023-12-02 20:28:13             SUCCESS             MOFSLOPENAPI.py             Initilize Constructor
2023-12-02 20:28:14             SUCCESS             MOFSLOPENAPI.py             Initilize Constructor Done
2023-12-02 20:28:20             SUCCESS             MOFSLOPENAPI.py             Initilize login request send
2023-12-02 20:28:20             SUCCESS             MOFSLOPENAPI.py             Initilize Post WebRequest Sent
2023-12-02 20:28:21             SUCCESS             MOFSLOPENAPI.py             Post WebRequest Send Successfully
2023-12-02 20:28:21             SUCCESS             MOFSLOPENAPI.py             Login sucessfully
2023-12-02 20:28:21             SUCCESS             MOFSLOPENAPI.py             Initilaize GetLtp request send
2023-12-02 20:28:21             SUCCESS             MOFSLOPENAPI.py             Initilize Post WebRequest Sent
2023-12-02 20:28:22             SUCCESS             MOFSLOPENAPI.py             Post WebRequest Send Successfully
2023-12-02 20:28:22             SUCCESS             MOFSLOPENAPI.py             GetLtp request sent Successfully
2023-12-02 20:30:24             SUCCESS             MOFSLOPENAPI.py             Initilize Constructor
2023-12-02 20:31:07             SUCCESS             MOFSLOPENAPI.py             Initilize Constructor Done
2023-12-02 20:32:42             SUCCESS             MOFSLOPENAPI.py             Initilize Constructor
2023-12-02 20:32:44             SUCCESS             MOFSLOPENAPI.py             Initilize Constructor Done
2023-12-02 20:32:52             SUCCESS             MOFSLOPENAPI.py             Initilize Constructor
2023-12-02 20:32:53             SUCCESS             MOFSLOPENAPI.py             Initilize Constructor Done
2023-12-02 20:33:20             SUCCESS             MOFSLOPENAPI.py             Initilize Constructor
2023-12-02 20:33:21             SUCCESS             MOFSLOPENAPI.py             Initilize Constructor Done
2023-12-02 20:37:25             SUCCESS             MOFSLOPENAPI.py             Initilize Constructor
2023-12-02 20:37:25             SUCCESS             MOFSLOPENAPI.py             Initilize Constructor
2023-12-02 20:37:26             SUCCESS             MOFSLOPENAPI.py             Initilize Constructor Done
2023-12-02 20:37:26             SUCCESS             MOFSLOPENAPI.py             Initilize Constructor Done
2023-12-02 20:38:45             SUCCESS             MOFSLOPENAPI.py             Initilize Constructor
2023-12-02 20:38:46             SUCCESS             MOFSLOPENAPI.py             Initilize Constructor Done
2023-12-02 20:38:54             SUCCESS             MOFSLOPENAPI.py             Initilize login request send
2023-12-02 20:38:55             SUCCESS             MOFSLOPENAPI.py             Initilize Post WebRequest Sent
2023-12-02 20:38:56             SUCCESS             MOFSLOPENAPI.py             Post WebRequest Send Successfully
2023-12-02 20:38:56             SUCCESS             MOFSLOPENAPI.py             Login sucessfully
2023-12-02 20:38:56             SUCCESS             MOFSLOPENAPI.py             Initilaize GetLtp request send
2023-12-02 20:38:56             SUCCESS             MOFSLOPENAPI.py             Initilize Post WebRequest Sent
2023-12-02 20:38:58             SUCCESS             MOFSLOPENAPI.py             Post WebRequest Send Successfully
2023-12-02 20:38:58             SUCCESS             MOFSLOPENAPI.py             GetLtp request sent Successfully
2023-12-02 20:41:36             SUCCESS             MOFSLOPENAPI.py             Initilize Constructor
2023-12-02 20:41:37             SUCCESS             MOFSLOPENAPI.py             Initilize Constructor Done
2023-12-02 20:41:50             SUCCESS             MOFSLOPENAPI.py             Initilize login request send
2023-12-02 20:41:50             SUCCESS             MOFSLOPENAPI.py             Initilize Post WebRequest Sent
2023-12-02 20:41:52             SUCCESS             MOFSLOPENAPI.py             Post WebRequest Send Successfully
2023-12-02 20:41:52             SUCCESS             MOFSLOPENAPI.py             Login sucessfully
2023-12-02 20:41:52             SUCCESS             MOFSLOPENAPI.py             Initilaize GetLtp request send
2023-12-02 20:41:52             SUCCESS             MOFSLOPENAPI.py             Initilize Post WebRequest Sent
2023-12-02 20:41:53             SUCCESS             MOFSLOPENAPI.py             Post WebRequest Send Successfully
2023-12-02 20:41:53             SUCCESS             MOFSLOPENAPI.py             GetLtp request sent Successfully
2023-12-02 20:41:53             SUCCESS             MOFSLOPENAPI.py             Initilaize GetLtp request send
2023-12-02 20:41:53             SUCCESS             MOFSLOPENAPI.py             Initilize Post WebRequest Sent
2023-12-02 20:41:55             SUCCESS             MOFSLOPENAPI.py             Post WebRequest Send Successfully
2023-12-02 20:41:55             SUCCESS             MOFSLOPENAPI.py             GetLtp request sent Successfully
2023-12-02 20:41:55             SUCCESS             MOFSLOPENAPI.py             Initilaize GetLtp request send
2023-12-02 20:41:55             SUCCESS             MOFSLOPENAPI.py             Initilize Post WebRequest Sent
2023-12-02 20:41:56             SUCCESS             MOFSLOPENAPI.py             Post WebRequest Send Successfully
2023-12-02 20:41:56             SUCCESS             MOFSLOPENAPI.py             GetLtp request sent Successfully
2023-12-02 20:43:35             SUCCESS             MOFSLOPENAPI.py             Initilize Constructor
2023-12-02 20:43:37             SUCCESS             MOFSLOPENAPI.py             Initilize Constructor Done
2023-12-02 20:43:41             SUCCESS             MOFSLOPENAPI.py             Initilize login request send
2023-12-02 20:43:41             SUCCESS             MOFSLOPENAPI.py             Initilize Post WebRequest Sent
2023-12-02 20:43:43             SUCCESS             MOFSLOPENAPI.py             Post WebRequest Send Successfully
2023-12-02 20:43:43             SUCCESS             MOFSLOPENAPI.py             Login sucessfully
2023-12-02 20:43:43             SUCCESS             MOFSLOPENAPI.py             Initilaize GetLtp request send
2023-12-02 20:43:43             SUCCESS             MOFSLOPENAPI.py             Initilize Post WebRequest Sent
2023-12-02 20:43:44             SUCCESS             MOFSLOPENAPI.py             Post WebRequest Send Successfully
2023-12-02 20:43:44             SUCCESS             MOFSLOPENAPI.py             GetLtp request sent Successfully
2023-12-02 20:43:44             SUCCESS             MOFSLOPENAPI.py             Initilaize GetLtp request send
2023-12-02 20:43:44             SUCCESS             MOFSLOPENAPI.py             Initilize Post WebRequest Sent
2023-12-02 20:43:46             SUCCESS             MOFSLOPENAPI.py             Post WebRequest Send Successfully
2023-12-02 20:43:46             SUCCESS             MOFSLOPENAPI.py             GetLtp request sent Successfully
2023-12-02 20:43:46             SUCCESS             MOFSLOPENAPI.py             Initilaize GetLtp request send
2023-12-02 20:43:46             SUCCESS             MOFSLOPENAPI.py             Initilize Post WebRequest Sent
2023-12-02 20:43:47             SUCCESS             MOFSLOPENAPI.py             Post WebRequest Send Successfully
2023-12-02 20:43:47             SUCCESS             MOFSLOPENAPI.py             GetLtp request sent Successfully
2023-12-02 20:47:42             SUCCESS             MOFSLOPENAPI.py             Initilize Constructor
2023-12-02 20:47:43             SUCCESS             MOFSLOPENAPI.py             Initilize Constructor Done
2023-12-02 20:47:48             SUCCESS             MOFSLOPENAPI.py             Initilize login request send
2023-12-02 20:47:48             SUCCESS             MOFSLOPENAPI.py             Initilize Post WebRequest Sent
2023-12-02 20:47:49             SUCCESS             MOFSLOPENAPI.py             Post WebRequest Send Successfully
2023-12-02 20:47:49             SUCCESS             MOFSLOPENAPI.py             Login sucessfully
2023-12-02 20:47:49             SUCCESS             MOFSLOPENAPI.py             Initilaize GetLtp request send
2023-12-02 20:47:49             SUCCESS             MOFSLOPENAPI.py             Initilize Post WebRequest Sent
2023-12-02 20:47:51             SUCCESS             MOFSLOPENAPI.py             Post WebRequest Send Successfully
2023-12-02 20:47:51             SUCCESS             MOFSLOPENAPI.py             GetLtp request sent Successfully
2023-12-02 20:47:51             SUCCESS             MOFSLOPENAPI.py             Initilaize GetLtp request send
2023-12-02 20:47:51             SUCCESS             MOFSLOPENAPI.py             Initilize Post WebRequest Sent
2023-12-02 20:47:52             SUCCESS             MOFSLOPENAPI.py             Post WebRequest Send Successfully
2023-12-02 20:47:52             SUCCESS             MOFSLOPENAPI.py             GetLtp request sent Successfully
2023-12-02 20:47:52             SUCCESS             MOFSLOPENAPI.py             Initilaize GetLtp request send
2023-12-02 20:47:52             SUCCESS             MOFSLOPENAPI.py             Initilize Post WebRequest Sent
2023-12-02 20:47:54             SUCCESS             MOFSLOPENAPI.py             Post WebRequest Send Successfully
2023-12-02 20:47:54             SUCCESS             MOFSLOPENAPI.py             GetLtp request sent Successfully
2023-12-02 20:53:28             SUCCESS             MOFSLOPENAPI.py             Initilize Constructor
2023-12-02 20:53:29             SUCCESS             MOFSLOPENAPI.py             Initilize Constructor Done
2023-12-02 20:53:35             SUCCESS             MOFSLOPENAPI.py             Initilize login request send
2023-12-02 20:53:35             SUCCESS             MOFSLOPENAPI.py             Initilize Post WebRequest Sent
2023-12-02 20:53:37             SUCCESS             MOFSLOPENAPI.py             Post WebRequest Send Successfully
2023-12-02 20:53:37             SUCCESS             MOFSLOPENAPI.py             Login sucessfully
2023-12-02 20:55:48             SUCCESS             MOFSLOPENAPI.py             Initilize Constructor
2023-12-02 20:55:50             SUCCESS             MOFSLOPENAPI.py             Initilize Constructor Done
2023-12-02 20:55:54             SUCCESS             MOFSLOPENAPI.py             Initilize login request send
2023-12-02 20:55:54             SUCCESS             MOFSLOPENAPI.py             Initilize Post WebRequest Sent
2023-12-02 20:55:56             SUCCESS             MOFSLOPENAPI.py             Post WebRequest Send Successfully
2023-12-02 20:55:56             SUCCESS             MOFSLOPENAPI.py             Login sucessfully
2023-12-02 20:55:56             SUCCESS             MOFSLOPENAPI.py             Initilaize GetLtp request send
2023-12-02 20:55:56             SUCCESS             MOFSLOPENAPI.py             Initilize Post WebRequest Sent
2023-12-02 20:55:57             SUCCESS             MOFSLOPENAPI.py             Post WebRequest Send Successfully
2023-12-02 20:55:57             SUCCESS             MOFSLOPENAPI.py             GetLtp request sent Successfully
2023-12-02 20:55:57             SUCCESS             MOFSLOPENAPI.py             Initilaize GetLtp request send
2023-12-02 20:55:57             SUCCESS             MOFSLOPENAPI.py             Initilize Post WebRequest Sent
2023-12-02 20:56:00             SUCCESS             MOFSLOPENAPI.py             Post WebRequest Send Successfully
2023-12-02 20:56:00             SUCCESS             MOFSLOPENAPI.py             GetLtp request sent Successfully
2023-12-02 20:56:00             SUCCESS             MOFSLOPENAPI.py             Initilaize GetLtp request send
2023-12-02 20:56:00             SUCCESS             MOFSLOPENAPI.py             Initilize Post WebRequest Sent
2023-12-02 20:56:01             SUCCESS             MOFSLOPENAPI.py             Post WebRequest Send Successfully
2023-12-02 20:56:01             SUCCESS             MOFSLOPENAPI.py             GetLtp request sent Successfully
2023-12-02 21:00:13             SUCCESS             MOFSLOPENAPI.py             Initilize Constructor
2023-12-02 21:00:36             SUCCESS             MOFSLOPENAPI.py             Initilize Constructor Done
2023-12-02 21:00:46             SUCCESS             MOFSLOPENAPI.py             Initilize login request send
2023-12-02 21:00:46             SUCCESS             MOFSLOPENAPI.py             Initilize Post WebRequest Sent
2023-12-02 21:00:48             SUCCESS             MOFSLOPENAPI.py             Post WebRequest Send Successfully
2023-12-02 21:00:48             SUCCESS             MOFSLOPENAPI.py             Login sucessfully
2023-12-02 21:00:48             SUCCESS             MOFSLOPENAPI.py             Initilaize GetLtp request send
2023-12-02 21:00:48             SUCCESS             MOFSLOPENAPI.py             Initilize Post WebRequest Sent
2023-12-02 21:00:50             SUCCESS             MOFSLOPENAPI.py             Post WebRequest Send Successfully
2023-12-02 21:00:50             SUCCESS             MOFSLOPENAPI.py             GetLtp request sent Successfully
2023-12-02 21:11:00             SUCCESS             MOFSLOPENAPI.py             Initilize Constructor
2023-12-02 21:11:22             SUCCESS             MOFSLOPENAPI.py             Initilize Constructor Done
2023-12-02 21:11:27             SUCCESS             MOFSLOPENAPI.py             Initilize login request send
2023-12-02 21:11:27             SUCCESS             MOFSLOPENAPI.py             Initilize Post WebRequest Sent
2023-12-02 21:11:29             SUCCESS             MOFSLOPENAPI.py             Post WebRequest Send Successfully
2023-12-02 21:11:29             SUCCESS             MOFSLOPENAPI.py             Login sucessfully
2023-12-02 21:11:31             SUCCESS             MOFSLOPENAPI.py             Initilaize GetLtp request send
2023-12-02 21:11:31             SUCCESS             MOFSLOPENAPI.py             Initilize Post WebRequest Sent
2023-12-02 21:11:32             SUCCESS             MOFSLOPENAPI.py             Post WebRequest Send Successfully
2023-12-02 21:11:32             SUCCESS             MOFSLOPENAPI.py             GetLtp request sent Successfully
2023-12-02 21:26:08             SUCCESS             MOFSLOPENAPI.py             Initilize Constructor
2023-12-02 21:26:12             SUCCESS             MOFSLOPENAPI.py             Initilize Constructor Done
2023-12-02 21:26:21             SUCCESS             MOFSLOPENAPI.py             Initilize login request send
2023-12-02 21:26:21             SUCCESS             MOFSLOPENAPI.py             Initilize Post WebRequest Sent
2023-12-02 21:26:23             SUCCESS             MOFSLOPENAPI.py             Post WebRequest Send Successfully
2023-12-02 21:26:23             SUCCESS             MOFSLOPENAPI.py             Login sucessfully
2023-12-02 21:26:23             SUCCESS             MOFSLOPENAPI.py             Initilaize GetLtp request send
2023-12-02 21:26:23             SUCCESS             MOFSLOPENAPI.py             Initilize Post WebRequest Sent
2023-12-02 21:26:24             SUCCESS             MOFSLOPENAPI.py             Post WebRequest Send Successfully
2023-12-02 21:26:24             SUCCESS             MOFSLOPENAPI.py             GetLtp request sent Successfully
2023-12-02 21:31:14             SUCCESS             MOFSLOPENAPI.py             Initilize Constructor
2023-12-02 21:31:15             SUCCESS             MOFSLOPENAPI.py             Initilize Constructor Done
2023-12-02 21:31:28             SUCCESS             MOFSLOPENAPI.py             Initilize login request send
2023-12-02 21:31:28             SUCCESS             MOFSLOPENAPI.py             Initilize Post WebRequest Sent
2023-12-02 21:31:30             SUCCESS             MOFSLOPENAPI.py             Post WebRequest Send Successfully
2023-12-02 21:31:30             SUCCESS             MOFSLOPENAPI.py             Login sucessfully
2023-12-02 21:31:30             SUCCESS             MOFSLOPENAPI.py             Initilaize GetLtp request send
2023-12-02 21:31:30             SUCCESS             MOFSLOPENAPI.py             Initilize Post WebRequest Sent
2023-12-02 21:31:32             SUCCESS             MOFSLOPENAPI.py             Post WebRequest Send Successfully
2023-12-02 21:31:32             SUCCESS             MOFSLOPENAPI.py             GetLtp request sent Successfully
2023-12-02 21:32:55             SUCCESS             MOFSLOPENAPI.py             Initilize Constructor
2023-12-02 21:32:56             SUCCESS             MOFSLOPENAPI.py             Initilize Constructor Done
2023-12-02 21:33:06             SUCCESS             MOFSLOPENAPI.py             Initilize login request send
2023-12-02 21:33:06             SUCCESS             MOFSLOPENAPI.py             Initilize Post WebRequest Sent
2023-12-02 21:33:08             SUCCESS             MOFSLOPENAPI.py             Post WebRequest Send Successfully
2023-12-02 21:33:08             SUCCESS             MOFSLOPENAPI.py             Login sucessfully
2023-12-02 21:33:08             SUCCESS             MOFSLOPENAPI.py             Initilaize GetLtp request send
2023-12-02 21:33:08             SUCCESS             MOFSLOPENAPI.py             Initilize Post WebRequest Sent
2023-12-02 21:33:09             SUCCESS             MOFSLOPENAPI.py             Post WebRequest Send Successfully
2023-12-02 21:33:10             SUCCESS             MOFSLOPENAPI.py             GetLtp request sent Successfully
2023-12-02 21:37:41             SUCCESS             MOFSLOPENAPI.py             Initilize Constructor
2023-12-02 21:37:43             SUCCESS             MOFSLOPENAPI.py             Initilize Constructor Done
2023-12-02 21:38:04             SUCCESS             MOFSLOPENAPI.py             Initilize login request send
2023-12-02 21:38:04             SUCCESS             MOFSLOPENAPI.py             Initilize Post WebRequest Sent
2023-12-02 21:38:06             SUCCESS             MOFSLOPENAPI.py             Post WebRequest Send Successfully
2023-12-02 21:38:06             SUCCESS             MOFSLOPENAPI.py             Login sucessfully
2023-12-02 21:38:06             SUCCESS             MOFSLOPENAPI.py             Initilaize GetLtp request send
2023-12-02 21:38:06             SUCCESS             MOFSLOPENAPI.py             Initilize Post WebRequest Sent
2023-12-02 21:38:08             SUCCESS             MOFSLOPENAPI.py             Post WebRequest Send Successfully
2023-12-02 21:38:08             SUCCESS             MOFSLOPENAPI.py             GetLtp request sent Successfully
2023-12-02 21:39:39             SUCCESS             MOFSLOPENAPI.py             Initilize Constructor
2023-12-02 21:39:40             SUCCESS             MOFSLOPENAPI.py             Initilize Constructor Done
2023-12-02 21:39:53             SUCCESS             MOFSLOPENAPI.py             Initilize login request send
2023-12-02 21:39:53             SUCCESS             MOFSLOPENAPI.py             Initilize Post WebRequest Sent
2023-12-02 21:39:55             SUCCESS             MOFSLOPENAPI.py             Post WebRequest Send Successfully
2023-12-02 21:39:55             SUCCESS             MOFSLOPENAPI.py             Login sucessfully
2023-12-02 21:39:55             SUCCESS             MOFSLOPENAPI.py             Initilaize GetLtp request send
2023-12-02 21:39:55             SUCCESS             MOFSLOPENAPI.py             Initilize Post WebRequest Sent
2023-12-02 21:39:56             SUCCESS             MOFSLOPENAPI.py             Post WebRequest Send Successfully
2023-12-02 21:39:56             SUCCESS             MOFSLOPENAPI.py             GetLtp request sent Successfully
2023-12-02 21:54:52             SUCCESS             MOFSLOPENAPI.py             Initilize Constructor
2023-12-02 21:54:55             SUCCESS             MOFSLOPENAPI.py             Initilize Constructor Done
2023-12-02 21:55:00             SUCCESS             MOFSLOPENAPI.py             Initilize Constructor
2023-12-02 21:55:18             SUCCESS             MOFSLOPENAPI.py             Initilize Constructor Done
2023-12-02 22:00:24             SUCCESS             MOFSLOPENAPI.py             Initilize Constructor
2023-12-02 22:00:47             SUCCESS             MOFSLOPENAPI.py             Initilize Constructor Done
2023-12-02 22:00:55             SUCCESS             MOFSLOPENAPI.py             Initilize Constructor
2023-12-02 22:01:17             SUCCESS             MOFSLOPENAPI.py             Initilize Constructor Done
2023-12-02 22:03:03             SUCCESS             MOFSLOPENAPI.py             Initilize Constructor
2023-12-02 22:03:05             SUCCESS             MOFSLOPENAPI.py             Initilize Constructor Done
2023-12-02 22:10:15             SUCCESS             MOFSLOPENAPI.py             Initilize login request send
2023-12-02 22:10:15             SUCCESS             MOFSLOPENAPI.py             Initilize Post WebRequest Sent
2023-12-02 22:10:17             SUCCESS             MOFSLOPENAPI.py             Post WebRequest Send Successfully
2023-12-02 22:10:17             SUCCESS             MOFSLOPENAPI.py             Login sucessfully
2023-12-02 22:16:15             SUCCESS             MOFSLOPENAPI.py             Initilize Constructor
2023-12-02 22:16:32             SUCCESS             MOFSLOPENAPI.py             Initilize Constructor Done
2023-12-02 22:16:47             SUCCESS             MOFSLOPENAPI.py             Initilize login request send
2023-12-02 22:16:47             SUCCESS             MOFSLOPENAPI.py             Initilize Post WebRequest Sent
2023-12-02 22:16:48             SUCCESS             MOFSLOPENAPI.py             Post WebRequest Send Successfully
2023-12-02 22:16:48             SUCCESS             MOFSLOPENAPI.py             Login sucessfully
2023-12-02 22:16:50             SUCCESS             MOFSLOPENAPI.py             Initilaize GetLtp request send
2023-12-02 22:16:50             SUCCESS             MOFSLOPENAPI.py             Initilize Post WebRequest Sent
2023-12-02 22:16:51             SUCCESS             MOFSLOPENAPI.py             Post WebRequest Send Successfully
2023-12-02 22:16:51             SUCCESS             MOFSLOPENAPI.py             GetLtp request sent Successfully
2023-12-02 22:17:33             SUCCESS             MOFSLOPENAPI.py             Initilize Constructor
2023-12-02 22:17:35             SUCCESS             MOFSLOPENAPI.py             Initilize Constructor Done
2023-12-02 22:17:48             SUCCESS             MOFSLOPENAPI.py             Initilize login request send
2023-12-02 22:17:48             SUCCESS             MOFSLOPENAPI.py             Initilize Post WebRequest Sent
2023-12-02 22:17:49             SUCCESS             MOFSLOPENAPI.py             Post WebRequest Send Successfully
2023-12-02 22:17:49             SUCCESS             MOFSLOPENAPI.py             Login sucessfully
2023-12-02 22:17:51             SUCCESS             MOFSLOPENAPI.py             Initilaize GetLtp request send
2023-12-02 22:17:51             SUCCESS             MOFSLOPENAPI.py             Initilize Post WebRequest Sent
2023-12-02 22:17:52             SUCCESS             MOFSLOPENAPI.py             Post WebRequest Send Successfully
2023-12-02 22:17:53             SUCCESS             MOFSLOPENAPI.py             GetLtp request sent Successfully
2023-12-02 22:18:04             SUCCESS             MOFSLOPENAPI.py             Initilize Constructor
2023-12-02 22:18:06             SUCCESS             MOFSLOPENAPI.py             Initilize Constructor Done
2023-12-02 22:18:21             SUCCESS             MOFSLOPENAPI.py             Initilize login request send
2023-12-02 22:18:21             SUCCESS             MOFSLOPENAPI.py             Initilize Post WebRequest Sent
2023-12-02 22:18:22             SUCCESS             MOFSLOPENAPI.py             Post WebRequest Send Successfully
2023-12-02 22:18:22             SUCCESS             MOFSLOPENAPI.py             Login sucessfully
2023-12-02 22:18:22             SUCCESS             MOFSLOPENAPI.py             Initilaize GetLtp request send
2023-12-02 22:18:22             SUCCESS             MOFSLOPENAPI.py             Initilize Post WebRequest Sent
2023-12-02 22:18:24             SUCCESS             MOFSLOPENAPI.py             Post WebRequest Send Successfully
2023-12-02 22:18:24             SUCCESS             MOFSLOPENAPI.py             GetLtp request sent Successfully
2023-12-02 23:44:04             SUCCESS             MOFSLOPENAPI.py             Initilize Constructor
2023-12-02 23:44:05             SUCCESS             MOFSLOPENAPI.py             Initilize Constructor Done
2023-12-02 23:44:36             SUCCESS             MOFSLOPENAPI.py             Initilize login request send
2023-12-02 23:44:36             SUCCESS             MOFSLOPENAPI.py             Initilize Post WebRequest Sent
2023-12-02 23:44:38             SUCCESS             MOFSLOPENAPI.py             Post WebRequest Send Successfully
2023-12-02 23:44:38             SUCCESS             MOFSLOPENAPI.py             Login sucessfully
2023-12-02 23:52:54             SUCCESS             MOFSLOPENAPI.py             Initilize Constructor
2023-12-02 23:52:56             SUCCESS             MOFSLOPENAPI.py             Initilize Constructor Done
2023-12-02 23:53:03             SUCCESS             MOFSLOPENAPI.py             Initilize login request send
2023-12-02 23:53:03             SUCCESS             MOFSLOPENAPI.py             Initilize Post WebRequest Sent
2023-12-02 23:53:04             SUCCESS             MOFSLOPENAPI.py             Post WebRequest Send Successfully
2023-12-02 23:53:04             SUCCESS             MOFSLOPENAPI.py             Login sucessfully
2023-12-02 23:53:19             SUCCESS             MOFSLOPENAPI.py             Initilize Constructor
2023-12-02 23:53:22             SUCCESS             MOFSLOPENAPI.py             Initilize Constructor Done
2023-12-02 23:53:36             SUCCESS             MOFSLOPENAPI.py             Initilize login request send
2023-12-02 23:53:36             SUCCESS             MOFSLOPENAPI.py             Initilize Post WebRequest Sent
2023-12-02 23:53:37             SUCCESS             MOFSLOPENAPI.py             Post WebRequest Send Successfully
2023-12-02 23:53:37             SUCCESS             MOFSLOPENAPI.py             Login sucessfully
2023-12-02 23:59:25             SUCCESS             MOFSLOPENAPI.py             Initilize Constructor
2023-12-02 23:59:25             SUCCESS             MOFSLOPENAPI.py             Initilize Constructor Done
2023-12-02 23:59:37             SUCCESS             MOFSLOPENAPI.py             Initilize login request send
2023-12-02 23:59:38             SUCCESS             MOFSLOPENAPI.py             Initilize Post WebRequest Sent
2023-12-02 23:59:39             SUCCESS             MOFSLOPENAPI.py             Post WebRequest Send Successfully
2023-12-02 23:59:39             SUCCESS             MOFSLOPENAPI.py             Login sucessfully
2023-12-02 23:59:39             SUCCESS             MOFSLOPENAPI.py             Initilaize GetTradeBook request send
2023-12-02 23:59:39             SUCCESS             MOFSLOPENAPI.py             Initilize Post WebRequest Sent
2023-12-02 23:59:41             SUCCESS             MOFSLOPENAPI.py             Post WebRequest Send Successfully
2023-12-02 23:59:41             SUCCESS             MOFSLOPENAPI.py             GetTradeBook request sent Successfully
