2023-12-03 00:01:51             SUCCESS             MOFSLOPENAPI.py             Initilize Constructor
2023-12-03 00:01:52             SUCCESS             MOFSLOPENAPI.py             Initilize Constructor Done
2023-12-03 00:02:06             SUCCESS             MOFSLOPENAPI.py             Initilize login request send
2023-12-03 00:02:06             SUCCESS             MOFSLOPENAPI.py             Initilize Post WebRequest Sent
2023-12-03 00:02:07             SUCCESS             MOFSLOPENAPI.py             Post WebRequest Send Successfully
2023-12-03 00:02:07             SUCCESS             MOFSLOPENAPI.py             Login sucessfully
2023-12-03 00:02:44             SUCCESS             MOFSLOPENAPI.py             Initilize Constructor
2023-12-03 00:02:45             SUCCESS             MOFSLOPENAPI.py             Initilize Constructor Done
2023-12-03 00:02:53             SUCCESS             MOFSLOPENAPI.py             Initilize login request send
2023-12-03 00:02:53             SUCCESS             MOFSLOPENAPI.py             Initilize Post WebRequest Sent
2023-12-03 00:02:55             SUCCESS             MOFSLOPENAPI.py             Post WebRequest Send Successfully
2023-12-03 00:02:55             SUCCESS             MOFSLOPENAPI.py             Login sucessfully
2023-12-03 00:02:55             SUCCESS             MOFSLOPENAPI.py             Initilaize GetPosition request send
2023-12-03 00:02:55             SUCCESS             MOFSLOPENAPI.py             Initilize Post WebRequest Sent
2023-12-03 00:02:56             SUCCESS             MOFSLOPENAPI.py             Post WebRequest Send Successfully
2023-12-03 00:02:56             SUCCESS             MOFSLOPENAPI.py             GetPosition request sent Successfully
2023-12-03 00:21:01             SUCCESS             MOFSLOPENAPI.py             Initilize Constructor
2023-12-03 00:21:02             SUCCESS             MOFSLOPENAPI.py             Initilize Constructor Done
2023-12-03 13:01:08             SUCCESS             MOFSLOPENAPI.py             Initilize Constructor
2023-12-03 13:01:30             SUCCESS             MOFSLOPENAPI.py             Initilize Constructor Done
2023-12-03 13:02:06             SUCCESS             MOFSLOPENAPI.py             Initilize login request send
2023-12-03 13:02:06             SUCCESS             MOFSLOPENAPI.py             Initilize Post WebRequest Sent
2023-12-03 13:02:07             SUCCESS             MOFSLOPENAPI.py             Post WebRequest Send Successfully
2023-12-03 13:02:07             SUCCESS             MOFSLOPENAPI.py             Login sucessfully
2023-12-03 13:02:09             SUCCESS             MOFSLOPENAPI.py             Initilaize GetLtp request send
2023-12-03 13:02:09             SUCCESS             MOFSLOPENAPI.py             Initilize Post WebRequest Sent
2023-12-03 13:02:10             SUCCESS             MOFSLOPENAPI.py             Post WebRequest Send Successfully
2023-12-03 13:02:10             SUCCESS             MOFSLOPENAPI.py             GetLtp request sent Successfully
2023-12-03 13:03:22             SUCCESS             MOFSLOPENAPI.py             Initilize Constructor
2023-12-03 13:03:25             SUCCESS             MOFSLOPENAPI.py             Initilize Constructor Done
2023-12-03 13:03:36             SUCCESS             MOFSLOPENAPI.py             Initilize login request send
2023-12-03 13:03:36             SUCCESS             MOFSLOPENAPI.py             Initilize Post WebRequest Sent
2023-12-03 13:03:37             SUCCESS             MOFSLOPENAPI.py             Post WebRequest Send Successfully
2023-12-03 13:03:37             SUCCESS             MOFSLOPENAPI.py             Login sucessfully
2023-12-03 13:03:39             SUCCESS             MOFSLOPENAPI.py             Initilaize GetLtp request send
2023-12-03 13:03:39             SUCCESS             MOFSLOPENAPI.py             Initilize Post WebRequest Sent
2023-12-03 13:03:40             SUCCESS             MOFSLOPENAPI.py             Post WebRequest Send Successfully
2023-12-03 13:03:40             SUCCESS             MOFSLOPENAPI.py             GetLtp request sent Successfully
2023-12-03 13:06:00             SUCCESS             MOFSLOPENAPI.py             Initilize Constructor
2023-12-03 13:06:00             SUCCESS             MOFSLOPENAPI.py             Initilize Constructor Done
2023-12-03 13:06:10             SUCCESS             MOFSLOPENAPI.py             Initilize login request send
2023-12-03 13:06:10             SUCCESS             MOFSLOPENAPI.py             Initilize Post WebRequest Sent
2023-12-03 13:06:11             SUCCESS             MOFSLOPENAPI.py             Post WebRequest Send Successfully
2023-12-03 13:06:11             SUCCESS             MOFSLOPENAPI.py             Login sucessfully
2023-12-03 13:06:12             SUCCESS             MOFSLOPENAPI.py             Initilaize GetLtp request send
2023-12-03 13:06:12             SUCCESS             MOFSLOPENAPI.py             Initilize Post WebRequest Sent
2023-12-03 13:06:14             SUCCESS             MOFSLOPENAPI.py             Post WebRequest Send Successfully
2023-12-03 13:06:14             SUCCESS             MOFSLOPENAPI.py             GetLtp request sent Successfully
2023-12-03 13:06:21             SUCCESS             MOFSLOPENAPI.py             Initilize Constructor
2023-12-03 13:06:21             SUCCESS             MOFSLOPENAPI.py             Initilize Constructor Done
2023-12-03 13:07:05             SUCCESS             MOFSLOPENAPI.py             Initilize login request send
2023-12-03 13:07:05             SUCCESS             MOFSLOPENAPI.py             Initilize Post WebRequest Sent
2023-12-03 13:07:06             SUCCESS             MOFSLOPENAPI.py             Post WebRequest Send Successfully
2023-12-03 13:07:06             SUCCESS             MOFSLOPENAPI.py             Login sucessfully
2023-12-03 13:07:06             SUCCESS             MOFSLOPENAPI.py             Initilaize GetLtp request send
2023-12-03 13:07:06             SUCCESS             MOFSLOPENAPI.py             Initilize Post WebRequest Sent
2023-12-03 13:07:07             SUCCESS             MOFSLOPENAPI.py             Post WebRequest Send Successfully
2023-12-03 13:07:07             SUCCESS             MOFSLOPENAPI.py             GetLtp request sent Successfully
2023-12-03 13:19:34             SUCCESS             MOFSLOPENAPI.py             Initilize Constructor
2023-12-03 13:19:37             SUCCESS             MOFSLOPENAPI.py             Initilize Constructor Done
2023-12-03 13:19:42             SUCCESS             MOFSLOPENAPI.py             Initilize login request send
2023-12-03 13:19:42             SUCCESS             MOFSLOPENAPI.py             Initilize Post WebRequest Sent
2023-12-03 13:19:43             SUCCESS             MOFSLOPENAPI.py             Post WebRequest Send Successfully
2023-12-03 13:19:43             SUCCESS             MOFSLOPENAPI.py             Login sucessfully
2023-12-03 13:20:28             SUCCESS             MOFSLOPENAPI.py             Initilize Constructor
2023-12-03 13:21:10             SUCCESS             MOFSLOPENAPI.py             Initilize Constructor Done
2023-12-03 13:21:27             SUCCESS             MOFSLOPENAPI.py             Initilize Constructor
2023-12-03 13:22:03             SUCCESS             MOFSLOPENAPI.py             Initilize Constructor
2023-12-03 13:22:04             SUCCESS             MOFSLOPENAPI.py             Initilize Constructor Done
2023-12-03 13:22:20             SUCCESS             MOFSLOPENAPI.py             Initilize Constructor
2023-12-03 13:22:21             SUCCESS             MOFSLOPENAPI.py             Initilize Constructor Done
2023-12-03 13:24:04             SUCCESS             MOFSLOPENAPI.py             Initilize Constructor
2023-12-03 13:24:06             SUCCESS             MOFSLOPENAPI.py             Initilize Constructor Done
2023-12-03 13:29:10             SUCCESS             MOFSLOPENAPI.py             Initilize Constructor
2023-12-03 13:29:12             SUCCESS             MOFSLOPENAPI.py             Initilize Constructor Done
2023-12-03 13:30:21             SUCCESS             MOFSLOPENAPI.py             Initilize Constructor
2023-12-03 13:30:32             SUCCESS             MOFSLOPENAPI.py             Initilize Constructor
2023-12-03 13:30:40             SUCCESS             MOFSLOPENAPI.py             Initilize Constructor
2023-12-03 13:31:02             SUCCESS             MOFSLOPENAPI.py             Initilize Constructor Done
2023-12-03 13:31:27             SUCCESS             MOFSLOPENAPI.py             Initilize Constructor
2023-12-03 13:31:34             SUCCESS             MOFSLOPENAPI.py             Initilize Constructor Done
2023-12-03 13:38:23             SUCCESS             MOFSLOPENAPI.py             Initilize Constructor
2023-12-03 13:38:24             SUCCESS             MOFSLOPENAPI.py             Initilize Constructor Done
2023-12-03 13:41:24             SUCCESS             MOFSLOPENAPI.py             Initilize Constructor
2023-12-03 13:41:46             SUCCESS             MOFSLOPENAPI.py             Initilize Constructor Done
2023-12-03 13:41:57             SUCCESS             MOFSLOPENAPI.py             Initilize Constructor
2023-12-03 13:42:01             SUCCESS             MOFSLOPENAPI.py             Initilize Constructor Done
2023-12-03 13:42:47             SUCCESS             MOFSLOPENAPI.py             Initilize login request send
2023-12-03 13:42:47             SUCCESS             MOFSLOPENAPI.py             Initilize Post WebRequest Sent
2023-12-03 13:42:49             SUCCESS             MOFSLOPENAPI.py             Post WebRequest Send Successfully
2023-12-03 13:42:49             SUCCESS             MOFSLOPENAPI.py             Login sucessfully
2023-12-03 13:45:22             SUCCESS             MOFSLOPENAPI.py             Initilize Constructor
2023-12-03 13:45:31             SUCCESS             MOFSLOPENAPI.py             Initilize Constructor Done
2023-12-03 13:45:47             SUCCESS             MOFSLOPENAPI.py             Initilize login request send
2023-12-03 13:45:48             SUCCESS             MOFSLOPENAPI.py             Initilize Post WebRequest Sent
2023-12-03 13:45:49             SUCCESS             MOFSLOPENAPI.py             Post WebRequest Send Successfully
2023-12-03 13:45:49             SUCCESS             MOFSLOPENAPI.py             Login sucessfully
2023-12-03 13:46:25             SUCCESS             MOFSLOPENAPI.py             Initilize Constructor
2023-12-03 13:46:27             SUCCESS             MOFSLOPENAPI.py             Initilize Constructor Done
2023-12-03 13:46:32             SUCCESS             MOFSLOPENAPI.py             Initilize login request send
2023-12-03 13:46:32             SUCCESS             MOFSLOPENAPI.py             Initilize Post WebRequest Sent
2023-12-03 13:46:33             SUCCESS             MOFSLOPENAPI.py             Post WebRequest Send Successfully
2023-12-03 13:46:33             SUCCESS             MOFSLOPENAPI.py             Login sucessfully
2023-12-03 13:48:42             SUCCESS             MOFSLOPENAPI.py             Initilize Constructor
2023-12-03 13:48:43             SUCCESS             MOFSLOPENAPI.py             Initilize Constructor Done
2023-12-03 13:48:51             SUCCESS             MOFSLOPENAPI.py             Initilize login request send
2023-12-03 13:48:51             SUCCESS             MOFSLOPENAPI.py             Initilize Post WebRequest Sent
2023-12-03 13:48:52             SUCCESS             MOFSLOPENAPI.py             Post WebRequest Send Successfully
2023-12-03 13:48:52             SUCCESS             MOFSLOPENAPI.py             Login sucessfully
2023-12-03 13:49:29             SUCCESS             MOFSLOPENAPI.py             Initilize Constructor
2023-12-03 13:49:30             SUCCESS             MOFSLOPENAPI.py             Initilize Constructor Done
2023-12-03 13:49:36             SUCCESS             MOFSLOPENAPI.py             Initilize login request send
2023-12-03 13:49:36             SUCCESS             MOFSLOPENAPI.py             Initilize Post WebRequest Sent
2023-12-03 13:49:37             SUCCESS             MOFSLOPENAPI.py             Post WebRequest Send Successfully
2023-12-03 13:49:37             SUCCESS             MOFSLOPENAPI.py             Login sucessfully
2023-12-03 13:51:52             SUCCESS             MOFSLOPENAPI.py             Initilize Constructor
2023-12-03 13:52:00             SUCCESS             MOFSLOPENAPI.py             Initilize Constructor Done
2023-12-03 13:52:08             SUCCESS             MOFSLOPENAPI.py             Initilize login request send
2023-12-03 13:52:08             SUCCESS             MOFSLOPENAPI.py             Initilize Post WebRequest Sent
2023-12-03 13:52:09             SUCCESS             MOFSLOPENAPI.py             Post WebRequest Send Successfully
2023-12-03 13:52:09             SUCCESS             MOFSLOPENAPI.py             Login sucessfully
2023-12-03 13:55:34             SUCCESS             MOFSLOPENAPI.py             Initilize Constructor
2023-12-03 13:55:35             SUCCESS             MOFSLOPENAPI.py             Initilize Constructor Done
2023-12-03 13:55:43             SUCCESS             MOFSLOPENAPI.py             Initilize login request send
2023-12-03 13:55:43             SUCCESS             MOFSLOPENAPI.py             Initilize Post WebRequest Sent
2023-12-03 13:55:45             SUCCESS             MOFSLOPENAPI.py             Post WebRequest Send Successfully
2023-12-03 13:55:45             SUCCESS             MOFSLOPENAPI.py             Login sucessfully
2023-12-03 13:57:28             SUCCESS             MOFSLOPENAPI.py             Initilize Constructor
2023-12-03 13:57:29             SUCCESS             MOFSLOPENAPI.py             Initilize Constructor Done
2023-12-03 13:57:38             SUCCESS             MOFSLOPENAPI.py             Initilize login request send
2023-12-03 13:57:38             SUCCESS             MOFSLOPENAPI.py             Initilize Post WebRequest Sent
2023-12-03 13:57:39             SUCCESS             MOFSLOPENAPI.py             Post WebRequest Send Successfully
2023-12-03 13:57:39             SUCCESS             MOFSLOPENAPI.py             Login sucessfully
2023-12-03 13:57:40             SUCCESS             MOFSLOPENAPI.py             Initilaize GetLtp request send
2023-12-03 13:57:41             SUCCESS             MOFSLOPENAPI.py             Initilize Post WebRequest Sent
2023-12-03 13:57:42             SUCCESS             MOFSLOPENAPI.py             Post WebRequest Send Successfully
2023-12-03 13:57:42             SUCCESS             MOFSLOPENAPI.py             GetLtp request sent Successfully
2023-12-03 13:57:42             SUCCESS             MOFSLOPENAPI.py             Initilize Constructor
2023-12-03 13:57:43             SUCCESS             MOFSLOPENAPI.py             Initilize Constructor Done
2023-12-03 13:57:49             SUCCESS             MOFSLOPENAPI.py             Initilize login request send
2023-12-03 13:57:49             SUCCESS             MOFSLOPENAPI.py             Initilize Post WebRequest Sent
2023-12-03 13:57:51             SUCCESS             MOFSLOPENAPI.py             Post WebRequest Send Successfully
2023-12-03 13:57:51             SUCCESS             MOFSLOPENAPI.py             Login sucessfully
2023-12-03 13:59:04             SUCCESS             MOFSLOPENAPI.py             Initilize Constructor
2023-12-03 13:59:06             SUCCESS             MOFSLOPENAPI.py             Initilize Constructor Done
2023-12-03 13:59:11             SUCCESS             MOFSLOPENAPI.py             Initilize login request send
2023-12-03 13:59:11             SUCCESS             MOFSLOPENAPI.py             Initilize Post WebRequest Sent
2023-12-03 13:59:13             SUCCESS             MOFSLOPENAPI.py             Post WebRequest Send Successfully
2023-12-03 13:59:13             SUCCESS             MOFSLOPENAPI.py             Login sucessfully
2023-12-03 13:59:14             SUCCESS             MOFSLOPENAPI.py             Initilaize GetLtp request send
2023-12-03 13:59:14             SUCCESS             MOFSLOPENAPI.py             Initilize Post WebRequest Sent
2023-12-03 13:59:15             SUCCESS             MOFSLOPENAPI.py             Post WebRequest Send Successfully
2023-12-03 13:59:15             SUCCESS             MOFSLOPENAPI.py             GetLtp request sent Successfully
2023-12-03 13:59:15             SUCCESS             MOFSLOPENAPI.py             Initilize Constructor
2023-12-03 13:59:17             SUCCESS             MOFSLOPENAPI.py             Initilize Constructor Done
2023-12-03 13:59:20             SUCCESS             MOFSLOPENAPI.py             Initilize login request send
2023-12-03 13:59:20             SUCCESS             MOFSLOPENAPI.py             Initilize Post WebRequest Sent
2023-12-03 13:59:21             SUCCESS             MOFSLOPENAPI.py             Post WebRequest Send Successfully
2023-12-03 13:59:21             SUCCESS             MOFSLOPENAPI.py             Login sucessfully
2023-12-03 14:02:55             SUCCESS             MOFSLOPENAPI.py             Initilize Constructor
2023-12-03 14:02:56             SUCCESS             MOFSLOPENAPI.py             Initilize Constructor Done
2023-12-03 14:03:07             SUCCESS             MOFSLOPENAPI.py             Initilize login request send
2023-12-03 14:03:07             SUCCESS             MOFSLOPENAPI.py             Initilize Post WebRequest Sent
2023-12-03 14:03:08             SUCCESS             MOFSLOPENAPI.py             Post WebRequest Send Successfully
2023-12-03 14:03:08             SUCCESS             MOFSLOPENAPI.py             Login sucessfully
2023-12-03 14:03:10             SUCCESS             MOFSLOPENAPI.py             Initilaize GetLtp request send
2023-12-03 14:03:10             SUCCESS             MOFSLOPENAPI.py             Initilize Post WebRequest Sent
2023-12-03 14:03:11             SUCCESS             MOFSLOPENAPI.py             Post WebRequest Send Successfully
2023-12-03 14:03:11             SUCCESS             MOFSLOPENAPI.py             GetLtp request sent Successfully
2023-12-03 14:03:11             SUCCESS             MOFSLOPENAPI.py             Initilize Constructor
2023-12-03 14:03:12             SUCCESS             MOFSLOPENAPI.py             Initilize Constructor Done
2023-12-03 14:03:18             SUCCESS             MOFSLOPENAPI.py             Initilize login request send
2023-12-03 14:03:18             SUCCESS             MOFSLOPENAPI.py             Initilize Post WebRequest Sent
2023-12-03 14:03:20             SUCCESS             MOFSLOPENAPI.py             Post WebRequest Send Successfully
2023-12-03 14:03:20             SUCCESS             MOFSLOPENAPI.py             Login sucessfully
2023-12-03 14:19:10             SUCCESS             MOFSLOPENAPI.py             Initilize Constructor
2023-12-03 14:19:12             SUCCESS             MOFSLOPENAPI.py             Initilize Constructor Done
2023-12-03 14:20:14             SUCCESS             MOFSLOPENAPI.py             Initilize login request send
2023-12-03 14:20:14             SUCCESS             MOFSLOPENAPI.py             Initilize Post WebRequest Sent
2023-12-03 14:20:15             SUCCESS             MOFSLOPENAPI.py             Post WebRequest Send Successfully
2023-12-03 14:20:15             SUCCESS             MOFSLOPENAPI.py             Login sucessfully
2023-12-03 14:20:16             SUCCESS             MOFSLOPENAPI.py             Initilaize GetLtp request send
2023-12-03 14:20:16             SUCCESS             MOFSLOPENAPI.py             Initilize Post WebRequest Sent
2023-12-03 14:20:17             SUCCESS             MOFSLOPENAPI.py             Post WebRequest Send Successfully
2023-12-03 14:20:17             SUCCESS             MOFSLOPENAPI.py             GetLtp request sent Successfully
2023-12-03 14:20:17             SUCCESS             MOFSLOPENAPI.py             Initilize Constructor
2023-12-03 14:20:31             SUCCESS             MOFSLOPENAPI.py             Initilize Constructor Done
2023-12-03 14:20:37             SUCCESS             MOFSLOPENAPI.py             Initilize login request send
2023-12-03 14:20:37             SUCCESS             MOFSLOPENAPI.py             Initilize Post WebRequest Sent
2023-12-03 14:20:38             SUCCESS             MOFSLOPENAPI.py             Post WebRequest Send Successfully
2023-12-03 14:20:38             SUCCESS             MOFSLOPENAPI.py             Login sucessfully
2023-12-03 14:22:28             SUCCESS             MOFSLOPENAPI.py             Initilize Constructor
2023-12-03 14:22:30             SUCCESS             MOFSLOPENAPI.py             Initilize Constructor Done
2023-12-03 14:22:39             SUCCESS             MOFSLOPENAPI.py             Initilize login request send
2023-12-03 14:22:39             SUCCESS             MOFSLOPENAPI.py             Initilize Post WebRequest Sent
2023-12-03 14:22:41             SUCCESS             MOFSLOPENAPI.py             Post WebRequest Send Successfully
2023-12-03 14:22:41             SUCCESS             MOFSLOPENAPI.py             Login sucessfully
2023-12-03 14:22:42             SUCCESS             MOFSLOPENAPI.py             Initilaize GetLtp request send
2023-12-03 14:22:42             SUCCESS             MOFSLOPENAPI.py             Initilize Post WebRequest Sent
2023-12-03 14:22:43             SUCCESS             MOFSLOPENAPI.py             Post WebRequest Send Successfully
2023-12-03 14:22:43             SUCCESS             MOFSLOPENAPI.py             GetLtp request sent Successfully
2023-12-03 14:22:43             SUCCESS             MOFSLOPENAPI.py             Initilize Constructor
2023-12-03 14:22:45             SUCCESS             MOFSLOPENAPI.py             Initilize Constructor Done
2023-12-03 14:22:52             SUCCESS             MOFSLOPENAPI.py             Initilize login request send
2023-12-03 14:22:52             SUCCESS             MOFSLOPENAPI.py             Initilize Post WebRequest Sent
2023-12-03 14:22:54             SUCCESS             MOFSLOPENAPI.py             Post WebRequest Send Successfully
2023-12-03 14:22:54             SUCCESS             MOFSLOPENAPI.py             Login sucessfully
2023-12-03 14:22:55             SUCCESS             MOFSLOPENAPI.py             Initilaize GetLtp request send
2023-12-03 14:22:55             SUCCESS             MOFSLOPENAPI.py             Initilize Post WebRequest Sent
2023-12-03 14:22:56             SUCCESS             MOFSLOPENAPI.py             Post WebRequest Send Successfully
2023-12-03 14:22:56             SUCCESS             MOFSLOPENAPI.py             GetLtp request sent Successfully
2023-12-03 14:24:12             SUCCESS             MOFSLOPENAPI.py             Initilize Constructor
2023-12-03 14:24:15             SUCCESS             MOFSLOPENAPI.py             Initilize Constructor Done
2023-12-03 14:24:24             SUCCESS             MOFSLOPENAPI.py             Initilize login request send
2023-12-03 14:24:24             SUCCESS             MOFSLOPENAPI.py             Initilize Post WebRequest Sent
2023-12-03 14:24:26             SUCCESS             MOFSLOPENAPI.py             Post WebRequest Send Successfully
2023-12-03 14:24:26             SUCCESS             MOFSLOPENAPI.py             Login sucessfully
2023-12-03 14:24:27             SUCCESS             MOFSLOPENAPI.py             Initilaize GetLtp request send
2023-12-03 14:24:27             SUCCESS             MOFSLOPENAPI.py             Initilize Post WebRequest Sent
2023-12-03 14:24:29             SUCCESS             MOFSLOPENAPI.py             Post WebRequest Send Successfully
2023-12-03 14:24:29             SUCCESS             MOFSLOPENAPI.py             GetLtp request sent Successfully
2023-12-03 14:24:29             SUCCESS             MOFSLOPENAPI.py             Initilize Constructor
2023-12-03 14:24:29             SUCCESS             MOFSLOPENAPI.py             Initilize Constructor Done
2023-12-03 14:24:36             SUCCESS             MOFSLOPENAPI.py             Initilize login request send
2023-12-03 14:24:36             SUCCESS             MOFSLOPENAPI.py             Initilize Post WebRequest Sent
2023-12-03 14:24:37             SUCCESS             MOFSLOPENAPI.py             Post WebRequest Send Successfully
2023-12-03 14:24:37             SUCCESS             MOFSLOPENAPI.py             Login sucessfully
2023-12-03 14:24:39             SUCCESS             MOFSLOPENAPI.py             Initilaize GetLtp request send
2023-12-03 14:24:39             SUCCESS             MOFSLOPENAPI.py             Initilize Post WebRequest Sent
2023-12-03 14:24:40             SUCCESS             MOFSLOPENAPI.py             Post WebRequest Send Successfully
2023-12-03 14:24:40             SUCCESS             MOFSLOPENAPI.py             GetLtp request sent Successfully
2023-12-03 14:25:56             SUCCESS             MOFSLOPENAPI.py             Initilize Constructor
2023-12-03 14:25:57             SUCCESS             MOFSLOPENAPI.py             Initilize Constructor Done
2023-12-03 14:26:19             SUCCESS             MOFSLOPENAPI.py             Initilize Constructor
2023-12-03 14:26:20             SUCCESS             MOFSLOPENAPI.py             Initilize Constructor Done
2023-12-03 14:26:25             SUCCESS             MOFSLOPENAPI.py             Initilize Constructor
2023-12-03 14:26:26             SUCCESS             MOFSLOPENAPI.py             Initilize Constructor Done
2023-12-03 14:26:31             SUCCESS             MOFSLOPENAPI.py             Initilize login request send
2023-12-03 14:26:31             SUCCESS             MOFSLOPENAPI.py             Initilize Post WebRequest Sent
2023-12-03 14:26:32             SUCCESS             MOFSLOPENAPI.py             Post WebRequest Send Successfully
2023-12-03 14:26:32             SUCCESS             MOFSLOPENAPI.py             Login sucessfully
2023-12-03 14:26:33             SUCCESS             MOFSLOPENAPI.py             Initilaize GetLtp request send
2023-12-03 14:26:33             SUCCESS             MOFSLOPENAPI.py             Initilize Post WebRequest Sent
2023-12-03 14:26:35             SUCCESS             MOFSLOPENAPI.py             Post WebRequest Send Successfully
2023-12-03 14:26:35             SUCCESS             MOFSLOPENAPI.py             GetLtp request sent Successfully
2023-12-03 14:26:35             SUCCESS             MOFSLOPENAPI.py             Initilize Constructor
2023-12-03 14:26:35             SUCCESS             MOFSLOPENAPI.py             Initilize Constructor Done
2023-12-03 14:26:40             SUCCESS             MOFSLOPENAPI.py             Initilize login request send
2023-12-03 14:26:40             SUCCESS             MOFSLOPENAPI.py             Initilize Post WebRequest Sent
2023-12-03 14:26:41             SUCCESS             MOFSLOPENAPI.py             Post WebRequest Send Successfully
2023-12-03 14:26:41             SUCCESS             MOFSLOPENAPI.py             Login sucessfully
2023-12-03 14:26:43             SUCCESS             MOFSLOPENAPI.py             Initilaize GetLtp request send
2023-12-03 14:26:43             SUCCESS             MOFSLOPENAPI.py             Initilize Post WebRequest Sent
2023-12-03 14:26:44             SUCCESS             MOFSLOPENAPI.py             Post WebRequest Send Successfully
2023-12-03 14:26:44             SUCCESS             MOFSLOPENAPI.py             GetLtp request sent Successfully
2023-12-03 14:37:01             SUCCESS             MOFSLOPENAPI.py             Initilize Constructor
2023-12-03 14:37:03             SUCCESS             MOFSLOPENAPI.py             Initilize Constructor Done
2023-12-03 14:37:09             SUCCESS             MOFSLOPENAPI.py             Initilize login request send
2023-12-03 14:37:09             SUCCESS             MOFSLOPENAPI.py             Initilize Post WebRequest Sent
2023-12-03 14:37:10             SUCCESS             MOFSLOPENAPI.py             Post WebRequest Send Successfully
2023-12-03 14:37:10             SUCCESS             MOFSLOPENAPI.py             Login sucessfully
2023-12-03 14:37:12             SUCCESS             MOFSLOPENAPI.py             Initilaize GetLtp request send
2023-12-03 14:37:12             SUCCESS             MOFSLOPENAPI.py             Initilize Post WebRequest Sent
2023-12-03 14:37:13             SUCCESS             MOFSLOPENAPI.py             Post WebRequest Send Successfully
2023-12-03 14:37:13             SUCCESS             MOFSLOPENAPI.py             GetLtp request sent Successfully
2023-12-03 14:37:13             SUCCESS             MOFSLOPENAPI.py             Initilize Constructor
2023-12-03 14:37:14             SUCCESS             MOFSLOPENAPI.py             Initilize Constructor Done
2023-12-03 14:37:18             SUCCESS             MOFSLOPENAPI.py             Initilize login request send
2023-12-03 14:37:18             SUCCESS             MOFSLOPENAPI.py             Initilize Post WebRequest Sent
2023-12-03 14:37:20             SUCCESS             MOFSLOPENAPI.py             Post WebRequest Send Successfully
2023-12-03 14:37:20             SUCCESS             MOFSLOPENAPI.py             Login sucessfully
2023-12-03 14:37:21             SUCCESS             MOFSLOPENAPI.py             Initilaize GetLtp request send
2023-12-03 14:37:21             SUCCESS             MOFSLOPENAPI.py             Initilize Post WebRequest Sent
2023-12-03 14:37:23             SUCCESS             MOFSLOPENAPI.py             Post WebRequest Send Successfully
2023-12-03 14:37:23             SUCCESS             MOFSLOPENAPI.py             GetLtp request sent Successfully
2023-12-03 14:43:47             SUCCESS             MOFSLOPENAPI.py             Initilize Constructor
2023-12-03 14:43:48             SUCCESS             MOFSLOPENAPI.py             Initilize Constructor Done
2023-12-03 14:43:57             SUCCESS             MOFSLOPENAPI.py             Initilize login request send
2023-12-03 14:43:57             SUCCESS             MOFSLOPENAPI.py             Initilize Post WebRequest Sent
2023-12-03 14:43:58             SUCCESS             MOFSLOPENAPI.py             Post WebRequest Send Successfully
2023-12-03 14:43:59             SUCCESS             MOFSLOPENAPI.py             Login sucessfully
2023-12-03 14:44:00             SUCCESS             MOFSLOPENAPI.py             Initilaize GetLtp request send
2023-12-03 14:44:00             SUCCESS             MOFSLOPENAPI.py             Initilize Post WebRequest Sent
2023-12-03 14:44:01             SUCCESS             MOFSLOPENAPI.py             Post WebRequest Send Successfully
2023-12-03 14:44:01             SUCCESS             MOFSLOPENAPI.py             GetLtp request sent Successfully
2023-12-03 14:44:01             SUCCESS             MOFSLOPENAPI.py             Initilize Constructor
2023-12-03 14:44:02             SUCCESS             MOFSLOPENAPI.py             Initilize Constructor Done
2023-12-03 14:44:08             SUCCESS             MOFSLOPENAPI.py             Initilize login request send
2023-12-03 14:44:08             SUCCESS             MOFSLOPENAPI.py             Initilize Post WebRequest Sent
2023-12-03 14:44:10             SUCCESS             MOFSLOPENAPI.py             Post WebRequest Send Successfully
2023-12-03 14:44:10             SUCCESS             MOFSLOPENAPI.py             Login sucessfully
2023-12-03 14:44:11             SUCCESS             MOFSLOPENAPI.py             Initilaize GetLtp request send
2023-12-03 14:44:11             SUCCESS             MOFSLOPENAPI.py             Initilize Post WebRequest Sent
2023-12-03 14:44:13             SUCCESS             MOFSLOPENAPI.py             Post WebRequest Send Successfully
2023-12-03 14:44:13             SUCCESS             MOFSLOPENAPI.py             GetLtp request sent Successfully
2023-12-03 14:47:02             SUCCESS             MOFSLOPENAPI.py             Initilize Constructor
2023-12-03 14:47:18             SUCCESS             MOFSLOPENAPI.py             Initilize Constructor Done
2023-12-03 14:47:26             SUCCESS             MOFSLOPENAPI.py             Initilize login request send
2023-12-03 14:47:26             SUCCESS             MOFSLOPENAPI.py             Initilize Post WebRequest Sent
2023-12-03 14:47:27             SUCCESS             MOFSLOPENAPI.py             Post WebRequest Send Successfully
2023-12-03 14:47:27             SUCCESS             MOFSLOPENAPI.py             Login sucessfully
2023-12-03 14:47:29             SUCCESS             MOFSLOPENAPI.py             Initilaize GetLtp request send
2023-12-03 14:47:29             SUCCESS             MOFSLOPENAPI.py             Initilize Post WebRequest Sent
2023-12-03 14:47:30             SUCCESS             MOFSLOPENAPI.py             Post WebRequest Send Successfully
2023-12-03 14:47:30             SUCCESS             MOFSLOPENAPI.py             GetLtp request sent Successfully
2023-12-03 14:47:30             SUCCESS             MOFSLOPENAPI.py             Initilize Constructor
2023-12-03 14:47:31             SUCCESS             MOFSLOPENAPI.py             Initilize Constructor Done
2023-12-03 14:47:36             SUCCESS             MOFSLOPENAPI.py             Initilize login request send
2023-12-03 14:47:36             SUCCESS             MOFSLOPENAPI.py             Initilize Post WebRequest Sent
2023-12-03 14:47:37             SUCCESS             MOFSLOPENAPI.py             Post WebRequest Send Successfully
2023-12-03 14:47:37             SUCCESS             MOFSLOPENAPI.py             Login sucessfully
2023-12-03 19:00:11             SUCCESS             MOFSLOPENAPI.py             Initilize Constructor
2023-12-03 19:00:38             SUCCESS             MOFSLOPENAPI.py             Initilize Constructor Done
2023-12-03 19:06:23             SUCCESS             MOFSLOPENAPI.py             Initilize Constructor
2023-12-03 19:06:46             SUCCESS             MOFSLOPENAPI.py             Initilize Constructor Done
2023-12-03 19:08:01             SUCCESS             MOFSLOPENAPI.py             Initilize Constructor
2023-12-03 19:08:03             SUCCESS             MOFSLOPENAPI.py             Initilize Constructor Done
2023-12-03 19:11:06             SUCCESS             MOFSLOPENAPI.py             Initilize Constructor
2023-12-03 19:12:02             SUCCESS             MOFSLOPENAPI.py             Initilize Constructor Done
2023-12-03 19:12:23             SUCCESS             MOFSLOPENAPI.py             Initilize Constructor
2023-12-03 19:12:25             SUCCESS             MOFSLOPENAPI.py             Initilize Constructor Done
2023-12-03 19:15:41             SUCCESS             MOFSLOPENAPI.py             Initilize Constructor
2023-12-03 19:15:43             SUCCESS             MOFSLOPENAPI.py             Initilize Constructor Done
2023-12-03 19:28:04             SUCCESS             MOFSLOPENAPI.py             Initilize Constructor
2023-12-03 19:28:06             SUCCESS             MOFSLOPENAPI.py             Initilize Constructor Done
2023-12-03 19:28:24             SUCCESS             MOFSLOPENAPI.py             Initilize Constructor
2023-12-03 19:28:25             SUCCESS             MOFSLOPENAPI.py             Initilize Constructor Done
2023-12-03 19:28:25             SUCCESS             MOFSLOPENAPI.py             Initilize login request send
2023-12-03 19:28:25             SUCCESS             MOFSLOPENAPI.py             Initilize Post WebRequest Sent
2023-12-03 19:28:27             SUCCESS             MOFSLOPENAPI.py             Post WebRequest Send Successfully
2023-12-03 19:28:28             SUCCESS             MOFSLOPENAPI.py             Login sucessfully
2023-12-03 19:32:36             SUCCESS             MOFSLOPENAPI.py             Initilize Constructor
2023-12-03 19:32:38             SUCCESS             MOFSLOPENAPI.py             Initilize Constructor Done
2023-12-03 19:34:00             SUCCESS             MOFSLOPENAPI.py             Initilize Constructor
2023-12-03 19:34:02             SUCCESS             MOFSLOPENAPI.py             Initilize Constructor Done
2023-12-03 19:34:17             SUCCESS             MOFSLOPENAPI.py             Initilize Constructor
2023-12-03 19:34:18             SUCCESS             MOFSLOPENAPI.py             Initilize Constructor Done
2023-12-03 19:34:18             SUCCESS             MOFSLOPENAPI.py             Initilize login request send
2023-12-03 19:34:18             SUCCESS             MOFSLOPENAPI.py             Initilize Post WebRequest Sent
2023-12-03 19:34:20             SUCCESS             MOFSLOPENAPI.py             Post WebRequest Send Successfully
2023-12-03 19:34:20             SUCCESS             MOFSLOPENAPI.py             Login sucessfully
2023-12-03 19:34:36             SUCCESS             MOFSLOPENAPI.py             Initilaize GetLtp request send
2023-12-03 19:34:36             SUCCESS             MOFSLOPENAPI.py             Initilize Post WebRequest Sent
2023-12-03 19:34:38             SUCCESS             MOFSLOPENAPI.py             Post WebRequest Send Successfully
2023-12-03 19:34:38             SUCCESS             MOFSLOPENAPI.py             GetLtp request sent Successfully
2023-12-03 19:34:38             SUCCESS             MOFSLOPENAPI.py             Initilize Constructor
2023-12-03 19:34:40             SUCCESS             MOFSLOPENAPI.py             Initilize Constructor Done
2023-12-03 19:35:18             SUCCESS             MOFSLOPENAPI.py             Initilize Constructor
2023-12-03 19:36:02             SUCCESS             MOFSLOPENAPI.py             Initilize Constructor Done
2023-12-03 19:36:23             SUCCESS             MOFSLOPENAPI.py             Initilize Constructor
2023-12-03 19:36:27             SUCCESS             MOFSLOPENAPI.py             Initilize Constructor Done
2023-12-03 19:36:27             SUCCESS             MOFSLOPENAPI.py             Initilize login request send
2023-12-03 19:36:27             SUCCESS             MOFSLOPENAPI.py             Initilize Post WebRequest Sent
2023-12-03 19:36:29             SUCCESS             MOFSLOPENAPI.py             Post WebRequest Send Successfully
2023-12-03 19:36:30             SUCCESS             MOFSLOPENAPI.py             Login sucessfully
2023-12-03 19:36:38             SUCCESS             MOFSLOPENAPI.py             Initilaize GetLtp request send
2023-12-03 19:36:38             SUCCESS             MOFSLOPENAPI.py             Initilize Post WebRequest Sent
2023-12-03 19:36:39             SUCCESS             MOFSLOPENAPI.py             Post WebRequest Send Successfully
2023-12-03 19:36:39             SUCCESS             MOFSLOPENAPI.py             GetLtp request sent Successfully
2023-12-03 19:36:39             SUCCESS             MOFSLOPENAPI.py             Initilize Constructor
2023-12-03 19:36:41             SUCCESS             MOFSLOPENAPI.py             Initilize Constructor Done
2023-12-03 19:37:23             SUCCESS             MOFSLOPENAPI.py             Initilaize GetLtp request send
2023-12-03 19:37:23             SUCCESS             MOFSLOPENAPI.py             Initilize Post WebRequest Sent
2023-12-03 19:37:24             SUCCESS             MOFSLOPENAPI.py             Post WebRequest Send Successfully
2023-12-03 19:37:24             SUCCESS             MOFSLOPENAPI.py             GetLtp request sent Successfully
2023-12-03 19:37:24             SUCCESS             MOFSLOPENAPI.py             Initilize Constructor
2023-12-03 19:37:25             SUCCESS             MOFSLOPENAPI.py             Initilize Constructor Done
2023-12-03 19:53:39             SUCCESS             MOFSLOPENAPI.py             Initilize Constructor
2023-12-03 19:53:41             SUCCESS             MOFSLOPENAPI.py             Initilize Constructor Done
2023-12-03 19:54:08             SUCCESS             MOFSLOPENAPI.py             Initilize Constructor
2023-12-03 19:54:09             SUCCESS             MOFSLOPENAPI.py             Initilize Constructor Done
2023-12-03 19:54:10             SUCCESS             MOFSLOPENAPI.py             Initilize login request send
2023-12-03 19:54:10             SUCCESS             MOFSLOPENAPI.py             Initilize Post WebRequest Sent
2023-12-03 19:54:11             SUCCESS             MOFSLOPENAPI.py             Post WebRequest Send Successfully
2023-12-03 19:54:11             SUCCESS             MOFSLOPENAPI.py             Login sucessfully
2023-12-03 19:54:23             SUCCESS             MOFSLOPENAPI.py             Initilaize GetLtp request send
2023-12-03 19:54:23             SUCCESS             MOFSLOPENAPI.py             Initilize Post WebRequest Sent
2023-12-03 19:54:24             SUCCESS             MOFSLOPENAPI.py             Post WebRequest Send Successfully
2023-12-03 19:54:24             SUCCESS             MOFSLOPENAPI.py             GetLtp request sent Successfully
2023-12-03 19:54:25             SUCCESS             MOFSLOPENAPI.py             Initilize Constructor
2023-12-03 19:54:27             SUCCESS             MOFSLOPENAPI.py             Initilize Constructor Done
2023-12-03 19:55:02             SUCCESS             MOFSLOPENAPI.py             Initilize Constructor
2023-12-03 19:56:27             SUCCESS             MOFSLOPENAPI.py             Initilize Constructor
2023-12-03 19:56:50             SUCCESS             MOFSLOPENAPI.py             Initilize Constructor Done
2023-12-03 19:57:36             SUCCESS             MOFSLOPENAPI.py             Initilize Constructor Done
2023-12-03 19:57:43             SUCCESS             MOFSLOPENAPI.py             Initilize Constructor
2023-12-03 19:57:44             SUCCESS             MOFSLOPENAPI.py             Initilize Constructor Done
2023-12-03 19:57:44             SUCCESS             MOFSLOPENAPI.py             Initilize login request send
2023-12-03 19:57:44             SUCCESS             MOFSLOPENAPI.py             Initilize Post WebRequest Sent
2023-12-03 19:57:46             SUCCESS             MOFSLOPENAPI.py             Post WebRequest Send Successfully
2023-12-03 19:57:46             SUCCESS             MOFSLOPENAPI.py             Login sucessfully
2023-12-03 19:59:18             SUCCESS             MOFSLOPENAPI.py             Initilize Constructor
2023-12-03 19:59:19             SUCCESS             MOFSLOPENAPI.py             Initilize Constructor Done
2023-12-03 19:59:36             SUCCESS             MOFSLOPENAPI.py             Initilize Constructor
2023-12-03 19:59:38             SUCCESS             MOFSLOPENAPI.py             Initilize Constructor Done
2023-12-03 19:59:38             SUCCESS             MOFSLOPENAPI.py             Initilize login request send
2023-12-03 19:59:38             SUCCESS             MOFSLOPENAPI.py             Initilize Post WebRequest Sent
2023-12-03 19:59:40             SUCCESS             MOFSLOPENAPI.py             Post WebRequest Send Successfully
2023-12-03 19:59:40             SUCCESS             MOFSLOPENAPI.py             Login sucessfully
2023-12-03 20:01:53             SUCCESS             MOFSLOPENAPI.py             Initilize Constructor
2023-12-03 20:02:25             SUCCESS             MOFSLOPENAPI.py             Initilize Constructor Done
2023-12-03 20:02:37             SUCCESS             MOFSLOPENAPI.py             Initilize Constructor
2023-12-03 20:02:38             SUCCESS             MOFSLOPENAPI.py             Initilize Constructor Done
2023-12-03 20:02:38             SUCCESS             MOFSLOPENAPI.py             Initilize login request send
2023-12-03 20:02:38             SUCCESS             MOFSLOPENAPI.py             Initilize Post WebRequest Sent
2023-12-03 20:02:40             SUCCESS             MOFSLOPENAPI.py             Post WebRequest Send Successfully
2023-12-03 20:02:40             SUCCESS             MOFSLOPENAPI.py             Login sucessfully
2023-12-03 20:02:40             SUCCESS             MOFSLOPENAPI.py             Initilize Constructor
2023-12-03 20:02:41             SUCCESS             MOFSLOPENAPI.py             Initilize Constructor Done
2023-12-03 20:04:07             SUCCESS             MOFSLOPENAPI.py             Initilize Constructor
2023-12-03 20:04:07             SUCCESS             MOFSLOPENAPI.py             Initilize Constructor Done
2023-12-03 20:04:40             SUCCESS             MOFSLOPENAPI.py             Initilize Constructor
2023-12-03 20:04:42             SUCCESS             MOFSLOPENAPI.py             Initilize Constructor Done
2023-12-03 20:04:42             SUCCESS             MOFSLOPENAPI.py             Initilize login request send
2023-12-03 20:04:42             SUCCESS             MOFSLOPENAPI.py             Initilize Post WebRequest Sent
2023-12-03 20:04:45             SUCCESS             MOFSLOPENAPI.py             Post WebRequest Send Successfully
2023-12-03 20:04:45             SUCCESS             MOFSLOPENAPI.py             Login sucessfully
2023-12-03 20:08:48             SUCCESS             MOFSLOPENAPI.py             Initilize Constructor
2023-12-03 20:08:50             SUCCESS             MOFSLOPENAPI.py             Initilize Constructor Done
2023-12-03 20:09:21             SUCCESS             MOFSLOPENAPI.py             Initilize Constructor
2023-12-03 20:09:23             SUCCESS             MOFSLOPENAPI.py             Initilize Constructor Done
2023-12-03 20:09:23             SUCCESS             MOFSLOPENAPI.py             Initilize login request send
2023-12-03 20:09:23             SUCCESS             MOFSLOPENAPI.py             Initilize Post WebRequest Sent
2023-12-03 20:09:25             SUCCESS             MOFSLOPENAPI.py             Post WebRequest Send Successfully
2023-12-03 20:09:25             SUCCESS             MOFSLOPENAPI.py             Login sucessfully
2023-12-03 20:09:26             SUCCESS             MOFSLOPENAPI.py             Initilaize GetLtp request send
2023-12-03 20:09:26             SUCCESS             MOFSLOPENAPI.py             Initilize Post WebRequest Sent
2023-12-03 20:09:28             SUCCESS             MOFSLOPENAPI.py             Post WebRequest Send Successfully
2023-12-03 20:09:28             SUCCESS             MOFSLOPENAPI.py             GetLtp request sent Successfully
2023-12-03 20:09:28             SUCCESS             MOFSLOPENAPI.py             Initilize Constructor
2023-12-03 20:09:30             SUCCESS             MOFSLOPENAPI.py             Initilize Constructor Done
2023-12-03 20:12:12             SUCCESS             MOFSLOPENAPI.py             Initilize Constructor
2023-12-03 20:12:13             SUCCESS             MOFSLOPENAPI.py             Initilize Constructor Done
2023-12-03 20:12:35             SUCCESS             MOFSLOPENAPI.py             Initilize Constructor
2023-12-03 20:12:35             SUCCESS             MOFSLOPENAPI.py             Initilize Constructor Done
2023-12-03 20:12:35             SUCCESS             MOFSLOPENAPI.py             Initilize login request send
2023-12-03 20:12:35             SUCCESS             MOFSLOPENAPI.py             Initilize Post WebRequest Sent
2023-12-03 20:12:38             SUCCESS             MOFSLOPENAPI.py             Post WebRequest Send Successfully
2023-12-03 20:12:38             SUCCESS             MOFSLOPENAPI.py             Login sucessfully
2023-12-03 20:12:39             SUCCESS             MOFSLOPENAPI.py             Initilaize GetLtp request send
2023-12-03 20:12:40             SUCCESS             MOFSLOPENAPI.py             Initilize Post WebRequest Sent
2023-12-03 20:12:41             SUCCESS             MOFSLOPENAPI.py             Post WebRequest Send Successfully
2023-12-03 20:12:41             SUCCESS             MOFSLOPENAPI.py             GetLtp request sent Successfully
2023-12-03 20:12:57             SUCCESS             MOFSLOPENAPI.py             Initilize Constructor
2023-12-03 20:12:58             SUCCESS             MOFSLOPENAPI.py             Initilize Constructor Done
2023-12-03 20:19:55             SUCCESS             MOFSLOPENAPI.py             Initilize Constructor
2023-12-03 20:19:57             SUCCESS             MOFSLOPENAPI.py             Initilize Constructor Done
2023-12-03 20:20:23             SUCCESS             MOFSLOPENAPI.py             Initilize Constructor
2023-12-03 20:20:24             SUCCESS             MOFSLOPENAPI.py             Initilize Constructor Done
2023-12-03 20:20:24             SUCCESS             MOFSLOPENAPI.py             Initilize login request send
2023-12-03 20:20:24             SUCCESS             MOFSLOPENAPI.py             Initilize Post WebRequest Sent
2023-12-03 20:20:26             SUCCESS             MOFSLOPENAPI.py             Post WebRequest Send Successfully
2023-12-03 20:20:26             SUCCESS             MOFSLOPENAPI.py             Login sucessfully
2023-12-03 20:20:27             SUCCESS             MOFSLOPENAPI.py             Initilaize GetLtp request send
2023-12-03 20:20:28             SUCCESS             MOFSLOPENAPI.py             Initilize Post WebRequest Sent
2023-12-03 20:20:29             SUCCESS             MOFSLOPENAPI.py             Post WebRequest Send Successfully
2023-12-03 20:20:29             SUCCESS             MOFSLOPENAPI.py             GetLtp request sent Successfully
2023-12-03 20:20:44             SUCCESS             MOFSLOPENAPI.py             Initilaize GetLtp request send
2023-12-03 20:20:44             SUCCESS             MOFSLOPENAPI.py             Initilize Post WebRequest Sent
2023-12-03 20:20:46             SUCCESS             MOFSLOPENAPI.py             Post WebRequest Send Successfully
2023-12-03 20:20:46             SUCCESS             MOFSLOPENAPI.py             GetLtp request sent Successfully
2023-12-03 20:21:06             SUCCESS             MOFSLOPENAPI.py             Initilaize GetLtp request send
2023-12-03 20:21:06             SUCCESS             MOFSLOPENAPI.py             Initilize Post WebRequest Sent
2023-12-03 20:21:08             SUCCESS             MOFSLOPENAPI.py             Post WebRequest Send Successfully
2023-12-03 20:21:08             SUCCESS             MOFSLOPENAPI.py             GetLtp request sent Successfully
2023-12-03 20:21:29             SUCCESS             MOFSLOPENAPI.py             Initilaize GetLtp request send
2023-12-03 20:21:29             SUCCESS             MOFSLOPENAPI.py             Initilize Post WebRequest Sent
2023-12-03 20:21:31             SUCCESS             MOFSLOPENAPI.py             Post WebRequest Send Successfully
2023-12-03 20:21:31             SUCCESS             MOFSLOPENAPI.py             GetLtp request sent Successfully
2023-12-03 22:45:02             SUCCESS             MOFSLOPENAPI.py             Initilize Constructor
2023-12-03 22:46:29             SUCCESS             MOFSLOPENAPI.py             Initilize Constructor Done
2023-12-03 22:53:01             SUCCESS             MOFSLOPENAPI.py             Initilize Constructor
2023-12-03 22:53:03             SUCCESS             MOFSLOPENAPI.py             Initilize Constructor Done
2023-12-03 22:53:21             SUCCESS             MOFSLOPENAPI.py             Initilize Constructor
2023-12-03 22:53:23             SUCCESS             MOFSLOPENAPI.py             Initilize Constructor Done
2023-12-03 22:53:52             SUCCESS             MOFSLOPENAPI.py             Initilize Constructor
2023-12-03 22:53:56             SUCCESS             MOFSLOPENAPI.py             Initilize Constructor Done
2023-12-03 22:59:24             SUCCESS             MOFSLOPENAPI.py             Initilize Constructor
2023-12-03 22:59:27             SUCCESS             MOFSLOPENAPI.py             Initilize Constructor Done
2023-12-03 23:01:03             SUCCESS             MOFSLOPENAPI.py             Initilize Constructor
2023-12-03 23:01:26             SUCCESS             MOFSLOPENAPI.py             Initilize Constructor Done
2023-12-03 23:01:55             SUCCESS             MOFSLOPENAPI.py             Initilize Constructor
2023-12-03 23:01:56             SUCCESS             MOFSLOPENAPI.py             Initilize Constructor Done
2023-12-03 23:02:15             SUCCESS             MOFSLOPENAPI.py             Initilize Constructor
2023-12-03 23:02:16             SUCCESS             MOFSLOPENAPI.py             Initilize Constructor Done
2023-12-03 23:03:40             SUCCESS             MOFSLOPENAPI.py             Initilize Constructor
2023-12-03 23:03:43             SUCCESS             MOFSLOPENAPI.py             Initilize Constructor Done
2023-12-03 23:06:37             SUCCESS             MOFSLOPENAPI.py             Initilize Constructor
2023-12-03 23:06:39             SUCCESS             MOFSLOPENAPI.py             Initilize Constructor Done
2023-12-03 23:21:37             SUCCESS             MOFSLOPENAPI.py             Initilize Constructor
2023-12-03 23:22:45             SUCCESS             MOFSLOPENAPI.py             Initilize Constructor
2023-12-03 23:22:46             SUCCESS             MOFSLOPENAPI.py             Initilize Constructor Done
2023-12-03 23:23:35             SUCCESS             MOFSLOPENAPI.py             Initilize Constructor
2023-12-03 23:23:39             SUCCESS             MOFSLOPENAPI.py             Initilize Constructor Done
2023-12-03 23:23:39             SUCCESS             MOFSLOPENAPI.py             Initilize login request send
2023-12-03 23:23:39             SUCCESS             MOFSLOPENAPI.py             Initilize Post WebRequest Sent
2023-12-03 23:23:46             SUCCESS             MOFSLOPENAPI.py             Post WebRequest Send Successfully
2023-12-03 23:23:46             SUCCESS             MOFSLOPENAPI.py             Login sucessfully
2023-12-03 23:23:47             SUCCESS             MOFSLOPENAPI.py             Initilaize GetLtp request send
2023-12-03 23:23:47             SUCCESS             MOFSLOPENAPI.py             Initilize Post WebRequest Sent
2023-12-03 23:23:49             SUCCESS             MOFSLOPENAPI.py             Post WebRequest Send Successfully
2023-12-03 23:23:49             SUCCESS             MOFSLOPENAPI.py             GetLtp request sent Successfully
2023-12-03 23:25:30             SUCCESS             MOFSLOPENAPI.py             Initilize Constructor
2023-12-03 23:25:51             SUCCESS             MOFSLOPENAPI.py             Initilize Constructor
2023-12-03 23:26:15             SUCCESS             MOFSLOPENAPI.py             Initilize Constructor Done
2023-12-03 23:28:25             SUCCESS             MOFSLOPENAPI.py             Initilize Constructor
2023-12-03 23:28:27             SUCCESS             MOFSLOPENAPI.py             Initilize Constructor Done
2023-12-03 23:28:53             SUCCESS             MOFSLOPENAPI.py             Initilize Constructor
2023-12-03 23:28:55             SUCCESS             MOFSLOPENAPI.py             Initilize Constructor Done
2023-12-03 23:30:17             SUCCESS             MOFSLOPENAPI.py             Initilize Constructor
2023-12-03 23:30:43             SUCCESS             MOFSLOPENAPI.py             Initilize Constructor Done
2023-12-03 23:31:06             SUCCESS             MOFSLOPENAPI.py             Initilize Constructor
2023-12-03 23:31:29             SUCCESS             MOFSLOPENAPI.py             Initilize Constructor Done
2023-12-03 23:31:29             SUCCESS             MOFSLOPENAPI.py             Initilize login request send
2023-12-03 23:31:29             SUCCESS             MOFSLOPENAPI.py             Initilize Post WebRequest Sent
2023-12-03 23:31:33             SUCCESS             MOFSLOPENAPI.py             Post WebRequest Send Successfully
2023-12-03 23:31:33             SUCCESS             MOFSLOPENAPI.py             Login sucessfully
2023-12-03 23:32:06             SUCCESS             MOFSLOPENAPI.py             Initilize Constructor
2023-12-03 23:32:30             SUCCESS             MOFSLOPENAPI.py             Initilize Constructor Done
2023-12-03 23:32:45             SUCCESS             MOFSLOPENAPI.py             Initilize Constructor
2023-12-03 23:32:46             SUCCESS             MOFSLOPENAPI.py             Initilize Constructor Done
2023-12-03 23:32:46             SUCCESS             MOFSLOPENAPI.py             Initilize login request send
2023-12-03 23:32:46             SUCCESS             MOFSLOPENAPI.py             Initilize Post WebRequest Sent
2023-12-03 23:32:48             SUCCESS             MOFSLOPENAPI.py             Post WebRequest Send Successfully
2023-12-03 23:32:48             SUCCESS             MOFSLOPENAPI.py             Login sucessfully
2023-12-03 23:33:26             SUCCESS             MOFSLOPENAPI.py             Initilize Constructor
2023-12-03 23:33:27             SUCCESS             MOFSLOPENAPI.py             Initilize Constructor Done
2023-12-03 23:33:33             SUCCESS             MOFSLOPENAPI.py             Initilize Constructor
2023-12-03 23:33:35             SUCCESS             MOFSLOPENAPI.py             Initilize Constructor Done
2023-12-03 23:33:46             SUCCESS             MOFSLOPENAPI.py             Initilize Constructor
2023-12-03 23:33:48             SUCCESS             MOFSLOPENAPI.py             Initilize Constructor Done
2023-12-03 23:33:48             SUCCESS             MOFSLOPENAPI.py             Initilize login request send
2023-12-03 23:33:48             SUCCESS             MOFSLOPENAPI.py             Initilize Post WebRequest Sent
2023-12-03 23:33:51             SUCCESS             MOFSLOPENAPI.py             Post WebRequest Send Successfully
2023-12-03 23:33:51             SUCCESS             MOFSLOPENAPI.py             Login sucessfully
2023-12-03 23:34:49             SUCCESS             MOFSLOPENAPI.py             Initilize Constructor
2023-12-03 23:34:50             SUCCESS             MOFSLOPENAPI.py             Initilize Constructor Done
2023-12-03 23:34:54             SUCCESS             MOFSLOPENAPI.py             Initilize Constructor
2023-12-03 23:34:55             SUCCESS             MOFSLOPENAPI.py             Initilize Constructor Done
2023-12-03 23:35:02             SUCCESS             MOFSLOPENAPI.py             Initilize Constructor
2023-12-03 23:35:07             SUCCESS             MOFSLOPENAPI.py             Initilize Constructor Done
2023-12-03 23:35:22             SUCCESS             MOFSLOPENAPI.py             Initilize Constructor
2023-12-03 23:35:49             SUCCESS             MOFSLOPENAPI.py             Initilize Constructor Done
2023-12-03 23:35:49             SUCCESS             MOFSLOPENAPI.py             Initilize login request send
2023-12-03 23:35:49             SUCCESS             MOFSLOPENAPI.py             Initilize Post WebRequest Sent
2023-12-03 23:35:52             SUCCESS             MOFSLOPENAPI.py             Post WebRequest Send Successfully
2023-12-03 23:35:52             SUCCESS             MOFSLOPENAPI.py             Login sucessfully
2023-12-03 23:35:54             SUCCESS             MOFSLOPENAPI.py             Initilaize GetLtp request send
2023-12-03 23:35:54             SUCCESS             MOFSLOPENAPI.py             Initilize Post WebRequest Sent
2023-12-03 23:35:55             SUCCESS             MOFSLOPENAPI.py             Post WebRequest Send Successfully
2023-12-03 23:35:55             SUCCESS             MOFSLOPENAPI.py             GetLtp request sent Successfully
2023-12-03 23:36:32             SUCCESS             MOFSLOPENAPI.py             Initilaize GetLtp request send
2023-12-03 23:36:32             SUCCESS             MOFSLOPENAPI.py             Initilize Post WebRequest Sent
2023-12-03 23:36:34             SUCCESS             MOFSLOPENAPI.py             Post WebRequest Send Successfully
2023-12-03 23:36:34             SUCCESS             MOFSLOPENAPI.py             GetLtp request sent Successfully
2023-12-03 23:36:34             SUCCESS             MOFSLOPENAPI.py             Initilize Constructor
2023-12-03 23:36:35             SUCCESS             MOFSLOPENAPI.py             Initilize Constructor Done
2023-12-03 23:36:37             SUCCESS             MOFSLOPENAPI.py             Initilaize GetLtp request send
2023-12-03 23:36:38             SUCCESS             MOFSLOPENAPI.py             Initilize Post WebRequest Sent
2023-12-03 23:36:40             SUCCESS             MOFSLOPENAPI.py             Post WebRequest Send Successfully
2023-12-03 23:36:40             SUCCESS             MOFSLOPENAPI.py             GetLtp request sent Successfully
2023-12-03 23:36:53             SUCCESS             MOFSLOPENAPI.py             Initilize Constructor
2023-12-03 23:36:54             SUCCESS             MOFSLOPENAPI.py             Initilize Constructor Done
2023-12-03 23:36:54             SUCCESS             MOFSLOPENAPI.py             Initilize login request send
2023-12-03 23:36:54             SUCCESS             MOFSLOPENAPI.py             Initilize Post WebRequest Sent
2023-12-03 23:36:57             SUCCESS             MOFSLOPENAPI.py             Post WebRequest Send Successfully
2023-12-03 23:36:57             SUCCESS             MOFSLOPENAPI.py             Login sucessfully
2023-12-03 23:36:59             SUCCESS             MOFSLOPENAPI.py             Initilaize GetLtp request send
2023-12-03 23:36:59             SUCCESS             MOFSLOPENAPI.py             Initilize Post WebRequest Sent
2023-12-03 23:37:00             SUCCESS             MOFSLOPENAPI.py             Post WebRequest Send Successfully
2023-12-03 23:37:00             SUCCESS             MOFSLOPENAPI.py             GetLtp request sent Successfully
2023-12-03 23:37:11             SUCCESS             MOFSLOPENAPI.py             Initilaize GetLtp request send
2023-12-03 23:37:11             SUCCESS             MOFSLOPENAPI.py             Initilize Post WebRequest Sent
2023-12-03 23:37:12             SUCCESS             MOFSLOPENAPI.py             Post WebRequest Send Successfully
2023-12-03 23:37:12             SUCCESS             MOFSLOPENAPI.py             GetLtp request sent Successfully
