2023-12-04 00:30:28             SUCCESS             MOFSLOPENAPI.py             Initilaize GetLtp request send
2023-12-04 00:30:28             SUCCESS             MOFSLOPENAPI.py             Initilize Post WebRequest Sent
2023-12-04 00:30:30             SUCCESS             MOFSLOPENAPI.py             Post WebRequest Send Successfully
2023-12-04 00:30:30             SUCCESS             MOFSLOPENAPI.py             GetLtp request sent Successfully
2023-12-04 00:52:00             SUCCESS             MOFSLOPENAPI.py             Initilize Constructor
2023-12-04 00:52:01             SUCCESS             MOFSLOPENAPI.py             Initilize Constructor Done
2023-12-04 00:52:27             SUCCESS             MOFSLOPENAPI.py             Initilize Constructor
2023-12-04 00:52:28             SUCCESS             MOFSLOPENAPI.py             Initilize Constructor Done
2023-12-04 00:52:28             SUCCESS             MOFSLOPENAPI.py             Initilize login request send
2023-12-04 00:52:28             SUCCESS             MOFSLOPENAPI.py             Initilize Post WebRequest Sent
2023-12-04 00:52:32             SUCCESS             MOFSLOPENAPI.py             Post WebRequest Send Successfully
2023-12-04 00:52:32             SUCCESS             MOFSLOPENAPI.py             Login sucessfully
2023-12-04 00:52:33             SUCCESS             MOFSLOPENAPI.py             Initilaize GetLtp request send
2023-12-04 00:52:33             SUCCESS             MOFSLOPENAPI.py             Initilize Post WebRequest Sent
2023-12-04 00:52:35             SUCCESS             MOFSLOPENAPI.py             Post WebRequest Send Successfully
2023-12-04 00:52:35             SUCCESS             MOFSLOPENAPI.py             GetLtp request sent Successfully
2023-12-04 00:52:36             SUCCESS             MOFSLOPENAPI.py             Initilize Constructor
2023-12-04 00:52:37             SUCCESS             MOFSLOPENAPI.py             Initilize Constructor Done
2023-12-04 00:52:37             SUCCESS             MOFSLOPENAPI.py             Initilize login request send
2023-12-04 00:52:37             SUCCESS             MOFSLOPENAPI.py             Initilize Post WebRequest Sent
2023-12-04 00:52:38             SUCCESS             MOFSLOPENAPI.py             Post WebRequest Send Successfully
2023-12-04 00:52:38             SUCCESS             MOFSLOPENAPI.py             Login sucessfully
2023-12-04 00:52:40             SUCCESS             MOFSLOPENAPI.py             Initilaize GetLtp request send
2023-12-04 00:52:40             SUCCESS             MOFSLOPENAPI.py             Initilize Post WebRequest Sent
2023-12-04 00:52:41             SUCCESS             MOFSLOPENAPI.py             Post WebRequest Send Successfully
2023-12-04 00:52:41             SUCCESS             MOFSLOPENAPI.py             GetLtp request sent Successfully
2023-12-04 00:54:18             SUCCESS             MOFSLOPENAPI.py             Initilize Constructor
2023-12-04 00:54:20             SUCCESS             MOFSLOPENAPI.py             Initilize Constructor Done
2023-12-04 00:54:24             SUCCESS             MOFSLOPENAPI.py             Initilize Constructor
2023-12-04 00:54:25             SUCCESS             MOFSLOPENAPI.py             Initilize Constructor Done
2023-12-04 00:54:42             SUCCESS             MOFSLOPENAPI.py             Initilize Constructor
2023-12-04 00:54:43             SUCCESS             MOFSLOPENAPI.py             Initilize Constructor Done
2023-12-04 00:54:43             SUCCESS             MOFSLOPENAPI.py             Initilize login request send
2023-12-04 00:54:43             SUCCESS             MOFSLOPENAPI.py             Initilize Post WebRequest Sent
2023-12-04 00:54:45             SUCCESS             MOFSLOPENAPI.py             Post WebRequest Send Successfully
2023-12-04 00:54:45             SUCCESS             MOFSLOPENAPI.py             Login sucessfully
2023-12-04 00:54:46             SUCCESS             MOFSLOPENAPI.py             Initilaize GetLtp request send
2023-12-04 00:54:46             SUCCESS             MOFSLOPENAPI.py             Initilize Post WebRequest Sent
2023-12-04 00:54:48             SUCCESS             MOFSLOPENAPI.py             Post WebRequest Send Successfully
2023-12-04 00:54:48             SUCCESS             MOFSLOPENAPI.py             GetLtp request sent Successfully
2023-12-04 00:57:07             SUCCESS             MOFSLOPENAPI.py             Initilize Constructor
2023-12-04 00:57:08             SUCCESS             MOFSLOPENAPI.py             Initilize Constructor Done
2023-12-04 00:57:20             SUCCESS             MOFSLOPENAPI.py             Initilize Constructor
2023-12-04 00:57:21             SUCCESS             MOFSLOPENAPI.py             Initilize Constructor Done
2023-12-04 00:57:21             SUCCESS             MOFSLOPENAPI.py             Initilize login request send
2023-12-04 00:57:21             SUCCESS             MOFSLOPENAPI.py             Initilize Post WebRequest Sent
2023-12-04 00:57:23             SUCCESS             MOFSLOPENAPI.py             Post WebRequest Send Successfully
2023-12-04 00:57:23             SUCCESS             MOFSLOPENAPI.py             Login sucessfully
2023-12-04 00:57:24             SUCCESS             MOFSLOPENAPI.py             Initilaize GetLtp request send
2023-12-04 00:57:24             SUCCESS             MOFSLOPENAPI.py             Initilize Post WebRequest Sent
2023-12-04 00:57:25             SUCCESS             MOFSLOPENAPI.py             Post WebRequest Send Successfully
2023-12-04 00:57:25             SUCCESS             MOFSLOPENAPI.py             GetLtp request sent Successfully
2023-12-04 01:00:32             SUCCESS             MOFSLOPENAPI.py             Initilize Constructor
2023-12-04 01:00:50             SUCCESS             MOFSLOPENAPI.py             Initilize Constructor
2023-12-04 01:00:54             SUCCESS             MOFSLOPENAPI.py             Initilize Constructor Done
2023-12-04 01:01:08             SUCCESS             MOFSLOPENAPI.py             Initilize Constructor
2023-12-04 01:01:09             SUCCESS             MOFSLOPENAPI.py             Initilize Constructor
2023-12-04 01:01:13             SUCCESS             MOFSLOPENAPI.py             Initilize Constructor Done
2023-12-04 01:01:14             SUCCESS             MOFSLOPENAPI.py             Initilize Constructor
2023-12-04 01:01:30             SUCCESS             MOFSLOPENAPI.py             Initilize Constructor Done
2023-12-04 01:01:31             SUCCESS             MOFSLOPENAPI.py             Initilize Constructor Done
2023-12-04 01:01:37             SUCCESS             MOFSLOPENAPI.py             Initilize Constructor Done
2023-12-04 01:01:47             SUCCESS             MOFSLOPENAPI.py             Initilize Constructor
2023-12-04 01:01:50             SUCCESS             MOFSLOPENAPI.py             Initilize Constructor Done
2023-12-04 01:01:50             SUCCESS             MOFSLOPENAPI.py             Initilize login request send
2023-12-04 01:01:50             SUCCESS             MOFSLOPENAPI.py             Initilize Post WebRequest Sent
2023-12-04 01:01:52             SUCCESS             MOFSLOPENAPI.py             Post WebRequest Send Successfully
2023-12-04 01:01:52             SUCCESS             MOFSLOPENAPI.py             Login sucessfully
2023-12-04 01:01:54             SUCCESS             MOFSLOPENAPI.py             Initilaize GetLtp request send
2023-12-04 01:01:54             SUCCESS             MOFSLOPENAPI.py             Initilize Post WebRequest Sent
2023-12-04 01:01:55             SUCCESS             MOFSLOPENAPI.py             Post WebRequest Send Successfully
2023-12-04 01:01:55             SUCCESS             MOFSLOPENAPI.py             GetLtp request sent Successfully
2023-12-04 01:03:36             SUCCESS             MOFSLOPENAPI.py             Initilize Constructor
2023-12-04 01:03:38             SUCCESS             MOFSLOPENAPI.py             Initilize Constructor Done
2023-12-04 01:03:51             SUCCESS             MOFSLOPENAPI.py             Initilize Constructor
2023-12-04 01:03:53             SUCCESS             MOFSLOPENAPI.py             Initilize Constructor Done
2023-12-04 01:03:53             SUCCESS             MOFSLOPENAPI.py             Initilize login request send
2023-12-04 01:03:53             SUCCESS             MOFSLOPENAPI.py             Initilize Post WebRequest Sent
2023-12-04 01:03:56             SUCCESS             MOFSLOPENAPI.py             Post WebRequest Send Successfully
2023-12-04 01:03:56             SUCCESS             MOFSLOPENAPI.py             Login sucessfully
2023-12-04 01:03:57             SUCCESS             MOFSLOPENAPI.py             Initilaize GetLtp request send
2023-12-04 01:03:57             SUCCESS             MOFSLOPENAPI.py             Initilize Post WebRequest Sent
2023-12-04 01:03:58             SUCCESS             MOFSLOPENAPI.py             Post WebRequest Send Successfully
2023-12-04 01:03:59             SUCCESS             MOFSLOPENAPI.py             GetLtp request sent Successfully
2023-12-04 01:05:58             SUCCESS             MOFSLOPENAPI.py             Initilize Constructor
2023-12-04 01:06:21             SUCCESS             MOFSLOPENAPI.py             Initilize Constructor Done
2023-12-04 01:06:36             SUCCESS             MOFSLOPENAPI.py             Initilize Constructor
2023-12-04 01:06:47             SUCCESS             MOFSLOPENAPI.py             Initilize Constructor Done
2023-12-04 01:06:47             SUCCESS             MOFSLOPENAPI.py             Initilize login request send
2023-12-04 01:06:47             SUCCESS             MOFSLOPENAPI.py             Initilize Post WebRequest Sent
2023-12-04 01:06:48             SUCCESS             MOFSLOPENAPI.py             Post WebRequest Send Successfully
2023-12-04 01:06:49             SUCCESS             MOFSLOPENAPI.py             Login sucessfully
2023-12-04 01:06:50             SUCCESS             MOFSLOPENAPI.py             Initilaize GetLtp request send
2023-12-04 01:06:50             SUCCESS             MOFSLOPENAPI.py             Initilize Post WebRequest Sent
2023-12-04 01:06:51             SUCCESS             MOFSLOPENAPI.py             Post WebRequest Send Successfully
2023-12-04 01:06:51             SUCCESS             MOFSLOPENAPI.py             GetLtp request sent Successfully
2023-12-04 01:27:10             SUCCESS             MOFSLOPENAPI.py             Initilize Constructor
2023-12-04 01:27:12             SUCCESS             MOFSLOPENAPI.py             Initilize Constructor Done
2023-12-04 01:27:39             SUCCESS             MOFSLOPENAPI.py             Initilize Constructor
2023-12-04 01:27:40             SUCCESS             MOFSLOPENAPI.py             Initilize Constructor Done
2023-12-04 01:27:40             SUCCESS             MOFSLOPENAPI.py             Initilize login request send
2023-12-04 01:27:40             SUCCESS             MOFSLOPENAPI.py             Initilize Post WebRequest Sent
2023-12-04 01:27:42             SUCCESS             MOFSLOPENAPI.py             Initilize Constructor
2023-12-04 01:27:43             SUCCESS             MOFSLOPENAPI.py             Post WebRequest Send Successfully
2023-12-04 01:27:43             SUCCESS             MOFSLOPENAPI.py             Login sucessfully
2023-12-04 01:27:43             SUCCESS             MOFSLOPENAPI.py             Initilize Constructor Done
2023-12-04 01:27:43             SUCCESS             MOFSLOPENAPI.py             Initilize login request send
2023-12-04 01:27:43             SUCCESS             MOFSLOPENAPI.py             Initilize Post WebRequest Sent
2023-12-04 01:27:45             SUCCESS             MOFSLOPENAPI.py             Post WebRequest Send Successfully
2023-12-04 01:27:45             SUCCESS             MOFSLOPENAPI.py             Login sucessfully
2023-12-04 01:27:46             SUCCESS             MOFSLOPENAPI.py             Initilaize GetLtp request send
2023-12-04 01:27:46             SUCCESS             MOFSLOPENAPI.py             Initilize Post WebRequest Sent
2023-12-04 01:27:47             SUCCESS             MOFSLOPENAPI.py             Post WebRequest Send Successfully
2023-12-04 01:27:47             SUCCESS             MOFSLOPENAPI.py             GetLtp request sent Successfully
2023-12-04 01:28:12             SUCCESS             MOFSLOPENAPI.py             Initilaize GetLtp request send
2023-12-04 01:28:12             SUCCESS             MOFSLOPENAPI.py             Initilize Post WebRequest Sent
2023-12-04 01:28:14             SUCCESS             MOFSLOPENAPI.py             Post WebRequest Send Successfully
2023-12-04 01:28:14             SUCCESS             MOFSLOPENAPI.py             GetLtp request sent Successfully
2023-12-04 01:32:18             SUCCESS             MOFSLOPENAPI.py             Initilaize GetLtp request send
2023-12-04 01:32:18             SUCCESS             MOFSLOPENAPI.py             Initilize Post WebRequest Sent
2023-12-04 01:32:19             SUCCESS             MOFSLOPENAPI.py             Initilaize GetLtp request send
2023-12-04 01:32:19             SUCCESS             MOFSLOPENAPI.py             Initilize Post WebRequest Sent
2023-12-04 01:32:22             SUCCESS             MOFSLOPENAPI.py             Post WebRequest Send Successfully
2023-12-04 01:32:22             SUCCESS             MOFSLOPENAPI.py             GetLtp request sent Successfully
2023-12-04 01:32:22             SUCCESS             MOFSLOPENAPI.py             Post WebRequest Send Successfully
2023-12-04 01:32:22             SUCCESS             MOFSLOPENAPI.py             GetLtp request sent Successfully
2023-12-04 01:41:07             SUCCESS             MOFSLOPENAPI.py             Initilize Constructor
2023-12-04 01:41:09             SUCCESS             MOFSLOPENAPI.py             Initilize Constructor Done
2023-12-04 01:41:23             SUCCESS             MOFSLOPENAPI.py             Initilize Constructor
2023-12-04 01:41:24             SUCCESS             MOFSLOPENAPI.py             Initilize Constructor Done
2023-12-04 01:41:24             SUCCESS             MOFSLOPENAPI.py             Initilize login request send
2023-12-04 01:41:24             SUCCESS             MOFSLOPENAPI.py             Initilize Post WebRequest Sent
2023-12-04 01:41:26             SUCCESS             MOFSLOPENAPI.py             Post WebRequest Send Successfully
2023-12-04 01:41:26             SUCCESS             MOFSLOPENAPI.py             Login sucessfully
2023-12-04 01:41:27             SUCCESS             MOFSLOPENAPI.py             Initilaize GetLtp request send
2023-12-04 01:41:27             SUCCESS             MOFSLOPENAPI.py             Initilize Post WebRequest Sent
2023-12-04 01:41:29             SUCCESS             MOFSLOPENAPI.py             Post WebRequest Send Successfully
2023-12-04 01:41:29             SUCCESS             MOFSLOPENAPI.py             GetLtp request sent Successfully
2023-12-04 01:41:35             SUCCESS             MOFSLOPENAPI.py             Initilaize GetLtp request send
2023-12-04 01:41:35             SUCCESS             MOFSLOPENAPI.py             Initilize Post WebRequest Sent
2023-12-04 01:41:37             SUCCESS             MOFSLOPENAPI.py             Post WebRequest Send Successfully
2023-12-04 01:41:37             SUCCESS             MOFSLOPENAPI.py             GetLtp request sent Successfully
2023-12-04 01:41:46             SUCCESS             MOFSLOPENAPI.py             Initilaize GetLtp request send
2023-12-04 01:41:46             SUCCESS             MOFSLOPENAPI.py             Initilize Post WebRequest Sent
2023-12-04 01:41:49             SUCCESS             MOFSLOPENAPI.py             Post WebRequest Send Successfully
2023-12-04 01:41:49             SUCCESS             MOFSLOPENAPI.py             GetLtp request sent Successfully
2023-12-04 01:52:37             SUCCESS             MOFSLOPENAPI.py             Initilaize GetLtp request send
2023-12-04 01:52:37             SUCCESS             MOFSLOPENAPI.py             Initilize Post WebRequest Sent
2023-12-04 01:52:40             SUCCESS             MOFSLOPENAPI.py             Post WebRequest Send Successfully
2023-12-04 01:52:40             SUCCESS             MOFSLOPENAPI.py             GetLtp request sent Successfully
2023-12-04 01:52:51             SUCCESS             MOFSLOPENAPI.py             Initilaize GetLtp request send
2023-12-04 01:52:51             SUCCESS             MOFSLOPENAPI.py             Initilize Post WebRequest Sent
2023-12-04 01:52:53             SUCCESS             MOFSLOPENAPI.py             Post WebRequest Send Successfully
2023-12-04 01:52:53             SUCCESS             MOFSLOPENAPI.py             GetLtp request sent Successfully
2023-12-04 02:00:48             SUCCESS             MOFSLOPENAPI.py             Initilize Constructor
2023-12-04 02:00:49             SUCCESS             MOFSLOPENAPI.py             Initilize Constructor
2023-12-04 02:00:50             SUCCESS             MOFSLOPENAPI.py             Initilize Constructor Done
2023-12-04 02:00:51             SUCCESS             MOFSLOPENAPI.py             Initilize Constructor Done
2023-12-04 02:00:51             SUCCESS             MOFSLOPENAPI.py             Initilize Constructor
2023-12-04 02:00:52             SUCCESS             MOFSLOPENAPI.py             Initilize Constructor Done
2023-12-04 02:00:54             SUCCESS             MOFSLOPENAPI.py             Initilize Constructor
2023-12-04 02:00:55             SUCCESS             MOFSLOPENAPI.py             Initilize Constructor Done
2023-12-04 02:01:09             SUCCESS             MOFSLOPENAPI.py             Initilize Constructor
2023-12-04 02:01:12             SUCCESS             MOFSLOPENAPI.py             Initilize Constructor Done
2023-12-04 02:01:12             SUCCESS             MOFSLOPENAPI.py             Initilize login request send
2023-12-04 02:01:12             SUCCESS             MOFSLOPENAPI.py             Initilize Post WebRequest Sent
2023-12-04 02:01:14             SUCCESS             MOFSLOPENAPI.py             Post WebRequest Send Successfully
2023-12-04 02:01:14             SUCCESS             MOFSLOPENAPI.py             Login sucessfully
2023-12-04 02:02:58             SUCCESS             MOFSLOPENAPI.py             Initilize Constructor
2023-12-04 02:02:59             SUCCESS             MOFSLOPENAPI.py             Initilize Constructor Done
2023-12-04 02:04:31             SUCCESS             MOFSLOPENAPI.py             Initilize Constructor
2023-12-04 02:04:33             SUCCESS             MOFSLOPENAPI.py             Initilize Constructor Done
2023-12-04 02:04:33             SUCCESS             MOFSLOPENAPI.py             Initilize login request send
2023-12-04 02:04:33             SUCCESS             MOFSLOPENAPI.py             Initilize Post WebRequest Sent
2023-12-04 02:04:35             SUCCESS             MOFSLOPENAPI.py             Post WebRequest Send Successfully
2023-12-04 02:04:35             SUCCESS             MOFSLOPENAPI.py             Login sucessfully
2023-12-04 02:04:37             SUCCESS             MOFSLOPENAPI.py             Initilaize GetLtp request send
2023-12-04 02:04:37             SUCCESS             MOFSLOPENAPI.py             Initilize Post WebRequest Sent
2023-12-04 02:04:39             SUCCESS             MOFSLOPENAPI.py             Post WebRequest Send Successfully
2023-12-04 02:04:39             SUCCESS             MOFSLOPENAPI.py             GetLtp request sent Successfully
2023-12-04 02:04:53             SUCCESS             MOFSLOPENAPI.py             Initilaize GetLtp request send
2023-12-04 02:04:53             SUCCESS             MOFSLOPENAPI.py             Initilize Post WebRequest Sent
2023-12-04 02:04:55             SUCCESS             MOFSLOPENAPI.py             Post WebRequest Send Successfully
2023-12-04 02:04:55             SUCCESS             MOFSLOPENAPI.py             GetLtp request sent Successfully
2023-12-04 02:05:09             SUCCESS             MOFSLOPENAPI.py             Initilaize GetLtp request send
2023-12-04 02:05:09             SUCCESS             MOFSLOPENAPI.py             Initilize Post WebRequest Sent
2023-12-04 02:05:11             SUCCESS             MOFSLOPENAPI.py             Post WebRequest Send Successfully
2023-12-04 02:05:11             SUCCESS             MOFSLOPENAPI.py             GetLtp request sent Successfully
2023-12-04 02:06:53             SUCCESS             MOFSLOPENAPI.py             Initilaize GetLtp request send
2023-12-04 02:06:53             SUCCESS             MOFSLOPENAPI.py             Initilize Post WebRequest Sent
2023-12-04 02:06:55             SUCCESS             MOFSLOPENAPI.py             Post WebRequest Send Successfully
2023-12-04 02:06:55             SUCCESS             MOFSLOPENAPI.py             GetLtp request sent Successfully
2023-12-04 02:07:19             SUCCESS             MOFSLOPENAPI.py             Initilize Constructor
2023-12-04 02:07:21             SUCCESS             MOFSLOPENAPI.py             Initilize Constructor Done
