2024-01-04 12:22:31             SUCCESS             MOFSLOPENAPI.py             Initilize Constructor
2024-01-04 12:22:32             SUCCESS             MOFSLOPENAPI.py             GetManufacturerLENOVO
2024-01-04 12:22:33             SUCCESS             MOFSLOPENAPI.py             Initilize Constructor Done
2024-01-04 12:22:33             SUCCESS             MOFSLOPENAPI.py             Initilize login request send
2024-01-04 12:22:33             SUCCESS             MOFSLOPENAPI.py             Initilize Post WebRequest Sent
2024-01-04 12:22:35             SUCCESS             MOFSLOPENAPI.py             Post WebRequest Send Successfully
2024-01-04 12:22:35             SUCCESS             MOFSLOPENAPI.py             Login sucessfully
2024-01-04 12:22:56             SUCCESS             MOFSLOPENAPI.py             Initilize Constructor
2024-01-04 12:22:56             SUCCESS             MOFSLOPENAPI.py             GetManufacturerLENOVO
2024-01-04 12:22:57             SUCCESS             MOFSLOPENAPI.py             Initilize Constructor Done
2024-01-04 12:22:57             SUCCESS             MOFSLOPENAPI.py             Initilize login request send
2024-01-04 12:22:57             SUCCESS             MOFSLOPENAPI.py             Initilize Post WebRequest Sent
2024-01-04 12:22:59             SUCCESS             MOFSLOPENAPI.py             Post WebRequest Send Successfully
2024-01-04 12:22:59             SUCCESS             MOFSLOPENAPI.py             Login sucessfully
2024-01-04 12:23:00             SUCCESS             MOFSLOPENAPI.py             Initilaize getbroadcastmaxlimit request send
2024-01-04 12:23:00             SUCCESS             MOFSLOPENAPI.py             Initilize Post WebRequest Sent
2024-01-04 12:23:01             SUCCESS             MOFSLOPENAPI.py             Post WebRequest Send Successfully
2024-01-04 12:23:01             SUCCESS             MOFSLOPENAPI.py             getbroadcastmaxlimit request sent Successfully
2024-01-04 13:08:16             SUCCESS             MOFSLOPENAPI.py             Initilize Constructor
2024-01-04 13:08:17             SUCCESS             MOFSLOPENAPI.py             GetManufacturerLENOVO
2024-01-04 13:08:17             SUCCESS             MOFSLOPENAPI.py             Initilize Constructor Done
2024-01-04 13:08:50             SUCCESS             MOFSLOPENAPI.py             Initilize Constructor
2024-01-04 13:08:50             SUCCESS             MOFSLOPENAPI.py             GetManufacturerLENOVO
2024-01-04 13:08:50             SUCCESS             MOFSLOPENAPI.py             Initilize Constructor Done
2024-01-04 13:08:50             SUCCESS             MOFSLOPENAPI.py             Initilize login request send
2024-01-04 13:08:50             SUCCESS             MOFSLOPENAPI.py             Initilize Post WebRequest Sent
2024-01-04 13:08:52             SUCCESS             MOFSLOPENAPI.py             Post WebRequest Send Successfully
2024-01-04 13:08:52             SUCCESS             MOFSLOPENAPI.py             Login sucessfully
2024-01-04 13:08:53             SUCCESS             MOFSLOPENAPI.py             Initilaize GetLtp request send
2024-01-04 13:08:53             SUCCESS             MOFSLOPENAPI.py             Initilize Post WebRequest Sent
2024-01-04 13:08:55             SUCCESS             MOFSLOPENAPI.py             Post WebRequest Send Successfully
2024-01-04 13:08:55             SUCCESS             MOFSLOPENAPI.py             GetLtp request sent Successfully
2024-01-04 13:08:57             SUCCESS             MOFSLOPENAPI.py             Initilaize GetOrderBook request send
2024-01-04 13:08:57             SUCCESS             MOFSLOPENAPI.py             Initilize Post WebRequest Sent
2024-01-04 13:08:59             SUCCESS             MOFSLOPENAPI.py             Post WebRequest Send Successfully
2024-01-04 13:08:59             SUCCESS             MOFSLOPENAPI.py             GetOrderBook request sent Successfully
2024-01-04 13:10:09             SUCCESS             MOFSLOPENAPI.py             Initilaize GetLtp request send
2024-01-04 13:10:09             SUCCESS             MOFSLOPENAPI.py             Initilize Post WebRequest Sent
2024-01-04 13:10:10             SUCCESS             MOFSLOPENAPI.py             Post WebRequest Send Successfully
2024-01-04 13:10:10             SUCCESS             MOFSLOPENAPI.py             GetLtp request sent Successfully
2024-01-04 13:26:29             SUCCESS             MOFSLOPENAPI.py             Initilaize GetLtp request send
2024-01-04 13:26:29             SUCCESS             MOFSLOPENAPI.py             Initilize Post WebRequest Sent
2024-01-04 13:26:30             SUCCESS             MOFSLOPENAPI.py             Post WebRequest Send Successfully
2024-01-04 13:26:30             SUCCESS             MOFSLOPENAPI.py             GetLtp request sent Successfully
2024-01-04 13:28:07             SUCCESS             MOFSLOPENAPI.py             Initilaize GetLtp request send
2024-01-04 13:28:07             SUCCESS             MOFSLOPENAPI.py             Initilize Post WebRequest Sent
2024-01-04 13:28:08             SUCCESS             MOFSLOPENAPI.py             Post WebRequest Send Successfully
2024-01-04 13:28:08             SUCCESS             MOFSLOPENAPI.py             GetLtp request sent Successfully
2024-01-04 13:30:35             SUCCESS             MOFSLOPENAPI.py             Initilaize GetLtp request send
2024-01-04 13:30:35             SUCCESS             MOFSLOPENAPI.py             Initilize Post WebRequest Sent
2024-01-04 13:30:36             SUCCESS             MOFSLOPENAPI.py             Post WebRequest Send Successfully
2024-01-04 13:30:36             SUCCESS             MOFSLOPENAPI.py             GetLtp request sent Successfully
2024-01-04 13:35:19             SUCCESS             MOFSLOPENAPI.py             Initilaize GetLtp request send
2024-01-04 13:35:19             SUCCESS             MOFSLOPENAPI.py             Initilize Post WebRequest Sent
2024-01-04 13:35:21             SUCCESS             MOFSLOPENAPI.py             Post WebRequest Send Successfully
2024-01-04 13:35:21             SUCCESS             MOFSLOPENAPI.py             GetLtp request sent Successfully
