2024-01-05 00:33:53             SUCCESS             MOFSLOPENAPI.py             Initilize Constructor
2024-01-05 00:33:54             FAILED             MOFSLOPENAPI.py             GetDeviceModelname 'objsystem' is not defined
2024-01-05 00:33:54             FAILED             MOFSLOPENAPI.py             GetManufacturername 'objsystem' is not defined
2024-01-05 00:33:55             SUCCESS             MOFSLOPENAPI.py             Initilize Constructor Done
2024-01-05 00:34:05             SUCCESS             MOFSLOPENAPI.py             Initilize Constructor
2024-01-05 00:34:06             FAILED             MOFSLOPENAPI.py             GetDeviceModelname 'objsystem' is not defined
2024-01-05 00:34:06             FAILED             MOFSLOPENAPI.py             GetManufacturername 'objsystem' is not defined
2024-01-05 00:34:07             SUCCESS             MOFSLOPENAPI.py             Initilize Constructor Done
2024-01-05 00:34:07             SUCCESS             MOFSLOPENAPI.py             Initilize login request send
2024-01-05 00:34:07             SUCCESS             MOFSLOPENAPI.py             Initilize Post WebRequest Sent
2024-01-05 00:34:09             SUCCESS             MOFSLOPENAPI.py             Post WebRequest Send Successfully
2024-01-05 00:34:09             ERROR             MOFSLOPENAPI.py             Device Model is Invalid In Header Parameter 
2024-01-05 00:43:40             SUCCESS             MOFSLOPENAPI.py             Initilize Constructor
2024-01-05 00:43:41             FAILED             MOFSLOPENAPI.py             GetDeviceModel'uname_result' object has no attribute 'Model'
2024-01-05 00:43:41             FAILED             MOFSLOPENAPI.py             GetManufacturer'uname_result' object has no attribute 'Manufacturer'
2024-01-05 00:43:42             SUCCESS             MOFSLOPENAPI.py             Initilize Constructor Done
2024-01-05 00:43:49             SUCCESS             MOFSLOPENAPI.py             Initilize Constructor
2024-01-05 00:43:50             FAILED             MOFSLOPENAPI.py             GetDeviceModel'uname_result' object has no attribute 'Model'
2024-01-05 00:43:50             FAILED             MOFSLOPENAPI.py             GetManufacturer'uname_result' object has no attribute 'Manufacturer'
2024-01-05 00:43:50             SUCCESS             MOFSLOPENAPI.py             Initilize Constructor Done
2024-01-05 00:43:50             SUCCESS             MOFSLOPENAPI.py             Initilize login request send
2024-01-05 00:43:50             SUCCESS             MOFSLOPENAPI.py             Initilize Post WebRequest Sent
2024-01-05 00:43:53             SUCCESS             MOFSLOPENAPI.py             Post WebRequest Send Successfully
2024-01-05 00:43:53             ERROR             MOFSLOPENAPI.py             Device Model is Invalid In Header Parameter 
2024-01-05 00:48:05             SUCCESS             MOFSLOPENAPI.py             Initilize Constructor
2024-01-05 00:48:13             SUCCESS             MOFSLOPENAPI.py             Initilize Constructor
2024-01-05 00:50:30             SUCCESS             MOFSLOPENAPI.py             Initilize Constructor
2024-01-05 00:50:41             SUCCESS             MOFSLOPENAPI.py             Initilize Constructor
2024-01-05 00:53:51             SUCCESS             MOFSLOPENAPI.py             Initilize Constructor
2024-01-05 00:53:53             FAILED             MOFSLOPENAPI.py             GetManufacturer'uname_result' object has no attribute 'manufacturer'
2024-01-05 00:53:53             SUCCESS             MOFSLOPENAPI.py             Initilize Constructor Done
2024-01-05 00:53:53             SUCCESS             MOFSLOPENAPI.py             Initilize login request send
2024-01-05 00:53:53             SUCCESS             MOFSLOPENAPI.py             Initilize Post WebRequest Sent
2024-01-05 00:53:56             SUCCESS             MOFSLOPENAPI.py             Post WebRequest Send Successfully
2024-01-05 00:53:56             ERROR             MOFSLOPENAPI.py             Device Model is Invalid In Header Parameter 
2024-01-05 00:54:21             SUCCESS             MOFSLOPENAPI.py             Initilize Constructor
2024-01-05 00:54:22             FAILED             MOFSLOPENAPI.py             GetManufacturer'uname_result' object has no attribute 'manufacturer'
2024-01-05 00:54:23             SUCCESS             MOFSLOPENAPI.py             Initilize Constructor Done
2024-01-05 00:54:23             SUCCESS             MOFSLOPENAPI.py             Initilize login request send
2024-01-05 00:54:23             SUCCESS             MOFSLOPENAPI.py             Initilize Post WebRequest Sent
2024-01-05 00:54:24             SUCCESS             MOFSLOPENAPI.py             Post WebRequest Send Successfully
2024-01-05 00:54:24             ERROR             MOFSLOPENAPI.py             Device Model is Invalid In Header Parameter 
2024-01-05 00:59:52             SUCCESS             MOFSLOPENAPI.py             Initilize Constructor
2024-01-05 00:59:53             FAILED             MOFSLOPENAPI.py             GetManufacturercan only concatenate str (not "uname_result") to str
2024-01-05 00:59:54             SUCCESS             MOFSLOPENAPI.py             Initilize Constructor Done
2024-01-05 00:59:54             SUCCESS             MOFSLOPENAPI.py             Initilize login request send
2024-01-05 00:59:54             SUCCESS             MOFSLOPENAPI.py             Initilize Post WebRequest Sent
2024-01-05 00:59:57             SUCCESS             MOFSLOPENAPI.py             Post WebRequest Send Successfully
2024-01-05 00:59:57             ERROR             MOFSLOPENAPI.py             Device Model is Invalid In Header Parameter 
2024-01-05 01:01:09             SUCCESS             MOFSLOPENAPI.py             Initilize Constructor
2024-01-05 01:01:10             SUCCESS             MOFSLOPENAPI.py             GetManufactureruname_result(system='Windows', node='DESKTOP-2E3BP3P', release='10', version='10.0.19045', machine='AMD64')
2024-01-05 01:01:10             SUCCESS             MOFSLOPENAPI.py             Initilize Constructor Done
2024-01-05 01:01:10             SUCCESS             MOFSLOPENAPI.py             Initilize login request send
2024-01-05 01:01:10             SUCCESS             MOFSLOPENAPI.py             Initilize Post WebRequest Sent
2024-01-05 01:01:12             FAILED             MOFSLOPENAPI.py             Header part (uname_result(system='Windows', node='DESKTOP-2E3BP3P', release='10', version='10.0.19045', machine='AMD64')) from ('manufacturer', uname_result(system='Windows', node='DESKTOP-2E3BP3P', release='10', version='10.0.19045', machine='AMD64')) must be of type str or bytes, not <class 'platform.uname_result'>
2024-01-05 01:01:12             FAILED             MOFSLOPENAPI.py             login_Error while sending the webRequest
2024-01-05 01:01:12             FAILED             MOFSLOPENAPI.py             Login Request failed
2024-01-05 01:04:15             SUCCESS             MOFSLOPENAPI.py             Initilize Constructor
2024-01-05 01:04:16             SUCCESS             MOFSLOPENAPI.py             GetManufactureruname_result(system='Windows', node='DESKTOP-2E3BP3P', release='10', version='10.0.19045', machine='AMD64')
2024-01-05 01:04:17             SUCCESS             MOFSLOPENAPI.py             Initilize Constructor Done
2024-01-05 01:06:12             SUCCESS             MOFSLOPENAPI.py             Initilize Constructor
2024-01-05 01:06:13             FAILED             MOFSLOPENAPI.py             GetManufacturerWriteIntoLog() missing 1 required positional argument: 'f_message'
2024-01-05 01:06:14             SUCCESS             MOFSLOPENAPI.py             Initilize Constructor Done
2024-01-05 01:06:20             SUCCESS             MOFSLOPENAPI.py             Initilize Constructor
2024-01-05 01:06:21             FAILED             MOFSLOPENAPI.py             GetManufacturerWriteIntoLog() missing 1 required positional argument: 'f_message'
2024-01-05 01:06:21             SUCCESS             MOFSLOPENAPI.py             Initilize Constructor Done
2024-01-05 01:06:21             SUCCESS             MOFSLOPENAPI.py             Initilize login request send
2024-01-05 01:06:21             SUCCESS             MOFSLOPENAPI.py             Initilize Post WebRequest Sent
2024-01-05 01:06:24             SUCCESS             MOFSLOPENAPI.py             Post WebRequest Send Successfully
2024-01-05 01:06:24             ERROR             MOFSLOPENAPI.py             Device Model is Invalid In Header Parameter 
2024-01-05 15:08:25             SUCCESS             MOFSLOPENAPI.py             Initilize Constructor
2024-01-05 15:08:27             SUCCESS             MOFSLOPENAPI.py             GetManufactureruname_result(system='Windows', node='DESKTOP-2E3BP3P', release='10', version='10.0.19045', machine='AMD64')
2024-01-05 15:08:27             SUCCESS             MOFSLOPENAPI.py             Initilize Constructor Done
2024-01-05 15:08:44             SUCCESS             MOFSLOPENAPI.py             Initilize Constructor
2024-01-05 15:08:45             SUCCESS             MOFSLOPENAPI.py             GetManufactureruname_result(system='Windows', node='DESKTOP-2E3BP3P', release='10', version='10.0.19045', machine='AMD64')
2024-01-05 15:08:45             SUCCESS             MOFSLOPENAPI.py             Initilize Constructor Done
2024-01-05 15:08:45             SUCCESS             MOFSLOPENAPI.py             Initilize login request send
2024-01-05 15:08:45             SUCCESS             MOFSLOPENAPI.py             Initilize Post WebRequest Sent
2024-01-05 15:08:47             FAILED             MOFSLOPENAPI.py             Header part (uname_result(system='Windows', node='DESKTOP-2E3BP3P', release='10', version='10.0.19045', machine='AMD64')) from {'manufacturer': uname_result(system='Windows', node='DESKTOP-2E3BP3P', release='10', version='10.0.19045', machine='AMD64')} must be of type str or bytes, not <class 'platform.uname_result'>
2024-01-05 15:08:47             FAILED             MOFSLOPENAPI.py             login_Error while sending the webRequest
2024-01-05 15:08:47             FAILED             MOFSLOPENAPI.py             Login Request failed
2024-01-05 17:44:06             SUCCESS             MOFSLOPENAPI.py             Initilize Constructor
2024-01-05 17:44:06             FAILED             MOFSLOPENAPI.py             GetPublicIPAddressHTTPConnectionPool(host='checkip.dyndns.org', port=80): Max retries exceeded with url: / (Caused by NewConnectionError('<urllib3.connection.HTTPConnection object at 0x0000023FDD8BCC50>: Failed to establish a new connection: [Errno 11001] getaddrinfo failed'))
2024-01-05 17:44:06             SUCCESS             MOFSLOPENAPI.py             GetManufactureruname_result(system='Windows', node='DESKTOP-2E3BP3P', release='10', version='10.0.19045', machine='AMD64')
2024-01-05 17:44:06             SUCCESS             MOFSLOPENAPI.py             Initilize Constructor Done
2024-01-05 17:44:23             SUCCESS             MOFSLOPENAPI.py             Initilize Constructor
2024-01-05 17:44:23             FAILED             MOFSLOPENAPI.py             GetPublicIPAddressHTTPConnectionPool(host='checkip.dyndns.org', port=80): Max retries exceeded with url: / (Caused by NewConnectionError('<urllib3.connection.HTTPConnection object at 0x0000023FDD3B5A50>: Failed to establish a new connection: [Errno 11001] getaddrinfo failed'))
2024-01-05 17:44:23             SUCCESS             MOFSLOPENAPI.py             GetManufactureruname_result(system='Windows', node='DESKTOP-2E3BP3P', release='10', version='10.0.19045', machine='AMD64')
2024-01-05 17:44:23             SUCCESS             MOFSLOPENAPI.py             Initilize Constructor Done
2024-01-05 17:44:23             SUCCESS             MOFSLOPENAPI.py             Initilize login request send
2024-01-05 17:44:23             SUCCESS             MOFSLOPENAPI.py             Initilize Post WebRequest Sent
2024-01-05 17:44:23             FAILED             MOFSLOPENAPI.py             Network connection is unavailable
2024-01-05 17:44:23             FAILED             MOFSLOPENAPI.py             'NoneType' object is not subscriptable
2024-01-05 17:44:23             FAILED             MOFSLOPENAPI.py             login_Error while sending the webRequest
2024-01-05 17:44:23             FAILED             MOFSLOPENAPI.py             Login Request failed
2024-01-05 17:51:35             SUCCESS             MOFSLOPENAPI.py             Initilize Constructor
2024-01-05 17:51:36             SUCCESS             MOFSLOPENAPI.py             GetManufactureruname_result(system='Windows', node='DESKTOP-2E3BP3P', release='10', version='10.0.19045', machine='AMD64')
2024-01-05 17:51:36             SUCCESS             MOFSLOPENAPI.py             Initilize Constructor Done
2024-01-05 17:51:36             SUCCESS             MOFSLOPENAPI.py             Initilize login request send
2024-01-05 17:51:36             SUCCESS             MOFSLOPENAPI.py             Initilize Post WebRequest Sent
2024-01-05 17:51:38             FAILED             MOFSLOPENAPI.py             Header part (uname_result(system='Windows', node='DESKTOP-2E3BP3P', release='10', version='10.0.19045', machine='AMD64')) from {'manufacturer': uname_result(system='Windows', node='DESKTOP-2E3BP3P', release='10', version='10.0.19045', machine='AMD64')} must be of type str or bytes, not <class 'platform.uname_result'>
2024-01-05 17:51:38             FAILED             MOFSLOPENAPI.py             login_Error while sending the webRequest
2024-01-05 17:51:38             FAILED             MOFSLOPENAPI.py             Login Request failed
2024-01-05 17:51:42             SUCCESS             MOFSLOPENAPI.py             Initilize Constructor
2024-01-05 17:51:43             SUCCESS             MOFSLOPENAPI.py             GetManufactureruname_result(system='Windows', node='DESKTOP-2E3BP3P', release='10', version='10.0.19045', machine='AMD64')
2024-01-05 17:51:44             SUCCESS             MOFSLOPENAPI.py             Initilize Constructor Done
2024-01-05 17:51:55             SUCCESS             MOFSLOPENAPI.py             Initilize Constructor
2024-01-05 17:51:56             SUCCESS             MOFSLOPENAPI.py             GetManufactureruname_result(system='Windows', node='DESKTOP-2E3BP3P', release='10', version='10.0.19045', machine='AMD64')
2024-01-05 17:51:57             SUCCESS             MOFSLOPENAPI.py             Initilize Constructor Done
2024-01-05 17:51:57             SUCCESS             MOFSLOPENAPI.py             Initilize login request send
2024-01-05 17:51:57             SUCCESS             MOFSLOPENAPI.py             Initilize Post WebRequest Sent
2024-01-05 17:51:59             FAILED             MOFSLOPENAPI.py             Header part (uname_result(system='Windows', node='DESKTOP-2E3BP3P', release='10', version='10.0.19045', machine='AMD64')) from {'manufacturer': uname_result(system='Windows', node='DESKTOP-2E3BP3P', release='10', version='10.0.19045', machine='AMD64')} must be of type str or bytes, not <class 'platform.uname_result'>
2024-01-05 17:51:59             FAILED             MOFSLOPENAPI.py             login_Error while sending the webRequest
2024-01-05 17:51:59             FAILED             MOFSLOPENAPI.py             Login Request failed
2024-01-05 17:54:06             SUCCESS             MOFSLOPENAPI.py             Initilize Constructor
2024-01-05 17:54:07             FAILED             MOFSLOPENAPI.py             GetDeviceModelname 'objsystem' is not defined
2024-01-05 17:54:07             FAILED             MOFSLOPENAPI.py             GetManufacturername 'objsystem' is not defined
2024-01-05 17:54:08             SUCCESS             MOFSLOPENAPI.py             Initilize Constructor Done
2024-01-05 17:54:08             SUCCESS             MOFSLOPENAPI.py             Initilize login request send
2024-01-05 17:54:08             SUCCESS             MOFSLOPENAPI.py             Initilize Post WebRequest Sent
2024-01-05 17:54:09             SUCCESS             MOFSLOPENAPI.py             Post WebRequest Send Successfully
2024-01-05 17:54:09             ERROR             MOFSLOPENAPI.py             Device Model is Invalid In Header Parameter 
2024-01-05 18:33:36             SUCCESS             MOFSLOPENAPI.py             Initilize Constructor
2024-01-05 18:33:39             SUCCESS             MOFSLOPENAPI.py             GetManufacturerLENOVO
2024-01-05 18:33:39             SUCCESS             MOFSLOPENAPI.py             Initilize Constructor Done
2024-01-05 18:33:53             SUCCESS             MOFSLOPENAPI.py             Initilize Constructor
2024-01-05 18:33:55             SUCCESS             MOFSLOPENAPI.py             GetManufacturerLENOVO
2024-01-05 18:33:55             SUCCESS             MOFSLOPENAPI.py             Initilize Constructor Done
2024-01-05 18:33:55             SUCCESS             MOFSLOPENAPI.py             Initilize login request send
2024-01-05 18:33:55             SUCCESS             MOFSLOPENAPI.py             Initilize Post WebRequest Sent
2024-01-05 18:33:57             SUCCESS             MOFSLOPENAPI.py             Post WebRequest Send Successfully
2024-01-05 18:33:57             SUCCESS             MOFSLOPENAPI.py             Login sucessfully
2024-01-05 18:33:58             SUCCESS             MOFSLOPENAPI.py             Initilaize GetLtp request send
2024-01-05 18:33:58             SUCCESS             MOFSLOPENAPI.py             Initilize Post WebRequest Sent
2024-01-05 18:33:59             SUCCESS             MOFSLOPENAPI.py             Post WebRequest Send Successfully
2024-01-05 18:33:59             SUCCESS             MOFSLOPENAPI.py             GetLtp request sent Successfully
2024-01-05 18:34:02             SUCCESS             MOFSLOPENAPI.py             Initilaize GetOrderBook request send
2024-01-05 18:34:02             SUCCESS             MOFSLOPENAPI.py             Initilize Post WebRequest Sent
2024-01-05 18:34:03             SUCCESS             MOFSLOPENAPI.py             Post WebRequest Send Successfully
2024-01-05 18:34:03             SUCCESS             MOFSLOPENAPI.py             GetOrderBook request sent Successfully
2024-01-05 18:52:36             SUCCESS             MOFSLOPENAPI.py             Initilize Constructor
2024-01-05 18:52:37             SUCCESS             MOFSLOPENAPI.py             GetManufacturerLENOVO
2024-01-05 18:52:38             SUCCESS             MOFSLOPENAPI.py             Initilize Constructor Done
2024-01-05 18:52:50             SUCCESS             MOFSLOPENAPI.py             Initilize Constructor
2024-01-05 18:52:50             SUCCESS             MOFSLOPENAPI.py             GetManufacturerLENOVO
2024-01-05 18:52:51             SUCCESS             MOFSLOPENAPI.py             Initilize Constructor Done
2024-01-05 18:52:51             SUCCESS             MOFSLOPENAPI.py             Initilize login request send
2024-01-05 18:52:51             SUCCESS             MOFSLOPENAPI.py             Initilize Post WebRequest Sent
2024-01-05 18:52:52             SUCCESS             MOFSLOPENAPI.py             Post WebRequest Send Successfully
2024-01-05 18:52:52             SUCCESS             MOFSLOPENAPI.py             Login sucessfully
2024-01-05 18:52:53             SUCCESS             MOFSLOPENAPI.py             Initilaize GetLtp request send
2024-01-05 18:52:53             SUCCESS             MOFSLOPENAPI.py             Initilize Post WebRequest Sent
2024-01-05 18:52:54             SUCCESS             MOFSLOPENAPI.py             Post WebRequest Send Successfully
2024-01-05 18:52:55             SUCCESS             MOFSLOPENAPI.py             GetLtp request sent Successfully
2024-01-05 18:52:57             SUCCESS             MOFSLOPENAPI.py             Initilaize GetOrderBook request send
2024-01-05 18:52:57             SUCCESS             MOFSLOPENAPI.py             Initilize Post WebRequest Sent
2024-01-05 18:52:58             SUCCESS             MOFSLOPENAPI.py             Post WebRequest Send Successfully
2024-01-05 18:52:59             SUCCESS             MOFSLOPENAPI.py             GetOrderBook request sent Successfully
2024-01-05 19:47:33             SUCCESS             MOFSLOPENAPI.py             Initilize Constructor
2024-01-05 19:47:34             SUCCESS             MOFSLOPENAPI.py             GetManufacturerLENOVO
2024-01-05 19:47:35             SUCCESS             MOFSLOPENAPI.py             Initilize Constructor Done
