2023-12-06 21:04:34             SUCCESS             MOFSLOPENAPI.py             Initilize Constructor
2023-12-06 21:04:37             SUCCESS             MOFSLOPENAPI.py             Initilize Constructor Done
2023-12-06 21:06:44             SUCCESS             MOFSLOPENAPI.py             Initilize Constructor
2023-12-06 21:07:06             FAILED             MOFSLOPENAPI.py             GetPublicIPAddressHTTPConnectionPool(host='checkip.dyndns.org', port=80): Max retries exceeded with url: / (Caused by NewConnectionError('<urllib3.connection.HTTPConnection object at 0x000001D1F0AB9250>: Failed to establish a new connection: [WinError 10065] A socket operation was attempted to an unreachable host'))
2023-12-06 21:07:06             SUCCESS             MOFSLOPENAPI.py             Initilize Constructor Done
2023-12-06 21:08:42             SUCCESS             MOFSLOPENAPI.py             Initilize login request send
2023-12-06 21:08:42             SUCCESS             MOFSLOPENAPI.py             Initilize Post WebRequest Sent
2023-12-06 21:08:53             FAILED             MOFSLOPENAPI.py             Network connection is unavailable
2023-12-06 21:08:53             FAILED             MOFSLOPENAPI.py             'NoneType' object is not subscriptable
2023-12-06 21:08:53             FAILED             MOFSLOPENAPI.py             login_Error while sending the webRequest
2023-12-06 21:08:53             FAILED             MOFSLOPENAPI.py             Login Request failed
2023-12-06 21:10:36             SUCCESS             MOFSLOPENAPI.py             Initilize Constructor
2023-12-06 21:10:37             SUCCESS             MOFSLOPENAPI.py             Initilize Constructor Done
2023-12-06 21:10:43             SUCCESS             MOFSLOPENAPI.py             Initilize login request send
2023-12-06 21:10:43             SUCCESS             MOFSLOPENAPI.py             Initilize Post WebRequest Sent
2023-12-06 21:10:45             SUCCESS             MOFSLOPENAPI.py             Post WebRequest Send Successfully
2023-12-06 21:10:45             ERROR             MOFSLOPENAPI.py             Method Not Allowed
2023-12-06 21:20:18             SUCCESS             MOFSLOPENAPI.py             Initilize Constructor
2023-12-06 21:20:20             SUCCESS             MOFSLOPENAPI.py             Initilize Constructor Done
2023-12-06 21:31:31             SUCCESS             MOFSLOPENAPI.py             Initilize Constructor
2023-12-06 21:31:33             SUCCESS             MOFSLOPENAPI.py             Initilize Constructor Done
2023-12-06 21:31:58             SUCCESS             MOFSLOPENAPI.py             Initilize Constructor
2023-12-06 21:32:00             SUCCESS             MOFSLOPENAPI.py             Initilize Constructor Done
2023-12-06 21:32:00             SUCCESS             MOFSLOPENAPI.py             Initilize login request send
2023-12-06 21:32:00             SUCCESS             MOFSLOPENAPI.py             Initilize Post WebRequest Sent
2023-12-06 21:32:02             SUCCESS             MOFSLOPENAPI.py             Post WebRequest Send Successfully
2023-12-06 21:32:02             SUCCESS             MOFSLOPENAPI.py             Login sucessfully
2023-12-06 21:32:03             SUCCESS             MOFSLOPENAPI.py             Initilaize GetLtp request send
2023-12-06 21:32:03             SUCCESS             MOFSLOPENAPI.py             Initilize Post WebRequest Sent
2023-12-06 21:32:05             SUCCESS             MOFSLOPENAPI.py             Post WebRequest Send Successfully
2023-12-06 21:32:05             SUCCESS             MOFSLOPENAPI.py             GetLtp request sent Successfully
2023-12-06 21:40:28             SUCCESS             MOFSLOPENAPI.py             Initilize Constructor
2023-12-06 21:40:29             SUCCESS             MOFSLOPENAPI.py             Initilize Constructor Done
2023-12-06 21:40:43             SUCCESS             MOFSLOPENAPI.py             Initilize Constructor
2023-12-06 21:40:44             SUCCESS             MOFSLOPENAPI.py             Initilize Constructor Done
2023-12-06 21:40:44             SUCCESS             MOFSLOPENAPI.py             Initilize login request send
2023-12-06 21:40:44             SUCCESS             MOFSLOPENAPI.py             Initilize Post WebRequest Sent
2023-12-06 21:40:47             SUCCESS             MOFSLOPENAPI.py             Post WebRequest Send Successfully
2023-12-06 21:40:47             SUCCESS             MOFSLOPENAPI.py             Login sucessfully
2023-12-06 21:40:48             SUCCESS             MOFSLOPENAPI.py             Initilaize GetLtp request send
2023-12-06 21:40:48             SUCCESS             MOFSLOPENAPI.py             Initilize Post WebRequest Sent
2023-12-06 21:40:50             SUCCESS             MOFSLOPENAPI.py             Post WebRequest Send Successfully
2023-12-06 21:40:50             SUCCESS             MOFSLOPENAPI.py             GetLtp request sent Successfully
2023-12-06 21:40:53             SUCCESS             MOFSLOPENAPI.py             Initilaize TradeWebhook request send
2023-12-06 21:42:13             SUCCESS             MOFSLOPENAPI.py             Initilize Constructor
2023-12-06 21:42:14             SUCCESS             MOFSLOPENAPI.py             Initilize Constructor Done
2023-12-06 21:42:50             SUCCESS             MOFSLOPENAPI.py             Initilize Constructor
2023-12-06 21:42:51             SUCCESS             MOFSLOPENAPI.py             Initilize Constructor Done
2023-12-06 21:42:51             SUCCESS             MOFSLOPENAPI.py             Initilize login request send
2023-12-06 21:42:51             SUCCESS             MOFSLOPENAPI.py             Initilize Post WebRequest Sent
2023-12-06 21:42:53             SUCCESS             MOFSLOPENAPI.py             Post WebRequest Send Successfully
2023-12-06 21:42:53             SUCCESS             MOFSLOPENAPI.py             Login sucessfully
2023-12-06 21:42:54             SUCCESS             MOFSLOPENAPI.py             Initilaize GetLtp request send
2023-12-06 21:42:54             SUCCESS             MOFSLOPENAPI.py             Initilize Post WebRequest Sent
2023-12-06 21:42:55             SUCCESS             MOFSLOPENAPI.py             Post WebRequest Send Successfully
2023-12-06 21:42:55             SUCCESS             MOFSLOPENAPI.py             GetLtp request sent Successfully
2023-12-06 21:42:58             SUCCESS             MOFSLOPENAPI.py             Initilaize TradeWebhook request send
2023-12-06 21:43:10             SUCCESS             MOFSLOPENAPI.py             Initilize Constructor
2023-12-06 21:43:11             SUCCESS             MOFSLOPENAPI.py             Initilize Constructor Done
2023-12-06 21:43:28             SUCCESS             MOFSLOPENAPI.py             Initilize Constructor
2023-12-06 21:43:29             SUCCESS             MOFSLOPENAPI.py             Initilize Constructor Done
2023-12-06 21:43:43             SUCCESS             MOFSLOPENAPI.py             Initilize Constructor
2023-12-06 21:43:44             SUCCESS             MOFSLOPENAPI.py             Initilize Constructor Done
2023-12-06 21:43:44             SUCCESS             MOFSLOPENAPI.py             Initilize login request send
2023-12-06 21:43:44             SUCCESS             MOFSLOPENAPI.py             Initilize Post WebRequest Sent
2023-12-06 21:43:46             SUCCESS             MOFSLOPENAPI.py             Post WebRequest Send Successfully
2023-12-06 21:43:46             SUCCESS             MOFSLOPENAPI.py             Login sucessfully
2023-12-06 21:43:47             SUCCESS             MOFSLOPENAPI.py             Initilaize GetLtp request send
2023-12-06 21:43:47             SUCCESS             MOFSLOPENAPI.py             Initilize Post WebRequest Sent
2023-12-06 21:43:48             SUCCESS             MOFSLOPENAPI.py             Post WebRequest Send Successfully
2023-12-06 21:43:48             SUCCESS             MOFSLOPENAPI.py             GetLtp request sent Successfully
2023-12-06 21:43:51             SUCCESS             MOFSLOPENAPI.py             Initilaize TradeWebhook request send
2023-12-06 21:45:34             SUCCESS             MOFSLOPENAPI.py             Initilize Constructor
2023-12-06 21:45:36             SUCCESS             MOFSLOPENAPI.py             Initilize Constructor Done
2023-12-06 21:45:37             SUCCESS             MOFSLOPENAPI.py             Initilize Constructor
2023-12-06 21:45:38             SUCCESS             MOFSLOPENAPI.py             Initilize Constructor Done
2023-12-06 21:46:38             SUCCESS             MOFSLOPENAPI.py             Initilize Constructor
2023-12-06 21:46:40             SUCCESS             MOFSLOPENAPI.py             Initilize Constructor Done
2023-12-06 21:47:06             SUCCESS             MOFSLOPENAPI.py             Initilize Constructor
2023-12-06 21:47:07             SUCCESS             MOFSLOPENAPI.py             Initilize Constructor Done
2023-12-06 21:47:07             SUCCESS             MOFSLOPENAPI.py             Initilize login request send
2023-12-06 21:47:07             SUCCESS             MOFSLOPENAPI.py             Initilize Post WebRequest Sent
2023-12-06 21:47:09             SUCCESS             MOFSLOPENAPI.py             Post WebRequest Send Successfully
2023-12-06 21:47:09             SUCCESS             MOFSLOPENAPI.py             Login sucessfully
2023-12-06 21:47:10             SUCCESS             MOFSLOPENAPI.py             Initilaize GetLtp request send
2023-12-06 21:47:10             SUCCESS             MOFSLOPENAPI.py             Initilize Post WebRequest Sent
2023-12-06 21:47:11             SUCCESS             MOFSLOPENAPI.py             Post WebRequest Send Successfully
2023-12-06 21:47:11             SUCCESS             MOFSLOPENAPI.py             GetLtp request sent Successfully
2023-12-06 21:47:14             SUCCESS             MOFSLOPENAPI.py             Initilaize TradeWebhook request send
2023-12-06 21:48:55             SUCCESS             MOFSLOPENAPI.py             Initilize Constructor
2023-12-06 21:48:57             SUCCESS             MOFSLOPENAPI.py             Initilize Constructor Done
2023-12-06 21:49:07             SUCCESS             MOFSLOPENAPI.py             Initilize Constructor
2023-12-06 21:49:09             SUCCESS             MOFSLOPENAPI.py             Initilize Constructor Done
2023-12-06 21:50:04             SUCCESS             MOFSLOPENAPI.py             Initilize Constructor
2023-12-06 21:50:06             SUCCESS             MOFSLOPENAPI.py             Initilize Constructor Done
2023-12-06 21:50:06             SUCCESS             MOFSLOPENAPI.py             Initilize login request send
2023-12-06 21:50:06             SUCCESS             MOFSLOPENAPI.py             Initilize Post WebRequest Sent
2023-12-06 21:50:08             SUCCESS             MOFSLOPENAPI.py             Post WebRequest Send Successfully
2023-12-06 21:50:08             SUCCESS             MOFSLOPENAPI.py             Login sucessfully
2023-12-06 21:50:09             SUCCESS             MOFSLOPENAPI.py             Initilaize GetLtp request send
2023-12-06 21:50:09             SUCCESS             MOFSLOPENAPI.py             Initilize Post WebRequest Sent
2023-12-06 21:50:11             SUCCESS             MOFSLOPENAPI.py             Post WebRequest Send Successfully
2023-12-06 21:50:11             SUCCESS             MOFSLOPENAPI.py             GetLtp request sent Successfully
2023-12-06 21:50:15             SUCCESS             MOFSLOPENAPI.py             Initilaize TradeWebhook request send
2023-12-06 21:50:44             SUCCESS             MOFSLOPENAPI.py             Initilaize GetLtp request send
2023-12-06 21:50:44             SUCCESS             MOFSLOPENAPI.py             Initilize Post WebRequest Sent
2023-12-06 21:50:46             SUCCESS             MOFSLOPENAPI.py             Post WebRequest Send Successfully
2023-12-06 21:50:46             SUCCESS             MOFSLOPENAPI.py             GetLtp request sent Successfully
2023-12-06 21:52:00             SUCCESS             MOFSLOPENAPI.py             Initilaize GetLtp request send
2023-12-06 21:52:00             SUCCESS             MOFSLOPENAPI.py             Initilize Post WebRequest Sent
2023-12-06 21:52:02             SUCCESS             MOFSLOPENAPI.py             Post WebRequest Send Successfully
2023-12-06 21:52:02             SUCCESS             MOFSLOPENAPI.py             GetLtp request sent Successfully
2023-12-06 21:58:53             SUCCESS             MOFSLOPENAPI.py             Initilize Constructor
2023-12-06 21:58:56             SUCCESS             MOFSLOPENAPI.py             Initilize Constructor Done
2023-12-06 21:59:08             SUCCESS             MOFSLOPENAPI.py             Initilize Constructor
2023-12-06 21:59:09             SUCCESS             MOFSLOPENAPI.py             Initilize Constructor Done
2023-12-06 21:59:42             SUCCESS             MOFSLOPENAPI.py             Initilize Constructor
2023-12-06 21:59:44             SUCCESS             MOFSLOPENAPI.py             Initilize Constructor Done
2023-12-06 21:59:44             SUCCESS             MOFSLOPENAPI.py             Initilize login request send
2023-12-06 21:59:44             SUCCESS             MOFSLOPENAPI.py             Initilize Post WebRequest Sent
2023-12-06 21:59:46             SUCCESS             MOFSLOPENAPI.py             Post WebRequest Send Successfully
2023-12-06 21:59:46             SUCCESS             MOFSLOPENAPI.py             Login sucessfully
2023-12-06 21:59:47             SUCCESS             MOFSLOPENAPI.py             Initilaize GetLtp request send
2023-12-06 21:59:47             SUCCESS             MOFSLOPENAPI.py             Initilize Post WebRequest Sent
2023-12-06 21:59:49             SUCCESS             MOFSLOPENAPI.py             Post WebRequest Send Successfully
2023-12-06 21:59:49             SUCCESS             MOFSLOPENAPI.py             GetLtp request sent Successfully
2023-12-06 21:59:52             SUCCESS             MOFSLOPENAPI.py             Initilaize TradeWebhook request send
2023-12-06 22:00:06             SUCCESS             MOFSLOPENAPI.py             Initilaize GetLtp request send
2023-12-06 22:00:06             SUCCESS             MOFSLOPENAPI.py             Initilize Post WebRequest Sent
2023-12-06 22:00:08             SUCCESS             MOFSLOPENAPI.py             Post WebRequest Send Successfully
2023-12-06 22:00:08             SUCCESS             MOFSLOPENAPI.py             GetLtp request sent Successfully
2023-12-06 22:13:39             SUCCESS             MOFSLOPENAPI.py             Initilize Constructor
2023-12-06 22:13:40             SUCCESS             MOFSLOPENAPI.py             Initilize Constructor Done
2023-12-06 22:13:55             SUCCESS             MOFSLOPENAPI.py             Initilize Constructor
2023-12-06 22:13:56             SUCCESS             MOFSLOPENAPI.py             Initilize Constructor Done
2023-12-06 22:13:56             SUCCESS             MOFSLOPENAPI.py             Initilize login request send
2023-12-06 22:13:56             SUCCESS             MOFSLOPENAPI.py             Initilize Post WebRequest Sent
2023-12-06 22:13:58             SUCCESS             MOFSLOPENAPI.py             Post WebRequest Send Successfully
2023-12-06 22:13:58             SUCCESS             MOFSLOPENAPI.py             Login sucessfully
2023-12-06 22:14:00             SUCCESS             MOFSLOPENAPI.py             Initilaize GetLtp request send
2023-12-06 22:14:00             SUCCESS             MOFSLOPENAPI.py             Initilize Post WebRequest Sent
2023-12-06 22:14:01             SUCCESS             MOFSLOPENAPI.py             Post WebRequest Send Successfully
2023-12-06 22:14:01             SUCCESS             MOFSLOPENAPI.py             GetLtp request sent Successfully
2023-12-06 22:14:05             SUCCESS             MOFSLOPENAPI.py             Initilaize TradeWebhook request send
2023-12-06 23:13:22             SUCCESS             MOFSLOPENAPI.py             Initilize Constructor
2023-12-06 23:13:24             SUCCESS             MOFSLOPENAPI.py             Initilize Constructor Done
2023-12-06 23:14:11             SUCCESS             MOFSLOPENAPI.py             Initilize Constructor
2023-12-06 23:14:13             SUCCESS             MOFSLOPENAPI.py             Initilize Constructor Done
2023-12-06 23:14:13             SUCCESS             MOFSLOPENAPI.py             Initilize login request send
2023-12-06 23:14:13             SUCCESS             MOFSLOPENAPI.py             Initilize Post WebRequest Sent
2023-12-06 23:14:15             SUCCESS             MOFSLOPENAPI.py             Post WebRequest Send Successfully
2023-12-06 23:14:15             SUCCESS             MOFSLOPENAPI.py             Login sucessfully
2023-12-06 23:14:17             SUCCESS             MOFSLOPENAPI.py             Initilaize GetLtp request send
2023-12-06 23:14:17             SUCCESS             MOFSLOPENAPI.py             Initilize Post WebRequest Sent
2023-12-06 23:14:18             SUCCESS             MOFSLOPENAPI.py             Post WebRequest Send Successfully
2023-12-06 23:14:18             SUCCESS             MOFSLOPENAPI.py             GetLtp request sent Successfully
2023-12-06 23:15:23             SUCCESS             MOFSLOPENAPI.py             Initilize Constructor
2023-12-06 23:15:24             SUCCESS             MOFSLOPENAPI.py             Initilize Constructor Done
2023-12-06 23:15:36             SUCCESS             MOFSLOPENAPI.py             Initilize Constructor
2023-12-06 23:15:37             SUCCESS             MOFSLOPENAPI.py             Initilize Constructor Done
2023-12-06 23:15:37             SUCCESS             MOFSLOPENAPI.py             Initilize login request send
2023-12-06 23:15:37             SUCCESS             MOFSLOPENAPI.py             Initilize Post WebRequest Sent
2023-12-06 23:15:38             SUCCESS             MOFSLOPENAPI.py             Post WebRequest Send Successfully
2023-12-06 23:15:38             SUCCESS             MOFSLOPENAPI.py             Login sucessfully
2023-12-06 23:15:40             SUCCESS             MOFSLOPENAPI.py             Initilaize GetLtp request send
2023-12-06 23:15:40             SUCCESS             MOFSLOPENAPI.py             Initilize Post WebRequest Sent
2023-12-06 23:15:42             SUCCESS             MOFSLOPENAPI.py             Post WebRequest Send Successfully
2023-12-06 23:15:42             SUCCESS             MOFSLOPENAPI.py             GetLtp request sent Successfully
