2023-12-10 23:03:18             SUCCESS             MOFSLOPENAPI.py             Initilize Constructor
2023-12-10 23:03:19             SUCCESS             MOFSLOPENAPI.py             Initilize Constructor Done
2023-12-10 23:03:54             SUCCESS             MOFSLOPENAPI.py             Initilize Constructor
2023-12-10 23:03:55             SUCCESS             MOFSLOPENAPI.py             Initilize Constructor Done
2023-12-10 23:03:55             SUCCESS             MOFSLOPENAPI.py             Initilize login request send
2023-12-10 23:03:55             SUCCESS             MOFSLOPENAPI.py             Initilize Post WebRequest Sent
2023-12-10 23:03:58             SUCCESS             MOFSLOPENAPI.py             Post WebRequest Send Successfully
2023-12-10 23:03:58             SUCCESS             MOFSLOPENAPI.py             Login sucessfully
2023-12-10 23:04:00             SUCCESS             MOFSLOPENAPI.py             Initilaize GetLtp request send
2023-12-10 23:04:00             SUCCESS             MOFSLOPENAPI.py             Initilize Post WebRequest Sent
2023-12-10 23:04:01             SUCCESS             MOFSLOPENAPI.py             Post WebRequest Send Successfully
2023-12-10 23:04:01             SUCCESS             MOFSLOPENAPI.py             GetLtp request sent Successfully
2023-12-10 23:36:42             SUCCESS             MOFSLOPENAPI.py             Initilize Constructor
2023-12-10 23:36:44             SUCCESS             MOFSLOPENAPI.py             Initilize Constructor Done
2023-12-10 23:37:04             SUCCESS             MOFSLOPENAPI.py             Initilize Constructor
2023-12-10 23:37:05             SUCCESS             MOFSLOPENAPI.py             Initilize Constructor Done
2023-12-10 23:37:05             SUCCESS             MOFSLOPENAPI.py             Initilize login request send
2023-12-10 23:37:05             SUCCESS             MOFSLOPENAPI.py             Initilize Post WebRequest Sent
2023-12-10 23:37:06             SUCCESS             MOFSLOPENAPI.py             Post WebRequest Send Successfully
2023-12-10 23:37:06             SUCCESS             MOFSLOPENAPI.py             Login sucessfully
2023-12-10 23:37:08             SUCCESS             MOFSLOPENAPI.py             Initilaize GetLtp request send
2023-12-10 23:37:08             SUCCESS             MOFSLOPENAPI.py             Initilize Post WebRequest Sent
2023-12-10 23:37:09             SUCCESS             MOFSLOPENAPI.py             Post WebRequest Send Successfully
2023-12-10 23:37:09             SUCCESS             MOFSLOPENAPI.py             GetLtp request sent Successfully
2023-12-10 23:38:31             SUCCESS             MOFSLOPENAPI.py             Initilize Constructor
2023-12-10 23:38:32             SUCCESS             MOFSLOPENAPI.py             Initilize Constructor Done
2023-12-10 23:38:42             SUCCESS             MOFSLOPENAPI.py             Initilize Constructor
2023-12-10 23:38:43             SUCCESS             MOFSLOPENAPI.py             Initilize Constructor Done
2023-12-10 23:38:43             SUCCESS             MOFSLOPENAPI.py             Initilize login request send
2023-12-10 23:38:43             SUCCESS             MOFSLOPENAPI.py             Initilize Post WebRequest Sent
2023-12-10 23:38:45             SUCCESS             MOFSLOPENAPI.py             Post WebRequest Send Successfully
2023-12-10 23:38:45             SUCCESS             MOFSLOPENAPI.py             Login sucessfully
2023-12-10 23:38:46             SUCCESS             MOFSLOPENAPI.py             Initilaize GetLtp request send
2023-12-10 23:38:46             SUCCESS             MOFSLOPENAPI.py             Initilize Post WebRequest Sent
2023-12-10 23:38:47             SUCCESS             MOFSLOPENAPI.py             Post WebRequest Send Successfully
2023-12-10 23:38:47             SUCCESS             MOFSLOPENAPI.py             GetLtp request sent Successfully
2023-12-10 23:39:09             SUCCESS             MOFSLOPENAPI.py             Initilaize GetLtp request send
2023-12-10 23:39:09             SUCCESS             MOFSLOPENAPI.py             Initilize Post WebRequest Sent
2023-12-10 23:39:10             SUCCESS             MOFSLOPENAPI.py             Post WebRequest Send Successfully
2023-12-10 23:39:10             SUCCESS             MOFSLOPENAPI.py             GetLtp request sent Successfully
2023-12-10 23:39:26             SUCCESS             MOFSLOPENAPI.py             Initilaize GetLtp request send
2023-12-10 23:39:26             SUCCESS             MOFSLOPENAPI.py             Initilize Post WebRequest Sent
2023-12-10 23:39:27             SUCCESS             MOFSLOPENAPI.py             Post WebRequest Send Successfully
2023-12-10 23:39:28             SUCCESS             MOFSLOPENAPI.py             GetLtp request sent Successfully
2023-12-10 23:39:39             SUCCESS             MOFSLOPENAPI.py             Initilaize GetLtp request send
2023-12-10 23:39:39             SUCCESS             MOFSLOPENAPI.py             Initilize Post WebRequest Sent
2023-12-10 23:39:40             SUCCESS             MOFSLOPENAPI.py             Post WebRequest Send Successfully
2023-12-10 23:39:40             SUCCESS             MOFSLOPENAPI.py             GetLtp request sent Successfully
