2023-12-11 01:25:27             SUCCESS             MOFSLOPENAPI.py             Initilize Constructor
2023-12-11 01:25:29             SUCCESS             MOFSLOPENAPI.py             Initilize Constructor Done
2023-12-11 01:25:45             SUCCESS             MOFSLOPENAPI.py             Initilize Constructor
2023-12-11 01:25:46             SUCCESS             MOFSLOPENAPI.py             Initilize Constructor Done
2023-12-11 01:25:46             SUCCESS             MOFSLOPENAPI.py             Initilize login request send
2023-12-11 01:25:46             SUCCESS             MOFSLOPENAPI.py             Initilize Post WebRequest Sent
2023-12-11 01:25:48             SUCCESS             MOFSLOPENAPI.py             Post WebRequest Send Successfully
2023-12-11 01:25:48             SUCCESS             MOFSLOPENAPI.py             Login sucessfully
2023-12-11 01:25:49             SUCCESS             MOFSLOPENAPI.py             Initilaize GetLtp request send
2023-12-11 01:25:49             SUCCESS             MOFSLOPENAPI.py             Initilize Post WebRequest Sent
2023-12-11 01:25:50             SUCCESS             MOFSLOPENAPI.py             Post WebRequest Send Successfully
2023-12-11 01:25:50             SUCCESS             MOFSLOPENAPI.py             GetLtp request sent Successfully
2023-12-11 01:32:01             SUCCESS             MOFSLOPENAPI.py             Initilize Constructor
2023-12-11 01:32:02             SUCCESS             MOFSLOPENAPI.py             Initilize Constructor Done
2023-12-11 01:32:12             SUCCESS             MOFSLOPENAPI.py             Initilize Constructor
2023-12-11 01:32:13             SUCCESS             MOFSLOPENAPI.py             Initilize Constructor Done
2023-12-11 01:32:13             SUCCESS             MOFSLOPENAPI.py             Initilize login request send
2023-12-11 01:32:13             SUCCESS             MOFSLOPENAPI.py             Initilize Post WebRequest Sent
2023-12-11 01:32:14             SUCCESS             MOFSLOPENAPI.py             Post WebRequest Send Successfully
2023-12-11 01:32:14             SUCCESS             MOFSLOPENAPI.py             Login sucessfully
2023-12-11 01:32:15             SUCCESS             MOFSLOPENAPI.py             Initilaize GetLtp request send
2023-12-11 01:32:15             SUCCESS             MOFSLOPENAPI.py             Initilize Post WebRequest Sent
2023-12-11 01:32:16             SUCCESS             MOFSLOPENAPI.py             Post WebRequest Send Successfully
2023-12-11 01:32:16             SUCCESS             MOFSLOPENAPI.py             GetLtp request sent Successfully
2023-12-11 01:33:21             SUCCESS             MOFSLOPENAPI.py             Initilize Constructor
2023-12-11 01:33:22             SUCCESS             MOFSLOPENAPI.py             Initilize Constructor Done
2023-12-11 01:33:33             SUCCESS             MOFSLOPENAPI.py             Initilize Constructor
2023-12-11 01:33:34             SUCCESS             MOFSLOPENAPI.py             Initilize Constructor Done
2023-12-11 01:33:34             SUCCESS             MOFSLOPENAPI.py             Initilize login request send
2023-12-11 01:33:34             SUCCESS             MOFSLOPENAPI.py             Initilize Post WebRequest Sent
2023-12-11 01:33:35             SUCCESS             MOFSLOPENAPI.py             Post WebRequest Send Successfully
2023-12-11 01:33:35             ERROR             MOFSLOPENAPI.py             Invalid TOTP Value | Please Provide Correct TOTP
2023-12-11 01:33:44             SUCCESS             MOFSLOPENAPI.py             Initilize Constructor
2023-12-11 01:33:45             SUCCESS             MOFSLOPENAPI.py             Initilize Constructor Done
2023-12-11 01:33:45             SUCCESS             MOFSLOPENAPI.py             Initilize login request send
2023-12-11 01:33:45             SUCCESS             MOFSLOPENAPI.py             Initilize Post WebRequest Sent
2023-12-11 01:33:46             SUCCESS             MOFSLOPENAPI.py             Post WebRequest Send Successfully
2023-12-11 01:33:46             SUCCESS             MOFSLOPENAPI.py             Login sucessfully
2023-12-11 01:33:47             SUCCESS             MOFSLOPENAPI.py             Initilaize GetLtp request send
2023-12-11 01:33:47             SUCCESS             MOFSLOPENAPI.py             Initilize Post WebRequest Sent
2023-12-11 01:33:49             SUCCESS             MOFSLOPENAPI.py             Post WebRequest Send Successfully
2023-12-11 01:33:49             SUCCESS             MOFSLOPENAPI.py             GetLtp request sent Successfully
2023-12-11 01:34:51             SUCCESS             MOFSLOPENAPI.py             Initilize Constructor
2023-12-11 01:34:52             SUCCESS             MOFSLOPENAPI.py             Initilize Constructor Done
2023-12-11 01:39:55             SUCCESS             MOFSLOPENAPI.py             Initilize Constructor
2023-12-11 01:39:56             SUCCESS             MOFSLOPENAPI.py             Initilize Constructor Done
2023-12-11 01:40:04             SUCCESS             MOFSLOPENAPI.py             Initilize Constructor
2023-12-11 01:40:05             SUCCESS             MOFSLOPENAPI.py             Initilize Constructor Done
2023-12-11 01:40:05             SUCCESS             MOFSLOPENAPI.py             Initilize login request send
2023-12-11 01:40:05             SUCCESS             MOFSLOPENAPI.py             Initilize Post WebRequest Sent
2023-12-11 01:40:07             SUCCESS             MOFSLOPENAPI.py             Post WebRequest Send Successfully
2023-12-11 01:40:07             SUCCESS             MOFSLOPENAPI.py             Login sucessfully
2023-12-11 01:40:08             SUCCESS             MOFSLOPENAPI.py             Initilaize GetLtp request send
2023-12-11 01:40:08             SUCCESS             MOFSLOPENAPI.py             Initilize Post WebRequest Sent
2023-12-11 01:40:09             SUCCESS             MOFSLOPENAPI.py             Post WebRequest Send Successfully
2023-12-11 01:40:09             SUCCESS             MOFSLOPENAPI.py             GetLtp request sent Successfully
2023-12-11 01:40:26             SUCCESS             MOFSLOPENAPI.py             Initilize Constructor
2023-12-11 01:40:27             SUCCESS             MOFSLOPENAPI.py             Initilize Constructor Done
2023-12-11 01:40:37             SUCCESS             MOFSLOPENAPI.py             Initilize Constructor
2023-12-11 01:40:38             SUCCESS             MOFSLOPENAPI.py             Initilize Constructor Done
2023-12-11 01:40:38             SUCCESS             MOFSLOPENAPI.py             Initilize login request send
2023-12-11 01:40:38             SUCCESS             MOFSLOPENAPI.py             Initilize Post WebRequest Sent
2023-12-11 01:40:40             SUCCESS             MOFSLOPENAPI.py             Post WebRequest Send Successfully
2023-12-11 01:40:40             SUCCESS             MOFSLOPENAPI.py             Login sucessfully
2023-12-11 01:40:41             SUCCESS             MOFSLOPENAPI.py             Initilaize GetLtp request send
2023-12-11 01:40:41             SUCCESS             MOFSLOPENAPI.py             Initilize Post WebRequest Sent
2023-12-11 01:40:42             SUCCESS             MOFSLOPENAPI.py             Post WebRequest Send Successfully
2023-12-11 01:40:42             SUCCESS             MOFSLOPENAPI.py             GetLtp request sent Successfully
2023-12-11 01:41:05             SUCCESS             MOFSLOPENAPI.py             Initilize Constructor
2023-12-11 01:41:06             SUCCESS             MOFSLOPENAPI.py             Initilize Constructor Done
2023-12-11 01:41:18             SUCCESS             MOFSLOPENAPI.py             Initilize Constructor
2023-12-11 01:41:19             SUCCESS             MOFSLOPENAPI.py             Initilize Constructor Done
2023-12-11 01:41:19             SUCCESS             MOFSLOPENAPI.py             Initilize login request send
2023-12-11 01:41:19             SUCCESS             MOFSLOPENAPI.py             Initilize Post WebRequest Sent
2023-12-11 01:41:20             SUCCESS             MOFSLOPENAPI.py             Post WebRequest Send Successfully
2023-12-11 01:41:20             ERROR             MOFSLOPENAPI.py             Invalid TOTP Value | Please Provide Correct TOTP
2023-12-11 01:42:48             SUCCESS             MOFSLOPENAPI.py             Initilize Constructor
2023-12-11 01:42:49             SUCCESS             MOFSLOPENAPI.py             Initilize Constructor Done
2023-12-11 01:42:49             SUCCESS             MOFSLOPENAPI.py             Initilize login request send
2023-12-11 01:42:49             SUCCESS             MOFSLOPENAPI.py             Initilize Post WebRequest Sent
2023-12-11 01:42:51             SUCCESS             MOFSLOPENAPI.py             Post WebRequest Send Successfully
2023-12-11 01:42:51             SUCCESS             MOFSLOPENAPI.py             Login sucessfully
2023-12-11 01:42:52             SUCCESS             MOFSLOPENAPI.py             Initilaize GetLtp request send
2023-12-11 01:42:52             SUCCESS             MOFSLOPENAPI.py             Initilize Post WebRequest Sent
2023-12-11 01:42:53             SUCCESS             MOFSLOPENAPI.py             Post WebRequest Send Successfully
2023-12-11 01:42:53             SUCCESS             MOFSLOPENAPI.py             GetLtp request sent Successfully
2023-12-11 01:43:15             SUCCESS             MOFSLOPENAPI.py             Initilize Constructor
2023-12-11 01:43:16             SUCCESS             MOFSLOPENAPI.py             Initilize Constructor Done
2023-12-11 01:43:25             SUCCESS             MOFSLOPENAPI.py             Initilize Constructor
2023-12-11 01:43:26             SUCCESS             MOFSLOPENAPI.py             Initilize Constructor Done
2023-12-11 01:43:26             SUCCESS             MOFSLOPENAPI.py             Initilize login request send
2023-12-11 01:43:26             SUCCESS             MOFSLOPENAPI.py             Initilize Post WebRequest Sent
2023-12-11 01:43:27             SUCCESS             MOFSLOPENAPI.py             Post WebRequest Send Successfully
2023-12-11 01:43:27             SUCCESS             MOFSLOPENAPI.py             Login sucessfully
2023-12-11 21:30:44             SUCCESS             MOFSLOPENAPI.py             Initilize Constructor
2023-12-11 21:30:45             SUCCESS             MOFSLOPENAPI.py             Initilize Constructor Done
2023-12-11 21:31:09             SUCCESS             MOFSLOPENAPI.py             Initilize Constructor
2023-12-11 21:31:10             SUCCESS             MOFSLOPENAPI.py             Initilize Constructor Done
2023-12-11 21:31:10             SUCCESS             MOFSLOPENAPI.py             Initilize login request send
2023-12-11 21:31:10             SUCCESS             MOFSLOPENAPI.py             Initilize Post WebRequest Sent
2023-12-11 21:31:12             SUCCESS             MOFSLOPENAPI.py             Post WebRequest Send Successfully
2023-12-11 21:31:12             SUCCESS             MOFSLOPENAPI.py             Login sucessfully
2023-12-11 21:31:13             SUCCESS             MOFSLOPENAPI.py             Initilaize GetLtp request send
2023-12-11 21:31:13             SUCCESS             MOFSLOPENAPI.py             Initilize Post WebRequest Sent
2023-12-11 21:31:15             SUCCESS             MOFSLOPENAPI.py             Post WebRequest Send Successfully
2023-12-11 21:31:15             SUCCESS             MOFSLOPENAPI.py             GetLtp request sent Successfully
2023-12-11 21:34:05             SUCCESS             MOFSLOPENAPI.py             Initilize Constructor
2023-12-11 21:34:06             SUCCESS             MOFSLOPENAPI.py             Initilize Constructor Done
2023-12-11 21:34:18             SUCCESS             MOFSLOPENAPI.py             Initilize Constructor
2023-12-11 21:34:20             SUCCESS             MOFSLOPENAPI.py             Initilize Constructor Done
2023-12-11 21:34:21             SUCCESS             MOFSLOPENAPI.py             Initilize login request send
2023-12-11 21:34:21             SUCCESS             MOFSLOPENAPI.py             Initilize Post WebRequest Sent
2023-12-11 21:34:22             SUCCESS             MOFSLOPENAPI.py             Post WebRequest Send Successfully
2023-12-11 21:34:22             SUCCESS             MOFSLOPENAPI.py             Login sucessfully
2023-12-11 21:34:23             SUCCESS             MOFSLOPENAPI.py             Initilaize GetLtp request send
2023-12-11 21:34:23             SUCCESS             MOFSLOPENAPI.py             Initilize Post WebRequest Sent
2023-12-11 21:34:25             SUCCESS             MOFSLOPENAPI.py             Post WebRequest Send Successfully
2023-12-11 21:34:25             SUCCESS             MOFSLOPENAPI.py             GetLtp request sent Successfully
2023-12-11 21:37:12             SUCCESS             MOFSLOPENAPI.py             Initilize Constructor
2023-12-11 21:37:13             SUCCESS             MOFSLOPENAPI.py             Initilize Constructor Done
2023-12-11 21:37:23             SUCCESS             MOFSLOPENAPI.py             Initilize Constructor
2023-12-11 21:37:23             SUCCESS             MOFSLOPENAPI.py             Initilize Constructor Done
2023-12-11 21:37:23             SUCCESS             MOFSLOPENAPI.py             Initilize login request send
2023-12-11 21:37:23             SUCCESS             MOFSLOPENAPI.py             Initilize Post WebRequest Sent
2023-12-11 21:37:25             SUCCESS             MOFSLOPENAPI.py             Post WebRequest Send Successfully
2023-12-11 21:37:25             SUCCESS             MOFSLOPENAPI.py             Login sucessfully
2023-12-11 21:37:26             SUCCESS             MOFSLOPENAPI.py             Initilaize GetLtp request send
2023-12-11 21:37:26             SUCCESS             MOFSLOPENAPI.py             Initilize Post WebRequest Sent
2023-12-11 21:37:28             SUCCESS             MOFSLOPENAPI.py             Post WebRequest Send Successfully
2023-12-11 21:37:28             SUCCESS             MOFSLOPENAPI.py             GetLtp request sent Successfully
2023-12-11 23:10:34             SUCCESS             MOFSLOPENAPI.py             Initilize Constructor
2023-12-11 23:10:37             SUCCESS             MOFSLOPENAPI.py             Initilize Constructor Done
2023-12-11 23:15:11             SUCCESS             MOFSLOPENAPI.py             Initilize Constructor
2023-12-11 23:15:15             SUCCESS             MOFSLOPENAPI.py             Initilize Constructor Done
2023-12-11 23:15:15             SUCCESS             MOFSLOPENAPI.py             Initilize login request send
2023-12-11 23:15:15             SUCCESS             MOFSLOPENAPI.py             Initilize Post WebRequest Sent
2023-12-11 23:15:16             SUCCESS             MOFSLOPENAPI.py             Post WebRequest Send Successfully
2023-12-11 23:15:16             SUCCESS             MOFSLOPENAPI.py             Login sucessfully
2023-12-11 23:15:17             SUCCESS             MOFSLOPENAPI.py             Initilaize GetLtp request send
2023-12-11 23:15:17             SUCCESS             MOFSLOPENAPI.py             Initilize Post WebRequest Sent
2023-12-11 23:15:19             SUCCESS             MOFSLOPENAPI.py             Post WebRequest Send Successfully
2023-12-11 23:15:19             SUCCESS             MOFSLOPENAPI.py             GetLtp request sent Successfully
2023-12-11 23:18:11             SUCCESS             MOFSLOPENAPI.py             Initilize Constructor
2023-12-11 23:18:15             SUCCESS             MOFSLOPENAPI.py             Initilize Constructor Done
2023-12-11 23:18:34             SUCCESS             MOFSLOPENAPI.py             Initilize Constructor
2023-12-11 23:18:35             SUCCESS             MOFSLOPENAPI.py             Initilize Constructor Done
2023-12-11 23:18:35             SUCCESS             MOFSLOPENAPI.py             Initilize login request send
2023-12-11 23:18:35             SUCCESS             MOFSLOPENAPI.py             Initilize Post WebRequest Sent
2023-12-11 23:18:37             SUCCESS             MOFSLOPENAPI.py             Post WebRequest Send Successfully
2023-12-11 23:18:37             SUCCESS             MOFSLOPENAPI.py             Login sucessfully
2023-12-11 23:18:39             SUCCESS             MOFSLOPENAPI.py             Initilaize GetLtp request send
2023-12-11 23:18:39             SUCCESS             MOFSLOPENAPI.py             Initilize Post WebRequest Sent
2023-12-11 23:18:40             SUCCESS             MOFSLOPENAPI.py             Post WebRequest Send Successfully
2023-12-11 23:18:40             SUCCESS             MOFSLOPENAPI.py             GetLtp request sent Successfully
2023-12-11 23:21:29             SUCCESS             MOFSLOPENAPI.py             Initilize Constructor
2023-12-11 23:21:30             SUCCESS             MOFSLOPENAPI.py             Initilize Constructor Done
2023-12-11 23:21:43             SUCCESS             MOFSLOPENAPI.py             Initilize Constructor
2023-12-11 23:21:45             SUCCESS             MOFSLOPENAPI.py             Initilize Constructor Done
2023-12-11 23:21:45             SUCCESS             MOFSLOPENAPI.py             Initilize login request send
2023-12-11 23:21:45             SUCCESS             MOFSLOPENAPI.py             Initilize Post WebRequest Sent
2023-12-11 23:21:46             SUCCESS             MOFSLOPENAPI.py             Post WebRequest Send Successfully
2023-12-11 23:21:46             SUCCESS             MOFSLOPENAPI.py             Login sucessfully
2023-12-11 23:21:47             SUCCESS             MOFSLOPENAPI.py             Initilaize GetLtp request send
2023-12-11 23:21:47             SUCCESS             MOFSLOPENAPI.py             Initilize Post WebRequest Sent
2023-12-11 23:21:48             SUCCESS             MOFSLOPENAPI.py             Post WebRequest Send Successfully
2023-12-11 23:21:48             SUCCESS             MOFSLOPENAPI.py             GetLtp request sent Successfully
2023-12-11 23:26:06             SUCCESS             MOFSLOPENAPI.py             Initilize Constructor
2023-12-11 23:26:07             SUCCESS             MOFSLOPENAPI.py             Initilize Constructor Done
2023-12-11 23:26:18             SUCCESS             MOFSLOPENAPI.py             Initilize Constructor
2023-12-11 23:26:19             SUCCESS             MOFSLOPENAPI.py             Initilize Constructor Done
2023-12-11 23:26:19             SUCCESS             MOFSLOPENAPI.py             Initilize login request send
2023-12-11 23:26:19             SUCCESS             MOFSLOPENAPI.py             Initilize Post WebRequest Sent
2023-12-11 23:26:20             SUCCESS             MOFSLOPENAPI.py             Post WebRequest Send Successfully
2023-12-11 23:26:20             SUCCESS             MOFSLOPENAPI.py             Login sucessfully
2023-12-11 23:26:21             SUCCESS             MOFSLOPENAPI.py             Initilaize GetLtp request send
2023-12-11 23:26:21             SUCCESS             MOFSLOPENAPI.py             Initilize Post WebRequest Sent
2023-12-11 23:26:23             SUCCESS             MOFSLOPENAPI.py             Post WebRequest Send Successfully
2023-12-11 23:26:23             SUCCESS             MOFSLOPENAPI.py             GetLtp request sent Successfully
2023-12-11 23:34:31             SUCCESS             MOFSLOPENAPI.py             Initilize Constructor
2023-12-11 23:34:33             SUCCESS             MOFSLOPENAPI.py             Initilize Constructor Done
2023-12-11 23:34:54             SUCCESS             MOFSLOPENAPI.py             Initilize Constructor
2023-12-11 23:34:57             SUCCESS             MOFSLOPENAPI.py             Initilize Constructor Done
2023-12-11 23:34:57             SUCCESS             MOFSLOPENAPI.py             Initilize login request send
2023-12-11 23:34:57             SUCCESS             MOFSLOPENAPI.py             Initilize Post WebRequest Sent
2023-12-11 23:34:58             SUCCESS             MOFSLOPENAPI.py             Post WebRequest Send Successfully
2023-12-11 23:34:58             SUCCESS             MOFSLOPENAPI.py             Login sucessfully
2023-12-11 23:34:59             SUCCESS             MOFSLOPENAPI.py             Initilaize GetLtp request send
2023-12-11 23:34:59             SUCCESS             MOFSLOPENAPI.py             Initilize Post WebRequest Sent
2023-12-11 23:35:02             SUCCESS             MOFSLOPENAPI.py             Post WebRequest Send Successfully
2023-12-11 23:35:02             SUCCESS             MOFSLOPENAPI.py             GetLtp request sent Successfully
2023-12-11 23:36:21             SUCCESS             MOFSLOPENAPI.py             Initilize Constructor
2023-12-11 23:36:24             SUCCESS             MOFSLOPENAPI.py             Initilize Constructor Done
2023-12-11 23:36:58             SUCCESS             MOFSLOPENAPI.py             Initilize Constructor
2023-12-11 23:36:59             SUCCESS             MOFSLOPENAPI.py             Initilize Constructor Done
2023-12-11 23:36:59             SUCCESS             MOFSLOPENAPI.py             Initilize login request send
2023-12-11 23:36:59             SUCCESS             MOFSLOPENAPI.py             Initilize Post WebRequest Sent
2023-12-11 23:37:01             SUCCESS             MOFSLOPENAPI.py             Post WebRequest Send Successfully
2023-12-11 23:37:01             SUCCESS             MOFSLOPENAPI.py             Login sucessfully
2023-12-11 23:37:03             SUCCESS             MOFSLOPENAPI.py             Initilaize GetLtp request send
2023-12-11 23:37:03             SUCCESS             MOFSLOPENAPI.py             Initilize Post WebRequest Sent
2023-12-11 23:37:04             SUCCESS             MOFSLOPENAPI.py             Post WebRequest Send Successfully
2023-12-11 23:37:04             SUCCESS             MOFSLOPENAPI.py             GetLtp request sent Successfully
2023-12-11 23:37:52             SUCCESS             MOFSLOPENAPI.py             Initilize Constructor
2023-12-11 23:37:55             SUCCESS             MOFSLOPENAPI.py             Initilize Constructor Done
2023-12-11 23:38:13             SUCCESS             MOFSLOPENAPI.py             Initilize Constructor
2023-12-11 23:38:15             SUCCESS             MOFSLOPENAPI.py             Initilize Constructor Done
2023-12-11 23:38:15             SUCCESS             MOFSLOPENAPI.py             Initilize login request send
2023-12-11 23:38:15             SUCCESS             MOFSLOPENAPI.py             Initilize Post WebRequest Sent
2023-12-11 23:38:18             SUCCESS             MOFSLOPENAPI.py             Post WebRequest Send Successfully
2023-12-11 23:38:18             SUCCESS             MOFSLOPENAPI.py             Login sucessfully
2023-12-11 23:38:19             SUCCESS             MOFSLOPENAPI.py             Initilaize GetLtp request send
2023-12-11 23:38:19             SUCCESS             MOFSLOPENAPI.py             Initilize Post WebRequest Sent
2023-12-11 23:38:21             SUCCESS             MOFSLOPENAPI.py             Post WebRequest Send Successfully
2023-12-11 23:38:21             SUCCESS             MOFSLOPENAPI.py             GetLtp request sent Successfully
