2023-12-12 00:07:18             SUCCESS             MOFSLOPENAPI.py             Initilize Constructor
2023-12-12 00:07:20             SUCCESS             MOFSLOPENAPI.py             Initilize Constructor Done
2023-12-12 00:07:55             SUCCESS             MOFSLOPENAPI.py             Initilize login request send
2023-12-12 00:07:55             SUCCESS             MOFSLOPENAPI.py             Initilize Post WebRequest Sent
2023-12-12 00:07:58             SUCCESS             MOFSLOPENAPI.py             Post WebRequest Send Successfully
2023-12-12 00:07:58             SUCCESS             MOFSLOPENAPI.py             Login sucessfully
2023-12-12 00:08:11             SUCCESS             MOFSLOPENAPI.py             Initilize Constructor
2023-12-12 00:08:12             SUCCESS             MOFSLOPENAPI.py             Initilize Constructor Done
2023-12-12 00:17:40             SUCCESS             MOFSLOPENAPI.py             Initilize Constructor
2023-12-12 00:17:42             SUCCESS             MOFSLOPENAPI.py             Initilize Constructor Done
2023-12-12 00:22:49             SUCCESS             MOFSLOPENAPI.py             Initilize Constructor
2023-12-12 00:22:51             SUCCESS             MOFSLOPENAPI.py             Initilize Constructor Done
2023-12-12 00:24:30             SUCCESS             MOFSLOPENAPI.py             Initilize Constructor
2023-12-12 00:24:31             SUCCESS             MOFSLOPENAPI.py             Initilize Constructor Done
2023-12-12 00:26:42             SUCCESS             MOFSLOPENAPI.py             Initilize Constructor
2023-12-12 00:28:27             FAILED             MOFSLOPENAPI.py             GetPublicIPAddressHTTPConnectionPool(host='checkip.dyndns.org', port=80): Max retries exceeded with url: / (Caused by ConnectTimeoutError(<urllib3.connection.HTTPConnection object at 0x0000022C17CE37D0>, 'Connection to checkip.dyndns.org timed out. (connect timeout=None)'))
2023-12-12 00:28:32             SUCCESS             MOFSLOPENAPI.py             Initilize Constructor Done
2023-12-12 20:24:37             SUCCESS             MOFSLOPENAPI.py             Initilize Constructor
2023-12-12 20:24:39             SUCCESS             MOFSLOPENAPI.py             Initilize Constructor Done
2023-12-12 21:23:10             SUCCESS             MOFSLOPENAPI.py             Initilize Constructor
2023-12-12 21:23:12             SUCCESS             MOFSLOPENAPI.py             Initilize Constructor Done
2023-12-12 21:23:39             SUCCESS             MOFSLOPENAPI.py             Initilize Constructor
2023-12-12 21:23:40             SUCCESS             MOFSLOPENAPI.py             Initilize Constructor Done
2023-12-12 21:23:40             SUCCESS             MOFSLOPENAPI.py             Initilize login request send
2023-12-12 21:23:40             SUCCESS             MOFSLOPENAPI.py             Initilize Post WebRequest Sent
2023-12-12 21:23:43             SUCCESS             MOFSLOPENAPI.py             Post WebRequest Send Successfully
2023-12-12 21:23:43             SUCCESS             MOFSLOPENAPI.py             Login sucessfully
2023-12-12 21:23:45             SUCCESS             MOFSLOPENAPI.py             Initilaize GetLtp request send
2023-12-12 21:23:45             SUCCESS             MOFSLOPENAPI.py             Initilize Post WebRequest Sent
2023-12-12 21:23:46             SUCCESS             MOFSLOPENAPI.py             Post WebRequest Send Successfully
2023-12-12 21:23:47             SUCCESS             MOFSLOPENAPI.py             GetLtp request sent Successfully
2023-12-12 21:25:32             SUCCESS             MOFSLOPENAPI.py             Initilize Constructor
2023-12-12 21:25:34             SUCCESS             MOFSLOPENAPI.py             Initilize Constructor Done
2023-12-12 21:25:58             SUCCESS             MOFSLOPENAPI.py             Initilize Constructor
2023-12-12 21:25:59             SUCCESS             MOFSLOPENAPI.py             Initilize Constructor Done
2023-12-12 21:25:59             SUCCESS             MOFSLOPENAPI.py             Initilize login request send
2023-12-12 21:25:59             SUCCESS             MOFSLOPENAPI.py             Initilize Post WebRequest Sent
2023-12-12 21:26:01             SUCCESS             MOFSLOPENAPI.py             Post WebRequest Send Successfully
2023-12-12 21:26:01             SUCCESS             MOFSLOPENAPI.py             Login sucessfully
2023-12-12 21:26:02             SUCCESS             MOFSLOPENAPI.py             Initilaize GetLtp request send
2023-12-12 21:26:02             SUCCESS             MOFSLOPENAPI.py             Initilize Post WebRequest Sent
2023-12-12 21:26:04             SUCCESS             MOFSLOPENAPI.py             Post WebRequest Send Successfully
2023-12-12 21:26:04             SUCCESS             MOFSLOPENAPI.py             GetLtp request sent Successfully
2023-12-12 21:27:49             SUCCESS             MOFSLOPENAPI.py             Initilize Constructor
2023-12-12 21:27:51             SUCCESS             MOFSLOPENAPI.py             Initilize Constructor Done
2023-12-12 21:28:11             SUCCESS             MOFSLOPENAPI.py             Initilize Constructor
2023-12-12 21:28:13             SUCCESS             MOFSLOPENAPI.py             Initilize Constructor Done
2023-12-12 21:28:13             SUCCESS             MOFSLOPENAPI.py             Initilize login request send
2023-12-12 21:28:13             SUCCESS             MOFSLOPENAPI.py             Initilize Post WebRequest Sent
2023-12-12 21:28:14             SUCCESS             MOFSLOPENAPI.py             Post WebRequest Send Successfully
2023-12-12 21:28:15             SUCCESS             MOFSLOPENAPI.py             Login sucessfully
2023-12-12 21:28:16             SUCCESS             MOFSLOPENAPI.py             Initilaize GetLtp request send
2023-12-12 21:28:16             SUCCESS             MOFSLOPENAPI.py             Initilize Post WebRequest Sent
2023-12-12 21:28:17             SUCCESS             MOFSLOPENAPI.py             Post WebRequest Send Successfully
2023-12-12 21:28:17             SUCCESS             MOFSLOPENAPI.py             GetLtp request sent Successfully
2023-12-12 21:29:20             SUCCESS             MOFSLOPENAPI.py             Initilize Constructor
2023-12-12 21:29:21             SUCCESS             MOFSLOPENAPI.py             Initilize Constructor Done
2023-12-12 21:29:55             SUCCESS             MOFSLOPENAPI.py             Initilize Constructor
2023-12-12 21:29:56             SUCCESS             MOFSLOPENAPI.py             Initilize Constructor Done
2023-12-12 21:29:56             SUCCESS             MOFSLOPENAPI.py             Initilize login request send
2023-12-12 21:29:56             SUCCESS             MOFSLOPENAPI.py             Initilize Post WebRequest Sent
2023-12-12 21:30:00             SUCCESS             MOFSLOPENAPI.py             Post WebRequest Send Successfully
2023-12-12 21:30:00             SUCCESS             MOFSLOPENAPI.py             Login sucessfully
2023-12-12 21:30:01             SUCCESS             MOFSLOPENAPI.py             Initilaize GetLtp request send
2023-12-12 21:30:01             SUCCESS             MOFSLOPENAPI.py             Initilize Post WebRequest Sent
2023-12-12 21:30:03             SUCCESS             MOFSLOPENAPI.py             Post WebRequest Send Successfully
2023-12-12 21:30:03             SUCCESS             MOFSLOPENAPI.py             GetLtp request sent Successfully
2023-12-12 22:12:29             SUCCESS             MOFSLOPENAPI.py             Initilize Constructor
2023-12-12 22:12:31             SUCCESS             MOFSLOPENAPI.py             Initilize Constructor Done
2023-12-12 22:15:48             SUCCESS             MOFSLOPENAPI.py             Initilize Constructor
2023-12-12 22:15:50             SUCCESS             MOFSLOPENAPI.py             Initilize Constructor Done
2023-12-12 22:16:36             SUCCESS             MOFSLOPENAPI.py             Initilize Constructor
2023-12-12 22:16:37             SUCCESS             MOFSLOPENAPI.py             Initilize Constructor Done
2023-12-12 22:16:37             SUCCESS             MOFSLOPENAPI.py             Initilize login request send
2023-12-12 22:16:38             SUCCESS             MOFSLOPENAPI.py             Initilize Post WebRequest Sent
2023-12-12 22:16:42             SUCCESS             MOFSLOPENAPI.py             Post WebRequest Send Successfully
2023-12-12 22:16:42             SUCCESS             MOFSLOPENAPI.py             Login sucessfully
2023-12-12 22:16:43             SUCCESS             MOFSLOPENAPI.py             Initilaize GetLtp request send
2023-12-12 22:16:43             SUCCESS             MOFSLOPENAPI.py             Initilize Post WebRequest Sent
2023-12-12 22:16:45             SUCCESS             MOFSLOPENAPI.py             Post WebRequest Send Successfully
2023-12-12 22:16:45             SUCCESS             MOFSLOPENAPI.py             GetLtp request sent Successfully
2023-12-12 22:32:18             SUCCESS             MOFSLOPENAPI.py             Initilize Constructor
2023-12-12 22:32:19             SUCCESS             MOFSLOPENAPI.py             Initilize Constructor Done
2023-12-12 22:33:08             SUCCESS             MOFSLOPENAPI.py             Initilize Constructor
2023-12-12 22:33:11             SUCCESS             MOFSLOPENAPI.py             Initilize Constructor Done
2023-12-12 22:33:11             SUCCESS             MOFSLOPENAPI.py             Initilize login request send
2023-12-12 22:33:11             SUCCESS             MOFSLOPENAPI.py             Initilize Post WebRequest Sent
2023-12-12 22:33:14             SUCCESS             MOFSLOPENAPI.py             Post WebRequest Send Successfully
2023-12-12 22:33:14             SUCCESS             MOFSLOPENAPI.py             Login sucessfully
2023-12-12 22:33:15             SUCCESS             MOFSLOPENAPI.py             Initilaize GetLtp request send
2023-12-12 22:33:15             SUCCESS             MOFSLOPENAPI.py             Initilize Post WebRequest Sent
2023-12-12 22:33:17             SUCCESS             MOFSLOPENAPI.py             Post WebRequest Send Successfully
2023-12-12 22:33:17             SUCCESS             MOFSLOPENAPI.py             GetLtp request sent Successfully
2023-12-12 22:38:28             SUCCESS             MOFSLOPENAPI.py             Initilize Constructor
2023-12-12 22:38:35             SUCCESS             MOFSLOPENAPI.py             Initilize Constructor Done
2023-12-12 22:59:41             SUCCESS             MOFSLOPENAPI.py             Initilize Constructor
2023-12-12 22:59:53             FAILED             MOFSLOPENAPI.py             GetPublicIPAddress('Connection aborted.', ConnectionResetError(10054, 'An existing connection was forcibly closed by the remote host', None, 10054, None))
2023-12-12 22:59:54             SUCCESS             MOFSLOPENAPI.py             Initilize Constructor Done
2023-12-12 23:02:27             SUCCESS             MOFSLOPENAPI.py             Initilize Constructor
2023-12-12 23:02:29             SUCCESS             MOFSLOPENAPI.py             Initilize Constructor Done
2023-12-12 23:04:05             SUCCESS             MOFSLOPENAPI.py             Initilize Constructor
2023-12-12 23:04:06             SUCCESS             MOFSLOPENAPI.py             Initilize Constructor Done
2023-12-12 23:07:15             SUCCESS             MOFSLOPENAPI.py             Initilize Constructor
2023-12-12 23:07:16             SUCCESS             MOFSLOPENAPI.py             Initilize Constructor Done
2023-12-12 23:10:13             SUCCESS             MOFSLOPENAPI.py             Initilize Constructor
2023-12-12 23:10:14             SUCCESS             MOFSLOPENAPI.py             Initilize Constructor Done
2023-12-12 23:11:05             SUCCESS             MOFSLOPENAPI.py             Initilize Constructor
2023-12-12 23:11:06             SUCCESS             MOFSLOPENAPI.py             Initilize Constructor Done
2023-12-12 23:15:25             SUCCESS             MOFSLOPENAPI.py             Initilize Constructor
2023-12-12 23:15:26             SUCCESS             MOFSLOPENAPI.py             Initilize Constructor Done
2023-12-12 23:16:06             SUCCESS             MOFSLOPENAPI.py             Initilize Constructor
2023-12-12 23:16:07             SUCCESS             MOFSLOPENAPI.py             Initilize Constructor Done
2023-12-12 23:20:07             SUCCESS             MOFSLOPENAPI.py             Initilize Constructor
2023-12-12 23:20:08             SUCCESS             MOFSLOPENAPI.py             Initilize Constructor Done
2023-12-12 23:20:40             SUCCESS             MOFSLOPENAPI.py             Initilize Constructor
2023-12-12 23:20:48             SUCCESS             MOFSLOPENAPI.py             Initilize Constructor Done
2023-12-12 23:25:06             SUCCESS             MOFSLOPENAPI.py             Initilize Constructor
2023-12-12 23:25:07             SUCCESS             MOFSLOPENAPI.py             Initilize Constructor Done
2023-12-12 23:26:56             SUCCESS             MOFSLOPENAPI.py             Initilize Constructor
2023-12-12 23:26:57             SUCCESS             MOFSLOPENAPI.py             Initilize Constructor Done
2023-12-12 23:27:10             SUCCESS             MOFSLOPENAPI.py             Initilize Constructor
2023-12-12 23:27:11             SUCCESS             MOFSLOPENAPI.py             Initilize Constructor Done
2023-12-12 23:28:12             SUCCESS             MOFSLOPENAPI.py             Initilize Constructor
2023-12-12 23:28:13             SUCCESS             MOFSLOPENAPI.py             Initilize Constructor Done
2023-12-12 23:52:47             SUCCESS             MOFSLOPENAPI.py             Initilize Constructor
2023-12-12 23:53:01             SUCCESS             MOFSLOPENAPI.py             Initilize Constructor Done
