2024-01-12 01:29:40             SUCCESS             MOFSLOPENAPI.py             Initilize Constructor
2024-01-12 01:29:41             SUCCESS             MOFSLOPENAPI.py             GetManufacturerLENOVO
2024-01-12 01:29:41             SUCCESS             MOFSLOPENAPI.py             Initilize Constructor Done
2024-01-12 01:29:55             SUCCESS             MOFSLOPENAPI.py             Initilize Constructor
2024-01-12 01:29:56             SUCCESS             MOFSLOPENAPI.py             GetManufacturerLENOVO
2024-01-12 01:29:56             SUCCESS             MOFSLOPENAPI.py             Initilize Constructor Done
2024-01-12 01:29:56             SUCCESS             MOFSLOPENAPI.py             Initilize login request send
2024-01-12 01:29:56             SUCCESS             MOFSLOPENAPI.py             Initilize Post WebRequest Sent
2024-01-12 01:29:58             SUCCESS             MOFSLOPENAPI.py             Post WebRequest Send Successfully
2024-01-12 01:29:58             SUCCESS             MOFSLOPENAPI.py             Login sucessfully
2024-01-12 01:29:59             SUCCESS             MOFSLOPENAPI.py             Initilaize GetLtp request send
2024-01-12 01:29:59             SUCCESS             MOFSLOPENAPI.py             Initilize Post WebRequest Sent
2024-01-12 01:30:01             SUCCESS             MOFSLOPENAPI.py             Post WebRequest Send Successfully
2024-01-12 01:30:01             SUCCESS             MOFSLOPENAPI.py             GetLtp request sent Successfully
2024-01-12 01:30:03             SUCCESS             MOFSLOPENAPI.py             Initilaize GetOrderBook request send
2024-01-12 01:30:03             SUCCESS             MOFSLOPENAPI.py             Initilize Post WebRequest Sent
2024-01-12 01:30:04             SUCCESS             MOFSLOPENAPI.py             Post WebRequest Send Successfully
2024-01-12 01:30:04             SUCCESS             MOFSLOPENAPI.py             GetOrderBook request sent Successfully
2024-01-12 01:30:21             SUCCESS             MOFSLOPENAPI.py             Initilaize GetLtp request send
2024-01-12 01:30:21             SUCCESS             MOFSLOPENAPI.py             Initilize Post WebRequest Sent
2024-01-12 01:30:22             SUCCESS             MOFSLOPENAPI.py             Post WebRequest Send Successfully
2024-01-12 01:30:22             SUCCESS             MOFSLOPENAPI.py             GetLtp request sent Successfully
2024-01-12 14:10:06             SUCCESS             MOFSLOPENAPI.py             Initilize Constructor
2024-01-12 14:10:08             SUCCESS             MOFSLOPENAPI.py             GetManufacturerLENOVO
2024-01-12 14:10:08             SUCCESS             MOFSLOPENAPI.py             Initilize Constructor Done
2024-01-12 14:11:11             SUCCESS             MOFSLOPENAPI.py             Initilize Constructor
2024-01-12 14:11:13             SUCCESS             MOFSLOPENAPI.py             GetManufacturerLENOVO
2024-01-12 14:11:14             SUCCESS             MOFSLOPENAPI.py             Initilize Constructor Done
2024-01-12 14:11:14             SUCCESS             MOFSLOPENAPI.py             Initilize login request send
2024-01-12 14:11:14             SUCCESS             MOFSLOPENAPI.py             Initilize Post WebRequest Sent
2024-01-12 14:11:16             SUCCESS             MOFSLOPENAPI.py             Post WebRequest Send Successfully
2024-01-12 14:11:16             SUCCESS             MOFSLOPENAPI.py             Login sucessfully
2024-01-12 14:14:46             SUCCESS             MOFSLOPENAPI.py             Initilize Constructor
2024-01-12 14:14:47             SUCCESS             MOFSLOPENAPI.py             GetManufacturerLENOVO
2024-01-12 14:14:48             SUCCESS             MOFSLOPENAPI.py             Initilize Constructor Done
2024-01-12 14:14:58             SUCCESS             MOFSLOPENAPI.py             Initilize Constructor
2024-01-12 14:15:00             SUCCESS             MOFSLOPENAPI.py             GetManufacturerLENOVO
2024-01-12 14:15:00             SUCCESS             MOFSLOPENAPI.py             Initilize Constructor Done
2024-01-12 14:15:00             SUCCESS             MOFSLOPENAPI.py             Initilize login request send
2024-01-12 14:15:00             SUCCESS             MOFSLOPENAPI.py             Initilize Post WebRequest Sent
2024-01-12 14:15:02             SUCCESS             MOFSLOPENAPI.py             Post WebRequest Send Successfully
2024-01-12 14:15:02             SUCCESS             MOFSLOPENAPI.py             Login sucessfully
2024-01-12 14:16:45             SUCCESS             MOFSLOPENAPI.py             Initilize Constructor
2024-01-12 14:16:46             SUCCESS             MOFSLOPENAPI.py             GetManufacturerLENOVO
2024-01-12 14:16:47             SUCCESS             MOFSLOPENAPI.py             Initilize Constructor Done
2024-01-12 14:16:54             SUCCESS             MOFSLOPENAPI.py             Initilize Constructor
2024-01-12 14:16:56             SUCCESS             MOFSLOPENAPI.py             GetManufacturerLENOVO
2024-01-12 14:16:56             SUCCESS             MOFSLOPENAPI.py             Initilize Constructor Done
2024-01-12 14:16:56             SUCCESS             MOFSLOPENAPI.py             Initilize login request send
2024-01-12 14:16:56             SUCCESS             MOFSLOPENAPI.py             Initilize Post WebRequest Sent
2024-01-12 14:16:58             SUCCESS             MOFSLOPENAPI.py             Post WebRequest Send Successfully
2024-01-12 14:16:58             SUCCESS             MOFSLOPENAPI.py             Login sucessfully
2024-01-12 14:18:46             SUCCESS             MOFSLOPENAPI.py             Initilize Constructor
2024-01-12 14:18:48             SUCCESS             MOFSLOPENAPI.py             GetManufacturerLENOVO
2024-01-12 14:18:48             SUCCESS             MOFSLOPENAPI.py             Initilize Constructor Done
2024-01-12 14:19:08             SUCCESS             MOFSLOPENAPI.py             Initilize Constructor
2024-01-12 14:19:09             SUCCESS             MOFSLOPENAPI.py             GetManufacturerLENOVO
2024-01-12 14:19:10             SUCCESS             MOFSLOPENAPI.py             Initilize Constructor Done
2024-01-12 14:19:10             SUCCESS             MOFSLOPENAPI.py             Initilize login request send
2024-01-12 14:19:10             SUCCESS             MOFSLOPENAPI.py             Initilize Post WebRequest Sent
2024-01-12 14:19:12             SUCCESS             MOFSLOPENAPI.py             Post WebRequest Send Successfully
2024-01-12 14:19:12             SUCCESS             MOFSLOPENAPI.py             Login sucessfully
2024-01-12 14:21:41             SUCCESS             MOFSLOPENAPI.py             Initilize Constructor
2024-01-12 14:21:43             SUCCESS             MOFSLOPENAPI.py             GetManufacturerLENOVO
2024-01-12 14:21:43             SUCCESS             MOFSLOPENAPI.py             Initilize Constructor Done
2024-01-12 14:21:51             SUCCESS             MOFSLOPENAPI.py             Initilize Constructor
2024-01-12 14:21:52             SUCCESS             MOFSLOPENAPI.py             GetManufacturerLENOVO
2024-01-12 14:21:52             SUCCESS             MOFSLOPENAPI.py             Initilize Constructor Done
2024-01-12 14:21:52             SUCCESS             MOFSLOPENAPI.py             Initilize login request send
2024-01-12 14:21:52             SUCCESS             MOFSLOPENAPI.py             Initilize Post WebRequest Sent
2024-01-12 14:21:54             SUCCESS             MOFSLOPENAPI.py             Post WebRequest Send Successfully
2024-01-12 14:21:54             SUCCESS             MOFSLOPENAPI.py             Login sucessfully
2024-01-12 14:26:32             SUCCESS             MOFSLOPENAPI.py             Initilize Constructor
2024-01-12 14:26:32             SUCCESS             MOFSLOPENAPI.py             GetManufacturerLENOVO
2024-01-12 14:26:33             SUCCESS             MOFSLOPENAPI.py             Initilize Constructor Done
2024-01-12 14:26:40             SUCCESS             MOFSLOPENAPI.py             Initilize Constructor
2024-01-12 14:26:41             SUCCESS             MOFSLOPENAPI.py             GetManufacturerLENOVO
2024-01-12 14:26:41             SUCCESS             MOFSLOPENAPI.py             Initilize Constructor Done
2024-01-12 14:26:41             SUCCESS             MOFSLOPENAPI.py             Initilize login request send
2024-01-12 14:26:41             SUCCESS             MOFSLOPENAPI.py             Initilize Post WebRequest Sent
2024-01-12 14:26:43             SUCCESS             MOFSLOPENAPI.py             Post WebRequest Send Successfully
2024-01-12 14:26:43             SUCCESS             MOFSLOPENAPI.py             Login sucessfully
2024-01-12 14:33:11             SUCCESS             MOFSLOPENAPI.py             Initilize Constructor
2024-01-12 14:33:12             SUCCESS             MOFSLOPENAPI.py             GetManufacturerLENOVO
2024-01-12 14:33:12             SUCCESS             MOFSLOPENAPI.py             Initilize Constructor Done
2024-01-12 14:33:21             SUCCESS             MOFSLOPENAPI.py             Initilize Constructor
2024-01-12 14:33:21             SUCCESS             MOFSLOPENAPI.py             GetManufacturerLENOVO
2024-01-12 14:33:22             SUCCESS             MOFSLOPENAPI.py             Initilize Constructor Done
2024-01-12 14:33:22             SUCCESS             MOFSLOPENAPI.py             Initilize login request send
2024-01-12 14:33:22             SUCCESS             MOFSLOPENAPI.py             Initilize Post WebRequest Sent
2024-01-12 14:33:24             SUCCESS             MOFSLOPENAPI.py             Post WebRequest Send Successfully
2024-01-12 14:33:24             SUCCESS             MOFSLOPENAPI.py             Login sucessfully
2024-01-12 14:40:04             SUCCESS             MOFSLOPENAPI.py             Initilize Constructor
2024-01-12 14:40:06             SUCCESS             MOFSLOPENAPI.py             GetManufacturerLENOVO
2024-01-12 14:40:06             SUCCESS             MOFSLOPENAPI.py             Initilize Constructor Done
2024-01-12 14:40:16             SUCCESS             MOFSLOPENAPI.py             Initilize Constructor
2024-01-12 14:40:17             SUCCESS             MOFSLOPENAPI.py             GetManufacturerLENOVO
2024-01-12 14:40:18             SUCCESS             MOFSLOPENAPI.py             Initilize Constructor Done
2024-01-12 14:40:18             SUCCESS             MOFSLOPENAPI.py             Initilize login request send
2024-01-12 14:40:18             SUCCESS             MOFSLOPENAPI.py             Initilize Post WebRequest Sent
2024-01-12 14:40:19             SUCCESS             MOFSLOPENAPI.py             Post WebRequest Send Successfully
2024-01-12 14:40:19             SUCCESS             MOFSLOPENAPI.py             Login sucessfully
2024-01-12 14:51:37             SUCCESS             MOFSLOPENAPI.py             Initilize Constructor
2024-01-12 14:51:39             SUCCESS             MOFSLOPENAPI.py             GetManufacturerLENOVO
2024-01-12 14:51:39             SUCCESS             MOFSLOPENAPI.py             Initilize Constructor Done
2024-01-12 14:51:41             SUCCESS             MOFSLOPENAPI.py             Initilize Constructor
2024-01-12 14:51:43             SUCCESS             MOFSLOPENAPI.py             GetManufacturerLENOVO
2024-01-12 14:51:43             SUCCESS             MOFSLOPENAPI.py             Initilize Constructor Done
2024-01-12 14:51:52             SUCCESS             MOFSLOPENAPI.py             Initilize Constructor
2024-01-12 14:51:52             SUCCESS             MOFSLOPENAPI.py             GetManufacturerLENOVO
2024-01-12 14:51:53             SUCCESS             MOFSLOPENAPI.py             Initilize Constructor Done
2024-01-12 14:51:53             SUCCESS             MOFSLOPENAPI.py             Initilize login request send
2024-01-12 14:51:53             SUCCESS             MOFSLOPENAPI.py             Initilize Post WebRequest Sent
2024-01-12 14:51:55             SUCCESS             MOFSLOPENAPI.py             Post WebRequest Send Successfully
2024-01-12 14:51:55             SUCCESS             MOFSLOPENAPI.py             Login sucessfully
2024-01-12 14:53:18             SUCCESS             MOFSLOPENAPI.py             Initilize Constructor
2024-01-12 14:53:19             SUCCESS             MOFSLOPENAPI.py             GetManufacturerLENOVO
2024-01-12 14:53:20             SUCCESS             MOFSLOPENAPI.py             Initilize Constructor Done
2024-01-12 14:53:38             SUCCESS             MOFSLOPENAPI.py             Initilize Constructor
2024-01-12 14:53:40             SUCCESS             MOFSLOPENAPI.py             GetManufacturerLENOVO
2024-01-12 14:53:40             SUCCESS             MOFSLOPENAPI.py             Initilize Constructor Done
2024-01-12 14:53:40             SUCCESS             MOFSLOPENAPI.py             Initilize login request send
2024-01-12 14:53:40             SUCCESS             MOFSLOPENAPI.py             Initilize Post WebRequest Sent
2024-01-12 14:53:42             SUCCESS             MOFSLOPENAPI.py             Post WebRequest Send Successfully
2024-01-12 14:53:42             SUCCESS             MOFSLOPENAPI.py             Login sucessfully
2024-01-12 15:07:09             SUCCESS             MOFSLOPENAPI.py             Initilize Constructor
2024-01-12 15:07:10             SUCCESS             MOFSLOPENAPI.py             GetManufacturerLENOVO
2024-01-12 15:07:10             SUCCESS             MOFSLOPENAPI.py             Initilize Constructor Done
2024-01-12 15:07:13             SUCCESS             MOFSLOPENAPI.py             Initilize Constructor
2024-01-12 15:07:13             SUCCESS             MOFSLOPENAPI.py             GetManufacturerLENOVO
2024-01-12 15:07:14             SUCCESS             MOFSLOPENAPI.py             Initilize Constructor Done
2024-01-12 15:07:23             SUCCESS             MOFSLOPENAPI.py             Initilize Constructor
2024-01-12 15:07:24             SUCCESS             MOFSLOPENAPI.py             GetManufacturerLENOVO
2024-01-12 15:07:24             SUCCESS             MOFSLOPENAPI.py             Initilize Constructor Done
2024-01-12 15:07:24             SUCCESS             MOFSLOPENAPI.py             Initilize login request send
2024-01-12 15:07:24             SUCCESS             MOFSLOPENAPI.py             Initilize Post WebRequest Sent
2024-01-12 15:07:26             SUCCESS             MOFSLOPENAPI.py             Post WebRequest Send Successfully
2024-01-12 15:07:26             SUCCESS             MOFSLOPENAPI.py             Login sucessfully
2024-01-12 15:09:38             SUCCESS             MOFSLOPENAPI.py             Initilize Constructor
2024-01-12 15:09:38             SUCCESS             MOFSLOPENAPI.py             GetManufacturerLENOVO
2024-01-12 15:09:39             SUCCESS             MOFSLOPENAPI.py             Initilize Constructor Done
2024-01-12 15:09:39             SUCCESS             MOFSLOPENAPI.py             Initilize login request send
2024-01-12 15:09:39             SUCCESS             MOFSLOPENAPI.py             Initilize Post WebRequest Sent
2024-01-12 15:09:41             SUCCESS             MOFSLOPENAPI.py             Post WebRequest Send Successfully
2024-01-12 15:09:41             SUCCESS             MOFSLOPENAPI.py             Login sucessfully
2024-01-12 15:14:10             SUCCESS             MOFSLOPENAPI.py             Initilize Constructor
2024-01-12 15:14:10             SUCCESS             MOFSLOPENAPI.py             GetManufacturerLENOVO
2024-01-12 15:14:11             SUCCESS             MOFSLOPENAPI.py             Initilize Constructor Done
2024-01-12 15:14:24             SUCCESS             MOFSLOPENAPI.py             Initilize Constructor
2024-01-12 15:14:25             SUCCESS             MOFSLOPENAPI.py             GetManufacturerLENOVO
2024-01-12 15:14:25             SUCCESS             MOFSLOPENAPI.py             Initilize Constructor Done
2024-01-12 15:14:25             SUCCESS             MOFSLOPENAPI.py             Initilize login request send
2024-01-12 15:14:25             SUCCESS             MOFSLOPENAPI.py             Initilize Post WebRequest Sent
2024-01-12 15:14:28             SUCCESS             MOFSLOPENAPI.py             Post WebRequest Send Successfully
2024-01-12 15:14:28             SUCCESS             MOFSLOPENAPI.py             Login sucessfully
2024-01-12 15:15:10             SUCCESS             MOFSLOPENAPI.py             Initilize Constructor
2024-01-12 15:15:15             SUCCESS             MOFSLOPENAPI.py             GetManufacturerLENOVO
2024-01-12 15:15:15             SUCCESS             MOFSLOPENAPI.py             Initilize Constructor Done
2024-01-12 15:15:15             SUCCESS             MOFSLOPENAPI.py             Initilize login request send
2024-01-12 15:15:15             SUCCESS             MOFSLOPENAPI.py             Initilize Post WebRequest Sent
2024-01-12 15:15:17             SUCCESS             MOFSLOPENAPI.py             Post WebRequest Send Successfully
2024-01-12 15:15:17             SUCCESS             MOFSLOPENAPI.py             Login sucessfully
2024-01-12 15:18:27             SUCCESS             MOFSLOPENAPI.py             Initilize Constructor
2024-01-12 15:18:28             SUCCESS             MOFSLOPENAPI.py             GetManufacturerLENOVO
2024-01-12 15:18:28             SUCCESS             MOFSLOPENAPI.py             Initilize Constructor Done
2024-01-12 15:18:50             SUCCESS             MOFSLOPENAPI.py             Initilize Constructor
2024-01-12 15:18:51             SUCCESS             MOFSLOPENAPI.py             GetManufacturerLENOVO
2024-01-12 15:18:51             SUCCESS             MOFSLOPENAPI.py             Initilize Constructor Done
2024-01-12 15:19:06             SUCCESS             MOFSLOPENAPI.py             Initilize Constructor
2024-01-12 15:19:06             SUCCESS             MOFSLOPENAPI.py             GetManufacturerLENOVO
2024-01-12 15:19:07             SUCCESS             MOFSLOPENAPI.py             Initilize Constructor Done
2024-01-12 15:19:29             SUCCESS             MOFSLOPENAPI.py             Initilize Constructor
2024-01-12 15:19:29             SUCCESS             MOFSLOPENAPI.py             GetManufacturerLENOVO
2024-01-12 15:19:30             SUCCESS             MOFSLOPENAPI.py             Initilize Constructor Done
2024-01-12 15:19:30             SUCCESS             MOFSLOPENAPI.py             Initilize login request send
2024-01-12 15:19:30             SUCCESS             MOFSLOPENAPI.py             Initilize Post WebRequest Sent
2024-01-12 15:19:31             SUCCESS             MOFSLOPENAPI.py             Post WebRequest Send Successfully
2024-01-12 15:19:31             SUCCESS             MOFSLOPENAPI.py             Login sucessfully
2024-01-12 15:21:42             SUCCESS             MOFSLOPENAPI.py             Initilize Constructor
2024-01-12 15:21:43             SUCCESS             MOFSLOPENAPI.py             GetManufacturerLENOVO
2024-01-12 15:21:43             SUCCESS             MOFSLOPENAPI.py             Initilize Constructor Done
2024-01-12 15:21:43             SUCCESS             MOFSLOPENAPI.py             Initilize login request send
2024-01-12 15:21:43             SUCCESS             MOFSLOPENAPI.py             Initilize Post WebRequest Sent
2024-01-12 15:21:45             SUCCESS             MOFSLOPENAPI.py             Post WebRequest Send Successfully
2024-01-12 15:21:45             SUCCESS             MOFSLOPENAPI.py             Login sucessfully
2024-01-12 15:21:45             SUCCESS             MOFSLOPENAPI.py             Initilaize getbroadcastmaxlimit request send
2024-01-12 15:21:45             SUCCESS             MOFSLOPENAPI.py             Initilize Post WebRequest Sent
2024-01-12 15:21:47             SUCCESS             MOFSLOPENAPI.py             Post WebRequest Send Successfully
2024-01-12 15:21:47             SUCCESS             MOFSLOPENAPI.py             getbroadcastmaxlimit request sent Successfully
2024-01-12 15:23:36             SUCCESS             MOFSLOPENAPI.py             Initilize Constructor
2024-01-12 15:23:36             SUCCESS             MOFSLOPENAPI.py             GetManufacturerLENOVO
2024-01-12 15:23:37             SUCCESS             MOFSLOPENAPI.py             Initilize Constructor Done
2024-01-12 15:23:51             SUCCESS             MOFSLOPENAPI.py             Initilize Constructor
2024-01-12 15:23:52             SUCCESS             MOFSLOPENAPI.py             GetManufacturerLENOVO
2024-01-12 15:23:52             SUCCESS             MOFSLOPENAPI.py             Initilize Constructor Done
2024-01-12 15:23:52             SUCCESS             MOFSLOPENAPI.py             Initilize login request send
2024-01-12 15:23:52             SUCCESS             MOFSLOPENAPI.py             Initilize Post WebRequest Sent
2024-01-12 15:23:53             SUCCESS             MOFSLOPENAPI.py             Post WebRequest Send Successfully
2024-01-12 15:23:53             SUCCESS             MOFSLOPENAPI.py             Login sucessfully
2024-01-12 15:25:21             SUCCESS             MOFSLOPENAPI.py             Initilize Constructor
2024-01-12 15:25:22             SUCCESS             MOFSLOPENAPI.py             GetManufacturerLENOVO
2024-01-12 15:25:22             SUCCESS             MOFSLOPENAPI.py             Initilize Constructor Done
2024-01-12 15:25:37             SUCCESS             MOFSLOPENAPI.py             Initilize Constructor
2024-01-12 15:25:38             SUCCESS             MOFSLOPENAPI.py             GetManufacturerLENOVO
2024-01-12 15:25:39             SUCCESS             MOFSLOPENAPI.py             Initilize Constructor Done
2024-01-12 15:25:51             SUCCESS             MOFSLOPENAPI.py             Initilize login request send
2024-01-12 15:25:51             SUCCESS             MOFSLOPENAPI.py             Initilize Post WebRequest Sent
2024-01-12 15:25:54             SUCCESS             MOFSLOPENAPI.py             Post WebRequest Send Successfully
2024-01-12 15:25:54             SUCCESS             MOFSLOPENAPI.py             Login sucessfully
2024-01-12 15:28:16             SUCCESS             MOFSLOPENAPI.py             Initilize Constructor
2024-01-12 15:28:18             SUCCESS             MOFSLOPENAPI.py             GetManufacturerLENOVO
2024-01-12 15:28:18             SUCCESS             MOFSLOPENAPI.py             Initilize Constructor Done
2024-01-12 15:28:27             SUCCESS             MOFSLOPENAPI.py             Initilize Constructor
2024-01-12 15:28:28             SUCCESS             MOFSLOPENAPI.py             GetManufacturerLENOVO
2024-01-12 15:28:28             SUCCESS             MOFSLOPENAPI.py             Initilize Constructor Done
2024-01-12 15:28:28             SUCCESS             MOFSLOPENAPI.py             Initilize login request send
2024-01-12 15:28:28             SUCCESS             MOFSLOPENAPI.py             Initilize Post WebRequest Sent
2024-01-12 15:28:30             SUCCESS             MOFSLOPENAPI.py             Post WebRequest Send Successfully
2024-01-12 15:28:30             SUCCESS             MOFSLOPENAPI.py             Login sucessfully
2024-01-12 15:33:56             SUCCESS             MOFSLOPENAPI.py             Initilize Constructor
2024-01-12 15:33:57             SUCCESS             MOFSLOPENAPI.py             GetManufacturerLENOVO
2024-01-12 15:33:57             SUCCESS             MOFSLOPENAPI.py             Initilize Constructor Done
2024-01-12 15:34:06             SUCCESS             MOFSLOPENAPI.py             Initilize Constructor
2024-01-12 15:34:09             SUCCESS             MOFSLOPENAPI.py             GetManufacturerLENOVO
2024-01-12 15:34:09             SUCCESS             MOFSLOPENAPI.py             Initilize Constructor Done
2024-01-12 15:34:09             SUCCESS             MOFSLOPENAPI.py             Initilize login request send
2024-01-12 15:34:09             SUCCESS             MOFSLOPENAPI.py             Initilize Post WebRequest Sent
2024-01-12 15:34:10             SUCCESS             MOFSLOPENAPI.py             Post WebRequest Send Successfully
2024-01-12 15:34:10             SUCCESS             MOFSLOPENAPI.py             Login sucessfully
2024-01-12 15:40:46             SUCCESS             MOFSLOPENAPI.py             Initilize Constructor
2024-01-12 15:40:47             SUCCESS             MOFSLOPENAPI.py             GetManufacturerLENOVO
2024-01-12 15:40:47             SUCCESS             MOFSLOPENAPI.py             Initilize Constructor Done
2024-01-12 15:40:47             SUCCESS             MOFSLOPENAPI.py             Initilize login request send
2024-01-12 15:40:47             SUCCESS             MOFSLOPENAPI.py             Initilize Post WebRequest Sent
2024-01-12 15:40:49             SUCCESS             MOFSLOPENAPI.py             Post WebRequest Send Successfully
2024-01-12 15:40:49             SUCCESS             MOFSLOPENAPI.py             Login sucessfully
2024-01-12 15:41:07             SUCCESS             MOFSLOPENAPI.py             Initilize Constructor
2024-01-12 15:41:08             SUCCESS             MOFSLOPENAPI.py             GetManufacturerLENOVO
2024-01-12 15:41:08             SUCCESS             MOFSLOPENAPI.py             Initilize Constructor Done
2024-01-12 15:41:08             SUCCESS             MOFSLOPENAPI.py             Initilize login request send
2024-01-12 15:41:08             SUCCESS             MOFSLOPENAPI.py             Initilize Post WebRequest Sent
2024-01-12 15:41:10             SUCCESS             MOFSLOPENAPI.py             Post WebRequest Send Successfully
2024-01-12 15:41:10             SUCCESS             MOFSLOPENAPI.py             Login sucessfully
2024-01-12 15:45:49             SUCCESS             MOFSLOPENAPI.py             Initilize Constructor
2024-01-12 15:45:49             SUCCESS             MOFSLOPENAPI.py             GetManufacturerLENOVO
2024-01-12 15:45:50             SUCCESS             MOFSLOPENAPI.py             Initilize Constructor Done
2024-01-12 15:45:50             SUCCESS             MOFSLOPENAPI.py             Initilize login request send
2024-01-12 15:45:50             SUCCESS             MOFSLOPENAPI.py             Initilize Post WebRequest Sent
2024-01-12 15:45:51             SUCCESS             MOFSLOPENAPI.py             Post WebRequest Send Successfully
2024-01-12 15:45:51             SUCCESS             MOFSLOPENAPI.py             Login sucessfully
2024-01-12 15:47:31             SUCCESS             MOFSLOPENAPI.py             Initilize Constructor
2024-01-12 15:47:31             SUCCESS             MOFSLOPENAPI.py             GetManufacturerLENOVO
2024-01-12 15:47:32             SUCCESS             MOFSLOPENAPI.py             Initilize Constructor Done
2024-01-12 15:47:55             SUCCESS             MOFSLOPENAPI.py             Initilize Constructor
2024-01-12 15:47:56             SUCCESS             MOFSLOPENAPI.py             GetManufacturerLENOVO
2024-01-12 15:47:56             SUCCESS             MOFSLOPENAPI.py             Initilize Constructor Done
2024-01-12 15:47:56             SUCCESS             MOFSLOPENAPI.py             Initilize login request send
2024-01-12 15:47:56             SUCCESS             MOFSLOPENAPI.py             Initilize Post WebRequest Sent
2024-01-12 15:47:58             SUCCESS             MOFSLOPENAPI.py             Post WebRequest Send Successfully
2024-01-12 15:47:58             SUCCESS             MOFSLOPENAPI.py             Login sucessfully
2024-01-12 15:51:23             SUCCESS             MOFSLOPENAPI.py             Initilize Constructor
2024-01-12 15:51:24             SUCCESS             MOFSLOPENAPI.py             GetManufacturerLENOVO
2024-01-12 15:51:24             SUCCESS             MOFSLOPENAPI.py             Initilize Constructor Done
2024-01-12 15:51:39             SUCCESS             MOFSLOPENAPI.py             Initilize Constructor
2024-01-12 15:51:42             SUCCESS             MOFSLOPENAPI.py             GetManufacturerLENOVO
2024-01-12 15:51:42             SUCCESS             MOFSLOPENAPI.py             Initilize Constructor Done
2024-01-12 15:51:42             SUCCESS             MOFSLOPENAPI.py             Initilize login request send
2024-01-12 15:51:42             SUCCESS             MOFSLOPENAPI.py             Initilize Post WebRequest Sent
2024-01-12 15:51:44             SUCCESS             MOFSLOPENAPI.py             Post WebRequest Send Successfully
2024-01-12 15:51:44             SUCCESS             MOFSLOPENAPI.py             Login sucessfully
2024-01-12 15:54:15             SUCCESS             MOFSLOPENAPI.py             Initilize Constructor
2024-01-12 15:54:15             SUCCESS             MOFSLOPENAPI.py             GetManufacturerLENOVO
2024-01-12 15:54:16             SUCCESS             MOFSLOPENAPI.py             Initilize Constructor Done
2024-01-12 15:54:23             SUCCESS             MOFSLOPENAPI.py             Initilize Constructor
2024-01-12 15:54:24             SUCCESS             MOFSLOPENAPI.py             GetManufacturerLENOVO
2024-01-12 15:54:24             SUCCESS             MOFSLOPENAPI.py             Initilize Constructor Done
2024-01-12 15:54:24             SUCCESS             MOFSLOPENAPI.py             Initilize login request send
2024-01-12 15:54:24             SUCCESS             MOFSLOPENAPI.py             Initilize Post WebRequest Sent
2024-01-12 15:54:25             SUCCESS             MOFSLOPENAPI.py             Post WebRequest Send Successfully
2024-01-12 15:54:25             SUCCESS             MOFSLOPENAPI.py             Login sucessfully
2024-01-12 16:01:52             SUCCESS             MOFSLOPENAPI.py             Initilize Constructor
2024-01-12 16:01:54             SUCCESS             MOFSLOPENAPI.py             GetManufacturerLENOVO
2024-01-12 16:01:54             SUCCESS             MOFSLOPENAPI.py             Initilize Constructor Done
2024-01-12 16:01:54             SUCCESS             MOFSLOPENAPI.py             Initilize login request send
2024-01-12 16:01:54             SUCCESS             MOFSLOPENAPI.py             Initilize Post WebRequest Sent
2024-01-12 16:01:55             SUCCESS             MOFSLOPENAPI.py             Post WebRequest Send Successfully
2024-01-12 16:01:55             SUCCESS             MOFSLOPENAPI.py             Login sucessfully
2024-01-12 16:02:14             SUCCESS             MOFSLOPENAPI.py             Initilize Constructor
2024-01-12 16:02:14             SUCCESS             MOFSLOPENAPI.py             GetManufacturerLENOVO
2024-01-12 16:02:15             SUCCESS             MOFSLOPENAPI.py             Initilize Constructor Done
2024-01-12 16:02:15             SUCCESS             MOFSLOPENAPI.py             Initilize login request send
2024-01-12 16:02:15             SUCCESS             MOFSLOPENAPI.py             Initilize Post WebRequest Sent
2024-01-12 16:02:16             SUCCESS             MOFSLOPENAPI.py             Post WebRequest Send Successfully
2024-01-12 16:02:16             SUCCESS             MOFSLOPENAPI.py             Login sucessfully
2024-01-12 16:16:46             SUCCESS             MOFSLOPENAPI.py             Initilize Constructor
2024-01-12 16:16:47             SUCCESS             MOFSLOPENAPI.py             GetManufacturerLENOVO
2024-01-12 16:16:47             SUCCESS             MOFSLOPENAPI.py             Initilize Constructor Done
2024-01-12 16:31:23             SUCCESS             MOFSLOPENAPI.py             Initilize Constructor
2024-01-12 16:31:23             SUCCESS             MOFSLOPENAPI.py             GetManufacturerLENOVO
2024-01-12 16:31:24             SUCCESS             MOFSLOPENAPI.py             Initilize Constructor Done
2024-01-12 16:31:26             SUCCESS             MOFSLOPENAPI.py             Initilize Constructor
2024-01-12 16:31:27             SUCCESS             MOFSLOPENAPI.py             GetManufacturerLENOVO
2024-01-12 16:31:27             SUCCESS             MOFSLOPENAPI.py             Initilize Constructor Done
2024-01-12 16:31:45             SUCCESS             MOFSLOPENAPI.py             Initilize Constructor
2024-01-12 16:31:45             SUCCESS             MOFSLOPENAPI.py             GetManufacturerLENOVO
2024-01-12 16:31:46             SUCCESS             MOFSLOPENAPI.py             Initilize Constructor Done
2024-01-12 16:31:46             SUCCESS             MOFSLOPENAPI.py             Initilize login request send
2024-01-12 16:31:46             SUCCESS             MOFSLOPENAPI.py             Initilize Post WebRequest Sent
2024-01-12 16:31:47             SUCCESS             MOFSLOPENAPI.py             Post WebRequest Send Successfully
2024-01-12 16:31:47             SUCCESS             MOFSLOPENAPI.py             Login sucessfully
2024-01-12 16:34:00             SUCCESS             MOFSLOPENAPI.py             Initilize Constructor
2024-01-12 16:34:01             SUCCESS             MOFSLOPENAPI.py             GetManufacturerLENOVO
2024-01-12 16:34:01             SUCCESS             MOFSLOPENAPI.py             Initilize Constructor Done
2024-01-12 16:34:09             SUCCESS             MOFSLOPENAPI.py             Initilize Constructor
2024-01-12 16:34:09             SUCCESS             MOFSLOPENAPI.py             GetManufacturerLENOVO
2024-01-12 16:34:10             SUCCESS             MOFSLOPENAPI.py             Initilize Constructor Done
2024-01-12 16:34:10             SUCCESS             MOFSLOPENAPI.py             Initilize login request send
2024-01-12 16:34:10             SUCCESS             MOFSLOPENAPI.py             Initilize Post WebRequest Sent
2024-01-12 16:34:11             SUCCESS             MOFSLOPENAPI.py             Post WebRequest Send Successfully
2024-01-12 16:34:11             SUCCESS             MOFSLOPENAPI.py             Login sucessfully
2024-01-12 16:34:13             SUCCESS             MOFSLOPENAPI.py             Initilaize GetLtp request send
2024-01-12 16:34:13             SUCCESS             MOFSLOPENAPI.py             Initilize Post WebRequest Sent
2024-01-12 16:34:14             SUCCESS             MOFSLOPENAPI.py             Post WebRequest Send Successfully
2024-01-12 16:34:14             SUCCESS             MOFSLOPENAPI.py             GetLtp request sent Successfully
2024-01-12 16:34:16             SUCCESS             MOFSLOPENAPI.py             Initilaize GetOrderBook request send
2024-01-12 16:34:16             SUCCESS             MOFSLOPENAPI.py             Initilize Post WebRequest Sent
2024-01-12 16:34:18             SUCCESS             MOFSLOPENAPI.py             Post WebRequest Send Successfully
2024-01-12 16:34:18             SUCCESS             MOFSLOPENAPI.py             GetOrderBook request sent Successfully
2024-01-12 16:35:07             SUCCESS             MOFSLOPENAPI.py             Initilaize GetLtp request send
2024-01-12 16:35:07             SUCCESS             MOFSLOPENAPI.py             Initilize Post WebRequest Sent
2024-01-12 16:35:08             SUCCESS             MOFSLOPENAPI.py             Post WebRequest Send Successfully
2024-01-12 16:35:08             SUCCESS             MOFSLOPENAPI.py             GetLtp request sent Successfully
2024-01-12 16:35:20             SUCCESS             MOFSLOPENAPI.py             Initilize Constructor
2024-01-12 16:35:20             SUCCESS             MOFSLOPENAPI.py             GetManufacturerLENOVO
2024-01-12 16:35:21             SUCCESS             MOFSLOPENAPI.py             Initilize Constructor Done
2024-01-12 16:52:41             SUCCESS             MOFSLOPENAPI.py             Initilize Constructor
2024-01-12 16:52:42             SUCCESS             MOFSLOPENAPI.py             GetManufacturerLENOVO
2024-01-12 16:52:42             SUCCESS             MOFSLOPENAPI.py             Initilize Constructor Done
2024-01-12 16:52:53             SUCCESS             MOFSLOPENAPI.py             Initilize Constructor
2024-01-12 16:52:53             SUCCESS             MOFSLOPENAPI.py             GetManufacturerLENOVO
2024-01-12 16:52:54             SUCCESS             MOFSLOPENAPI.py             Initilize Constructor Done
2024-01-12 16:52:54             SUCCESS             MOFSLOPENAPI.py             Initilize login request send
2024-01-12 16:52:54             SUCCESS             MOFSLOPENAPI.py             Initilize Post WebRequest Sent
2024-01-12 16:52:55             SUCCESS             MOFSLOPENAPI.py             Post WebRequest Send Successfully
2024-01-12 16:52:55             SUCCESS             MOFSLOPENAPI.py             Login sucessfully
2024-01-12 16:52:56             SUCCESS             MOFSLOPENAPI.py             Initilaize GetLtp request send
2024-01-12 16:52:56             SUCCESS             MOFSLOPENAPI.py             Initilize Post WebRequest Sent
2024-01-12 16:52:58             SUCCESS             MOFSLOPENAPI.py             Post WebRequest Send Successfully
2024-01-12 16:52:58             SUCCESS             MOFSLOPENAPI.py             GetLtp request sent Successfully
2024-01-12 16:53:00             SUCCESS             MOFSLOPENAPI.py             Initilaize GetOrderBook request send
2024-01-12 16:53:00             SUCCESS             MOFSLOPENAPI.py             Initilize Post WebRequest Sent
2024-01-12 16:53:01             SUCCESS             MOFSLOPENAPI.py             Post WebRequest Send Successfully
2024-01-12 16:53:01             SUCCESS             MOFSLOPENAPI.py             GetOrderBook request sent Successfully
2024-01-12 16:53:04             SUCCESS             MOFSLOPENAPI.py             Initilaize GetLtp request send
2024-01-12 16:53:04             SUCCESS             MOFSLOPENAPI.py             Initilize Post WebRequest Sent
2024-01-12 16:53:05             SUCCESS             MOFSLOPENAPI.py             Post WebRequest Send Successfully
2024-01-12 16:53:05             SUCCESS             MOFSLOPENAPI.py             GetLtp request sent Successfully
2024-01-12 16:56:51             SUCCESS             MOFSLOPENAPI.py             Initilaize GetLtp request send
2024-01-12 16:56:51             SUCCESS             MOFSLOPENAPI.py             Initilize Post WebRequest Sent
2024-01-12 16:56:52             SUCCESS             MOFSLOPENAPI.py             Post WebRequest Send Successfully
2024-01-12 16:56:52             SUCCESS             MOFSLOPENAPI.py             GetLtp request sent Successfully
2024-01-12 16:57:03             SUCCESS             MOFSLOPENAPI.py             Initilize Constructor
2024-01-12 16:57:03             SUCCESS             MOFSLOPENAPI.py             GetManufacturerLENOVO
2024-01-12 16:57:04             SUCCESS             MOFSLOPENAPI.py             Initilize Constructor Done
2024-01-12 16:57:18             SUCCESS             MOFSLOPENAPI.py             Initilize Constructor
2024-01-12 16:57:19             SUCCESS             MOFSLOPENAPI.py             GetManufacturerLENOVO
2024-01-12 16:57:19             SUCCESS             MOFSLOPENAPI.py             Initilize Constructor Done
2024-01-12 16:57:19             SUCCESS             MOFSLOPENAPI.py             Initilize login request send
2024-01-12 16:57:19             SUCCESS             MOFSLOPENAPI.py             Initilize Post WebRequest Sent
2024-01-12 16:57:21             SUCCESS             MOFSLOPENAPI.py             Post WebRequest Send Successfully
2024-01-12 16:57:21             SUCCESS             MOFSLOPENAPI.py             Login sucessfully
2024-01-12 16:57:22             SUCCESS             MOFSLOPENAPI.py             Initilaize GetLtp request send
2024-01-12 16:57:22             SUCCESS             MOFSLOPENAPI.py             Initilize Post WebRequest Sent
2024-01-12 16:57:24             SUCCESS             MOFSLOPENAPI.py             Post WebRequest Send Successfully
2024-01-12 16:57:24             SUCCESS             MOFSLOPENAPI.py             GetLtp request sent Successfully
2024-01-12 16:57:26             SUCCESS             MOFSLOPENAPI.py             Initilaize GetOrderBook request send
2024-01-12 16:57:26             SUCCESS             MOFSLOPENAPI.py             Initilize Post WebRequest Sent
2024-01-12 16:57:28             SUCCESS             MOFSLOPENAPI.py             Post WebRequest Send Successfully
2024-01-12 16:57:28             SUCCESS             MOFSLOPENAPI.py             GetOrderBook request sent Successfully
2024-01-12 16:57:33             SUCCESS             MOFSLOPENAPI.py             Initilaize GetLtp request send
2024-01-12 16:57:33             SUCCESS             MOFSLOPENAPI.py             Initilize Post WebRequest Sent
2024-01-12 16:57:34             SUCCESS             MOFSLOPENAPI.py             Post WebRequest Send Successfully
2024-01-12 16:57:34             SUCCESS             MOFSLOPENAPI.py             GetLtp request sent Successfully
2024-01-12 19:05:09             SUCCESS             MOFSLOPENAPI.py             Initilize Constructor
2024-01-12 19:05:09             FAILED             MOFSLOPENAPI.py             GetPublicIPAddressHTTPConnectionPool(host='checkip.dyndns.org', port=80): Max retries exceeded with url: / (Caused by NameResolutionError("<urllib3.connection.HTTPConnection object at 0x000001D002CECEF0>: Failed to resolve 'checkip.dyndns.org' ([Errno 11001] getaddrinfo failed)"))
2024-01-12 19:05:09             SUCCESS             MOFSLOPENAPI.py             GetManufacturerLENOVO
2024-01-12 19:05:09             SUCCESS             MOFSLOPENAPI.py             Initilize Constructor Done
2024-01-12 19:05:26             SUCCESS             MOFSLOPENAPI.py             Initilize Constructor
2024-01-12 19:05:26             FAILED             MOFSLOPENAPI.py             GetPublicIPAddressHTTPConnectionPool(host='checkip.dyndns.org', port=80): Max retries exceeded with url: / (Caused by NameResolutionError("<urllib3.connection.HTTPConnection object at 0x000001D002AAB680>: Failed to resolve 'checkip.dyndns.org' ([Errno 11001] getaddrinfo failed)"))
2024-01-12 19:05:26             SUCCESS             MOFSLOPENAPI.py             GetManufacturerLENOVO
2024-01-12 19:05:26             SUCCESS             MOFSLOPENAPI.py             Initilize Constructor Done
2024-01-12 19:05:26             SUCCESS             MOFSLOPENAPI.py             Initilize login request send
2024-01-12 19:05:26             SUCCESS             MOFSLOPENAPI.py             Initilize Post WebRequest Sent
2024-01-12 19:05:26             FAILED             MOFSLOPENAPI.py             Network connection is unavailable
2024-01-12 19:05:26             FAILED             MOFSLOPENAPI.py             'NoneType' object is not subscriptable
2024-01-12 19:05:26             FAILED             MOFSLOPENAPI.py             login_Error while sending the webRequest
2024-01-12 19:05:26             FAILED             MOFSLOPENAPI.py             Login Request failed
2024-01-12 19:05:38             SUCCESS             MOFSLOPENAPI.py             Initilize Constructor
2024-01-12 19:05:38             FAILED             MOFSLOPENAPI.py             GetPublicIPAddressHTTPConnectionPool(host='checkip.dyndns.org', port=80): Max retries exceeded with url: / (Caused by NameResolutionError("<urllib3.connection.HTTPConnection object at 0x000001D002C699D0>: Failed to resolve 'checkip.dyndns.org' ([Errno 11001] getaddrinfo failed)"))
2024-01-12 19:05:38             SUCCESS             MOFSLOPENAPI.py             GetManufacturerLENOVO
2024-01-12 19:05:38             SUCCESS             MOFSLOPENAPI.py             Initilize Constructor Done
2024-01-12 19:05:38             SUCCESS             MOFSLOPENAPI.py             Initilize login request send
2024-01-12 19:05:38             SUCCESS             MOFSLOPENAPI.py             Initilize Post WebRequest Sent
2024-01-12 19:05:38             FAILED             MOFSLOPENAPI.py             Network connection is unavailable
2024-01-12 19:05:38             FAILED             MOFSLOPENAPI.py             'NoneType' object is not subscriptable
2024-01-12 19:05:38             FAILED             MOFSLOPENAPI.py             login_Error while sending the webRequest
2024-01-12 19:05:38             FAILED             MOFSLOPENAPI.py             Login Request failed
2024-01-12 19:06:37             SUCCESS             MOFSLOPENAPI.py             Initilize Constructor
2024-01-12 19:06:37             SUCCESS             MOFSLOPENAPI.py             GetManufacturerLENOVO
2024-01-12 19:06:38             SUCCESS             MOFSLOPENAPI.py             Initilize Constructor Done
2024-01-12 19:06:38             SUCCESS             MOFSLOPENAPI.py             Initilize login request send
2024-01-12 19:06:38             SUCCESS             MOFSLOPENAPI.py             Initilize Post WebRequest Sent
2024-01-12 19:06:40             SUCCESS             MOFSLOPENAPI.py             Post WebRequest Send Successfully
2024-01-12 19:06:40             SUCCESS             MOFSLOPENAPI.py             Login sucessfully
2024-01-12 19:06:42             SUCCESS             MOFSLOPENAPI.py             Initilaize GetLtp request send
2024-01-12 19:06:42             SUCCESS             MOFSLOPENAPI.py             Initilize Post WebRequest Sent
2024-01-12 19:06:43             SUCCESS             MOFSLOPENAPI.py             Post WebRequest Send Successfully
2024-01-12 19:06:43             SUCCESS             MOFSLOPENAPI.py             GetLtp request sent Successfully
2024-01-12 19:06:47             SUCCESS             MOFSLOPENAPI.py             Initilaize GetOrderBook request send
2024-01-12 19:06:47             SUCCESS             MOFSLOPENAPI.py             Initilize Post WebRequest Sent
2024-01-12 19:06:48             SUCCESS             MOFSLOPENAPI.py             Post WebRequest Send Successfully
2024-01-12 19:06:48             SUCCESS             MOFSLOPENAPI.py             GetOrderBook request sent Successfully
2024-01-12 19:07:01             SUCCESS             MOFSLOPENAPI.py             Initilaize GetLtp request send
2024-01-12 19:07:01             SUCCESS             MOFSLOPENAPI.py             Initilize Post WebRequest Sent
2024-01-12 19:07:03             SUCCESS             MOFSLOPENAPI.py             Post WebRequest Send Successfully
2024-01-12 19:07:03             SUCCESS             MOFSLOPENAPI.py             GetLtp request sent Successfully
2024-01-12 19:09:46             SUCCESS             MOFSLOPENAPI.py             Initilaize GetLtp request send
2024-01-12 19:09:46             SUCCESS             MOFSLOPENAPI.py             Initilize Post WebRequest Sent
2024-01-12 19:09:48             SUCCESS             MOFSLOPENAPI.py             Post WebRequest Send Successfully
2024-01-12 19:09:48             SUCCESS             MOFSLOPENAPI.py             GetLtp request sent Successfully
2024-01-12 19:09:52             SUCCESS             MOFSLOPENAPI.py             Initilaize GetLtp request send
2024-01-12 19:09:52             SUCCESS             MOFSLOPENAPI.py             Initilize Post WebRequest Sent
2024-01-12 19:09:55             SUCCESS             MOFSLOPENAPI.py             Post WebRequest Send Successfully
2024-01-12 19:09:55             SUCCESS             MOFSLOPENAPI.py             GetLtp request sent Successfully
2024-01-12 19:09:59             SUCCESS             MOFSLOPENAPI.py             Initilaize GetOrderBook request send
2024-01-12 19:09:59             SUCCESS             MOFSLOPENAPI.py             Initilize Post WebRequest Sent
2024-01-12 19:10:01             SUCCESS             MOFSLOPENAPI.py             Post WebRequest Send Successfully
2024-01-12 19:10:01             SUCCESS             MOFSLOPENAPI.py             GetOrderBook request sent Successfully
2024-01-12 19:10:07             SUCCESS             MOFSLOPENAPI.py             Initilaize GetLtp request send
2024-01-12 19:10:07             SUCCESS             MOFSLOPENAPI.py             Initilize Post WebRequest Sent
2024-01-12 19:10:10             SUCCESS             MOFSLOPENAPI.py             Post WebRequest Send Successfully
2024-01-12 19:10:10             SUCCESS             MOFSLOPENAPI.py             GetLtp request sent Successfully
2024-01-12 19:11:16             SUCCESS             MOFSLOPENAPI.py             Initilaize GetLtp request send
2024-01-12 19:11:17             SUCCESS             MOFSLOPENAPI.py             Initilize Post WebRequest Sent
2024-01-12 19:11:19             SUCCESS             MOFSLOPENAPI.py             Post WebRequest Send Successfully
2024-01-12 19:11:19             SUCCESS             MOFSLOPENAPI.py             GetLtp request sent Successfully
2024-01-12 19:11:20             SUCCESS             MOFSLOPENAPI.py             Initilaize GetLtp request send
2024-01-12 19:11:20             SUCCESS             MOFSLOPENAPI.py             Initilize Post WebRequest Sent
2024-01-12 19:11:24             SUCCESS             MOFSLOPENAPI.py             Post WebRequest Send Successfully
2024-01-12 19:11:24             SUCCESS             MOFSLOPENAPI.py             GetLtp request sent Successfully
2024-01-12 19:11:43             SUCCESS             MOFSLOPENAPI.py             Initilaize GetLtp request send
2024-01-12 19:11:43             SUCCESS             MOFSLOPENAPI.py             Initilize Post WebRequest Sent
2024-01-12 19:11:45             SUCCESS             MOFSLOPENAPI.py             Post WebRequest Send Successfully
2024-01-12 19:11:45             SUCCESS             MOFSLOPENAPI.py             GetLtp request sent Successfully
2024-01-12 19:13:48             SUCCESS             MOFSLOPENAPI.py             Initilaize GetLtp request send
2024-01-12 19:13:48             SUCCESS             MOFSLOPENAPI.py             Initilize Post WebRequest Sent
2024-01-12 19:13:51             SUCCESS             MOFSLOPENAPI.py             Post WebRequest Send Successfully
2024-01-12 19:13:51             SUCCESS             MOFSLOPENAPI.py             GetLtp request sent Successfully
2024-01-12 19:14:16             SUCCESS             MOFSLOPENAPI.py             Initilaize GetLtp request send
2024-01-12 19:14:16             SUCCESS             MOFSLOPENAPI.py             Initilize Post WebRequest Sent
2024-01-12 19:14:18             SUCCESS             MOFSLOPENAPI.py             Post WebRequest Send Successfully
2024-01-12 19:14:18             SUCCESS             MOFSLOPENAPI.py             GetLtp request sent Successfully
2024-01-12 19:14:22             SUCCESS             MOFSLOPENAPI.py             Initilaize GetLtp request send
2024-01-12 19:14:22             SUCCESS             MOFSLOPENAPI.py             Initilize Post WebRequest Sent
2024-01-12 19:14:22             SUCCESS             MOFSLOPENAPI.py             Initilaize GetLtp request send
2024-01-12 19:14:22             SUCCESS             MOFSLOPENAPI.py             Initilize Post WebRequest Sent
2024-01-12 19:14:22             SUCCESS             MOFSLOPENAPI.py             Initilaize GetLtp request send
2024-01-12 19:14:22             SUCCESS             MOFSLOPENAPI.py             Initilize Post WebRequest Sent
2024-01-12 19:14:24             SUCCESS             MOFSLOPENAPI.py             Post WebRequest Send Successfully
2024-01-12 19:14:24             SUCCESS             MOFSLOPENAPI.py             GetLtp request sent Successfully
2024-01-12 19:14:24             SUCCESS             MOFSLOPENAPI.py             Post WebRequest Send Successfully
2024-01-12 19:14:24             SUCCESS             MOFSLOPENAPI.py             GetLtp request sent Successfully
2024-01-12 19:14:25             SUCCESS             MOFSLOPENAPI.py             Post WebRequest Send Successfully
2024-01-12 19:14:25             SUCCESS             MOFSLOPENAPI.py             GetLtp request sent Successfully
2024-01-12 19:25:41             SUCCESS             MOFSLOPENAPI.py             Initilize Constructor
2024-01-12 19:25:42             SUCCESS             MOFSLOPENAPI.py             GetManufacturerLENOVO
2024-01-12 19:25:42             SUCCESS             MOFSLOPENAPI.py             Initilize Constructor Done
2024-01-12 19:25:54             SUCCESS             MOFSLOPENAPI.py             Initilize Constructor
2024-01-12 19:25:54             SUCCESS             MOFSLOPENAPI.py             GetManufacturerLENOVO
2024-01-12 19:25:55             SUCCESS             MOFSLOPENAPI.py             Initilize Constructor Done
2024-01-12 19:25:55             SUCCESS             MOFSLOPENAPI.py             Initilize login request send
2024-01-12 19:25:55             SUCCESS             MOFSLOPENAPI.py             Initilize Post WebRequest Sent
2024-01-12 19:25:56             SUCCESS             MOFSLOPENAPI.py             Post WebRequest Send Successfully
2024-01-12 19:25:56             SUCCESS             MOFSLOPENAPI.py             Login sucessfully
2024-01-12 19:25:58             SUCCESS             MOFSLOPENAPI.py             Initilaize GetLtp request send
2024-01-12 19:25:58             SUCCESS             MOFSLOPENAPI.py             Initilize Post WebRequest Sent
2024-01-12 19:26:00             SUCCESS             MOFSLOPENAPI.py             Post WebRequest Send Successfully
2024-01-12 19:26:00             SUCCESS             MOFSLOPENAPI.py             GetLtp request sent Successfully
2024-01-12 19:26:03             SUCCESS             MOFSLOPENAPI.py             Initilaize GetOrderBook request send
2024-01-12 19:26:03             SUCCESS             MOFSLOPENAPI.py             Initilize Post WebRequest Sent
2024-01-12 19:26:05             SUCCESS             MOFSLOPENAPI.py             Post WebRequest Send Successfully
2024-01-12 19:26:05             SUCCESS             MOFSLOPENAPI.py             GetOrderBook request sent Successfully
2024-01-12 19:34:36             SUCCESS             MOFSLOPENAPI.py             Initilize Constructor
2024-01-12 19:34:37             SUCCESS             MOFSLOPENAPI.py             GetManufacturerLENOVO
2024-01-12 19:34:38             SUCCESS             MOFSLOPENAPI.py             Initilize Constructor Done
2024-01-12 19:34:47             SUCCESS             MOFSLOPENAPI.py             Initilize Constructor
2024-01-12 19:34:48             SUCCESS             MOFSLOPENAPI.py             GetManufacturerLENOVO
2024-01-12 19:34:48             SUCCESS             MOFSLOPENAPI.py             Initilize Constructor Done
2024-01-12 19:34:48             SUCCESS             MOFSLOPENAPI.py             Initilize login request send
2024-01-12 19:34:48             SUCCESS             MOFSLOPENAPI.py             Initilize Post WebRequest Sent
2024-01-12 19:34:50             SUCCESS             MOFSLOPENAPI.py             Post WebRequest Send Successfully
2024-01-12 19:34:50             SUCCESS             MOFSLOPENAPI.py             Login sucessfully
2024-01-12 19:34:51             SUCCESS             MOFSLOPENAPI.py             Initilaize GetLtp request send
2024-01-12 19:34:51             SUCCESS             MOFSLOPENAPI.py             Initilize Post WebRequest Sent
2024-01-12 19:34:52             SUCCESS             MOFSLOPENAPI.py             Post WebRequest Send Successfully
2024-01-12 19:34:52             SUCCESS             MOFSLOPENAPI.py             GetLtp request sent Successfully
2024-01-12 19:34:55             SUCCESS             MOFSLOPENAPI.py             Initilaize GetOrderBook request send
2024-01-12 19:34:55             SUCCESS             MOFSLOPENAPI.py             Initilize Post WebRequest Sent
2024-01-12 19:34:56             SUCCESS             MOFSLOPENAPI.py             Post WebRequest Send Successfully
2024-01-12 19:34:56             SUCCESS             MOFSLOPENAPI.py             GetOrderBook request sent Successfully
2024-01-12 19:35:03             SUCCESS             MOFSLOPENAPI.py             Initilaize GetLtp request send
2024-01-12 19:35:03             SUCCESS             MOFSLOPENAPI.py             Initilize Post WebRequest Sent
2024-01-12 19:35:05             SUCCESS             MOFSLOPENAPI.py             Post WebRequest Send Successfully
2024-01-12 19:35:05             SUCCESS             MOFSLOPENAPI.py             GetLtp request sent Successfully
2024-01-12 20:11:19             SUCCESS             MOFSLOPENAPI.py             Initilize Constructor
2024-01-12 20:11:20             SUCCESS             MOFSLOPENAPI.py             GetManufacturerLENOVO
2024-01-12 20:11:21             SUCCESS             MOFSLOPENAPI.py             Initilize Constructor Done
2024-01-12 20:11:27             SUCCESS             MOFSLOPENAPI.py             Initilize Constructor
2024-01-12 20:11:29             SUCCESS             MOFSLOPENAPI.py             GetManufacturerLENOVO
2024-01-12 20:11:30             SUCCESS             MOFSLOPENAPI.py             Initilize Constructor Done
2024-01-12 20:11:30             SUCCESS             MOFSLOPENAPI.py             Initilize login request send
2024-01-12 20:11:30             SUCCESS             MOFSLOPENAPI.py             Initilize Post WebRequest Sent
2024-01-12 20:11:32             SUCCESS             MOFSLOPENAPI.py             Post WebRequest Send Successfully
2024-01-12 20:11:32             SUCCESS             MOFSLOPENAPI.py             Login sucessfully
2024-01-12 20:11:34             SUCCESS             MOFSLOPENAPI.py             Initilaize GetLtp request send
2024-01-12 20:11:34             SUCCESS             MOFSLOPENAPI.py             Initilize Post WebRequest Sent
2024-01-12 20:11:36             SUCCESS             MOFSLOPENAPI.py             Post WebRequest Send Successfully
2024-01-12 20:11:36             SUCCESS             MOFSLOPENAPI.py             GetLtp request sent Successfully
2024-01-12 20:11:40             SUCCESS             MOFSLOPENAPI.py             Initilaize GetOrderBook request send
2024-01-12 20:11:40             SUCCESS             MOFSLOPENAPI.py             Initilize Post WebRequest Sent
2024-01-12 20:11:42             SUCCESS             MOFSLOPENAPI.py             Post WebRequest Send Successfully
2024-01-12 20:11:42             SUCCESS             MOFSLOPENAPI.py             GetOrderBook request sent Successfully
2024-01-12 20:12:32             SUCCESS             MOFSLOPENAPI.py             Initilize Constructor
2024-01-12 20:12:35             SUCCESS             MOFSLOPENAPI.py             GetManufacturerLENOVO
2024-01-12 20:12:36             SUCCESS             MOFSLOPENAPI.py             Initilize Constructor Done
2024-01-12 20:12:43             SUCCESS             MOFSLOPENAPI.py             Initilize Constructor
2024-01-12 20:12:45             SUCCESS             MOFSLOPENAPI.py             GetManufacturerLENOVO
2024-01-12 20:12:46             SUCCESS             MOFSLOPENAPI.py             Initilize Constructor Done
2024-01-12 20:12:46             SUCCESS             MOFSLOPENAPI.py             Initilize login request send
2024-01-12 20:12:46             SUCCESS             MOFSLOPENAPI.py             Initilize Post WebRequest Sent
2024-01-12 20:12:48             SUCCESS             MOFSLOPENAPI.py             Post WebRequest Send Successfully
2024-01-12 20:12:48             SUCCESS             MOFSLOPENAPI.py             Login sucessfully
2024-01-12 20:12:49             SUCCESS             MOFSLOPENAPI.py             Initilaize GetLtp request send
2024-01-12 20:12:49             SUCCESS             MOFSLOPENAPI.py             Initilize Post WebRequest Sent
2024-01-12 20:12:51             SUCCESS             MOFSLOPENAPI.py             Post WebRequest Send Successfully
2024-01-12 20:12:51             SUCCESS             MOFSLOPENAPI.py             GetLtp request sent Successfully
2024-01-12 20:12:55             SUCCESS             MOFSLOPENAPI.py             Initilaize GetOrderBook request send
2024-01-12 20:12:55             SUCCESS             MOFSLOPENAPI.py             Initilize Post WebRequest Sent
2024-01-12 20:12:56             SUCCESS             MOFSLOPENAPI.py             Post WebRequest Send Successfully
2024-01-12 20:12:57             SUCCESS             MOFSLOPENAPI.py             GetOrderBook request sent Successfully
2024-01-12 22:12:36             SUCCESS             MOFSLOPENAPI.py             Initilize Constructor
2024-01-12 22:12:37             SUCCESS             MOFSLOPENAPI.py             GetManufacturerLENOVO
2024-01-12 22:12:37             SUCCESS             MOFSLOPENAPI.py             Initilize Constructor Done
2024-01-12 22:14:25             SUCCESS             MOFSLOPENAPI.py             Initilize Constructor
2024-01-12 22:14:25             SUCCESS             MOFSLOPENAPI.py             GetManufacturerLENOVO
2024-01-12 22:14:26             SUCCESS             MOFSLOPENAPI.py             Initilize Constructor Done
2024-01-12 22:14:26             SUCCESS             MOFSLOPENAPI.py             Initilize login request send
2024-01-12 22:14:26             SUCCESS             MOFSLOPENAPI.py             Initilize Post WebRequest Sent
2024-01-12 22:14:27             SUCCESS             MOFSLOPENAPI.py             Post WebRequest Send Successfully
2024-01-12 22:14:27             SUCCESS             MOFSLOPENAPI.py             Login sucessfully
2024-01-12 22:14:28             SUCCESS             MOFSLOPENAPI.py             Initilaize GetLtp request send
2024-01-12 22:14:28             SUCCESS             MOFSLOPENAPI.py             Initilize Post WebRequest Sent
2024-01-12 22:14:30             SUCCESS             MOFSLOPENAPI.py             Post WebRequest Send Successfully
2024-01-12 22:14:30             SUCCESS             MOFSLOPENAPI.py             GetLtp request sent Successfully
2024-01-12 22:14:32             SUCCESS             MOFSLOPENAPI.py             Initilaize GetOrderBook request send
2024-01-12 22:14:32             SUCCESS             MOFSLOPENAPI.py             Initilize Post WebRequest Sent
2024-01-12 22:14:34             SUCCESS             MOFSLOPENAPI.py             Post WebRequest Send Successfully
2024-01-12 22:14:34             SUCCESS             MOFSLOPENAPI.py             GetOrderBook request sent Successfully
2024-01-12 22:14:47             SUCCESS             MOFSLOPENAPI.py             Initilaize GetLtp request send
2024-01-12 22:14:47             SUCCESS             MOFSLOPENAPI.py             Initilize Post WebRequest Sent
2024-01-12 22:14:48             SUCCESS             MOFSLOPENAPI.py             Post WebRequest Send Successfully
2024-01-12 22:14:48             SUCCESS             MOFSLOPENAPI.py             GetLtp request sent Successfully
2024-01-12 22:14:51             SUCCESS             MOFSLOPENAPI.py             Initilaize GetOrderBook request send
2024-01-12 22:14:51             SUCCESS             MOFSLOPENAPI.py             Initilize Post WebRequest Sent
2024-01-12 22:14:52             SUCCESS             MOFSLOPENAPI.py             Post WebRequest Send Successfully
2024-01-12 22:14:52             SUCCESS             MOFSLOPENAPI.py             GetOrderBook request sent Successfully
2024-01-12 22:16:31             SUCCESS             MOFSLOPENAPI.py             Initilaize GetLtp request send
2024-01-12 22:16:31             SUCCESS             MOFSLOPENAPI.py             Initilize Post WebRequest Sent
2024-01-12 22:16:32             SUCCESS             MOFSLOPENAPI.py             Post WebRequest Send Successfully
2024-01-12 22:16:32             SUCCESS             MOFSLOPENAPI.py             GetLtp request sent Successfully
2024-01-12 22:18:10             SUCCESS             MOFSLOPENAPI.py             Initilaize GetLtp request send
2024-01-12 22:18:10             SUCCESS             MOFSLOPENAPI.py             Initilize Post WebRequest Sent
2024-01-12 22:18:12             SUCCESS             MOFSLOPENAPI.py             Post WebRequest Send Successfully
2024-01-12 22:18:12             SUCCESS             MOFSLOPENAPI.py             GetLtp request sent Successfully
2024-01-12 22:18:23             SUCCESS             MOFSLOPENAPI.py             Initilize Constructor
2024-01-12 22:18:24             SUCCESS             MOFSLOPENAPI.py             GetManufacturerLENOVO
2024-01-12 22:18:25             SUCCESS             MOFSLOPENAPI.py             Initilize Constructor Done
2024-01-12 23:17:02             SUCCESS             MOFSLOPENAPI.py             Initilaize GetLtp request send
2024-01-12 23:17:02             SUCCESS             MOFSLOPENAPI.py             Initilize Post WebRequest Sent
2024-01-12 23:17:05             SUCCESS             MOFSLOPENAPI.py             Post WebRequest Send Successfully
2024-01-12 23:17:05             SUCCESS             MOFSLOPENAPI.py             GetLtp request sent Successfully
2024-01-12 23:17:10             SUCCESS             MOFSLOPENAPI.py             Initilaize GetOrderBook request send
2024-01-12 23:17:10             SUCCESS             MOFSLOPENAPI.py             Initilize Post WebRequest Sent
2024-01-12 23:17:12             SUCCESS             MOFSLOPENAPI.py             Post WebRequest Send Successfully
2024-01-12 23:17:12             SUCCESS             MOFSLOPENAPI.py             GetOrderBook request sent Successfully
2024-01-12 23:17:26             SUCCESS             MOFSLOPENAPI.py             Initilaize GetLtp request send
2024-01-12 23:17:26             SUCCESS             MOFSLOPENAPI.py             Initilize Post WebRequest Sent
2024-01-12 23:17:28             SUCCESS             MOFSLOPENAPI.py             Post WebRequest Send Successfully
2024-01-12 23:17:28             SUCCESS             MOFSLOPENAPI.py             GetLtp request sent Successfully
2024-01-12 23:28:38             SUCCESS             MOFSLOPENAPI.py             Initilize Constructor
2024-01-12 23:28:40             SUCCESS             MOFSLOPENAPI.py             GetManufacturerLENOVO
2024-01-12 23:28:41             SUCCESS             MOFSLOPENAPI.py             Initilize Constructor Done
2024-01-12 23:28:44             SUCCESS             MOFSLOPENAPI.py             Initilize Constructor
2024-01-12 23:28:45             SUCCESS             MOFSLOPENAPI.py             GetManufacturerLENOVO
2024-01-12 23:28:45             SUCCESS             MOFSLOPENAPI.py             Initilize Constructor Done
2024-01-12 23:29:05             SUCCESS             MOFSLOPENAPI.py             Initilize Constructor
2024-01-12 23:29:06             SUCCESS             MOFSLOPENAPI.py             GetManufacturerLENOVO
2024-01-12 23:29:06             SUCCESS             MOFSLOPENAPI.py             Initilize Constructor Done
2024-01-12 23:29:06             SUCCESS             MOFSLOPENAPI.py             Initilize login request send
2024-01-12 23:29:06             SUCCESS             MOFSLOPENAPI.py             Initilize Post WebRequest Sent
2024-01-12 23:29:07             SUCCESS             MOFSLOPENAPI.py             Post WebRequest Send Successfully
2024-01-12 23:29:07             SUCCESS             MOFSLOPENAPI.py             Login sucessfully
2024-01-12 23:29:09             SUCCESS             MOFSLOPENAPI.py             Initilaize GetLtp request send
2024-01-12 23:29:09             SUCCESS             MOFSLOPENAPI.py             Initilize Post WebRequest Sent
2024-01-12 23:29:10             SUCCESS             MOFSLOPENAPI.py             Post WebRequest Send Successfully
2024-01-12 23:29:10             SUCCESS             MOFSLOPENAPI.py             GetLtp request sent Successfully
2024-01-12 23:29:12             SUCCESS             MOFSLOPENAPI.py             Initilaize GetOrderBook request send
2024-01-12 23:29:12             SUCCESS             MOFSLOPENAPI.py             Initilize Post WebRequest Sent
2024-01-12 23:29:14             SUCCESS             MOFSLOPENAPI.py             Post WebRequest Send Successfully
2024-01-12 23:29:14             SUCCESS             MOFSLOPENAPI.py             GetOrderBook request sent Successfully
2024-01-12 23:29:26             SUCCESS             MOFSLOPENAPI.py             Initilaize GetLtp request send
2024-01-12 23:29:26             SUCCESS             MOFSLOPENAPI.py             Initilize Post WebRequest Sent
2024-01-12 23:29:27             SUCCESS             MOFSLOPENAPI.py             Post WebRequest Send Successfully
2024-01-12 23:29:27             SUCCESS             MOFSLOPENAPI.py             GetLtp request sent Successfully
2024-01-12 23:36:52             SUCCESS             MOFSLOPENAPI.py             Initilaize GetLtp request send
2024-01-12 23:36:52             SUCCESS             MOFSLOPENAPI.py             Initilize Post WebRequest Sent
2024-01-12 23:36:54             SUCCESS             MOFSLOPENAPI.py             Post WebRequest Send Successfully
2024-01-12 23:36:54             SUCCESS             MOFSLOPENAPI.py             GetLtp request sent Successfully
2024-01-12 23:37:11             SUCCESS             MOFSLOPENAPI.py             Initilaize GetLtp request send
2024-01-12 23:37:11             SUCCESS             MOFSLOPENAPI.py             Initilize Post WebRequest Sent
2024-01-12 23:37:13             SUCCESS             MOFSLOPENAPI.py             Post WebRequest Send Successfully
2024-01-12 23:37:13             SUCCESS             MOFSLOPENAPI.py             GetLtp request sent Successfully
2024-01-12 23:37:15             SUCCESS             MOFSLOPENAPI.py             Initilaize GetOrderBook request send
2024-01-12 23:37:15             SUCCESS             MOFSLOPENAPI.py             Initilize Post WebRequest Sent
2024-01-12 23:37:17             SUCCESS             MOFSLOPENAPI.py             Post WebRequest Send Successfully
2024-01-12 23:37:17             SUCCESS             MOFSLOPENAPI.py             GetOrderBook request sent Successfully
2024-01-12 23:47:28             SUCCESS             MOFSLOPENAPI.py             Initilize Constructor
2024-01-12 23:47:29             SUCCESS             MOFSLOPENAPI.py             GetManufacturerLENOVO
2024-01-12 23:47:30             SUCCESS             MOFSLOPENAPI.py             Initilize Constructor Done
2024-01-12 23:47:49             SUCCESS             MOFSLOPENAPI.py             Initilize Constructor
2024-01-12 23:47:51             SUCCESS             MOFSLOPENAPI.py             GetManufacturerLENOVO
2024-01-12 23:47:51             SUCCESS             MOFSLOPENAPI.py             Initilize Constructor Done
2024-01-12 23:47:51             SUCCESS             MOFSLOPENAPI.py             Initilize login request send
2024-01-12 23:47:51             SUCCESS             MOFSLOPENAPI.py             Initilize Post WebRequest Sent
2024-01-12 23:47:53             SUCCESS             MOFSLOPENAPI.py             Post WebRequest Send Successfully
2024-01-12 23:47:53             SUCCESS             MOFSLOPENAPI.py             Login sucessfully
2024-01-12 23:47:54             SUCCESS             MOFSLOPENAPI.py             Initilaize GetLtp request send
2024-01-12 23:47:54             SUCCESS             MOFSLOPENAPI.py             Initilize Post WebRequest Sent
2024-01-12 23:47:56             SUCCESS             MOFSLOPENAPI.py             Post WebRequest Send Successfully
2024-01-12 23:47:56             SUCCESS             MOFSLOPENAPI.py             GetLtp request sent Successfully
2024-01-12 23:47:58             SUCCESS             MOFSLOPENAPI.py             Initilaize GetOrderBook request send
2024-01-12 23:47:58             SUCCESS             MOFSLOPENAPI.py             Initilize Post WebRequest Sent
2024-01-12 23:48:00             SUCCESS             MOFSLOPENAPI.py             Post WebRequest Send Successfully
2024-01-12 23:48:00             SUCCESS             MOFSLOPENAPI.py             GetOrderBook request sent Successfully
2024-01-12 23:48:31             SUCCESS             MOFSLOPENAPI.py             Initilize Constructor
2024-01-12 23:48:33             SUCCESS             MOFSLOPENAPI.py             GetManufacturerLENOVO
2024-01-12 23:48:33             SUCCESS             MOFSLOPENAPI.py             Initilize Constructor Done
2024-01-12 23:48:51             SUCCESS             MOFSLOPENAPI.py             Initilize Constructor
2024-01-12 23:48:52             SUCCESS             MOFSLOPENAPI.py             GetManufacturerLENOVO
2024-01-12 23:48:52             SUCCESS             MOFSLOPENAPI.py             Initilize Constructor Done
2024-01-12 23:48:52             SUCCESS             MOFSLOPENAPI.py             Initilize login request send
2024-01-12 23:48:52             SUCCESS             MOFSLOPENAPI.py             Initilize Post WebRequest Sent
2024-01-12 23:48:54             SUCCESS             MOFSLOPENAPI.py             Post WebRequest Send Successfully
2024-01-12 23:48:54             SUCCESS             MOFSLOPENAPI.py             Login sucessfully
2024-01-12 23:48:55             SUCCESS             MOFSLOPENAPI.py             Initilaize GetLtp request send
2024-01-12 23:48:55             SUCCESS             MOFSLOPENAPI.py             Initilize Post WebRequest Sent
2024-01-12 23:48:56             SUCCESS             MOFSLOPENAPI.py             Post WebRequest Send Successfully
2024-01-12 23:48:56             SUCCESS             MOFSLOPENAPI.py             GetLtp request sent Successfully
2024-01-12 23:48:59             SUCCESS             MOFSLOPENAPI.py             Initilaize GetOrderBook request send
2024-01-12 23:48:59             SUCCESS             MOFSLOPENAPI.py             Initilize Post WebRequest Sent
2024-01-12 23:49:00             SUCCESS             MOFSLOPENAPI.py             Post WebRequest Send Successfully
2024-01-12 23:49:00             SUCCESS             MOFSLOPENAPI.py             GetOrderBook request sent Successfully
2024-01-12 23:49:03             SUCCESS             MOFSLOPENAPI.py             Initilaize GetLtp request send
2024-01-12 23:49:03             SUCCESS             MOFSLOPENAPI.py             Initilize Post WebRequest Sent
2024-01-12 23:49:04             SUCCESS             MOFSLOPENAPI.py             Post WebRequest Send Successfully
2024-01-12 23:49:04             SUCCESS             MOFSLOPENAPI.py             GetLtp request sent Successfully
