2023-12-13 00:16:31             SUCCESS             MOFSLOPENAPI.py             Initilize Constructor
2023-12-13 00:16:32             SUCCESS             MOFSLOPENAPI.py             Initilize Constructor Done
2023-12-13 00:16:50             SUCCESS             MOFSLOPENAPI.py             Initilize Constructor
2023-12-13 00:17:25             FAILED             MOFSLOPENAPI.py             GetPublicIPAddress('Connection aborted.', ConnectionAbortedError(10053, 'An established connection was aborted by the software in your host machine', None, 10053, None))
2023-12-13 00:17:29             SUCCESS             MOFSLOPENAPI.py             Initilize Constructor Done
2023-12-13 00:17:29             SUCCESS             MOFSLOPENAPI.py             Initilize login request send
2023-12-13 00:17:29             SUCCESS             MOFSLOPENAPI.py             Initilize Post WebRequest Sent
2023-12-13 00:17:57             SUCCESS             MOFSLOPENAPI.py             Initilize Constructor
2023-12-13 00:18:28             FAILED             MOFSLOPENAPI.py             Network connection is unavailable
2023-12-13 00:18:28             FAILED             MOFSLOPENAPI.py             ('Connection aborted.', ConnectionAbortedError(10053, 'An established connection was aborted by the software in your host machine', None, 10053, None))
2023-12-13 00:18:28             FAILED             MOFSLOPENAPI.py             login_Error while sending the webRequest
2023-12-13 00:18:28             FAILED             MOFSLOPENAPI.py             Login Request failed
2023-12-13 00:18:58             SUCCESS             MOFSLOPENAPI.py             Initilize Constructor
2023-12-13 00:18:59             SUCCESS             MOFSLOPENAPI.py             Initilize Constructor Done
2023-12-13 00:19:13             SUCCESS             MOFSLOPENAPI.py             Initilize Constructor
2023-12-13 00:19:14             SUCCESS             MOFSLOPENAPI.py             Initilize Constructor Done
2023-12-13 00:19:14             SUCCESS             MOFSLOPENAPI.py             Initilize login request send
2023-12-13 00:19:15             SUCCESS             MOFSLOPENAPI.py             Initilize Post WebRequest Sent
2023-12-13 00:19:16             SUCCESS             MOFSLOPENAPI.py             Post WebRequest Send Successfully
2023-12-13 00:19:16             ERROR             MOFSLOPENAPI.py             Invalid User Id Or Api Key
2023-12-13 00:22:49             SUCCESS             MOFSLOPENAPI.py             Initilize Constructor
2023-12-13 00:22:50             SUCCESS             MOFSLOPENAPI.py             Initilize Constructor Done
2023-12-13 00:22:50             SUCCESS             MOFSLOPENAPI.py             Initilize login request send
2023-12-13 00:22:50             SUCCESS             MOFSLOPENAPI.py             Initilize Post WebRequest Sent
2023-12-13 00:22:53             SUCCESS             MOFSLOPENAPI.py             Post WebRequest Send Successfully
2023-12-13 00:22:53             ERROR             MOFSLOPENAPI.py             Invalid User Id Or Api Key
2023-12-13 00:24:58             SUCCESS             MOFSLOPENAPI.py             Initilize Constructor
2023-12-13 00:24:59             SUCCESS             MOFSLOPENAPI.py             Initilize Constructor Done
2023-12-13 00:25:33             SUCCESS             MOFSLOPENAPI.py             Initilize Constructor
2023-12-13 00:25:35             SUCCESS             MOFSLOPENAPI.py             Initilize Constructor Done
2023-12-13 00:25:35             SUCCESS             MOFSLOPENAPI.py             Initilize login request send
2023-12-13 00:25:35             SUCCESS             MOFSLOPENAPI.py             Initilize Post WebRequest Sent
2023-12-13 00:25:36             SUCCESS             MOFSLOPENAPI.py             Post WebRequest Send Successfully
2023-12-13 00:25:36             ERROR             MOFSLOPENAPI.py             Invalid User Id Or Api Key
2023-12-13 00:27:05             SUCCESS             MOFSLOPENAPI.py             Initilize Constructor
2023-12-13 00:27:06             SUCCESS             MOFSLOPENAPI.py             Initilize Constructor Done
2023-12-13 00:27:18             SUCCESS             MOFSLOPENAPI.py             Initilize Constructor
2023-12-13 00:27:20             SUCCESS             MOFSLOPENAPI.py             Initilize Constructor Done
2023-12-13 00:27:20             SUCCESS             MOFSLOPENAPI.py             Initilize login request send
2023-12-13 00:27:20             SUCCESS             MOFSLOPENAPI.py             Initilize Post WebRequest Sent
2023-12-13 00:27:21             SUCCESS             MOFSLOPENAPI.py             Post WebRequest Send Successfully
2023-12-13 00:27:21             ERROR             MOFSLOPENAPI.py             Invalid User Id Or Api Key
2023-12-13 00:29:52             SUCCESS             MOFSLOPENAPI.py             Initilize Constructor
2023-12-13 00:29:54             SUCCESS             MOFSLOPENAPI.py             Initilize Constructor Done
2023-12-13 00:29:54             SUCCESS             MOFSLOPENAPI.py             Initilize login request send
2023-12-13 00:29:54             SUCCESS             MOFSLOPENAPI.py             Initilize Post WebRequest Sent
2023-12-13 00:29:55             SUCCESS             MOFSLOPENAPI.py             Post WebRequest Send Successfully
2023-12-13 00:29:55             ERROR             MOFSLOPENAPI.py             Invalid TOTP Value | Please Provide Correct TOTP
2023-12-13 00:30:34             SUCCESS             MOFSLOPENAPI.py             Initilize Constructor
2023-12-13 00:30:36             SUCCESS             MOFSLOPENAPI.py             Initilize Constructor Done
2023-12-13 00:30:36             SUCCESS             MOFSLOPENAPI.py             Initilize login request send
2023-12-13 00:30:36             SUCCESS             MOFSLOPENAPI.py             Initilize Post WebRequest Sent
2023-12-13 00:30:37             SUCCESS             MOFSLOPENAPI.py             Post WebRequest Send Successfully
2023-12-13 00:30:37             SUCCESS             MOFSLOPENAPI.py             Login sucessfully
2023-12-13 00:30:39             SUCCESS             MOFSLOPENAPI.py             Initilaize GetLtp request send
2023-12-13 00:30:39             SUCCESS             MOFSLOPENAPI.py             Initilize Post WebRequest Sent
2023-12-13 00:30:40             SUCCESS             MOFSLOPENAPI.py             Post WebRequest Send Successfully
2023-12-13 00:30:40             SUCCESS             MOFSLOPENAPI.py             GetLtp request sent Successfully
2023-12-13 00:32:35             SUCCESS             MOFSLOPENAPI.py             Initilize Constructor
2023-12-13 00:32:36             SUCCESS             MOFSLOPENAPI.py             Initilize Constructor Done
2023-12-13 00:32:49             SUCCESS             MOFSLOPENAPI.py             Initilize Constructor
2023-12-13 00:32:51             SUCCESS             MOFSLOPENAPI.py             Initilize Constructor Done
2023-12-13 00:32:51             SUCCESS             MOFSLOPENAPI.py             Initilize login request send
2023-12-13 00:32:51             SUCCESS             MOFSLOPENAPI.py             Initilize Post WebRequest Sent
2023-12-13 00:32:53             SUCCESS             MOFSLOPENAPI.py             Post WebRequest Send Successfully
2023-12-13 00:32:53             SUCCESS             MOFSLOPENAPI.py             Login sucessfully
2023-12-13 00:32:54             SUCCESS             MOFSLOPENAPI.py             Initilaize GetLtp request send
2023-12-13 00:32:54             SUCCESS             MOFSLOPENAPI.py             Initilize Post WebRequest Sent
2023-12-13 00:32:56             SUCCESS             MOFSLOPENAPI.py             Post WebRequest Send Successfully
2023-12-13 00:32:56             SUCCESS             MOFSLOPENAPI.py             GetLtp request sent Successfully
2023-12-13 00:44:49             SUCCESS             MOFSLOPENAPI.py             Initilize Constructor
2023-12-13 00:44:50             SUCCESS             MOFSLOPENAPI.py             Initilize Constructor Done
2023-12-13 00:54:35             SUCCESS             MOFSLOPENAPI.py             Initilize Constructor
2023-12-13 00:54:35             SUCCESS             MOFSLOPENAPI.py             Initilize Constructor Done
2023-12-13 00:55:12             SUCCESS             MOFSLOPENAPI.py             Initilize Constructor
2023-12-13 00:55:13             SUCCESS             MOFSLOPENAPI.py             Initilize Constructor Done
2023-12-13 00:55:34             SUCCESS             MOFSLOPENAPI.py             Initilize Constructor
2023-12-13 00:55:35             SUCCESS             MOFSLOPENAPI.py             Initilize Constructor Done
2023-12-13 00:55:35             SUCCESS             MOFSLOPENAPI.py             Initilize login request send
2023-12-13 00:55:35             SUCCESS             MOFSLOPENAPI.py             Initilize Post WebRequest Sent
2023-12-13 00:55:37             SUCCESS             MOFSLOPENAPI.py             Post WebRequest Send Successfully
2023-12-13 00:55:37             SUCCESS             MOFSLOPENAPI.py             Login sucessfully
2023-12-13 00:55:38             SUCCESS             MOFSLOPENAPI.py             Initilaize GetLtp request send
2023-12-13 00:55:38             SUCCESS             MOFSLOPENAPI.py             Initilize Post WebRequest Sent
2023-12-13 00:55:39             SUCCESS             MOFSLOPENAPI.py             Post WebRequest Send Successfully
2023-12-13 00:55:39             SUCCESS             MOFSLOPENAPI.py             GetLtp request sent Successfully
2023-12-13 01:18:25             SUCCESS             MOFSLOPENAPI.py             Initilize Constructor
2023-12-13 01:18:26             SUCCESS             MOFSLOPENAPI.py             Initilize Constructor Done
2023-12-13 01:19:04             SUCCESS             MOFSLOPENAPI.py             Initilize Constructor
2023-12-13 01:19:05             SUCCESS             MOFSLOPENAPI.py             Initilize Constructor Done
2023-12-13 01:19:05             SUCCESS             MOFSLOPENAPI.py             Initilize login request send
2023-12-13 01:19:05             SUCCESS             MOFSLOPENAPI.py             Initilize Post WebRequest Sent
2023-12-13 01:19:06             SUCCESS             MOFSLOPENAPI.py             Post WebRequest Send Successfully
2023-12-13 01:19:06             SUCCESS             MOFSLOPENAPI.py             Login sucessfully
2023-12-13 01:19:08             SUCCESS             MOFSLOPENAPI.py             Initilaize GetLtp request send
2023-12-13 01:19:08             SUCCESS             MOFSLOPENAPI.py             Initilize Post WebRequest Sent
2023-12-13 01:19:09             SUCCESS             MOFSLOPENAPI.py             Post WebRequest Send Successfully
2023-12-13 01:19:09             SUCCESS             MOFSLOPENAPI.py             GetLtp request sent Successfully
2023-12-13 01:20:11             SUCCESS             MOFSLOPENAPI.py             Initilize Constructor
2023-12-13 01:20:14             SUCCESS             MOFSLOPENAPI.py             Initilize Constructor Done
2023-12-13 01:20:33             SUCCESS             MOFSLOPENAPI.py             Initilize Constructor
2023-12-13 01:20:34             SUCCESS             MOFSLOPENAPI.py             Initilize Constructor Done
2023-12-13 01:20:34             SUCCESS             MOFSLOPENAPI.py             Initilize login request send
2023-12-13 01:20:34             SUCCESS             MOFSLOPENAPI.py             Initilize Post WebRequest Sent
2023-12-13 01:20:35             SUCCESS             MOFSLOPENAPI.py             Post WebRequest Send Successfully
2023-12-13 01:20:35             SUCCESS             MOFSLOPENAPI.py             Login sucessfully
2023-12-13 01:20:36             SUCCESS             MOFSLOPENAPI.py             Initilaize GetLtp request send
2023-12-13 01:20:36             SUCCESS             MOFSLOPENAPI.py             Initilize Post WebRequest Sent
2023-12-13 01:20:38             SUCCESS             MOFSLOPENAPI.py             Post WebRequest Send Successfully
2023-12-13 01:20:38             SUCCESS             MOFSLOPENAPI.py             GetLtp request sent Successfully
2023-12-13 01:24:07             SUCCESS             MOFSLOPENAPI.py             Initilize Constructor
2023-12-13 01:24:08             SUCCESS             MOFSLOPENAPI.py             Initilize Constructor Done
2023-12-13 01:24:34             SUCCESS             MOFSLOPENAPI.py             Initilize Constructor
2023-12-13 01:24:35             SUCCESS             MOFSLOPENAPI.py             Initilize Constructor Done
2023-12-13 01:24:35             SUCCESS             MOFSLOPENAPI.py             Initilize login request send
2023-12-13 01:24:35             SUCCESS             MOFSLOPENAPI.py             Initilize Post WebRequest Sent
2023-12-13 01:24:36             SUCCESS             MOFSLOPENAPI.py             Post WebRequest Send Successfully
2023-12-13 01:24:36             SUCCESS             MOFSLOPENAPI.py             Login sucessfully
2023-12-13 01:24:37             SUCCESS             MOFSLOPENAPI.py             Initilaize GetLtp request send
2023-12-13 01:24:37             SUCCESS             MOFSLOPENAPI.py             Initilize Post WebRequest Sent
2023-12-13 01:24:39             SUCCESS             MOFSLOPENAPI.py             Post WebRequest Send Successfully
2023-12-13 01:24:39             SUCCESS             MOFSLOPENAPI.py             GetLtp request sent Successfully
2023-12-13 01:26:06             SUCCESS             MOFSLOPENAPI.py             Initilaize GetLtp request send
2023-12-13 01:26:06             SUCCESS             MOFSLOPENAPI.py             Initilize Post WebRequest Sent
2023-12-13 01:26:08             SUCCESS             MOFSLOPENAPI.py             Post WebRequest Send Successfully
2023-12-13 01:26:08             SUCCESS             MOFSLOPENAPI.py             GetLtp request sent Successfully
2023-12-13 01:28:37             SUCCESS             MOFSLOPENAPI.py             Initilize Constructor
2023-12-13 01:28:38             SUCCESS             MOFSLOPENAPI.py             Initilize Constructor Done
2023-12-13 01:29:11             SUCCESS             MOFSLOPENAPI.py             Initilize Constructor
2023-12-13 01:29:12             SUCCESS             MOFSLOPENAPI.py             Initilize Constructor Done
2023-12-13 01:29:12             SUCCESS             MOFSLOPENAPI.py             Initilize login request send
2023-12-13 01:29:12             SUCCESS             MOFSLOPENAPI.py             Initilize Post WebRequest Sent
2023-12-13 01:29:14             SUCCESS             MOFSLOPENAPI.py             Post WebRequest Send Successfully
2023-12-13 01:29:14             SUCCESS             MOFSLOPENAPI.py             Login sucessfully
2023-12-13 01:29:15             SUCCESS             MOFSLOPENAPI.py             Initilaize GetLtp request send
2023-12-13 01:29:15             SUCCESS             MOFSLOPENAPI.py             Initilize Post WebRequest Sent
2023-12-13 01:29:16             SUCCESS             MOFSLOPENAPI.py             Post WebRequest Send Successfully
2023-12-13 01:29:16             SUCCESS             MOFSLOPENAPI.py             GetLtp request sent Successfully
2023-12-13 01:47:41             SUCCESS             MOFSLOPENAPI.py             Initilize Constructor
2023-12-13 01:47:41             SUCCESS             MOFSLOPENAPI.py             Initilize Constructor Done
2023-12-13 01:49:46             SUCCESS             MOFSLOPENAPI.py             Initilize Constructor
2023-12-13 01:49:47             SUCCESS             MOFSLOPENAPI.py             Initilize Constructor Done
2023-12-13 01:49:50             SUCCESS             MOFSLOPENAPI.py             Initilize Constructor
2023-12-13 01:49:51             SUCCESS             MOFSLOPENAPI.py             Initilize Constructor Done
2023-12-13 01:50:19             SUCCESS             MOFSLOPENAPI.py             Initilize Constructor
2023-12-13 01:50:20             SUCCESS             MOFSLOPENAPI.py             Initilize Constructor Done
2023-12-13 01:50:20             SUCCESS             MOFSLOPENAPI.py             Initilize login request send
2023-12-13 01:50:20             SUCCESS             MOFSLOPENAPI.py             Initilize Post WebRequest Sent
2023-12-13 01:50:21             SUCCESS             MOFSLOPENAPI.py             Post WebRequest Send Successfully
2023-12-13 01:50:21             SUCCESS             MOFSLOPENAPI.py             Login sucessfully
2023-12-13 01:50:22             SUCCESS             MOFSLOPENAPI.py             Initilaize GetLtp request send
2023-12-13 01:50:22             SUCCESS             MOFSLOPENAPI.py             Initilize Post WebRequest Sent
2023-12-13 01:50:23             SUCCESS             MOFSLOPENAPI.py             Post WebRequest Send Successfully
2023-12-13 01:50:23             SUCCESS             MOFSLOPENAPI.py             GetLtp request sent Successfully
2023-12-13 01:59:18             SUCCESS             MOFSLOPENAPI.py             Initilize Constructor
2023-12-13 01:59:19             SUCCESS             MOFSLOPENAPI.py             Initilize Constructor Done
2023-12-13 01:59:39             SUCCESS             MOFSLOPENAPI.py             Initilize Constructor
2023-12-13 01:59:40             SUCCESS             MOFSLOPENAPI.py             Initilize Constructor Done
2023-12-13 01:59:40             SUCCESS             MOFSLOPENAPI.py             Initilize login request send
2023-12-13 01:59:40             SUCCESS             MOFSLOPENAPI.py             Initilize Post WebRequest Sent
2023-12-13 01:59:43             SUCCESS             MOFSLOPENAPI.py             Post WebRequest Send Successfully
2023-12-13 01:59:43             SUCCESS             MOFSLOPENAPI.py             Login sucessfully
2023-12-13 01:59:44             SUCCESS             MOFSLOPENAPI.py             Initilaize GetLtp request send
2023-12-13 01:59:44             SUCCESS             MOFSLOPENAPI.py             Initilize Post WebRequest Sent
2023-12-13 01:59:45             SUCCESS             MOFSLOPENAPI.py             Post WebRequest Send Successfully
2023-12-13 01:59:45             SUCCESS             MOFSLOPENAPI.py             GetLtp request sent Successfully
2023-12-13 01:59:46             SUCCESS             MOFSLOPENAPI.py             Initilize Constructor
2023-12-13 01:59:47             SUCCESS             MOFSLOPENAPI.py             Initilize Constructor Done
2023-12-13 02:02:29             SUCCESS             MOFSLOPENAPI.py             Initilize Constructor
2023-12-13 02:02:31             SUCCESS             MOFSLOPENAPI.py             Initilize Constructor Done
2023-12-13 02:02:44             SUCCESS             MOFSLOPENAPI.py             Initilize Constructor
2023-12-13 02:02:45             SUCCESS             MOFSLOPENAPI.py             Initilize Constructor Done
2023-12-13 02:02:45             SUCCESS             MOFSLOPENAPI.py             Initilize login request send
2023-12-13 02:02:45             SUCCESS             MOFSLOPENAPI.py             Initilize Post WebRequest Sent
2023-12-13 02:02:48             SUCCESS             MOFSLOPENAPI.py             Post WebRequest Send Successfully
2023-12-13 02:02:48             SUCCESS             MOFSLOPENAPI.py             Login sucessfully
2023-12-13 02:02:49             SUCCESS             MOFSLOPENAPI.py             Initilaize GetLtp request send
2023-12-13 02:02:49             SUCCESS             MOFSLOPENAPI.py             Initilize Post WebRequest Sent
2023-12-13 02:02:50             SUCCESS             MOFSLOPENAPI.py             Post WebRequest Send Successfully
2023-12-13 02:02:50             SUCCESS             MOFSLOPENAPI.py             GetLtp request sent Successfully
2023-12-13 02:02:51             SUCCESS             MOFSLOPENAPI.py             Initilize Constructor
2023-12-13 02:02:53             SUCCESS             MOFSLOPENAPI.py             Initilize Constructor Done
2023-12-13 02:21:33             SUCCESS             MOFSLOPENAPI.py             Initilize Constructor
2023-12-13 02:21:35             SUCCESS             MOFSLOPENAPI.py             Initilize Constructor Done
2023-12-13 02:21:51             SUCCESS             MOFSLOPENAPI.py             Initilize Constructor
2023-12-13 02:21:52             SUCCESS             MOFSLOPENAPI.py             Initilize Constructor Done
2023-12-13 02:21:52             SUCCESS             MOFSLOPENAPI.py             Initilize login request send
2023-12-13 02:21:52             SUCCESS             MOFSLOPENAPI.py             Initilize Post WebRequest Sent
2023-12-13 02:21:54             SUCCESS             MOFSLOPENAPI.py             Post WebRequest Send Successfully
2023-12-13 02:21:54             SUCCESS             MOFSLOPENAPI.py             Login sucessfully
2023-12-13 02:21:55             SUCCESS             MOFSLOPENAPI.py             Initilaize GetLtp request send
2023-12-13 02:21:55             SUCCESS             MOFSLOPENAPI.py             Initilize Post WebRequest Sent
2023-12-13 02:21:56             SUCCESS             MOFSLOPENAPI.py             Post WebRequest Send Successfully
2023-12-13 02:21:56             SUCCESS             MOFSLOPENAPI.py             GetLtp request sent Successfully
2023-12-13 02:21:58             SUCCESS             MOFSLOPENAPI.py             Initilaize GetLtp request send
2023-12-13 02:21:58             SUCCESS             MOFSLOPENAPI.py             Initilize Post WebRequest Sent
2023-12-13 02:22:00             SUCCESS             MOFSLOPENAPI.py             Post WebRequest Send Successfully
2023-12-13 02:22:00             SUCCESS             MOFSLOPENAPI.py             GetLtp request sent Successfully
2023-12-13 02:22:04             SUCCESS             MOFSLOPENAPI.py             Initilaize GetLtp request send
2023-12-13 02:22:04             SUCCESS             MOFSLOPENAPI.py             Initilize Post WebRequest Sent
2023-12-13 02:22:05             SUCCESS             MOFSLOPENAPI.py             Post WebRequest Send Successfully
2023-12-13 02:22:05             SUCCESS             MOFSLOPENAPI.py             GetLtp request sent Successfully
2023-12-13 02:22:08             SUCCESS             MOFSLOPENAPI.py             Initilaize GetLtp request send
2023-12-13 02:22:08             SUCCESS             MOFSLOPENAPI.py             Initilize Post WebRequest Sent
2023-12-13 02:22:09             SUCCESS             MOFSLOPENAPI.py             Post WebRequest Send Successfully
2023-12-13 02:22:09             SUCCESS             MOFSLOPENAPI.py             GetLtp request sent Successfully
2023-12-13 02:22:13             SUCCESS             MOFSLOPENAPI.py             Initilaize GetLtp request send
2023-12-13 02:22:13             SUCCESS             MOFSLOPENAPI.py             Initilize Post WebRequest Sent
2023-12-13 02:22:14             SUCCESS             MOFSLOPENAPI.py             Post WebRequest Send Successfully
2023-12-13 02:22:14             SUCCESS             MOFSLOPENAPI.py             GetLtp request sent Successfully
2023-12-13 02:22:16             SUCCESS             MOFSLOPENAPI.py             Initilaize GetLtp request send
2023-12-13 02:22:16             SUCCESS             MOFSLOPENAPI.py             Initilize Post WebRequest Sent
2023-12-13 02:22:18             SUCCESS             MOFSLOPENAPI.py             Post WebRequest Send Successfully
2023-12-13 02:22:18             SUCCESS             MOFSLOPENAPI.py             GetLtp request sent Successfully
2023-12-13 02:22:20             SUCCESS             MOFSLOPENAPI.py             Initilaize GetLtp request send
2023-12-13 02:22:20             SUCCESS             MOFSLOPENAPI.py             Initilize Post WebRequest Sent
2023-12-13 02:22:21             SUCCESS             MOFSLOPENAPI.py             Post WebRequest Send Successfully
2023-12-13 02:22:21             SUCCESS             MOFSLOPENAPI.py             GetLtp request sent Successfully
2023-12-13 02:22:24             SUCCESS             MOFSLOPENAPI.py             Initilaize GetLtp request send
2023-12-13 02:22:24             SUCCESS             MOFSLOPENAPI.py             Initilize Post WebRequest Sent
2023-12-13 02:22:25             SUCCESS             MOFSLOPENAPI.py             Post WebRequest Send Successfully
2023-12-13 02:22:25             SUCCESS             MOFSLOPENAPI.py             GetLtp request sent Successfully
2023-12-13 02:22:27             SUCCESS             MOFSLOPENAPI.py             Initilaize GetLtp request send
2023-12-13 02:22:27             SUCCESS             MOFSLOPENAPI.py             Initilize Post WebRequest Sent
2023-12-13 02:22:28             SUCCESS             MOFSLOPENAPI.py             Post WebRequest Send Successfully
2023-12-13 02:22:28             SUCCESS             MOFSLOPENAPI.py             GetLtp request sent Successfully
2023-12-13 02:22:31             SUCCESS             MOFSLOPENAPI.py             Initilaize GetLtp request send
2023-12-13 02:22:31             SUCCESS             MOFSLOPENAPI.py             Initilize Post WebRequest Sent
2023-12-13 02:22:32             SUCCESS             MOFSLOPENAPI.py             Post WebRequest Send Successfully
2023-12-13 02:22:32             SUCCESS             MOFSLOPENAPI.py             GetLtp request sent Successfully
2023-12-13 02:22:34             SUCCESS             MOFSLOPENAPI.py             Initilaize GetLtp request send
2023-12-13 02:22:35             SUCCESS             MOFSLOPENAPI.py             Initilize Post WebRequest Sent
2023-12-13 02:22:36             SUCCESS             MOFSLOPENAPI.py             Post WebRequest Send Successfully
2023-12-13 02:22:36             SUCCESS             MOFSLOPENAPI.py             GetLtp request sent Successfully
2023-12-13 02:22:40             SUCCESS             MOFSLOPENAPI.py             Initilaize GetLtp request send
2023-12-13 02:22:40             SUCCESS             MOFSLOPENAPI.py             Initilize Post WebRequest Sent
2023-12-13 02:22:41             SUCCESS             MOFSLOPENAPI.py             Post WebRequest Send Successfully
2023-12-13 02:22:41             SUCCESS             MOFSLOPENAPI.py             GetLtp request sent Successfully
2023-12-13 02:22:43             SUCCESS             MOFSLOPENAPI.py             Initilaize GetLtp request send
2023-12-13 02:22:43             SUCCESS             MOFSLOPENAPI.py             Initilize Post WebRequest Sent
2023-12-13 02:22:45             SUCCESS             MOFSLOPENAPI.py             Post WebRequest Send Successfully
2023-12-13 02:22:45             SUCCESS             MOFSLOPENAPI.py             GetLtp request sent Successfully
2023-12-13 02:22:47             SUCCESS             MOFSLOPENAPI.py             Initilaize GetLtp request send
2023-12-13 02:22:47             SUCCESS             MOFSLOPENAPI.py             Initilize Post WebRequest Sent
2023-12-13 02:22:48             SUCCESS             MOFSLOPENAPI.py             Post WebRequest Send Successfully
2023-12-13 02:22:48             SUCCESS             MOFSLOPENAPI.py             GetLtp request sent Successfully
2023-12-13 02:22:51             SUCCESS             MOFSLOPENAPI.py             Initilaize GetLtp request send
2023-12-13 02:22:51             SUCCESS             MOFSLOPENAPI.py             Initilize Post WebRequest Sent
2023-12-13 02:22:52             SUCCESS             MOFSLOPENAPI.py             Post WebRequest Send Successfully
2023-12-13 02:22:52             SUCCESS             MOFSLOPENAPI.py             GetLtp request sent Successfully
2023-12-13 02:22:55             SUCCESS             MOFSLOPENAPI.py             Initilaize GetLtp request send
2023-12-13 02:22:55             SUCCESS             MOFSLOPENAPI.py             Initilize Post WebRequest Sent
2023-12-13 02:22:56             SUCCESS             MOFSLOPENAPI.py             Post WebRequest Send Successfully
2023-12-13 02:22:56             SUCCESS             MOFSLOPENAPI.py             GetLtp request sent Successfully
2023-12-13 02:22:59             SUCCESS             MOFSLOPENAPI.py             Initilaize GetLtp request send
2023-12-13 02:22:59             SUCCESS             MOFSLOPENAPI.py             Initilize Post WebRequest Sent
2023-12-13 02:23:00             SUCCESS             MOFSLOPENAPI.py             Post WebRequest Send Successfully
2023-12-13 02:23:00             SUCCESS             MOFSLOPENAPI.py             GetLtp request sent Successfully
2023-12-13 02:23:02             SUCCESS             MOFSLOPENAPI.py             Initilaize GetLtp request send
2023-12-13 02:23:02             SUCCESS             MOFSLOPENAPI.py             Initilize Post WebRequest Sent
2023-12-13 02:23:03             SUCCESS             MOFSLOPENAPI.py             Post WebRequest Send Successfully
2023-12-13 02:23:03             SUCCESS             MOFSLOPENAPI.py             GetLtp request sent Successfully
2023-12-13 02:23:06             SUCCESS             MOFSLOPENAPI.py             Initilaize GetLtp request send
2023-12-13 02:23:06             SUCCESS             MOFSLOPENAPI.py             Initilize Post WebRequest Sent
2023-12-13 02:23:08             SUCCESS             MOFSLOPENAPI.py             Post WebRequest Send Successfully
2023-12-13 02:23:08             SUCCESS             MOFSLOPENAPI.py             GetLtp request sent Successfully
2023-12-13 02:23:10             SUCCESS             MOFSLOPENAPI.py             Initilaize GetLtp request send
2023-12-13 02:23:10             SUCCESS             MOFSLOPENAPI.py             Initilize Post WebRequest Sent
2023-12-13 02:23:11             SUCCESS             MOFSLOPENAPI.py             Post WebRequest Send Successfully
2023-12-13 02:23:11             SUCCESS             MOFSLOPENAPI.py             GetLtp request sent Successfully
2023-12-13 02:23:14             SUCCESS             MOFSLOPENAPI.py             Initilaize GetLtp request send
2023-12-13 02:23:14             SUCCESS             MOFSLOPENAPI.py             Initilize Post WebRequest Sent
2023-12-13 02:23:15             SUCCESS             MOFSLOPENAPI.py             Post WebRequest Send Successfully
2023-12-13 02:23:15             SUCCESS             MOFSLOPENAPI.py             GetLtp request sent Successfully
2023-12-13 02:23:17             SUCCESS             MOFSLOPENAPI.py             Initilaize GetLtp request send
2023-12-13 02:23:17             SUCCESS             MOFSLOPENAPI.py             Initilize Post WebRequest Sent
2023-12-13 02:23:18             SUCCESS             MOFSLOPENAPI.py             Post WebRequest Send Successfully
2023-12-13 02:23:18             SUCCESS             MOFSLOPENAPI.py             GetLtp request sent Successfully
2023-12-13 02:23:21             SUCCESS             MOFSLOPENAPI.py             Initilaize GetLtp request send
2023-12-13 02:23:21             SUCCESS             MOFSLOPENAPI.py             Initilize Post WebRequest Sent
2023-12-13 02:23:22             SUCCESS             MOFSLOPENAPI.py             Post WebRequest Send Successfully
2023-12-13 02:23:22             SUCCESS             MOFSLOPENAPI.py             GetLtp request sent Successfully
2023-12-13 02:23:25             SUCCESS             MOFSLOPENAPI.py             Initilaize GetLtp request send
2023-12-13 02:23:25             SUCCESS             MOFSLOPENAPI.py             Initilize Post WebRequest Sent
2023-12-13 02:23:26             SUCCESS             MOFSLOPENAPI.py             Post WebRequest Send Successfully
2023-12-13 02:23:26             SUCCESS             MOFSLOPENAPI.py             GetLtp request sent Successfully
2023-12-13 02:23:28             SUCCESS             MOFSLOPENAPI.py             Initilaize GetLtp request send
2023-12-13 02:23:28             SUCCESS             MOFSLOPENAPI.py             Initilize Post WebRequest Sent
2023-12-13 02:23:29             SUCCESS             MOFSLOPENAPI.py             Post WebRequest Send Successfully
2023-12-13 02:23:29             SUCCESS             MOFSLOPENAPI.py             GetLtp request sent Successfully
2023-12-13 02:23:32             SUCCESS             MOFSLOPENAPI.py             Initilaize GetLtp request send
2023-12-13 02:23:32             SUCCESS             MOFSLOPENAPI.py             Initilize Post WebRequest Sent
2023-12-13 02:23:33             SUCCESS             MOFSLOPENAPI.py             Post WebRequest Send Successfully
2023-12-13 02:23:33             SUCCESS             MOFSLOPENAPI.py             GetLtp request sent Successfully
2023-12-13 02:23:35             SUCCESS             MOFSLOPENAPI.py             Initilaize GetLtp request send
2023-12-13 02:23:35             SUCCESS             MOFSLOPENAPI.py             Initilize Post WebRequest Sent
2023-12-13 02:23:36             SUCCESS             MOFSLOPENAPI.py             Post WebRequest Send Successfully
2023-12-13 02:23:36             SUCCESS             MOFSLOPENAPI.py             GetLtp request sent Successfully
2023-12-13 02:23:39             SUCCESS             MOFSLOPENAPI.py             Initilaize GetLtp request send
2023-12-13 02:23:39             SUCCESS             MOFSLOPENAPI.py             Initilize Post WebRequest Sent
2023-12-13 02:23:40             SUCCESS             MOFSLOPENAPI.py             Post WebRequest Send Successfully
2023-12-13 02:23:40             SUCCESS             MOFSLOPENAPI.py             GetLtp request sent Successfully
2023-12-13 02:23:42             SUCCESS             MOFSLOPENAPI.py             Initilaize GetLtp request send
2023-12-13 02:23:42             SUCCESS             MOFSLOPENAPI.py             Initilize Post WebRequest Sent
2023-12-13 02:23:44             SUCCESS             MOFSLOPENAPI.py             Post WebRequest Send Successfully
2023-12-13 02:23:44             SUCCESS             MOFSLOPENAPI.py             GetLtp request sent Successfully
2023-12-13 02:23:46             SUCCESS             MOFSLOPENAPI.py             Initilaize GetLtp request send
2023-12-13 02:23:46             SUCCESS             MOFSLOPENAPI.py             Initilize Post WebRequest Sent
2023-12-13 02:23:47             SUCCESS             MOFSLOPENAPI.py             Post WebRequest Send Successfully
2023-12-13 02:23:47             SUCCESS             MOFSLOPENAPI.py             GetLtp request sent Successfully
2023-12-13 02:23:50             SUCCESS             MOFSLOPENAPI.py             Initilaize GetLtp request send
2023-12-13 02:23:50             SUCCESS             MOFSLOPENAPI.py             Initilize Post WebRequest Sent
2023-12-13 02:23:51             SUCCESS             MOFSLOPENAPI.py             Post WebRequest Send Successfully
2023-12-13 02:23:51             SUCCESS             MOFSLOPENAPI.py             GetLtp request sent Successfully
2023-12-13 02:23:54             SUCCESS             MOFSLOPENAPI.py             Initilaize GetLtp request send
2023-12-13 02:23:54             SUCCESS             MOFSLOPENAPI.py             Initilize Post WebRequest Sent
2023-12-13 02:23:55             SUCCESS             MOFSLOPENAPI.py             Post WebRequest Send Successfully
2023-12-13 02:23:55             SUCCESS             MOFSLOPENAPI.py             GetLtp request sent Successfully
2023-12-13 02:23:58             SUCCESS             MOFSLOPENAPI.py             Initilaize GetLtp request send
2023-12-13 02:23:58             SUCCESS             MOFSLOPENAPI.py             Initilize Post WebRequest Sent
2023-12-13 02:23:59             SUCCESS             MOFSLOPENAPI.py             Post WebRequest Send Successfully
2023-12-13 02:23:59             SUCCESS             MOFSLOPENAPI.py             GetLtp request sent Successfully
2023-12-13 02:24:02             SUCCESS             MOFSLOPENAPI.py             Initilaize GetLtp request send
2023-12-13 02:24:02             SUCCESS             MOFSLOPENAPI.py             Initilize Post WebRequest Sent
2023-12-13 02:24:03             SUCCESS             MOFSLOPENAPI.py             Post WebRequest Send Successfully
2023-12-13 02:24:03             SUCCESS             MOFSLOPENAPI.py             GetLtp request sent Successfully
2023-12-13 02:24:06             SUCCESS             MOFSLOPENAPI.py             Initilaize GetLtp request send
2023-12-13 02:24:06             SUCCESS             MOFSLOPENAPI.py             Initilize Post WebRequest Sent
2023-12-13 02:24:08             SUCCESS             MOFSLOPENAPI.py             Post WebRequest Send Successfully
2023-12-13 02:24:08             SUCCESS             MOFSLOPENAPI.py             GetLtp request sent Successfully
2023-12-13 02:24:11             SUCCESS             MOFSLOPENAPI.py             Initilaize GetLtp request send
2023-12-13 02:24:11             SUCCESS             MOFSLOPENAPI.py             Initilize Post WebRequest Sent
2023-12-13 02:24:13             SUCCESS             MOFSLOPENAPI.py             Post WebRequest Send Successfully
2023-12-13 02:24:13             SUCCESS             MOFSLOPENAPI.py             GetLtp request sent Successfully
2023-12-13 02:24:16             SUCCESS             MOFSLOPENAPI.py             Initilaize GetLtp request send
2023-12-13 02:24:16             SUCCESS             MOFSLOPENAPI.py             Initilize Post WebRequest Sent
2023-12-13 02:24:17             SUCCESS             MOFSLOPENAPI.py             Post WebRequest Send Successfully
2023-12-13 02:24:17             SUCCESS             MOFSLOPENAPI.py             GetLtp request sent Successfully
2023-12-13 02:24:19             SUCCESS             MOFSLOPENAPI.py             Initilaize GetLtp request send
2023-12-13 02:24:19             SUCCESS             MOFSLOPENAPI.py             Initilize Post WebRequest Sent
2023-12-13 02:24:21             SUCCESS             MOFSLOPENAPI.py             Post WebRequest Send Successfully
2023-12-13 02:24:21             SUCCESS             MOFSLOPENAPI.py             GetLtp request sent Successfully
2023-12-13 02:24:23             SUCCESS             MOFSLOPENAPI.py             Initilaize GetLtp request send
2023-12-13 02:24:23             SUCCESS             MOFSLOPENAPI.py             Initilize Post WebRequest Sent
2023-12-13 02:24:25             SUCCESS             MOFSLOPENAPI.py             Post WebRequest Send Successfully
2023-12-13 02:24:25             SUCCESS             MOFSLOPENAPI.py             GetLtp request sent Successfully
2023-12-13 02:24:28             SUCCESS             MOFSLOPENAPI.py             Initilaize GetLtp request send
2023-12-13 02:24:28             SUCCESS             MOFSLOPENAPI.py             Initilize Post WebRequest Sent
2023-12-13 02:24:29             SUCCESS             MOFSLOPENAPI.py             Post WebRequest Send Successfully
2023-12-13 02:24:29             SUCCESS             MOFSLOPENAPI.py             GetLtp request sent Successfully
2023-12-13 02:24:33             SUCCESS             MOFSLOPENAPI.py             Initilaize GetLtp request send
2023-12-13 02:24:33             SUCCESS             MOFSLOPENAPI.py             Initilize Post WebRequest Sent
2023-12-13 02:24:34             SUCCESS             MOFSLOPENAPI.py             Post WebRequest Send Successfully
2023-12-13 02:24:34             SUCCESS             MOFSLOPENAPI.py             GetLtp request sent Successfully
2023-12-13 02:24:36             SUCCESS             MOFSLOPENAPI.py             Initilaize GetLtp request send
2023-12-13 02:24:36             SUCCESS             MOFSLOPENAPI.py             Initilize Post WebRequest Sent
2023-12-13 02:24:39             SUCCESS             MOFSLOPENAPI.py             Post WebRequest Send Successfully
2023-12-13 02:24:39             SUCCESS             MOFSLOPENAPI.py             GetLtp request sent Successfully
2023-12-13 02:24:41             SUCCESS             MOFSLOPENAPI.py             Initilaize GetLtp request send
2023-12-13 02:24:41             SUCCESS             MOFSLOPENAPI.py             Initilize Post WebRequest Sent
2023-12-13 02:24:42             SUCCESS             MOFSLOPENAPI.py             Post WebRequest Send Successfully
2023-12-13 02:24:42             SUCCESS             MOFSLOPENAPI.py             GetLtp request sent Successfully
2023-12-13 02:24:45             SUCCESS             MOFSLOPENAPI.py             Initilaize GetLtp request send
2023-12-13 02:24:45             SUCCESS             MOFSLOPENAPI.py             Initilize Post WebRequest Sent
2023-12-13 02:24:46             SUCCESS             MOFSLOPENAPI.py             Post WebRequest Send Successfully
2023-12-13 02:24:46             SUCCESS             MOFSLOPENAPI.py             GetLtp request sent Successfully
2023-12-13 02:24:48             SUCCESS             MOFSLOPENAPI.py             Initilaize GetLtp request send
2023-12-13 02:24:48             SUCCESS             MOFSLOPENAPI.py             Initilize Post WebRequest Sent
2023-12-13 02:24:50             SUCCESS             MOFSLOPENAPI.py             Post WebRequest Send Successfully
2023-12-13 02:24:50             SUCCESS             MOFSLOPENAPI.py             GetLtp request sent Successfully
2023-12-13 02:24:52             SUCCESS             MOFSLOPENAPI.py             Initilaize GetLtp request send
2023-12-13 02:24:52             SUCCESS             MOFSLOPENAPI.py             Initilize Post WebRequest Sent
2023-12-13 02:24:53             SUCCESS             MOFSLOPENAPI.py             Post WebRequest Send Successfully
2023-12-13 02:24:53             SUCCESS             MOFSLOPENAPI.py             GetLtp request sent Successfully
2023-12-13 02:24:56             SUCCESS             MOFSLOPENAPI.py             Initilaize GetLtp request send
2023-12-13 02:24:56             SUCCESS             MOFSLOPENAPI.py             Initilize Post WebRequest Sent
2023-12-13 02:24:57             SUCCESS             MOFSLOPENAPI.py             Post WebRequest Send Successfully
2023-12-13 02:24:57             SUCCESS             MOFSLOPENAPI.py             GetLtp request sent Successfully
2023-12-13 02:25:00             SUCCESS             MOFSLOPENAPI.py             Initilaize GetLtp request send
2023-12-13 02:25:00             SUCCESS             MOFSLOPENAPI.py             Initilize Post WebRequest Sent
2023-12-13 02:25:01             SUCCESS             MOFSLOPENAPI.py             Post WebRequest Send Successfully
2023-12-13 02:25:01             SUCCESS             MOFSLOPENAPI.py             GetLtp request sent Successfully
2023-12-13 02:25:04             SUCCESS             MOFSLOPENAPI.py             Initilaize GetLtp request send
2023-12-13 02:25:04             SUCCESS             MOFSLOPENAPI.py             Initilize Post WebRequest Sent
2023-12-13 02:25:06             SUCCESS             MOFSLOPENAPI.py             Post WebRequest Send Successfully
2023-12-13 02:25:06             SUCCESS             MOFSLOPENAPI.py             GetLtp request sent Successfully
2023-12-13 02:25:08             SUCCESS             MOFSLOPENAPI.py             Initilaize GetLtp request send
2023-12-13 02:25:08             SUCCESS             MOFSLOPENAPI.py             Initilize Post WebRequest Sent
2023-12-13 02:25:11             SUCCESS             MOFSLOPENAPI.py             Post WebRequest Send Successfully
2023-12-13 02:25:11             SUCCESS             MOFSLOPENAPI.py             GetLtp request sent Successfully
2023-12-13 02:25:14             SUCCESS             MOFSLOPENAPI.py             Initilaize GetLtp request send
2023-12-13 02:25:14             SUCCESS             MOFSLOPENAPI.py             Initilize Post WebRequest Sent
2023-12-13 02:25:15             SUCCESS             MOFSLOPENAPI.py             Post WebRequest Send Successfully
2023-12-13 02:25:15             SUCCESS             MOFSLOPENAPI.py             GetLtp request sent Successfully
2023-12-13 02:25:18             SUCCESS             MOFSLOPENAPI.py             Initilaize GetLtp request send
2023-12-13 02:25:18             SUCCESS             MOFSLOPENAPI.py             Initilize Post WebRequest Sent
2023-12-13 02:25:21             SUCCESS             MOFSLOPENAPI.py             Post WebRequest Send Successfully
2023-12-13 02:25:21             SUCCESS             MOFSLOPENAPI.py             GetLtp request sent Successfully
2023-12-13 02:25:23             SUCCESS             MOFSLOPENAPI.py             Initilaize GetLtp request send
2023-12-13 02:25:23             SUCCESS             MOFSLOPENAPI.py             Initilize Post WebRequest Sent
2023-12-13 02:25:25             SUCCESS             MOFSLOPENAPI.py             Post WebRequest Send Successfully
2023-12-13 02:25:25             SUCCESS             MOFSLOPENAPI.py             GetLtp request sent Successfully
2023-12-13 02:25:29             SUCCESS             MOFSLOPENAPI.py             Initilaize GetLtp request send
2023-12-13 02:25:29             SUCCESS             MOFSLOPENAPI.py             Initilize Post WebRequest Sent
2023-12-13 02:25:30             SUCCESS             MOFSLOPENAPI.py             Post WebRequest Send Successfully
2023-12-13 02:25:30             SUCCESS             MOFSLOPENAPI.py             GetLtp request sent Successfully
2023-12-13 02:25:33             SUCCESS             MOFSLOPENAPI.py             Initilaize GetLtp request send
2023-12-13 02:25:33             SUCCESS             MOFSLOPENAPI.py             Initilize Post WebRequest Sent
2023-12-13 02:25:34             SUCCESS             MOFSLOPENAPI.py             Post WebRequest Send Successfully
2023-12-13 02:25:34             SUCCESS             MOFSLOPENAPI.py             GetLtp request sent Successfully
2023-12-13 02:25:36             SUCCESS             MOFSLOPENAPI.py             Initilaize GetLtp request send
2023-12-13 02:25:36             SUCCESS             MOFSLOPENAPI.py             Initilize Post WebRequest Sent
2023-12-13 02:25:38             SUCCESS             MOFSLOPENAPI.py             Post WebRequest Send Successfully
2023-12-13 02:25:38             SUCCESS             MOFSLOPENAPI.py             GetLtp request sent Successfully
2023-12-13 02:25:40             SUCCESS             MOFSLOPENAPI.py             Initilaize GetLtp request send
2023-12-13 02:25:40             SUCCESS             MOFSLOPENAPI.py             Initilize Post WebRequest Sent
2023-12-13 02:25:42             SUCCESS             MOFSLOPENAPI.py             Post WebRequest Send Successfully
2023-12-13 02:25:42             SUCCESS             MOFSLOPENAPI.py             GetLtp request sent Successfully
2023-12-13 02:25:45             SUCCESS             MOFSLOPENAPI.py             Initilaize GetLtp request send
2023-12-13 02:25:45             SUCCESS             MOFSLOPENAPI.py             Initilize Post WebRequest Sent
2023-12-13 02:25:46             SUCCESS             MOFSLOPENAPI.py             Post WebRequest Send Successfully
2023-12-13 02:25:46             SUCCESS             MOFSLOPENAPI.py             GetLtp request sent Successfully
2023-12-13 02:25:49             SUCCESS             MOFSLOPENAPI.py             Initilaize GetLtp request send
2023-12-13 02:25:49             SUCCESS             MOFSLOPENAPI.py             Initilize Post WebRequest Sent
2023-12-13 02:25:50             SUCCESS             MOFSLOPENAPI.py             Post WebRequest Send Successfully
2023-12-13 02:25:50             SUCCESS             MOFSLOPENAPI.py             GetLtp request sent Successfully
2023-12-13 02:25:55             SUCCESS             MOFSLOPENAPI.py             Initilaize GetLtp request send
2023-12-13 02:25:55             SUCCESS             MOFSLOPENAPI.py             Initilize Post WebRequest Sent
2023-12-13 02:25:57             SUCCESS             MOFSLOPENAPI.py             Post WebRequest Send Successfully
2023-12-13 02:25:57             SUCCESS             MOFSLOPENAPI.py             GetLtp request sent Successfully
2023-12-13 02:26:01             SUCCESS             MOFSLOPENAPI.py             Initilaize GetLtp request send
2023-12-13 02:26:01             SUCCESS             MOFSLOPENAPI.py             Initilize Post WebRequest Sent
2023-12-13 02:26:02             SUCCESS             MOFSLOPENAPI.py             Post WebRequest Send Successfully
2023-12-13 02:26:02             SUCCESS             MOFSLOPENAPI.py             GetLtp request sent Successfully
2023-12-13 02:26:05             SUCCESS             MOFSLOPENAPI.py             Initilaize GetLtp request send
2023-12-13 02:26:05             SUCCESS             MOFSLOPENAPI.py             Initilize Post WebRequest Sent
2023-12-13 02:26:06             SUCCESS             MOFSLOPENAPI.py             Post WebRequest Send Successfully
2023-12-13 02:26:06             SUCCESS             MOFSLOPENAPI.py             GetLtp request sent Successfully
2023-12-13 02:26:08             SUCCESS             MOFSLOPENAPI.py             Initilaize GetLtp request send
2023-12-13 02:26:08             SUCCESS             MOFSLOPENAPI.py             Initilize Post WebRequest Sent
2023-12-13 02:26:10             SUCCESS             MOFSLOPENAPI.py             Post WebRequest Send Successfully
2023-12-13 02:26:10             SUCCESS             MOFSLOPENAPI.py             GetLtp request sent Successfully
2023-12-13 02:26:12             SUCCESS             MOFSLOPENAPI.py             Initilaize GetLtp request send
2023-12-13 02:26:12             SUCCESS             MOFSLOPENAPI.py             Initilize Post WebRequest Sent
2023-12-13 02:26:13             SUCCESS             MOFSLOPENAPI.py             Post WebRequest Send Successfully
2023-12-13 02:26:14             SUCCESS             MOFSLOPENAPI.py             GetLtp request sent Successfully
2023-12-13 02:26:16             SUCCESS             MOFSLOPENAPI.py             Initilaize GetLtp request send
2023-12-13 02:26:16             SUCCESS             MOFSLOPENAPI.py             Initilize Post WebRequest Sent
2023-12-13 02:26:17             SUCCESS             MOFSLOPENAPI.py             Post WebRequest Send Successfully
2023-12-13 02:26:17             SUCCESS             MOFSLOPENAPI.py             GetLtp request sent Successfully
2023-12-13 02:26:20             SUCCESS             MOFSLOPENAPI.py             Initilaize GetLtp request send
2023-12-13 02:26:20             SUCCESS             MOFSLOPENAPI.py             Initilize Post WebRequest Sent
2023-12-13 02:26:21             SUCCESS             MOFSLOPENAPI.py             Post WebRequest Send Successfully
2023-12-13 02:26:21             SUCCESS             MOFSLOPENAPI.py             GetLtp request sent Successfully
2023-12-13 02:26:24             SUCCESS             MOFSLOPENAPI.py             Initilaize GetLtp request send
2023-12-13 02:26:24             SUCCESS             MOFSLOPENAPI.py             Initilize Post WebRequest Sent
2023-12-13 02:26:25             SUCCESS             MOFSLOPENAPI.py             Post WebRequest Send Successfully
2023-12-13 02:26:25             SUCCESS             MOFSLOPENAPI.py             GetLtp request sent Successfully
2023-12-13 02:26:28             SUCCESS             MOFSLOPENAPI.py             Initilaize GetLtp request send
2023-12-13 02:26:28             SUCCESS             MOFSLOPENAPI.py             Initilize Post WebRequest Sent
2023-12-13 02:26:30             SUCCESS             MOFSLOPENAPI.py             Post WebRequest Send Successfully
2023-12-13 02:26:30             SUCCESS             MOFSLOPENAPI.py             GetLtp request sent Successfully
2023-12-13 02:26:33             SUCCESS             MOFSLOPENAPI.py             Initilaize GetLtp request send
2023-12-13 02:26:33             SUCCESS             MOFSLOPENAPI.py             Initilize Post WebRequest Sent
2023-12-13 02:26:34             SUCCESS             MOFSLOPENAPI.py             Post WebRequest Send Successfully
2023-12-13 02:26:34             SUCCESS             MOFSLOPENAPI.py             GetLtp request sent Successfully
2023-12-13 02:26:37             SUCCESS             MOFSLOPENAPI.py             Initilaize GetLtp request send
2023-12-13 02:26:37             SUCCESS             MOFSLOPENAPI.py             Initilize Post WebRequest Sent
2023-12-13 02:26:38             SUCCESS             MOFSLOPENAPI.py             Post WebRequest Send Successfully
2023-12-13 02:26:38             SUCCESS             MOFSLOPENAPI.py             GetLtp request sent Successfully
2023-12-13 02:38:19             SUCCESS             MOFSLOPENAPI.py             Initilize Constructor
2023-12-13 02:38:20             SUCCESS             MOFSLOPENAPI.py             Initilize Constructor Done
2023-12-13 02:38:41             SUCCESS             MOFSLOPENAPI.py             Initilize Constructor
2023-12-13 02:38:42             SUCCESS             MOFSLOPENAPI.py             Initilize Constructor Done
2023-12-13 02:38:42             SUCCESS             MOFSLOPENAPI.py             Initilize login request send
2023-12-13 02:38:42             SUCCESS             MOFSLOPENAPI.py             Initilize Post WebRequest Sent
2023-12-13 02:38:43             SUCCESS             MOFSLOPENAPI.py             Post WebRequest Send Successfully
2023-12-13 02:38:43             SUCCESS             MOFSLOPENAPI.py             Login sucessfully
2023-12-13 02:38:45             SUCCESS             MOFSLOPENAPI.py             Initilaize GetLtp request send
2023-12-13 02:38:45             SUCCESS             MOFSLOPENAPI.py             Initilize Post WebRequest Sent
2023-12-13 02:38:46             SUCCESS             MOFSLOPENAPI.py             Post WebRequest Send Successfully
2023-12-13 02:38:46             SUCCESS             MOFSLOPENAPI.py             GetLtp request sent Successfully
2023-12-13 02:45:40             SUCCESS             MOFSLOPENAPI.py             Initilize Constructor
2023-12-13 02:45:41             SUCCESS             MOFSLOPENAPI.py             Initilize Constructor Done
2023-12-13 02:46:07             SUCCESS             MOFSLOPENAPI.py             Initilize Constructor
2023-12-13 02:46:08             SUCCESS             MOFSLOPENAPI.py             Initilize Constructor Done
2023-12-13 02:46:08             SUCCESS             MOFSLOPENAPI.py             Initilize login request send
2023-12-13 02:46:08             SUCCESS             MOFSLOPENAPI.py             Initilize Post WebRequest Sent
2023-12-13 02:46:10             SUCCESS             MOFSLOPENAPI.py             Post WebRequest Send Successfully
2023-12-13 02:46:10             SUCCESS             MOFSLOPENAPI.py             Login sucessfully
2023-12-13 02:46:11             SUCCESS             MOFSLOPENAPI.py             Initilaize GetLtp request send
2023-12-13 02:46:11             SUCCESS             MOFSLOPENAPI.py             Initilize Post WebRequest Sent
2023-12-13 02:46:12             SUCCESS             MOFSLOPENAPI.py             Post WebRequest Send Successfully
2023-12-13 02:46:12             SUCCESS             MOFSLOPENAPI.py             GetLtp request sent Successfully
2023-12-13 02:51:54             SUCCESS             MOFSLOPENAPI.py             Initilize Constructor
2023-12-13 02:51:56             SUCCESS             MOFSLOPENAPI.py             Initilize Constructor Done
2023-12-13 02:52:11             SUCCESS             MOFSLOPENAPI.py             Initilize Constructor
2023-12-13 02:52:12             SUCCESS             MOFSLOPENAPI.py             Initilize Constructor Done
2023-12-13 02:52:12             SUCCESS             MOFSLOPENAPI.py             Initilize login request send
2023-12-13 02:52:12             SUCCESS             MOFSLOPENAPI.py             Initilize Post WebRequest Sent
2023-12-13 02:52:14             SUCCESS             MOFSLOPENAPI.py             Post WebRequest Send Successfully
2023-12-13 02:52:14             SUCCESS             MOFSLOPENAPI.py             Login sucessfully
2023-12-13 02:52:15             SUCCESS             MOFSLOPENAPI.py             Initilaize GetLtp request send
2023-12-13 02:52:15             SUCCESS             MOFSLOPENAPI.py             Initilize Post WebRequest Sent
2023-12-13 02:52:16             SUCCESS             MOFSLOPENAPI.py             Post WebRequest Send Successfully
2023-12-13 02:52:16             SUCCESS             MOFSLOPENAPI.py             GetLtp request sent Successfully
2023-12-13 02:56:52             SUCCESS             MOFSLOPENAPI.py             Initilize Constructor
2023-12-13 02:56:54             SUCCESS             MOFSLOPENAPI.py             Initilize Constructor Done
2023-12-13 03:01:00             SUCCESS             MOFSLOPENAPI.py             Initilize Constructor
2023-12-13 03:01:01             SUCCESS             MOFSLOPENAPI.py             Initilize Constructor Done
2023-12-13 03:01:12             SUCCESS             MOFSLOPENAPI.py             Initilize Constructor
2023-12-13 03:01:14             SUCCESS             MOFSLOPENAPI.py             Initilize Constructor Done
2023-12-13 03:01:14             SUCCESS             MOFSLOPENAPI.py             Initilize login request send
2023-12-13 03:01:14             SUCCESS             MOFSLOPENAPI.py             Initilize Post WebRequest Sent
2023-12-13 03:01:18             SUCCESS             MOFSLOPENAPI.py             Post WebRequest Send Successfully
2023-12-13 03:01:18             SUCCESS             MOFSLOPENAPI.py             Login sucessfully
2023-12-13 03:01:20             SUCCESS             MOFSLOPENAPI.py             Initilaize GetLtp request send
2023-12-13 03:01:20             SUCCESS             MOFSLOPENAPI.py             Initilize Post WebRequest Sent
2023-12-13 03:01:21             SUCCESS             MOFSLOPENAPI.py             Post WebRequest Send Successfully
2023-12-13 03:01:21             SUCCESS             MOFSLOPENAPI.py             GetLtp request sent Successfully
2023-12-13 03:43:09             SUCCESS             MOFSLOPENAPI.py             Initilize Constructor
2023-12-13 03:43:10             SUCCESS             MOFSLOPENAPI.py             Initilize Constructor Done
2023-12-13 03:44:52             SUCCESS             MOFSLOPENAPI.py             Initilize Constructor
2023-12-13 03:44:53             SUCCESS             MOFSLOPENAPI.py             Initilize Constructor Done
2023-12-13 03:46:06             SUCCESS             MOFSLOPENAPI.py             Initilize Constructor
2023-12-13 03:46:07             SUCCESS             MOFSLOPENAPI.py             Initilize Constructor Done
2023-12-13 03:46:07             SUCCESS             MOFSLOPENAPI.py             Initilize login request send
2023-12-13 03:46:07             SUCCESS             MOFSLOPENAPI.py             Initilize Post WebRequest Sent
2023-12-13 03:46:11             SUCCESS             MOFSLOPENAPI.py             Post WebRequest Send Successfully
2023-12-13 03:46:11             SUCCESS             MOFSLOPENAPI.py             Login sucessfully
2023-12-13 03:46:13             SUCCESS             MOFSLOPENAPI.py             Initilaize GetLtp request send
2023-12-13 03:46:13             SUCCESS             MOFSLOPENAPI.py             Initilize Post WebRequest Sent
2023-12-13 03:46:15             SUCCESS             MOFSLOPENAPI.py             Post WebRequest Send Successfully
2023-12-13 03:46:15             SUCCESS             MOFSLOPENAPI.py             GetLtp request sent Successfully
2023-12-13 04:04:22             SUCCESS             MOFSLOPENAPI.py             Initilize Constructor
2023-12-13 04:04:23             SUCCESS             MOFSLOPENAPI.py             Initilize Constructor Done
2023-12-13 04:05:05             SUCCESS             MOFSLOPENAPI.py             Initilize Constructor
2023-12-13 04:05:15             SUCCESS             MOFSLOPENAPI.py             Initilize Constructor Done
2023-12-13 04:05:15             SUCCESS             MOFSLOPENAPI.py             Initilize login request send
2023-12-13 04:05:15             SUCCESS             MOFSLOPENAPI.py             Initilize Post WebRequest Sent
2023-12-13 04:05:18             SUCCESS             MOFSLOPENAPI.py             Post WebRequest Send Successfully
2023-12-13 04:05:18             SUCCESS             MOFSLOPENAPI.py             Login sucessfully
2023-12-13 04:05:19             SUCCESS             MOFSLOPENAPI.py             Initilaize GetLtp request send
2023-12-13 04:05:19             SUCCESS             MOFSLOPENAPI.py             Initilize Post WebRequest Sent
2023-12-13 04:05:21             SUCCESS             MOFSLOPENAPI.py             Post WebRequest Send Successfully
2023-12-13 04:05:21             SUCCESS             MOFSLOPENAPI.py             GetLtp request sent Successfully
2023-12-13 04:11:18             SUCCESS             MOFSLOPENAPI.py             Initilize Constructor
2023-12-13 04:11:18             FAILED             MOFSLOPENAPI.py             GetPublicIPAddressHTTPConnectionPool(host='checkip.dyndns.org', port=80): Max retries exceeded with url: / (Caused by NewConnectionError('<urllib3.connection.HTTPConnection object at 0x000001DEA3465410>: Failed to establish a new connection: [Errno 11001] getaddrinfo failed'))
2023-12-13 04:11:18             SUCCESS             MOFSLOPENAPI.py             Initilize Constructor Done
2023-12-13 04:11:47             SUCCESS             MOFSLOPENAPI.py             Initilize Constructor
2023-12-13 04:11:59             FAILED             MOFSLOPENAPI.py             GetPublicIPAddressHTTPConnectionPool(host='checkip.dyndns.org', port=80): Max retries exceeded with url: / (Caused by NewConnectionError('<urllib3.connection.HTTPConnection object at 0x000001DEA3A03A90>: Failed to establish a new connection: [Errno 11001] getaddrinfo failed'))
2023-12-13 04:11:59             SUCCESS             MOFSLOPENAPI.py             Initilize Constructor Done
2023-12-13 04:18:29             SUCCESS             MOFSLOPENAPI.py             Initilize Constructor
2023-12-13 04:20:14             FAILED             MOFSLOPENAPI.py             GetPublicIPAddressHTTPConnectionPool(host='checkip.dyndns.org', port=80): Max retries exceeded with url: / (Caused by ConnectTimeoutError(<urllib3.connection.HTTPConnection object at 0x000001DEA447D510>, 'Connection to checkip.dyndns.org timed out. (connect timeout=None)'))
2023-12-13 04:20:19             SUCCESS             MOFSLOPENAPI.py             Initilize Constructor Done
2023-12-13 04:20:46             SUCCESS             MOFSLOPENAPI.py             Initilize Constructor
2023-12-13 04:22:31             FAILED             MOFSLOPENAPI.py             GetPublicIPAddressHTTPConnectionPool(host='checkip.dyndns.org', port=80): Max retries exceeded with url: / (Caused by ConnectTimeoutError(<urllib3.connection.HTTPConnection object at 0x00000230A93E1B90>, 'Connection to checkip.dyndns.org timed out. (connect timeout=None)'))
2023-12-13 04:22:36             SUCCESS             MOFSLOPENAPI.py             Initilize Constructor Done
2023-12-13 23:58:19             SUCCESS             MOFSLOPENAPI.py             Initilize Constructor
2023-12-13 23:58:21             SUCCESS             MOFSLOPENAPI.py             Initilize Constructor Done
2023-12-13 23:59:06             SUCCESS             MOFSLOPENAPI.py             Initilize Constructor
2023-12-13 23:59:08             SUCCESS             MOFSLOPENAPI.py             Initilize Constructor Done
2023-12-13 23:59:08             SUCCESS             MOFSLOPENAPI.py             Initilize login request send
2023-12-13 23:59:08             SUCCESS             MOFSLOPENAPI.py             Initilize Post WebRequest Sent
2023-12-13 23:59:09             SUCCESS             MOFSLOPENAPI.py             Post WebRequest Send Successfully
2023-12-13 23:59:09             SUCCESS             MOFSLOPENAPI.py             Login sucessfully
2023-12-13 23:59:10             SUCCESS             MOFSLOPENAPI.py             Initilaize GetLtp request send
2023-12-13 23:59:10             SUCCESS             MOFSLOPENAPI.py             Initilize Post WebRequest Sent
2023-12-13 23:59:12             SUCCESS             MOFSLOPENAPI.py             Post WebRequest Send Successfully
2023-12-13 23:59:12             SUCCESS             MOFSLOPENAPI.py             GetLtp request sent Successfully
