2024-01-14 00:17:56             SUCCESS             MOFSLOPENAPI.py             Initilize Constructor
2024-01-14 00:17:58             SUCCESS             MOFSLOPENAPI.py             GetManufacturerLENOVO
2024-01-14 00:17:59             SUCCESS             MOFSLOPENAPI.py             Initilize Constructor Done
2024-01-14 00:18:07             SUCCESS             MOFSLOPENAPI.py             Initilize Constructor
2024-01-14 00:18:09             SUCCESS             MOFSLOPENAPI.py             GetManufacturerLENOVO
2024-01-14 00:18:09             SUCCESS             MOFSLOPENAPI.py             Initilize Constructor Done
2024-01-14 00:18:09             SUCCESS             MOFSLOPENAPI.py             Initilize login request send
2024-01-14 00:18:09             SUCCESS             MOFSLOPENAPI.py             Initilize Post WebRequest Sent
2024-01-14 00:18:11             SUCCESS             MOFSLOPENAPI.py             Post WebRequest Send Successfully
2024-01-14 00:18:11             SUCCESS             MOFSLOPENAPI.py             Login sucessfully
2024-01-14 00:18:12             SUCCESS             MOFSLOPENAPI.py             Initilaize GetLtp request send
2024-01-14 00:18:12             SUCCESS             MOFSLOPENAPI.py             Initilize Post WebRequest Sent
2024-01-14 00:18:14             SUCCESS             MOFSLOPENAPI.py             Post WebRequest Send Successfully
2024-01-14 00:18:14             SUCCESS             MOFSLOPENAPI.py             GetLtp request sent Successfully
2024-01-14 00:18:17             SUCCESS             MOFSLOPENAPI.py             Initilaize GetOrderBook request send
2024-01-14 00:18:17             SUCCESS             MOFSLOPENAPI.py             Initilize Post WebRequest Sent
2024-01-14 00:18:18             SUCCESS             MOFSLOPENAPI.py             Post WebRequest Send Successfully
2024-01-14 00:18:18             SUCCESS             MOFSLOPENAPI.py             GetOrderBook request sent Successfully
2024-01-14 00:31:23             SUCCESS             MOFSLOPENAPI.py             Initilize Constructor
2024-01-14 00:31:23             SUCCESS             MOFSLOPENAPI.py             GetManufacturerLENOVO
2024-01-14 00:31:24             SUCCESS             MOFSLOPENAPI.py             Initilize Constructor Done
2024-01-14 00:31:38             SUCCESS             MOFSLOPENAPI.py             Initilize Constructor
2024-01-14 00:31:39             SUCCESS             MOFSLOPENAPI.py             GetManufacturerLENOVO
2024-01-14 00:31:40             SUCCESS             MOFSLOPENAPI.py             Initilize Constructor Done
2024-01-14 00:31:40             SUCCESS             MOFSLOPENAPI.py             Initilize login request send
2024-01-14 00:31:40             SUCCESS             MOFSLOPENAPI.py             Initilize Post WebRequest Sent
2024-01-14 00:31:42             SUCCESS             MOFSLOPENAPI.py             Post WebRequest Send Successfully
2024-01-14 00:31:42             SUCCESS             MOFSLOPENAPI.py             Login sucessfully
2024-01-14 00:31:44             SUCCESS             MOFSLOPENAPI.py             Initilaize GetLtp request send
2024-01-14 00:31:44             SUCCESS             MOFSLOPENAPI.py             Initilize Post WebRequest Sent
2024-01-14 00:31:45             SUCCESS             MOFSLOPENAPI.py             Post WebRequest Send Successfully
2024-01-14 00:31:45             SUCCESS             MOFSLOPENAPI.py             GetLtp request sent Successfully
2024-01-14 00:31:50             SUCCESS             MOFSLOPENAPI.py             Initilaize GetOrderBook request send
2024-01-14 00:31:50             SUCCESS             MOFSLOPENAPI.py             Initilize Post WebRequest Sent
2024-01-14 00:31:51             SUCCESS             MOFSLOPENAPI.py             Post WebRequest Send Successfully
2024-01-14 00:31:51             SUCCESS             MOFSLOPENAPI.py             GetOrderBook request sent Successfully
2024-01-14 00:33:45             SUCCESS             MOFSLOPENAPI.py             Initilize Constructor
2024-01-14 00:33:45             SUCCESS             MOFSLOPENAPI.py             GetManufacturerLENOVO
2024-01-14 00:33:46             SUCCESS             MOFSLOPENAPI.py             Initilize Constructor Done
2024-01-14 00:33:54             SUCCESS             MOFSLOPENAPI.py             Initilize Constructor
2024-01-14 00:33:54             SUCCESS             MOFSLOPENAPI.py             GetManufacturerLENOVO
2024-01-14 00:33:55             SUCCESS             MOFSLOPENAPI.py             Initilize Constructor Done
2024-01-14 00:33:55             SUCCESS             MOFSLOPENAPI.py             Initilize login request send
2024-01-14 00:33:55             SUCCESS             MOFSLOPENAPI.py             Initilize Post WebRequest Sent
2024-01-14 00:33:58             SUCCESS             MOFSLOPENAPI.py             Post WebRequest Send Successfully
2024-01-14 00:33:58             SUCCESS             MOFSLOPENAPI.py             Login sucessfully
2024-01-14 00:33:59             SUCCESS             MOFSLOPENAPI.py             Initilaize GetLtp request send
2024-01-14 00:33:59             SUCCESS             MOFSLOPENAPI.py             Initilize Post WebRequest Sent
2024-01-14 00:34:01             SUCCESS             MOFSLOPENAPI.py             Post WebRequest Send Successfully
2024-01-14 00:34:01             SUCCESS             MOFSLOPENAPI.py             GetLtp request sent Successfully
2024-01-14 00:34:05             SUCCESS             MOFSLOPENAPI.py             Initilaize GetOrderBook request send
2024-01-14 00:34:05             SUCCESS             MOFSLOPENAPI.py             Initilize Post WebRequest Sent
2024-01-14 00:34:06             SUCCESS             MOFSLOPENAPI.py             Post WebRequest Send Successfully
2024-01-14 00:34:06             SUCCESS             MOFSLOPENAPI.py             GetOrderBook request sent Successfully
2024-01-14 00:35:52             SUCCESS             MOFSLOPENAPI.py             Initilize Constructor
2024-01-14 00:35:53             SUCCESS             MOFSLOPENAPI.py             GetManufacturerLENOVO
2024-01-14 00:35:53             SUCCESS             MOFSLOPENAPI.py             Initilize Constructor Done
2024-01-14 00:37:06             SUCCESS             MOFSLOPENAPI.py             Initilize Constructor
2024-01-14 00:37:07             SUCCESS             MOFSLOPENAPI.py             GetManufacturerLENOVO
2024-01-14 00:37:07             SUCCESS             MOFSLOPENAPI.py             Initilize Constructor Done
2024-01-14 00:37:13             SUCCESS             MOFSLOPENAPI.py             Initilize Constructor
2024-01-14 00:37:14             SUCCESS             MOFSLOPENAPI.py             GetManufacturerLENOVO
2024-01-14 00:37:15             SUCCESS             MOFSLOPENAPI.py             Initilize Constructor Done
2024-01-14 00:37:15             SUCCESS             MOFSLOPENAPI.py             Initilize login request send
2024-01-14 00:37:15             SUCCESS             MOFSLOPENAPI.py             Initilize Post WebRequest Sent
2024-01-14 00:37:18             SUCCESS             MOFSLOPENAPI.py             Post WebRequest Send Successfully
2024-01-14 00:37:18             SUCCESS             MOFSLOPENAPI.py             Login sucessfully
2024-01-14 00:37:19             SUCCESS             MOFSLOPENAPI.py             Initilaize GetLtp request send
2024-01-14 00:37:19             SUCCESS             MOFSLOPENAPI.py             Initilize Post WebRequest Sent
2024-01-14 00:37:21             SUCCESS             MOFSLOPENAPI.py             Post WebRequest Send Successfully
2024-01-14 00:37:21             SUCCESS             MOFSLOPENAPI.py             GetLtp request sent Successfully
2024-01-14 00:37:24             SUCCESS             MOFSLOPENAPI.py             Initilaize GetOrderBook request send
2024-01-14 00:37:24             SUCCESS             MOFSLOPENAPI.py             Initilize Post WebRequest Sent
2024-01-14 00:37:26             SUCCESS             MOFSLOPENAPI.py             Post WebRequest Send Successfully
2024-01-14 00:37:26             SUCCESS             MOFSLOPENAPI.py             GetOrderBook request sent Successfully
2024-01-14 00:38:53             SUCCESS             MOFSLOPENAPI.py             Initilize Constructor
2024-01-14 00:38:54             SUCCESS             MOFSLOPENAPI.py             GetManufacturerLENOVO
2024-01-14 00:38:54             SUCCESS             MOFSLOPENAPI.py             Initilize Constructor Done
2024-01-14 00:39:11             SUCCESS             MOFSLOPENAPI.py             Initilize Constructor
2024-01-14 00:39:12             SUCCESS             MOFSLOPENAPI.py             GetManufacturerLENOVO
2024-01-14 00:39:12             SUCCESS             MOFSLOPENAPI.py             Initilize Constructor Done
2024-01-14 00:39:12             SUCCESS             MOFSLOPENAPI.py             Initilize login request send
2024-01-14 00:39:12             SUCCESS             MOFSLOPENAPI.py             Initilize Post WebRequest Sent
2024-01-14 00:39:14             SUCCESS             MOFSLOPENAPI.py             Post WebRequest Send Successfully
2024-01-14 00:39:14             SUCCESS             MOFSLOPENAPI.py             Login sucessfully
2024-01-14 00:39:15             SUCCESS             MOFSLOPENAPI.py             Initilaize GetLtp request send
2024-01-14 00:39:15             SUCCESS             MOFSLOPENAPI.py             Initilize Post WebRequest Sent
2024-01-14 00:39:17             SUCCESS             MOFSLOPENAPI.py             Post WebRequest Send Successfully
2024-01-14 00:39:17             SUCCESS             MOFSLOPENAPI.py             GetLtp request sent Successfully
2024-01-14 00:39:20             SUCCESS             MOFSLOPENAPI.py             Initilaize GetOrderBook request send
2024-01-14 00:39:20             SUCCESS             MOFSLOPENAPI.py             Initilize Post WebRequest Sent
2024-01-14 00:39:22             SUCCESS             MOFSLOPENAPI.py             Post WebRequest Send Successfully
2024-01-14 00:39:22             SUCCESS             MOFSLOPENAPI.py             GetOrderBook request sent Successfully
2024-01-14 00:41:16             SUCCESS             MOFSLOPENAPI.py             Initilize Constructor
2024-01-14 00:41:17             SUCCESS             MOFSLOPENAPI.py             GetManufacturerLENOVO
2024-01-14 00:41:18             SUCCESS             MOFSLOPENAPI.py             Initilize Constructor Done
2024-01-14 00:41:24             SUCCESS             MOFSLOPENAPI.py             Initilize Constructor
2024-01-14 00:41:25             SUCCESS             MOFSLOPENAPI.py             GetManufacturerLENOVO
2024-01-14 00:41:25             SUCCESS             MOFSLOPENAPI.py             Initilize Constructor Done
2024-01-14 00:41:25             SUCCESS             MOFSLOPENAPI.py             Initilize login request send
2024-01-14 00:41:25             SUCCESS             MOFSLOPENAPI.py             Initilize Post WebRequest Sent
2024-01-14 00:41:29             SUCCESS             MOFSLOPENAPI.py             Post WebRequest Send Successfully
2024-01-14 00:41:29             SUCCESS             MOFSLOPENAPI.py             Login sucessfully
2024-01-14 00:41:30             SUCCESS             MOFSLOPENAPI.py             Initilaize GetLtp request send
2024-01-14 00:41:30             SUCCESS             MOFSLOPENAPI.py             Initilize Post WebRequest Sent
2024-01-14 00:41:32             SUCCESS             MOFSLOPENAPI.py             Post WebRequest Send Successfully
2024-01-14 00:41:32             SUCCESS             MOFSLOPENAPI.py             GetLtp request sent Successfully
2024-01-14 00:41:34             SUCCESS             MOFSLOPENAPI.py             Initilaize GetOrderBook request send
2024-01-14 00:41:34             SUCCESS             MOFSLOPENAPI.py             Initilize Post WebRequest Sent
2024-01-14 00:41:36             SUCCESS             MOFSLOPENAPI.py             Post WebRequest Send Successfully
2024-01-14 00:41:36             SUCCESS             MOFSLOPENAPI.py             GetOrderBook request sent Successfully
2024-01-14 00:45:30             SUCCESS             MOFSLOPENAPI.py             Initilize Constructor
2024-01-14 00:45:31             SUCCESS             MOFSLOPENAPI.py             GetManufacturerLENOVO
2024-01-14 00:45:31             SUCCESS             MOFSLOPENAPI.py             Initilize Constructor Done
2024-01-14 00:45:42             SUCCESS             MOFSLOPENAPI.py             Initilize Constructor
2024-01-14 00:45:43             SUCCESS             MOFSLOPENAPI.py             GetManufacturerLENOVO
2024-01-14 00:45:43             SUCCESS             MOFSLOPENAPI.py             Initilize Constructor Done
2024-01-14 00:45:43             SUCCESS             MOFSLOPENAPI.py             Initilize login request send
2024-01-14 00:45:43             SUCCESS             MOFSLOPENAPI.py             Initilize Post WebRequest Sent
2024-01-14 00:45:45             SUCCESS             MOFSLOPENAPI.py             Post WebRequest Send Successfully
2024-01-14 00:45:45             SUCCESS             MOFSLOPENAPI.py             Login sucessfully
2024-01-14 00:45:46             SUCCESS             MOFSLOPENAPI.py             Initilaize GetLtp request send
2024-01-14 00:45:46             SUCCESS             MOFSLOPENAPI.py             Initilize Post WebRequest Sent
2024-01-14 00:45:48             SUCCESS             MOFSLOPENAPI.py             Post WebRequest Send Successfully
2024-01-14 00:45:48             SUCCESS             MOFSLOPENAPI.py             GetLtp request sent Successfully
2024-01-14 00:45:50             SUCCESS             MOFSLOPENAPI.py             Initilaize GetOrderBook request send
2024-01-14 00:45:50             SUCCESS             MOFSLOPENAPI.py             Initilize Post WebRequest Sent
2024-01-14 00:45:51             SUCCESS             MOFSLOPENAPI.py             Post WebRequest Send Successfully
2024-01-14 00:45:51             SUCCESS             MOFSLOPENAPI.py             GetOrderBook request sent Successfully
2024-01-14 00:52:35             SUCCESS             MOFSLOPENAPI.py             Initilize Constructor
2024-01-14 00:52:36             SUCCESS             MOFSLOPENAPI.py             GetManufacturerLENOVO
2024-01-14 00:52:36             SUCCESS             MOFSLOPENAPI.py             Initilize Constructor Done
2024-01-14 00:52:42             SUCCESS             MOFSLOPENAPI.py             Initilize Constructor
2024-01-14 00:52:43             SUCCESS             MOFSLOPENAPI.py             GetManufacturerLENOVO
2024-01-14 00:52:44             SUCCESS             MOFSLOPENAPI.py             Initilize Constructor Done
2024-01-14 00:52:44             SUCCESS             MOFSLOPENAPI.py             Initilize login request send
2024-01-14 00:52:44             SUCCESS             MOFSLOPENAPI.py             Initilize Post WebRequest Sent
2024-01-14 00:52:46             SUCCESS             MOFSLOPENAPI.py             Post WebRequest Send Successfully
2024-01-14 00:52:46             SUCCESS             MOFSLOPENAPI.py             Login sucessfully
2024-01-14 00:52:48             SUCCESS             MOFSLOPENAPI.py             Initilaize GetLtp request send
2024-01-14 00:52:48             SUCCESS             MOFSLOPENAPI.py             Initilize Post WebRequest Sent
2024-01-14 00:52:50             SUCCESS             MOFSLOPENAPI.py             Post WebRequest Send Successfully
2024-01-14 00:52:50             SUCCESS             MOFSLOPENAPI.py             GetLtp request sent Successfully
2024-01-14 00:52:54             SUCCESS             MOFSLOPENAPI.py             Initilaize GetOrderBook request send
2024-01-14 00:52:54             SUCCESS             MOFSLOPENAPI.py             Initilize Post WebRequest Sent
2024-01-14 00:52:55             SUCCESS             MOFSLOPENAPI.py             Post WebRequest Send Successfully
2024-01-14 00:52:55             SUCCESS             MOFSLOPENAPI.py             GetOrderBook request sent Successfully
2024-01-14 00:59:39             SUCCESS             MOFSLOPENAPI.py             Initilize Constructor
2024-01-14 00:59:40             SUCCESS             MOFSLOPENAPI.py             GetManufacturerLENOVO
2024-01-14 00:59:41             SUCCESS             MOFSLOPENAPI.py             Initilize Constructor Done
2024-01-14 00:59:48             SUCCESS             MOFSLOPENAPI.py             Initilize Constructor
2024-01-14 00:59:49             SUCCESS             MOFSLOPENAPI.py             GetManufacturerLENOVO
2024-01-14 00:59:50             SUCCESS             MOFSLOPENAPI.py             Initilize Constructor Done
2024-01-14 00:59:50             SUCCESS             MOFSLOPENAPI.py             Initilize login request send
2024-01-14 00:59:50             SUCCESS             MOFSLOPENAPI.py             Initilize Post WebRequest Sent
2024-01-14 00:59:52             SUCCESS             MOFSLOPENAPI.py             Post WebRequest Send Successfully
2024-01-14 00:59:52             SUCCESS             MOFSLOPENAPI.py             Login sucessfully
2024-01-14 00:59:54             SUCCESS             MOFSLOPENAPI.py             Initilaize GetLtp request send
2024-01-14 00:59:54             SUCCESS             MOFSLOPENAPI.py             Initilize Post WebRequest Sent
2024-01-14 00:59:55             SUCCESS             MOFSLOPENAPI.py             Post WebRequest Send Successfully
2024-01-14 00:59:55             SUCCESS             MOFSLOPENAPI.py             GetLtp request sent Successfully
2024-01-14 00:59:58             SUCCESS             MOFSLOPENAPI.py             Initilaize GetOrderBook request send
2024-01-14 00:59:58             SUCCESS             MOFSLOPENAPI.py             Initilize Post WebRequest Sent
2024-01-14 00:59:59             SUCCESS             MOFSLOPENAPI.py             Post WebRequest Send Successfully
2024-01-14 00:59:59             SUCCESS             MOFSLOPENAPI.py             GetOrderBook request sent Successfully
2024-01-14 01:02:31             SUCCESS             MOFSLOPENAPI.py             Initilize Constructor
2024-01-14 01:02:32             SUCCESS             MOFSLOPENAPI.py             GetManufacturerLENOVO
2024-01-14 01:02:32             SUCCESS             MOFSLOPENAPI.py             Initilize Constructor Done
2024-01-14 01:02:40             SUCCESS             MOFSLOPENAPI.py             Initilize Constructor
2024-01-14 01:02:40             SUCCESS             MOFSLOPENAPI.py             GetManufacturerLENOVO
2024-01-14 01:02:41             SUCCESS             MOFSLOPENAPI.py             Initilize Constructor Done
2024-01-14 01:02:41             SUCCESS             MOFSLOPENAPI.py             Initilize login request send
2024-01-14 01:02:41             SUCCESS             MOFSLOPENAPI.py             Initilize Post WebRequest Sent
2024-01-14 01:02:43             SUCCESS             MOFSLOPENAPI.py             Post WebRequest Send Successfully
2024-01-14 01:02:43             SUCCESS             MOFSLOPENAPI.py             Login sucessfully
2024-01-14 01:02:45             SUCCESS             MOFSLOPENAPI.py             Initilaize GetLtp request send
2024-01-14 01:02:45             SUCCESS             MOFSLOPENAPI.py             Initilize Post WebRequest Sent
2024-01-14 01:02:47             SUCCESS             MOFSLOPENAPI.py             Post WebRequest Send Successfully
2024-01-14 01:02:47             SUCCESS             MOFSLOPENAPI.py             GetLtp request sent Successfully
2024-01-14 01:02:50             SUCCESS             MOFSLOPENAPI.py             Initilaize GetOrderBook request send
2024-01-14 01:02:50             SUCCESS             MOFSLOPENAPI.py             Initilize Post WebRequest Sent
2024-01-14 01:02:52             SUCCESS             MOFSLOPENAPI.py             Post WebRequest Send Successfully
2024-01-14 01:02:52             SUCCESS             MOFSLOPENAPI.py             GetOrderBook request sent Successfully
2024-01-14 16:06:52             SUCCESS             MOFSLOPENAPI.py             Initilize Constructor
2024-01-14 16:06:53             SUCCESS             MOFSLOPENAPI.py             GetManufacturerLENOVO
2024-01-14 16:06:54             SUCCESS             MOFSLOPENAPI.py             Initilize Constructor Done
2024-01-14 16:07:09             SUCCESS             MOFSLOPENAPI.py             Initilize Constructor
2024-01-14 16:07:10             SUCCESS             MOFSLOPENAPI.py             GetManufacturerLENOVO
2024-01-14 16:07:10             SUCCESS             MOFSLOPENAPI.py             Initilize Constructor Done
2024-01-14 16:07:10             SUCCESS             MOFSLOPENAPI.py             Initilize login request send
2024-01-14 16:07:10             SUCCESS             MOFSLOPENAPI.py             Initilize Post WebRequest Sent
2024-01-14 16:07:13             SUCCESS             MOFSLOPENAPI.py             Post WebRequest Send Successfully
2024-01-14 16:07:13             SUCCESS             MOFSLOPENAPI.py             Login sucessfully
2024-01-14 16:07:14             SUCCESS             MOFSLOPENAPI.py             Initilaize GetLtp request send
2024-01-14 16:07:14             SUCCESS             MOFSLOPENAPI.py             Initilize Post WebRequest Sent
2024-01-14 16:07:15             SUCCESS             MOFSLOPENAPI.py             Post WebRequest Send Successfully
2024-01-14 16:07:15             SUCCESS             MOFSLOPENAPI.py             GetLtp request sent Successfully
2024-01-14 16:07:18             SUCCESS             MOFSLOPENAPI.py             Initilaize GetOrderBook request send
2024-01-14 16:07:18             SUCCESS             MOFSLOPENAPI.py             Initilize Post WebRequest Sent
2024-01-14 16:07:19             SUCCESS             MOFSLOPENAPI.py             Post WebRequest Send Successfully
2024-01-14 16:07:19             SUCCESS             MOFSLOPENAPI.py             GetOrderBook request sent Successfully
2024-01-14 16:12:08             SUCCESS             MOFSLOPENAPI.py             Initilize Constructor
2024-01-14 16:12:09             SUCCESS             MOFSLOPENAPI.py             GetManufacturerLENOVO
2024-01-14 16:12:09             SUCCESS             MOFSLOPENAPI.py             Initilize Constructor Done
2024-01-14 16:12:16             SUCCESS             MOFSLOPENAPI.py             Initilize Constructor
2024-01-14 16:12:18             SUCCESS             MOFSLOPENAPI.py             GetManufacturerLENOVO
2024-01-14 16:12:21             SUCCESS             MOFSLOPENAPI.py             Initilize Constructor Done
2024-01-14 16:12:21             SUCCESS             MOFSLOPENAPI.py             Initilize login request send
2024-01-14 16:12:21             SUCCESS             MOFSLOPENAPI.py             Initilize Post WebRequest Sent
2024-01-14 16:12:24             SUCCESS             MOFSLOPENAPI.py             Post WebRequest Send Successfully
2024-01-14 16:12:24             SUCCESS             MOFSLOPENAPI.py             Login sucessfully
2024-01-14 16:12:25             SUCCESS             MOFSLOPENAPI.py             Initilaize GetLtp request send
2024-01-14 16:12:25             SUCCESS             MOFSLOPENAPI.py             Initilize Post WebRequest Sent
2024-01-14 16:12:28             SUCCESS             MOFSLOPENAPI.py             Post WebRequest Send Successfully
2024-01-14 16:12:28             SUCCESS             MOFSLOPENAPI.py             GetLtp request sent Successfully
2024-01-14 16:12:31             SUCCESS             MOFSLOPENAPI.py             Initilaize GetOrderBook request send
2024-01-14 16:12:31             SUCCESS             MOFSLOPENAPI.py             Initilize Post WebRequest Sent
2024-01-14 16:12:32             SUCCESS             MOFSLOPENAPI.py             Post WebRequest Send Successfully
2024-01-14 16:12:32             SUCCESS             MOFSLOPENAPI.py             GetOrderBook request sent Successfully
2024-01-14 16:14:49             SUCCESS             MOFSLOPENAPI.py             Initilize Constructor
2024-01-14 16:14:51             SUCCESS             MOFSLOPENAPI.py             GetManufacturerLENOVO
2024-01-14 16:14:52             SUCCESS             MOFSLOPENAPI.py             Initilize Constructor Done
2024-01-14 16:14:59             SUCCESS             MOFSLOPENAPI.py             Initilize Constructor
2024-01-14 16:15:00             SUCCESS             MOFSLOPENAPI.py             GetManufacturerLENOVO
2024-01-14 16:15:01             SUCCESS             MOFSLOPENAPI.py             Initilize Constructor Done
2024-01-14 16:15:01             SUCCESS             MOFSLOPENAPI.py             Initilize login request send
2024-01-14 16:15:01             SUCCESS             MOFSLOPENAPI.py             Initilize Post WebRequest Sent
2024-01-14 16:15:04             SUCCESS             MOFSLOPENAPI.py             Post WebRequest Send Successfully
2024-01-14 16:15:04             SUCCESS             MOFSLOPENAPI.py             Login sucessfully
2024-01-14 16:15:05             SUCCESS             MOFSLOPENAPI.py             Initilaize GetLtp request send
2024-01-14 16:15:05             SUCCESS             MOFSLOPENAPI.py             Initilize Post WebRequest Sent
2024-01-14 16:15:06             SUCCESS             MOFSLOPENAPI.py             Post WebRequest Send Successfully
2024-01-14 16:15:06             SUCCESS             MOFSLOPENAPI.py             GetLtp request sent Successfully
2024-01-14 16:15:09             SUCCESS             MOFSLOPENAPI.py             Initilaize GetOrderBook request send
2024-01-14 16:15:09             SUCCESS             MOFSLOPENAPI.py             Initilize Post WebRequest Sent
2024-01-14 16:15:11             SUCCESS             MOFSLOPENAPI.py             Post WebRequest Send Successfully
2024-01-14 16:15:11             SUCCESS             MOFSLOPENAPI.py             GetOrderBook request sent Successfully
2024-01-14 16:16:41             SUCCESS             MOFSLOPENAPI.py             Initilize Constructor
2024-01-14 16:16:42             SUCCESS             MOFSLOPENAPI.py             GetManufacturerLENOVO
2024-01-14 16:16:42             SUCCESS             MOFSLOPENAPI.py             Initilize Constructor Done
2024-01-14 16:16:51             SUCCESS             MOFSLOPENAPI.py             Initilize Constructor
2024-01-14 16:16:52             SUCCESS             MOFSLOPENAPI.py             GetManufacturerLENOVO
2024-01-14 16:16:52             SUCCESS             MOFSLOPENAPI.py             Initilize Constructor Done
2024-01-14 16:16:52             SUCCESS             MOFSLOPENAPI.py             Initilize login request send
2024-01-14 16:16:52             SUCCESS             MOFSLOPENAPI.py             Initilize Post WebRequest Sent
2024-01-14 16:16:56             SUCCESS             MOFSLOPENAPI.py             Post WebRequest Send Successfully
2024-01-14 16:16:56             SUCCESS             MOFSLOPENAPI.py             Login sucessfully
2024-01-14 16:16:57             SUCCESS             MOFSLOPENAPI.py             Initilaize GetLtp request send
2024-01-14 16:16:57             SUCCESS             MOFSLOPENAPI.py             Initilize Post WebRequest Sent
2024-01-14 16:16:59             SUCCESS             MOFSLOPENAPI.py             Post WebRequest Send Successfully
2024-01-14 16:16:59             SUCCESS             MOFSLOPENAPI.py             GetLtp request sent Successfully
2024-01-14 16:17:02             SUCCESS             MOFSLOPENAPI.py             Initilaize GetOrderBook request send
2024-01-14 16:17:02             SUCCESS             MOFSLOPENAPI.py             Initilize Post WebRequest Sent
2024-01-14 16:17:03             SUCCESS             MOFSLOPENAPI.py             Post WebRequest Send Successfully
2024-01-14 16:17:03             SUCCESS             MOFSLOPENAPI.py             GetOrderBook request sent Successfully
2024-01-14 16:20:06             SUCCESS             MOFSLOPENAPI.py             Initilize Constructor
2024-01-14 16:20:14             SUCCESS             MOFSLOPENAPI.py             GetManufacturerLENOVO
2024-01-14 16:20:14             SUCCESS             MOFSLOPENAPI.py             Initilize Constructor Done
2024-01-14 16:20:21             SUCCESS             MOFSLOPENAPI.py             Initilize Constructor
2024-01-14 16:20:22             SUCCESS             MOFSLOPENAPI.py             GetManufacturerLENOVO
2024-01-14 16:20:22             SUCCESS             MOFSLOPENAPI.py             Initilize Constructor Done
2024-01-14 16:20:22             SUCCESS             MOFSLOPENAPI.py             Initilize login request send
2024-01-14 16:20:22             SUCCESS             MOFSLOPENAPI.py             Initilize Post WebRequest Sent
2024-01-14 16:20:25             SUCCESS             MOFSLOPENAPI.py             Post WebRequest Send Successfully
2024-01-14 16:20:25             SUCCESS             MOFSLOPENAPI.py             Login sucessfully
2024-01-14 16:20:26             SUCCESS             MOFSLOPENAPI.py             Initilaize GetLtp request send
2024-01-14 16:20:26             SUCCESS             MOFSLOPENAPI.py             Initilize Post WebRequest Sent
2024-01-14 16:20:29             SUCCESS             MOFSLOPENAPI.py             Post WebRequest Send Successfully
2024-01-14 16:20:29             SUCCESS             MOFSLOPENAPI.py             GetLtp request sent Successfully
2024-01-14 16:20:32             SUCCESS             MOFSLOPENAPI.py             Initilaize GetOrderBook request send
2024-01-14 16:20:32             SUCCESS             MOFSLOPENAPI.py             Initilize Post WebRequest Sent
2024-01-14 16:20:33             SUCCESS             MOFSLOPENAPI.py             Post WebRequest Send Successfully
2024-01-14 16:20:33             SUCCESS             MOFSLOPENAPI.py             GetOrderBook request sent Successfully
2024-01-14 16:22:20             SUCCESS             MOFSLOPENAPI.py             Initilize Constructor
2024-01-14 16:22:20             SUCCESS             MOFSLOPENAPI.py             GetManufacturerLENOVO
2024-01-14 16:22:21             SUCCESS             MOFSLOPENAPI.py             Initilize Constructor Done
2024-01-14 16:22:32             SUCCESS             MOFSLOPENAPI.py             Initilize Constructor
2024-01-14 16:22:33             SUCCESS             MOFSLOPENAPI.py             GetManufacturerLENOVO
2024-01-14 16:22:33             SUCCESS             MOFSLOPENAPI.py             Initilize Constructor Done
2024-01-14 16:22:33             SUCCESS             MOFSLOPENAPI.py             Initilize login request send
2024-01-14 16:22:33             SUCCESS             MOFSLOPENAPI.py             Initilize Post WebRequest Sent
2024-01-14 16:22:35             SUCCESS             MOFSLOPENAPI.py             Post WebRequest Send Successfully
2024-01-14 16:22:35             SUCCESS             MOFSLOPENAPI.py             Login sucessfully
2024-01-14 16:22:36             SUCCESS             MOFSLOPENAPI.py             Initilaize GetLtp request send
2024-01-14 16:22:36             SUCCESS             MOFSLOPENAPI.py             Initilize Post WebRequest Sent
2024-01-14 16:22:37             SUCCESS             MOFSLOPENAPI.py             Post WebRequest Send Successfully
2024-01-14 16:22:37             SUCCESS             MOFSLOPENAPI.py             GetLtp request sent Successfully
2024-01-14 16:22:40             SUCCESS             MOFSLOPENAPI.py             Initilaize GetOrderBook request send
2024-01-14 16:22:40             SUCCESS             MOFSLOPENAPI.py             Initilize Post WebRequest Sent
2024-01-14 16:22:41             SUCCESS             MOFSLOPENAPI.py             Post WebRequest Send Successfully
2024-01-14 16:22:41             SUCCESS             MOFSLOPENAPI.py             GetOrderBook request sent Successfully
2024-01-14 16:27:25             SUCCESS             MOFSLOPENAPI.py             Initilize Constructor
2024-01-14 16:27:26             SUCCESS             MOFSLOPENAPI.py             GetManufacturerLENOVO
2024-01-14 16:27:26             SUCCESS             MOFSLOPENAPI.py             Initilize Constructor Done
2024-01-14 16:27:36             SUCCESS             MOFSLOPENAPI.py             Initilize Constructor
2024-01-14 16:27:37             SUCCESS             MOFSLOPENAPI.py             GetManufacturerLENOVO
2024-01-14 16:27:38             SUCCESS             MOFSLOPENAPI.py             Initilize Constructor Done
2024-01-14 16:27:38             SUCCESS             MOFSLOPENAPI.py             Initilize login request send
2024-01-14 16:27:38             SUCCESS             MOFSLOPENAPI.py             Initilize Post WebRequest Sent
2024-01-14 16:27:41             SUCCESS             MOFSLOPENAPI.py             Post WebRequest Send Successfully
2024-01-14 16:27:41             SUCCESS             MOFSLOPENAPI.py             Login sucessfully
2024-01-14 16:27:43             SUCCESS             MOFSLOPENAPI.py             Initilaize GetLtp request send
2024-01-14 16:27:43             SUCCESS             MOFSLOPENAPI.py             Initilize Post WebRequest Sent
2024-01-14 16:27:44             SUCCESS             MOFSLOPENAPI.py             Post WebRequest Send Successfully
2024-01-14 16:27:44             SUCCESS             MOFSLOPENAPI.py             GetLtp request sent Successfully
2024-01-14 16:27:47             SUCCESS             MOFSLOPENAPI.py             Initilaize GetOrderBook request send
2024-01-14 16:27:47             SUCCESS             MOFSLOPENAPI.py             Initilize Post WebRequest Sent
2024-01-14 16:27:49             SUCCESS             MOFSLOPENAPI.py             Post WebRequest Send Successfully
2024-01-14 16:27:49             SUCCESS             MOFSLOPENAPI.py             GetOrderBook request sent Successfully
2024-01-14 16:29:48             SUCCESS             MOFSLOPENAPI.py             Initilize Constructor
2024-01-14 16:29:50             SUCCESS             MOFSLOPENAPI.py             GetManufacturerLENOVO
2024-01-14 16:29:51             SUCCESS             MOFSLOPENAPI.py             Initilize Constructor Done
2024-01-14 16:29:59             SUCCESS             MOFSLOPENAPI.py             Initilize Constructor
2024-01-14 16:30:01             SUCCESS             MOFSLOPENAPI.py             GetManufacturerLENOVO
2024-01-14 16:30:01             SUCCESS             MOFSLOPENAPI.py             Initilize Constructor Done
2024-01-14 16:30:01             SUCCESS             MOFSLOPENAPI.py             Initilize login request send
2024-01-14 16:30:01             SUCCESS             MOFSLOPENAPI.py             Initilize Post WebRequest Sent
2024-01-14 16:30:03             SUCCESS             MOFSLOPENAPI.py             Post WebRequest Send Successfully
2024-01-14 16:30:03             SUCCESS             MOFSLOPENAPI.py             Login sucessfully
2024-01-14 16:30:05             SUCCESS             MOFSLOPENAPI.py             Initilaize GetLtp request send
2024-01-14 16:30:05             SUCCESS             MOFSLOPENAPI.py             Initilize Post WebRequest Sent
2024-01-14 16:30:06             SUCCESS             MOFSLOPENAPI.py             Post WebRequest Send Successfully
2024-01-14 16:30:06             SUCCESS             MOFSLOPENAPI.py             GetLtp request sent Successfully
2024-01-14 16:30:09             SUCCESS             MOFSLOPENAPI.py             Initilaize GetOrderBook request send
2024-01-14 16:30:09             SUCCESS             MOFSLOPENAPI.py             Initilize Post WebRequest Sent
2024-01-14 16:30:11             SUCCESS             MOFSLOPENAPI.py             Post WebRequest Send Successfully
2024-01-14 16:30:11             SUCCESS             MOFSLOPENAPI.py             GetOrderBook request sent Successfully
2024-01-14 16:30:29             SUCCESS             MOFSLOPENAPI.py             Initilaize GetLtp request send
2024-01-14 16:30:29             SUCCESS             MOFSLOPENAPI.py             Initilize Post WebRequest Sent
2024-01-14 16:30:30             SUCCESS             MOFSLOPENAPI.py             Post WebRequest Send Successfully
2024-01-14 16:30:30             SUCCESS             MOFSLOPENAPI.py             GetLtp request sent Successfully
2024-01-14 16:30:33             SUCCESS             MOFSLOPENAPI.py             Initilaize GetOrderBook request send
2024-01-14 16:30:33             SUCCESS             MOFSLOPENAPI.py             Initilize Post WebRequest Sent
2024-01-14 16:30:34             SUCCESS             MOFSLOPENAPI.py             Post WebRequest Send Successfully
2024-01-14 16:30:34             SUCCESS             MOFSLOPENAPI.py             GetOrderBook request sent Successfully
2024-01-14 16:33:41             SUCCESS             MOFSLOPENAPI.py             Initilize Constructor
2024-01-14 16:33:43             SUCCESS             MOFSLOPENAPI.py             GetManufacturerLENOVO
2024-01-14 16:33:44             SUCCESS             MOFSLOPENAPI.py             Initilize Constructor Done
2024-01-14 16:33:51             SUCCESS             MOFSLOPENAPI.py             Initilize Constructor
2024-01-14 16:33:53             SUCCESS             MOFSLOPENAPI.py             GetManufacturerLENOVO
2024-01-14 16:33:53             SUCCESS             MOFSLOPENAPI.py             Initilize Constructor Done
2024-01-14 16:33:53             SUCCESS             MOFSLOPENAPI.py             Initilize login request send
2024-01-14 16:33:53             SUCCESS             MOFSLOPENAPI.py             Initilize Post WebRequest Sent
2024-01-14 16:33:56             SUCCESS             MOFSLOPENAPI.py             Post WebRequest Send Successfully
2024-01-14 16:33:56             SUCCESS             MOFSLOPENAPI.py             Login sucessfully
2024-01-14 16:33:58             SUCCESS             MOFSLOPENAPI.py             Initilaize GetLtp request send
2024-01-14 16:33:58             SUCCESS             MOFSLOPENAPI.py             Initilize Post WebRequest Sent
2024-01-14 16:34:00             SUCCESS             MOFSLOPENAPI.py             Post WebRequest Send Successfully
2024-01-14 16:34:00             SUCCESS             MOFSLOPENAPI.py             GetLtp request sent Successfully
2024-01-14 16:34:03             SUCCESS             MOFSLOPENAPI.py             Initilaize GetOrderBook request send
2024-01-14 16:34:03             SUCCESS             MOFSLOPENAPI.py             Initilize Post WebRequest Sent
2024-01-14 16:34:05             SUCCESS             MOFSLOPENAPI.py             Post WebRequest Send Successfully
2024-01-14 16:34:05             SUCCESS             MOFSLOPENAPI.py             GetOrderBook request sent Successfully
2024-01-14 16:34:52             SUCCESS             MOFSLOPENAPI.py             Initilize Constructor
2024-01-14 16:34:53             SUCCESS             MOFSLOPENAPI.py             GetManufacturerLENOVO
2024-01-14 16:34:53             SUCCESS             MOFSLOPENAPI.py             Initilize Constructor Done
2024-01-14 16:35:07             SUCCESS             MOFSLOPENAPI.py             Initilize Constructor
2024-01-14 16:35:07             SUCCESS             MOFSLOPENAPI.py             GetManufacturerLENOVO
2024-01-14 16:35:08             SUCCESS             MOFSLOPENAPI.py             Initilize Constructor Done
2024-01-14 16:35:08             SUCCESS             MOFSLOPENAPI.py             Initilize login request send
2024-01-14 16:35:08             SUCCESS             MOFSLOPENAPI.py             Initilize Post WebRequest Sent
2024-01-14 16:35:10             SUCCESS             MOFSLOPENAPI.py             Post WebRequest Send Successfully
2024-01-14 16:35:10             SUCCESS             MOFSLOPENAPI.py             Login sucessfully
2024-01-14 16:35:11             SUCCESS             MOFSLOPENAPI.py             Initilaize GetLtp request send
2024-01-14 16:35:11             SUCCESS             MOFSLOPENAPI.py             Initilize Post WebRequest Sent
2024-01-14 16:35:13             SUCCESS             MOFSLOPENAPI.py             Post WebRequest Send Successfully
2024-01-14 16:35:13             SUCCESS             MOFSLOPENAPI.py             GetLtp request sent Successfully
2024-01-14 16:35:18             SUCCESS             MOFSLOPENAPI.py             Initilaize GetOrderBook request send
2024-01-14 16:35:18             SUCCESS             MOFSLOPENAPI.py             Initilize Post WebRequest Sent
2024-01-14 16:35:20             SUCCESS             MOFSLOPENAPI.py             Post WebRequest Send Successfully
2024-01-14 16:35:20             SUCCESS             MOFSLOPENAPI.py             GetOrderBook request sent Successfully
2024-01-14 16:37:21             SUCCESS             MOFSLOPENAPI.py             Initilize Constructor
2024-01-14 16:37:23             SUCCESS             MOFSLOPENAPI.py             GetManufacturerLENOVO
2024-01-14 16:37:23             SUCCESS             MOFSLOPENAPI.py             Initilize Constructor Done
2024-01-14 16:37:55             SUCCESS             MOFSLOPENAPI.py             Initilize Constructor
2024-01-14 16:37:57             SUCCESS             MOFSLOPENAPI.py             GetManufacturerLENOVO
2024-01-14 16:37:57             SUCCESS             MOFSLOPENAPI.py             Initilize Constructor Done
2024-01-14 16:37:57             SUCCESS             MOFSLOPENAPI.py             Initilize login request send
2024-01-14 16:37:57             SUCCESS             MOFSLOPENAPI.py             Initilize Post WebRequest Sent
2024-01-14 16:37:59             SUCCESS             MOFSLOPENAPI.py             Post WebRequest Send Successfully
2024-01-14 16:37:59             SUCCESS             MOFSLOPENAPI.py             Login sucessfully
2024-01-14 16:38:00             SUCCESS             MOFSLOPENAPI.py             Initilaize GetLtp request send
2024-01-14 16:38:00             SUCCESS             MOFSLOPENAPI.py             Initilize Post WebRequest Sent
2024-01-14 16:38:02             SUCCESS             MOFSLOPENAPI.py             Post WebRequest Send Successfully
2024-01-14 16:38:02             SUCCESS             MOFSLOPENAPI.py             GetLtp request sent Successfully
2024-01-14 16:38:05             SUCCESS             MOFSLOPENAPI.py             Initilaize GetOrderBook request send
2024-01-14 16:38:05             SUCCESS             MOFSLOPENAPI.py             Initilize Post WebRequest Sent
2024-01-14 16:38:06             SUCCESS             MOFSLOPENAPI.py             Post WebRequest Send Successfully
2024-01-14 16:38:06             SUCCESS             MOFSLOPENAPI.py             GetOrderBook request sent Successfully
2024-01-14 16:41:52             SUCCESS             MOFSLOPENAPI.py             Initilize Constructor
2024-01-14 16:41:53             SUCCESS             MOFSLOPENAPI.py             GetManufacturerLENOVO
2024-01-14 16:41:54             SUCCESS             MOFSLOPENAPI.py             Initilize Constructor Done
2024-01-14 16:42:06             SUCCESS             MOFSLOPENAPI.py             Initilize Constructor
2024-01-14 16:42:06             SUCCESS             MOFSLOPENAPI.py             GetManufacturerLENOVO
2024-01-14 16:42:07             SUCCESS             MOFSLOPENAPI.py             Initilize Constructor Done
2024-01-14 16:42:07             SUCCESS             MOFSLOPENAPI.py             Initilize login request send
2024-01-14 16:42:07             SUCCESS             MOFSLOPENAPI.py             Initilize Post WebRequest Sent
2024-01-14 16:42:09             SUCCESS             MOFSLOPENAPI.py             Post WebRequest Send Successfully
2024-01-14 16:42:09             ERROR             MOFSLOPENAPI.py             Invalid TOTP Value | Please Provide Correct TOTP
2024-01-14 16:42:21             SUCCESS             MOFSLOPENAPI.py             Initilize Constructor
2024-01-14 16:42:22             SUCCESS             MOFSLOPENAPI.py             GetManufacturerLENOVO
2024-01-14 16:42:23             SUCCESS             MOFSLOPENAPI.py             Initilize Constructor Done
2024-01-14 16:42:23             SUCCESS             MOFSLOPENAPI.py             Initilize login request send
2024-01-14 16:42:23             SUCCESS             MOFSLOPENAPI.py             Initilize Post WebRequest Sent
2024-01-14 16:42:25             SUCCESS             MOFSLOPENAPI.py             Post WebRequest Send Successfully
2024-01-14 16:42:25             SUCCESS             MOFSLOPENAPI.py             Login sucessfully
2024-01-14 16:42:26             SUCCESS             MOFSLOPENAPI.py             Initilaize GetLtp request send
2024-01-14 16:42:26             SUCCESS             MOFSLOPENAPI.py             Initilize Post WebRequest Sent
2024-01-14 16:42:28             SUCCESS             MOFSLOPENAPI.py             Post WebRequest Send Successfully
2024-01-14 16:42:28             SUCCESS             MOFSLOPENAPI.py             GetLtp request sent Successfully
2024-01-14 16:42:32             SUCCESS             MOFSLOPENAPI.py             Initilaize GetOrderBook request send
2024-01-14 16:42:32             SUCCESS             MOFSLOPENAPI.py             Initilize Post WebRequest Sent
2024-01-14 16:42:34             SUCCESS             MOFSLOPENAPI.py             Post WebRequest Send Successfully
2024-01-14 16:42:34             SUCCESS             MOFSLOPENAPI.py             GetOrderBook request sent Successfully
2024-01-14 16:46:39             SUCCESS             MOFSLOPENAPI.py             Initilize Constructor
2024-01-14 16:46:41             SUCCESS             MOFSLOPENAPI.py             GetManufacturerLENOVO
2024-01-14 16:46:41             SUCCESS             MOFSLOPENAPI.py             Initilize Constructor Done
2024-01-14 16:46:50             SUCCESS             MOFSLOPENAPI.py             Initilize Constructor
2024-01-14 16:46:51             SUCCESS             MOFSLOPENAPI.py             GetManufacturerLENOVO
2024-01-14 16:46:52             SUCCESS             MOFSLOPENAPI.py             Initilize Constructor Done
2024-01-14 16:46:52             SUCCESS             MOFSLOPENAPI.py             Initilize login request send
2024-01-14 16:46:52             SUCCESS             MOFSLOPENAPI.py             Initilize Post WebRequest Sent
2024-01-14 16:46:55             SUCCESS             MOFSLOPENAPI.py             Post WebRequest Send Successfully
2024-01-14 16:46:55             SUCCESS             MOFSLOPENAPI.py             Login sucessfully
2024-01-14 16:46:56             SUCCESS             MOFSLOPENAPI.py             Initilaize GetLtp request send
2024-01-14 16:46:56             SUCCESS             MOFSLOPENAPI.py             Initilize Post WebRequest Sent
2024-01-14 16:46:57             SUCCESS             MOFSLOPENAPI.py             Post WebRequest Send Successfully
2024-01-14 16:46:57             SUCCESS             MOFSLOPENAPI.py             GetLtp request sent Successfully
2024-01-14 16:47:00             SUCCESS             MOFSLOPENAPI.py             Initilaize GetOrderBook request send
2024-01-14 16:47:00             SUCCESS             MOFSLOPENAPI.py             Initilize Post WebRequest Sent
2024-01-14 16:47:02             SUCCESS             MOFSLOPENAPI.py             Post WebRequest Send Successfully
2024-01-14 16:47:02             SUCCESS             MOFSLOPENAPI.py             GetOrderBook request sent Successfully
2024-01-14 16:48:43             SUCCESS             MOFSLOPENAPI.py             Initilize Constructor
2024-01-14 16:48:44             SUCCESS             MOFSLOPENAPI.py             GetManufacturerLENOVO
2024-01-14 16:48:44             SUCCESS             MOFSLOPENAPI.py             Initilize Constructor Done
2024-01-14 16:48:50             SUCCESS             MOFSLOPENAPI.py             Initilize Constructor
2024-01-14 16:48:51             SUCCESS             MOFSLOPENAPI.py             GetManufacturerLENOVO
2024-01-14 16:48:52             SUCCESS             MOFSLOPENAPI.py             Initilize Constructor Done
2024-01-14 16:48:52             SUCCESS             MOFSLOPENAPI.py             Initilize login request send
2024-01-14 16:48:52             SUCCESS             MOFSLOPENAPI.py             Initilize Post WebRequest Sent
2024-01-14 16:48:54             SUCCESS             MOFSLOPENAPI.py             Post WebRequest Send Successfully
2024-01-14 16:48:54             SUCCESS             MOFSLOPENAPI.py             Login sucessfully
2024-01-14 16:48:56             SUCCESS             MOFSLOPENAPI.py             Initilaize GetLtp request send
2024-01-14 16:48:56             SUCCESS             MOFSLOPENAPI.py             Initilize Post WebRequest Sent
2024-01-14 16:48:57             SUCCESS             MOFSLOPENAPI.py             Post WebRequest Send Successfully
2024-01-14 16:48:58             SUCCESS             MOFSLOPENAPI.py             GetLtp request sent Successfully
2024-01-14 16:49:00             SUCCESS             MOFSLOPENAPI.py             Initilaize GetOrderBook request send
2024-01-14 16:49:00             SUCCESS             MOFSLOPENAPI.py             Initilize Post WebRequest Sent
2024-01-14 16:49:02             SUCCESS             MOFSLOPENAPI.py             Post WebRequest Send Successfully
2024-01-14 16:49:02             SUCCESS             MOFSLOPENAPI.py             GetOrderBook request sent Successfully
2024-01-14 16:53:23             SUCCESS             MOFSLOPENAPI.py             Initilize Constructor
2024-01-14 16:53:24             SUCCESS             MOFSLOPENAPI.py             GetManufacturerLENOVO
2024-01-14 16:53:24             SUCCESS             MOFSLOPENAPI.py             Initilize Constructor Done
2024-01-14 16:53:32             SUCCESS             MOFSLOPENAPI.py             Initilize Constructor
2024-01-14 16:53:33             SUCCESS             MOFSLOPENAPI.py             GetManufacturerLENOVO
2024-01-14 16:53:33             SUCCESS             MOFSLOPENAPI.py             Initilize Constructor Done
2024-01-14 16:53:33             SUCCESS             MOFSLOPENAPI.py             Initilize login request send
2024-01-14 16:53:33             SUCCESS             MOFSLOPENAPI.py             Initilize Post WebRequest Sent
2024-01-14 16:53:38             SUCCESS             MOFSLOPENAPI.py             Post WebRequest Send Successfully
2024-01-14 16:53:38             SUCCESS             MOFSLOPENAPI.py             Login sucessfully
2024-01-14 16:53:39             SUCCESS             MOFSLOPENAPI.py             Initilaize GetLtp request send
2024-01-14 16:53:39             SUCCESS             MOFSLOPENAPI.py             Initilize Post WebRequest Sent
2024-01-14 16:53:41             SUCCESS             MOFSLOPENAPI.py             Post WebRequest Send Successfully
2024-01-14 16:53:41             SUCCESS             MOFSLOPENAPI.py             GetLtp request sent Successfully
2024-01-14 16:53:44             SUCCESS             MOFSLOPENAPI.py             Initilaize GetOrderBook request send
2024-01-14 16:53:44             SUCCESS             MOFSLOPENAPI.py             Initilize Post WebRequest Sent
2024-01-14 16:53:46             SUCCESS             MOFSLOPENAPI.py             Post WebRequest Send Successfully
2024-01-14 16:53:46             SUCCESS             MOFSLOPENAPI.py             GetOrderBook request sent Successfully
2024-01-14 16:57:41             SUCCESS             MOFSLOPENAPI.py             Initilize Constructor
2024-01-14 16:57:42             SUCCESS             MOFSLOPENAPI.py             GetManufacturerLENOVO
2024-01-14 16:57:42             SUCCESS             MOFSLOPENAPI.py             Initilize Constructor Done
2024-01-14 16:57:49             SUCCESS             MOFSLOPENAPI.py             Initilize Constructor
2024-01-14 16:57:49             SUCCESS             MOFSLOPENAPI.py             GetManufacturerLENOVO
2024-01-14 16:57:50             SUCCESS             MOFSLOPENAPI.py             Initilize Constructor Done
2024-01-14 16:57:50             SUCCESS             MOFSLOPENAPI.py             Initilize login request send
2024-01-14 16:57:50             SUCCESS             MOFSLOPENAPI.py             Initilize Post WebRequest Sent
2024-01-14 16:57:53             SUCCESS             MOFSLOPENAPI.py             Post WebRequest Send Successfully
2024-01-14 16:57:53             SUCCESS             MOFSLOPENAPI.py             Login sucessfully
2024-01-14 16:57:55             SUCCESS             MOFSLOPENAPI.py             Initilaize GetLtp request send
2024-01-14 16:57:55             SUCCESS             MOFSLOPENAPI.py             Initilize Post WebRequest Sent
2024-01-14 16:57:56             SUCCESS             MOFSLOPENAPI.py             Post WebRequest Send Successfully
2024-01-14 16:57:56             SUCCESS             MOFSLOPENAPI.py             GetLtp request sent Successfully
2024-01-14 16:57:59             SUCCESS             MOFSLOPENAPI.py             Initilaize GetOrderBook request send
2024-01-14 16:57:59             SUCCESS             MOFSLOPENAPI.py             Initilize Post WebRequest Sent
2024-01-14 16:58:00             SUCCESS             MOFSLOPENAPI.py             Post WebRequest Send Successfully
2024-01-14 16:58:00             SUCCESS             MOFSLOPENAPI.py             GetOrderBook request sent Successfully
2024-01-14 17:14:00             SUCCESS             MOFSLOPENAPI.py             Initilize Constructor
2024-01-14 17:14:00             SUCCESS             MOFSLOPENAPI.py             GetManufacturerLENOVO
2024-01-14 17:14:01             SUCCESS             MOFSLOPENAPI.py             Initilize Constructor Done
2024-01-14 17:14:25             SUCCESS             MOFSLOPENAPI.py             Initilize Constructor
2024-01-14 17:14:25             SUCCESS             MOFSLOPENAPI.py             GetManufacturerLENOVO
2024-01-14 17:14:26             SUCCESS             MOFSLOPENAPI.py             Initilize Constructor Done
2024-01-14 17:14:26             SUCCESS             MOFSLOPENAPI.py             Initilize login request send
2024-01-14 17:14:26             SUCCESS             MOFSLOPENAPI.py             Initilize Post WebRequest Sent
2024-01-14 17:14:30             SUCCESS             MOFSLOPENAPI.py             Post WebRequest Send Successfully
2024-01-14 17:14:30             SUCCESS             MOFSLOPENAPI.py             Login sucessfully
2024-01-14 17:14:31             SUCCESS             MOFSLOPENAPI.py             Initilaize GetLtp request send
2024-01-14 17:14:31             SUCCESS             MOFSLOPENAPI.py             Initilize Post WebRequest Sent
2024-01-14 17:14:32             SUCCESS             MOFSLOPENAPI.py             Post WebRequest Send Successfully
2024-01-14 17:14:32             SUCCESS             MOFSLOPENAPI.py             GetLtp request sent Successfully
2024-01-14 17:14:37             SUCCESS             MOFSLOPENAPI.py             Initilaize GetOrderBook request send
2024-01-14 17:14:37             SUCCESS             MOFSLOPENAPI.py             Initilize Post WebRequest Sent
2024-01-14 17:14:38             SUCCESS             MOFSLOPENAPI.py             Post WebRequest Send Successfully
2024-01-14 17:14:38             SUCCESS             MOFSLOPENAPI.py             GetOrderBook request sent Successfully
