2024-01-19 02:02:03             SUCCESS             MOFSLOPENAPI.py             Initilize Constructor
2024-01-19 02:02:04             SUCCESS             MOFSLOPENAPI.py             GetManufacturerLENOVO
2024-01-19 02:02:04             SUCCESS             MOFSLOPENAPI.py             Initilize Constructor Done
2024-01-19 02:02:37             SUCCESS             MOFSLOPENAPI.py             Initilize Constructor
2024-01-19 02:02:38             SUCCESS             MOFSLOPENAPI.py             GetManufacturerLENOVO
2024-01-19 02:02:38             SUCCESS             MOFSLOPENAPI.py             Initilize Constructor Done
2024-01-19 02:02:38             SUCCESS             MOFSLOPENAPI.py             Initilize login request send
2024-01-19 02:02:38             SUCCESS             MOFSLOPENAPI.py             Initilize Post WebRequest Sent
2024-01-19 02:02:40             SUCCESS             MOFSLOPENAPI.py             Post WebRequest Send Successfully
2024-01-19 02:02:40             SUCCESS             MOFSLOPENAPI.py             Login sucessfully
2024-01-19 02:02:41             SUCCESS             MOFSLOPENAPI.py             Initilaize GetLtp request send
2024-01-19 02:02:41             SUCCESS             MOFSLOPENAPI.py             Initilize Post WebRequest Sent
2024-01-19 02:02:43             SUCCESS             MOFSLOPENAPI.py             Post WebRequest Send Successfully
2024-01-19 02:02:43             SUCCESS             MOFSLOPENAPI.py             GetLtp request sent Successfully
2024-01-19 02:02:45             SUCCESS             MOFSLOPENAPI.py             Initilaize GetOrderBook request send
2024-01-19 02:02:45             SUCCESS             MOFSLOPENAPI.py             Initilize Post WebRequest Sent
2024-01-19 02:02:47             SUCCESS             MOFSLOPENAPI.py             Post WebRequest Send Successfully
2024-01-19 02:02:47             SUCCESS             MOFSLOPENAPI.py             GetOrderBook request sent Successfully
2024-01-19 19:09:48             SUCCESS             MOFSLOPENAPI.py             Initilize Constructor
2024-01-19 19:09:49             SUCCESS             MOFSLOPENAPI.py             GetManufacturerLENOVO
2024-01-19 19:09:49             SUCCESS             MOFSLOPENAPI.py             Initilize Constructor Done
2024-01-19 19:10:06             SUCCESS             MOFSLOPENAPI.py             Initilize Constructor
2024-01-19 19:10:14             SUCCESS             MOFSLOPENAPI.py             GetManufacturerLENOVO
2024-01-19 19:10:16             SUCCESS             MOFSLOPENAPI.py             Initilize Constructor Done
2024-01-19 19:10:16             SUCCESS             MOFSLOPENAPI.py             Initilize login request send
2024-01-19 19:10:16             SUCCESS             MOFSLOPENAPI.py             Initilize Post WebRequest Sent
2024-01-19 19:10:20             SUCCESS             MOFSLOPENAPI.py             Post WebRequest Send Successfully
2024-01-19 19:10:20             SUCCESS             MOFSLOPENAPI.py             Login sucessfully
2024-01-19 19:10:22             SUCCESS             MOFSLOPENAPI.py             Initilaize GetLtp request send
2024-01-19 19:10:22             SUCCESS             MOFSLOPENAPI.py             Initilize Post WebRequest Sent
2024-01-19 19:10:25             SUCCESS             MOFSLOPENAPI.py             Post WebRequest Send Successfully
2024-01-19 19:10:25             SUCCESS             MOFSLOPENAPI.py             GetLtp request sent Successfully
2024-01-19 19:10:30             SUCCESS             MOFSLOPENAPI.py             Initilaize GetOrderBook request send
2024-01-19 19:10:30             SUCCESS             MOFSLOPENAPI.py             Initilize Post WebRequest Sent
2024-01-19 19:10:32             SUCCESS             MOFSLOPENAPI.py             Post WebRequest Send Successfully
2024-01-19 19:10:32             SUCCESS             MOFSLOPENAPI.py             GetOrderBook request sent Successfully
2024-01-19 19:17:10             SUCCESS             MOFSLOPENAPI.py             Initilize Constructor
2024-01-19 19:17:11             SUCCESS             MOFSLOPENAPI.py             GetManufacturerLENOVO
2024-01-19 19:17:12             SUCCESS             MOFSLOPENAPI.py             Initilize Constructor Done
2024-01-19 19:17:27             SUCCESS             MOFSLOPENAPI.py             Initilize Constructor
2024-01-19 19:17:28             SUCCESS             MOFSLOPENAPI.py             GetManufacturerLENOVO
2024-01-19 19:17:29             SUCCESS             MOFSLOPENAPI.py             Initilize Constructor Done
2024-01-19 19:17:29             SUCCESS             MOFSLOPENAPI.py             Initilize login request send
2024-01-19 19:17:29             SUCCESS             MOFSLOPENAPI.py             Initilize Post WebRequest Sent
2024-01-19 19:17:33             SUCCESS             MOFSLOPENAPI.py             Post WebRequest Send Successfully
2024-01-19 19:17:33             SUCCESS             MOFSLOPENAPI.py             Login sucessfully
2024-01-19 19:17:35             SUCCESS             MOFSLOPENAPI.py             Initilaize GetLtp request send
2024-01-19 19:17:35             SUCCESS             MOFSLOPENAPI.py             Initilize Post WebRequest Sent
2024-01-19 19:17:39             SUCCESS             MOFSLOPENAPI.py             Post WebRequest Send Successfully
2024-01-19 19:17:39             SUCCESS             MOFSLOPENAPI.py             GetLtp request sent Successfully
2024-01-19 19:17:42             SUCCESS             MOFSLOPENAPI.py             Initilaize GetOrderBook request send
2024-01-19 19:17:42             SUCCESS             MOFSLOPENAPI.py             Initilize Post WebRequest Sent
2024-01-19 19:17:44             SUCCESS             MOFSLOPENAPI.py             Post WebRequest Send Successfully
2024-01-19 19:17:44             SUCCESS             MOFSLOPENAPI.py             GetOrderBook request sent Successfully
2024-01-19 19:25:07             SUCCESS             MOFSLOPENAPI.py             Initilize Constructor
2024-01-19 19:25:08             SUCCESS             MOFSLOPENAPI.py             GetManufacturerLENOVO
2024-01-19 19:25:09             SUCCESS             MOFSLOPENAPI.py             Initilize Constructor Done
2024-01-19 19:25:20             SUCCESS             MOFSLOPENAPI.py             Initilize Constructor
2024-01-19 19:25:21             SUCCESS             MOFSLOPENAPI.py             GetManufacturerLENOVO
2024-01-19 19:25:22             SUCCESS             MOFSLOPENAPI.py             Initilize Constructor Done
2024-01-19 19:25:22             SUCCESS             MOFSLOPENAPI.py             Initilize login request send
2024-01-19 19:25:22             SUCCESS             MOFSLOPENAPI.py             Initilize Post WebRequest Sent
2024-01-19 19:25:24             SUCCESS             MOFSLOPENAPI.py             Post WebRequest Send Successfully
2024-01-19 19:25:24             SUCCESS             MOFSLOPENAPI.py             Login sucessfully
2024-01-19 19:25:26             SUCCESS             MOFSLOPENAPI.py             Initilaize GetLtp request send
2024-01-19 19:25:26             SUCCESS             MOFSLOPENAPI.py             Initilize Post WebRequest Sent
2024-01-19 19:25:30             SUCCESS             MOFSLOPENAPI.py             Post WebRequest Send Successfully
2024-01-19 19:25:31             SUCCESS             MOFSLOPENAPI.py             GetLtp request sent Successfully
2024-01-19 19:25:34             SUCCESS             MOFSLOPENAPI.py             Initilaize GetOrderBook request send
2024-01-19 19:25:34             SUCCESS             MOFSLOPENAPI.py             Initilize Post WebRequest Sent
2024-01-19 19:25:36             SUCCESS             MOFSLOPENAPI.py             Post WebRequest Send Successfully
2024-01-19 19:25:36             SUCCESS             MOFSLOPENAPI.py             GetOrderBook request sent Successfully
2024-01-19 19:29:50             SUCCESS             MOFSLOPENAPI.py             Initilize Constructor
2024-01-19 19:29:53             SUCCESS             MOFSLOPENAPI.py             GetManufacturerLENOVO
2024-01-19 19:29:55             SUCCESS             MOFSLOPENAPI.py             Initilize Constructor Done
2024-01-19 19:30:04             SUCCESS             MOFSLOPENAPI.py             Initilize Constructor
2024-01-19 19:30:07             SUCCESS             MOFSLOPENAPI.py             GetManufacturerLENOVO
2024-01-19 19:30:08             SUCCESS             MOFSLOPENAPI.py             Initilize Constructor Done
2024-01-19 19:30:08             SUCCESS             MOFSLOPENAPI.py             Initilize login request send
2024-01-19 19:30:08             SUCCESS             MOFSLOPENAPI.py             Initilize Post WebRequest Sent
2024-01-19 19:30:11             SUCCESS             MOFSLOPENAPI.py             Post WebRequest Send Successfully
2024-01-19 19:30:11             SUCCESS             MOFSLOPENAPI.py             Login sucessfully
2024-01-19 19:30:12             SUCCESS             MOFSLOPENAPI.py             Initilaize GetLtp request send
2024-01-19 19:30:12             SUCCESS             MOFSLOPENAPI.py             Initilize Post WebRequest Sent
2024-01-19 19:30:15             SUCCESS             MOFSLOPENAPI.py             Post WebRequest Send Successfully
2024-01-19 19:30:15             SUCCESS             MOFSLOPENAPI.py             GetLtp request sent Successfully
2024-01-19 19:30:19             SUCCESS             MOFSLOPENAPI.py             Initilaize GetOrderBook request send
2024-01-19 19:30:19             SUCCESS             MOFSLOPENAPI.py             Initilize Post WebRequest Sent
2024-01-19 19:30:23             SUCCESS             MOFSLOPENAPI.py             Post WebRequest Send Successfully
2024-01-19 19:30:23             SUCCESS             MOFSLOPENAPI.py             GetOrderBook request sent Successfully
2024-01-19 19:38:33             SUCCESS             MOFSLOPENAPI.py             Initilize Constructor
2024-01-19 19:38:34             SUCCESS             MOFSLOPENAPI.py             GetManufacturerLENOVO
2024-01-19 19:38:35             SUCCESS             MOFSLOPENAPI.py             Initilize Constructor Done
2024-01-19 19:38:46             SUCCESS             MOFSLOPENAPI.py             Initilize Constructor
2024-01-19 19:38:47             SUCCESS             MOFSLOPENAPI.py             GetManufacturerLENOVO
2024-01-19 19:38:48             SUCCESS             MOFSLOPENAPI.py             Initilize Constructor Done
2024-01-19 19:38:49             SUCCESS             MOFSLOPENAPI.py             Initilize login request send
2024-01-19 19:38:49             SUCCESS             MOFSLOPENAPI.py             Initilize Post WebRequest Sent
2024-01-19 19:38:51             SUCCESS             MOFSLOPENAPI.py             Post WebRequest Send Successfully
2024-01-19 19:38:51             SUCCESS             MOFSLOPENAPI.py             Login sucessfully
2024-01-19 19:38:53             SUCCESS             MOFSLOPENAPI.py             Initilaize GetLtp request send
2024-01-19 19:38:53             SUCCESS             MOFSLOPENAPI.py             Initilize Post WebRequest Sent
2024-01-19 19:38:55             SUCCESS             MOFSLOPENAPI.py             Post WebRequest Send Successfully
2024-01-19 19:38:55             SUCCESS             MOFSLOPENAPI.py             GetLtp request sent Successfully
2024-01-19 19:38:59             SUCCESS             MOFSLOPENAPI.py             Initilaize GetOrderBook request send
2024-01-19 19:38:59             SUCCESS             MOFSLOPENAPI.py             Initilize Post WebRequest Sent
2024-01-19 19:39:02             SUCCESS             MOFSLOPENAPI.py             Post WebRequest Send Successfully
2024-01-19 19:39:02             SUCCESS             MOFSLOPENAPI.py             GetOrderBook request sent Successfully
2024-01-19 19:51:37             SUCCESS             MOFSLOPENAPI.py             Initilize Constructor
2024-01-19 19:51:38             SUCCESS             MOFSLOPENAPI.py             GetManufacturerLENOVO
2024-01-19 19:51:39             SUCCESS             MOFSLOPENAPI.py             Initilize Constructor Done
2024-01-19 19:52:26             SUCCESS             MOFSLOPENAPI.py             Initilize Constructor
2024-01-19 19:52:27             SUCCESS             MOFSLOPENAPI.py             GetManufacturerLENOVO
2024-01-19 19:52:28             SUCCESS             MOFSLOPENAPI.py             Initilize Constructor Done
2024-01-19 19:52:28             SUCCESS             MOFSLOPENAPI.py             Initilize login request send
2024-01-19 19:52:28             SUCCESS             MOFSLOPENAPI.py             Initilize Post WebRequest Sent
2024-01-19 19:52:30             SUCCESS             MOFSLOPENAPI.py             Post WebRequest Send Successfully
2024-01-19 19:52:30             SUCCESS             MOFSLOPENAPI.py             Login sucessfully
2024-01-19 19:52:31             SUCCESS             MOFSLOPENAPI.py             Initilaize GetLtp request send
2024-01-19 19:52:31             SUCCESS             MOFSLOPENAPI.py             Initilize Post WebRequest Sent
2024-01-19 19:52:34             SUCCESS             MOFSLOPENAPI.py             Post WebRequest Send Successfully
2024-01-19 19:52:34             SUCCESS             MOFSLOPENAPI.py             GetLtp request sent Successfully
2024-01-19 19:52:38             SUCCESS             MOFSLOPENAPI.py             Initilaize GetOrderBook request send
2024-01-19 19:52:38             SUCCESS             MOFSLOPENAPI.py             Initilize Post WebRequest Sent
2024-01-19 19:52:40             SUCCESS             MOFSLOPENAPI.py             Post WebRequest Send Successfully
2024-01-19 19:52:41             SUCCESS             MOFSLOPENAPI.py             GetOrderBook request sent Successfully
