2024-01-21 11:08:42             SUCCESS             MOFSLOPENAPI.py             Initilize Constructor
2024-01-21 11:08:43             SUCCESS             MOFSLOPENAPI.py             GetManufacturerLENOVO
2024-01-21 11:08:44             SUCCESS             MOFSLOPENAPI.py             Initilize Constructor Done
2024-01-21 11:08:54             SUCCESS             MOFSLOPENAPI.py             Initilize Constructor
2024-01-21 11:08:55             SUCCESS             MOFSLOPENAPI.py             GetManufacturerLENOVO
2024-01-21 11:08:55             SUCCESS             MOFSLOPENAPI.py             Initilize Constructor Done
2024-01-21 11:08:55             SUCCESS             MOFSLOPENAPI.py             Initilize login request send
2024-01-21 11:08:55             SUCCESS             MOFSLOPENAPI.py             Initilize Post WebRequest Sent
2024-01-21 11:08:57             SUCCESS             MOFSLOPENAPI.py             Post WebRequest Send Successfully
2024-01-21 11:08:57             SUCCESS             MOFSLOPENAPI.py             Login sucessfully
2024-01-21 11:08:58             SUCCESS             MOFSLOPENAPI.py             Initilaize GetLtp request send
2024-01-21 11:08:58             SUCCESS             MOFSLOPENAPI.py             Initilize Post WebRequest Sent
2024-01-21 11:09:00             SUCCESS             MOFSLOPENAPI.py             Post WebRequest Send Successfully
2024-01-21 11:09:00             SUCCESS             MOFSLOPENAPI.py             GetLtp request sent Successfully
2024-01-21 11:09:03             SUCCESS             MOFSLOPENAPI.py             Initilaize GetOrderBook request send
2024-01-21 11:09:03             SUCCESS             MOFSLOPENAPI.py             Initilize Post WebRequest Sent
2024-01-21 11:09:05             SUCCESS             MOFSLOPENAPI.py             Post WebRequest Send Successfully
2024-01-21 11:09:05             SUCCESS             MOFSLOPENAPI.py             GetOrderBook request sent Successfully
2024-01-21 11:25:46             SUCCESS             MOFSLOPENAPI.py             Initilize Constructor
2024-01-21 11:25:47             SUCCESS             MOFSLOPENAPI.py             GetManufacturerLENOVO
2024-01-21 11:25:47             SUCCESS             MOFSLOPENAPI.py             Initilize Constructor Done
2024-01-21 11:26:15             SUCCESS             MOFSLOPENAPI.py             Initilize Constructor
2024-01-21 11:26:16             SUCCESS             MOFSLOPENAPI.py             GetManufacturerLENOVO
2024-01-21 11:26:17             SUCCESS             MOFSLOPENAPI.py             Initilize Constructor Done
2024-01-21 11:26:17             SUCCESS             MOFSLOPENAPI.py             Initilize login request send
2024-01-21 11:26:17             SUCCESS             MOFSLOPENAPI.py             Initilize Post WebRequest Sent
2024-01-21 11:26:18             SUCCESS             MOFSLOPENAPI.py             Post WebRequest Send Successfully
2024-01-21 11:26:19             SUCCESS             MOFSLOPENAPI.py             Login sucessfully
2024-01-21 11:26:20             SUCCESS             MOFSLOPENAPI.py             Initilaize GetLtp request send
2024-01-21 11:26:20             SUCCESS             MOFSLOPENAPI.py             Initilize Post WebRequest Sent
2024-01-21 11:26:21             SUCCESS             MOFSLOPENAPI.py             Post WebRequest Send Successfully
2024-01-21 11:26:21             SUCCESS             MOFSLOPENAPI.py             GetLtp request sent Successfully
2024-01-21 11:26:24             SUCCESS             MOFSLOPENAPI.py             Initilaize GetOrderBook request send
2024-01-21 11:26:24             SUCCESS             MOFSLOPENAPI.py             Initilize Post WebRequest Sent
2024-01-21 11:26:25             SUCCESS             MOFSLOPENAPI.py             Post WebRequest Send Successfully
2024-01-21 11:26:25             SUCCESS             MOFSLOPENAPI.py             GetOrderBook request sent Successfully
2024-01-21 11:41:40             SUCCESS             MOFSLOPENAPI.py             Initilize Constructor
2024-01-21 11:41:41             SUCCESS             MOFSLOPENAPI.py             GetManufacturerLENOVO
2024-01-21 11:41:41             SUCCESS             MOFSLOPENAPI.py             Initilize Constructor Done
2024-01-21 11:41:56             SUCCESS             MOFSLOPENAPI.py             Initilize Constructor
2024-01-21 11:41:57             SUCCESS             MOFSLOPENAPI.py             GetManufacturerLENOVO
2024-01-21 11:41:57             SUCCESS             MOFSLOPENAPI.py             Initilize Constructor Done
2024-01-21 11:41:57             SUCCESS             MOFSLOPENAPI.py             Initilize login request send
2024-01-21 11:41:57             SUCCESS             MOFSLOPENAPI.py             Initilize Post WebRequest Sent
2024-01-21 11:41:59             SUCCESS             MOFSLOPENAPI.py             Post WebRequest Send Successfully
2024-01-21 11:41:59             SUCCESS             MOFSLOPENAPI.py             Login sucessfully
2024-01-21 11:42:00             SUCCESS             MOFSLOPENAPI.py             Initilaize GetLtp request send
2024-01-21 11:42:00             SUCCESS             MOFSLOPENAPI.py             Initilize Post WebRequest Sent
2024-01-21 11:42:01             SUCCESS             MOFSLOPENAPI.py             Post WebRequest Send Successfully
2024-01-21 11:42:01             SUCCESS             MOFSLOPENAPI.py             GetLtp request sent Successfully
2024-01-21 11:42:04             SUCCESS             MOFSLOPENAPI.py             Initilaize GetOrderBook request send
2024-01-21 11:42:04             SUCCESS             MOFSLOPENAPI.py             Initilize Post WebRequest Sent
2024-01-21 11:42:05             SUCCESS             MOFSLOPENAPI.py             Post WebRequest Send Successfully
2024-01-21 11:42:05             SUCCESS             MOFSLOPENAPI.py             GetOrderBook request sent Successfully
