2024-02-22 00:11:08             SUCCESS             MOFSLOPENAPI.py             Initilize Constructor
2024-02-22 00:11:08             SUCCESS             MOFSLOPENAPI.py             GetManufacturerLENOVO
2024-02-22 00:11:09             SUCCESS             MOFSLOPENAPI.py             Initilize Constructor Done
2024-02-22 00:11:20             SUCCESS             MOFSLOPENAPI.py             Initilize Constructor
2024-02-22 00:11:20             SUCCESS             MOFSLOPENAPI.py             GetManufacturerLENOVO
2024-02-22 00:11:21             SUCCESS             MOFSLOPENAPI.py             Initilize Constructor Done
2024-02-22 00:11:21             SUCCESS             MOFSLOPENAPI.py             Initilize login request send
2024-02-22 00:11:21             SUCCESS             MOFSLOPENAPI.py             Initilize Post WebRequest Sent
2024-02-22 00:11:26             SUCCESS             MOFSLOPENAPI.py             Post WebRequest Send Successfully
2024-02-22 00:11:26             SUCCESS             MOFSLOPENAPI.py             Login sucessfully
2024-02-22 00:11:28             SUCCESS             MOFSLOPENAPI.py             Initilaize GetLtp request send
2024-02-22 00:11:28             SUCCESS             MOFSLOPENAPI.py             Initilize Post WebRequest Sent
2024-02-22 00:11:29             SUCCESS             MOFSLOPENAPI.py             Post WebRequest Send Successfully
2024-02-22 00:11:29             SUCCESS             MOFSLOPENAPI.py             GetLtp request sent Successfully
2024-02-22 00:11:32             SUCCESS             MOFSLOPENAPI.py             Initilaize GetOrderBook request send
2024-02-22 00:11:32             SUCCESS             MOFSLOPENAPI.py             Initilize Post WebRequest Sent
2024-02-22 00:11:34             SUCCESS             MOFSLOPENAPI.py             Post WebRequest Send Successfully
2024-02-22 00:11:34             SUCCESS             MOFSLOPENAPI.py             GetOrderBook request sent Successfully
2024-02-22 00:16:29             SUCCESS             MOFSLOPENAPI.py             Initilize Constructor
2024-02-22 00:16:31             SUCCESS             MOFSLOPENAPI.py             GetManufacturerLENOVO
2024-02-22 00:16:32             SUCCESS             MOFSLOPENAPI.py             Initilize Constructor Done
2024-02-22 00:16:40             SUCCESS             MOFSLOPENAPI.py             Initilize Constructor
2024-02-22 00:16:41             SUCCESS             MOFSLOPENAPI.py             GetManufacturerLENOVO
2024-02-22 00:16:41             SUCCESS             MOFSLOPENAPI.py             Initilize Constructor Done
2024-02-22 00:16:41             SUCCESS             MOFSLOPENAPI.py             Initilize login request send
2024-02-22 00:16:41             SUCCESS             MOFSLOPENAPI.py             Initilize Post WebRequest Sent
2024-02-22 00:16:43             SUCCESS             MOFSLOPENAPI.py             Post WebRequest Send Successfully
2024-02-22 00:16:43             SUCCESS             MOFSLOPENAPI.py             Login sucessfully
2024-02-22 00:16:44             SUCCESS             MOFSLOPENAPI.py             Initilaize GetLtp request send
2024-02-22 00:16:44             SUCCESS             MOFSLOPENAPI.py             Initilize Post WebRequest Sent
2024-02-22 00:16:46             SUCCESS             MOFSLOPENAPI.py             Post WebRequest Send Successfully
2024-02-22 00:16:46             SUCCESS             MOFSLOPENAPI.py             GetLtp request sent Successfully
2024-02-22 00:16:48             SUCCESS             MOFSLOPENAPI.py             Initilaize GetOrderBook request send
2024-02-22 00:16:48             SUCCESS             MOFSLOPENAPI.py             Initilize Post WebRequest Sent
2024-02-22 00:16:50             SUCCESS             MOFSLOPENAPI.py             Post WebRequest Send Successfully
2024-02-22 00:16:50             SUCCESS             MOFSLOPENAPI.py             GetOrderBook request sent Successfully
2024-02-22 00:29:18             SUCCESS             MOFSLOPENAPI.py             Initilize Constructor
2024-02-22 00:29:19             SUCCESS             MOFSLOPENAPI.py             GetManufacturerLENOVO
2024-02-22 00:29:19             SUCCESS             MOFSLOPENAPI.py             Initilize Constructor Done
2024-02-22 00:29:25             SUCCESS             MOFSLOPENAPI.py             Initilize Constructor
2024-02-22 00:29:26             SUCCESS             MOFSLOPENAPI.py             GetManufacturerLENOVO
2024-02-22 00:29:27             SUCCESS             MOFSLOPENAPI.py             Initilize Constructor Done
2024-02-22 00:29:27             SUCCESS             MOFSLOPENAPI.py             Initilize login request send
2024-02-22 00:29:27             SUCCESS             MOFSLOPENAPI.py             Initilize Post WebRequest Sent
2024-02-22 00:29:28             SUCCESS             MOFSLOPENAPI.py             Post WebRequest Send Successfully
2024-02-22 00:29:28             SUCCESS             MOFSLOPENAPI.py             Login sucessfully
2024-02-22 00:29:30             SUCCESS             MOFSLOPENAPI.py             Initilaize GetLtp request send
2024-02-22 00:29:30             SUCCESS             MOFSLOPENAPI.py             Initilize Post WebRequest Sent
2024-02-22 00:29:31             SUCCESS             MOFSLOPENAPI.py             Post WebRequest Send Successfully
2024-02-22 00:29:31             SUCCESS             MOFSLOPENAPI.py             GetLtp request sent Successfully
2024-02-22 00:29:33             SUCCESS             MOFSLOPENAPI.py             Initilaize GetOrderBook request send
2024-02-22 00:29:33             SUCCESS             MOFSLOPENAPI.py             Initilize Post WebRequest Sent
2024-02-22 00:29:36             SUCCESS             MOFSLOPENAPI.py             Post WebRequest Send Successfully
2024-02-22 00:29:36             SUCCESS             MOFSLOPENAPI.py             GetOrderBook request sent Successfully
2024-02-22 00:33:59             SUCCESS             MOFSLOPENAPI.py             Initilize Constructor
2024-02-22 00:33:59             SUCCESS             MOFSLOPENAPI.py             GetManufacturerLENOVO
2024-02-22 00:34:00             SUCCESS             MOFSLOPENAPI.py             Initilize Constructor Done
2024-02-22 00:34:13             SUCCESS             MOFSLOPENAPI.py             Initilize Constructor
2024-02-22 00:34:13             SUCCESS             MOFSLOPENAPI.py             GetManufacturerLENOVO
2024-02-22 00:34:18             SUCCESS             MOFSLOPENAPI.py             Initilize Constructor Done
2024-02-22 00:34:18             SUCCESS             MOFSLOPENAPI.py             Initilize login request send
2024-02-22 00:34:18             SUCCESS             MOFSLOPENAPI.py             Initilize Post WebRequest Sent
2024-02-22 00:34:21             FAILED             MOFSLOPENAPI.py             'NoneType' object is not subscriptable
2024-02-22 00:34:21             FAILED             MOFSLOPENAPI.py             login_Error while sending the webRequest
2024-02-22 00:34:21             FAILED             MOFSLOPENAPI.py             Login Request failed
2024-02-22 00:34:40             SUCCESS             MOFSLOPENAPI.py             Initilize Constructor
2024-02-22 00:34:40             SUCCESS             MOFSLOPENAPI.py             GetManufacturerLENOVO
2024-02-22 00:34:41             SUCCESS             MOFSLOPENAPI.py             Initilize Constructor Done
2024-02-22 00:34:51             SUCCESS             MOFSLOPENAPI.py             Initilize Constructor
2024-02-22 00:34:52             SUCCESS             MOFSLOPENAPI.py             GetManufacturerLENOVO
2024-02-22 00:34:53             SUCCESS             MOFSLOPENAPI.py             Initilize Constructor Done
2024-02-22 00:34:53             SUCCESS             MOFSLOPENAPI.py             Initilize login request send
2024-02-22 00:34:53             SUCCESS             MOFSLOPENAPI.py             Initilize Post WebRequest Sent
2024-02-22 00:34:56             SUCCESS             MOFSLOPENAPI.py             Post WebRequest Send Successfully
2024-02-22 00:34:56             SUCCESS             MOFSLOPENAPI.py             Login sucessfully
2024-02-22 00:34:58             SUCCESS             MOFSLOPENAPI.py             Initilaize GetLtp request send
2024-02-22 00:34:58             SUCCESS             MOFSLOPENAPI.py             Initilize Post WebRequest Sent
2024-02-22 00:34:59             SUCCESS             MOFSLOPENAPI.py             Post WebRequest Send Successfully
2024-02-22 00:34:59             SUCCESS             MOFSLOPENAPI.py             GetLtp request sent Successfully
2024-02-22 00:35:03             SUCCESS             MOFSLOPENAPI.py             Initilaize GetOrderBook request send
2024-02-22 00:35:03             SUCCESS             MOFSLOPENAPI.py             Initilize Post WebRequest Sent
2024-02-22 00:35:04             SUCCESS             MOFSLOPENAPI.py             Post WebRequest Send Successfully
2024-02-22 00:35:04             SUCCESS             MOFSLOPENAPI.py             GetOrderBook request sent Successfully
2024-02-22 00:38:46             SUCCESS             MOFSLOPENAPI.py             Initilize Constructor
2024-02-22 00:38:46             SUCCESS             MOFSLOPENAPI.py             GetManufacturerLENOVO
2024-02-22 00:38:47             SUCCESS             MOFSLOPENAPI.py             Initilize Constructor Done
2024-02-22 00:38:54             SUCCESS             MOFSLOPENAPI.py             Initilize Constructor
2024-02-22 00:38:55             SUCCESS             MOFSLOPENAPI.py             GetManufacturerLENOVO
2024-02-22 00:38:55             SUCCESS             MOFSLOPENAPI.py             Initilize Constructor Done
2024-02-22 00:38:55             SUCCESS             MOFSLOPENAPI.py             Initilize login request send
2024-02-22 00:38:55             SUCCESS             MOFSLOPENAPI.py             Initilize Post WebRequest Sent
2024-02-22 00:38:59             SUCCESS             MOFSLOPENAPI.py             Post WebRequest Send Successfully
2024-02-22 00:38:59             SUCCESS             MOFSLOPENAPI.py             Login sucessfully
2024-02-22 00:39:00             SUCCESS             MOFSLOPENAPI.py             Initilaize GetLtp request send
2024-02-22 00:39:00             SUCCESS             MOFSLOPENAPI.py             Initilize Post WebRequest Sent
2024-02-22 00:39:01             SUCCESS             MOFSLOPENAPI.py             Post WebRequest Send Successfully
2024-02-22 00:39:01             SUCCESS             MOFSLOPENAPI.py             GetLtp request sent Successfully
2024-02-22 00:39:04             SUCCESS             MOFSLOPENAPI.py             Initilaize GetOrderBook request send
2024-02-22 00:39:04             SUCCESS             MOFSLOPENAPI.py             Initilize Post WebRequest Sent
2024-02-22 00:39:05             SUCCESS             MOFSLOPENAPI.py             Post WebRequest Send Successfully
2024-02-22 00:39:05             SUCCESS             MOFSLOPENAPI.py             GetOrderBook request sent Successfully
2024-02-22 00:44:52             SUCCESS             MOFSLOPENAPI.py             Initilize Constructor
2024-02-22 00:44:53             SUCCESS             MOFSLOPENAPI.py             GetManufacturerLENOVO
2024-02-22 00:44:53             SUCCESS             MOFSLOPENAPI.py             Initilize Constructor Done
2024-02-22 00:45:04             SUCCESS             MOFSLOPENAPI.py             Initilize Constructor
2024-02-22 00:45:09             SUCCESS             MOFSLOPENAPI.py             GetManufacturerLENOVO
2024-02-22 00:45:10             SUCCESS             MOFSLOPENAPI.py             Initilize Constructor Done
2024-02-22 00:45:10             SUCCESS             MOFSLOPENAPI.py             Initilize login request send
2024-02-22 00:45:10             SUCCESS             MOFSLOPENAPI.py             Initilize Post WebRequest Sent
2024-02-22 00:45:11             SUCCESS             MOFSLOPENAPI.py             Post WebRequest Send Successfully
2024-02-22 00:45:11             SUCCESS             MOFSLOPENAPI.py             Login sucessfully
2024-02-22 00:45:12             SUCCESS             MOFSLOPENAPI.py             Initilaize GetLtp request send
2024-02-22 00:45:12             SUCCESS             MOFSLOPENAPI.py             Initilize Post WebRequest Sent
2024-02-22 00:45:13             SUCCESS             MOFSLOPENAPI.py             Post WebRequest Send Successfully
2024-02-22 00:45:13             SUCCESS             MOFSLOPENAPI.py             GetLtp request sent Successfully
2024-02-22 00:45:16             SUCCESS             MOFSLOPENAPI.py             Initilaize GetOrderBook request send
2024-02-22 00:45:16             SUCCESS             MOFSLOPENAPI.py             Initilize Post WebRequest Sent
2024-02-22 00:45:17             SUCCESS             MOFSLOPENAPI.py             Post WebRequest Send Successfully
2024-02-22 00:45:17             SUCCESS             MOFSLOPENAPI.py             GetOrderBook request sent Successfully
