2023-11-23 00:53:46             SUCCESS             MOFSLOPENAPI.py             Initilaize GetLtp request send
2023-11-23 00:53:46             FAILED             MOFSLOPENAPI.py             'WSGIRequest' object has no attribute 'm_Base_Url'
2023-11-23 01:28:28             SUCCESS             MOFSLOPENAPI.py             Initilize Constructor
2023-11-23 01:28:29             SUCCESS             MOFSLOPENAPI.py             Initilize Constructor Done
2023-11-23 01:28:29             SUCCESS             MOFSLOPENAPI.py             Initilaize GetLtp request send
2023-11-23 01:28:29             SUCCESS             MOFSLOPENAPI.py             Initilize Post WebRequest Sent
2023-11-23 01:28:30             SUCCESS             MOFSLOPENAPI.py             Post WebRequest Send Successfully
2023-11-23 01:28:30             SUCCESS             MOFSLOPENAPI.py             GetLtp request sent Successfully
2023-11-23 01:38:09             SUCCESS             MOFSLOPENAPI.py             Initilize Constructor
2023-11-23 01:38:10             SUCCESS             MOFSLOPENAPI.py             Initilize Constructor Done
2023-11-23 01:38:10             SUCCESS             MOFSLOPENAPI.py             Initilaize GetLtp request send
2023-11-23 01:38:10             SUCCESS             MOFSLOPENAPI.py             Initilize Post WebRequest Sent
2023-11-23 01:38:12             SUCCESS             MOFSLOPENAPI.py             Post WebRequest Send Successfully
2023-11-23 01:38:12             SUCCESS             MOFSLOPENAPI.py             GetLtp request sent Successfully
2023-11-23 01:39:08             SUCCESS             MOFSLOPENAPI.py             Initilize Constructor
2023-11-23 01:39:09             SUCCESS             MOFSLOPENAPI.py             Initilize Constructor Done
2023-11-23 01:39:09             SUCCESS             MOFSLOPENAPI.py             Initilaize GetLtp request send
2023-11-23 01:39:09             SUCCESS             MOFSLOPENAPI.py             Initilize Post WebRequest Sent
2023-11-23 01:39:10             SUCCESS             MOFSLOPENAPI.py             Post WebRequest Send Successfully
2023-11-23 01:39:10             SUCCESS             MOFSLOPENAPI.py             GetLtp request sent Successfully
2023-11-23 01:40:20             SUCCESS             MOFSLOPENAPI.py             Initilize Constructor
2023-11-23 01:40:21             SUCCESS             MOFSLOPENAPI.py             Initilize Constructor Done
2023-11-23 01:40:21             SUCCESS             MOFSLOPENAPI.py             Initilaize GetLtp request send
2023-11-23 01:40:21             SUCCESS             MOFSLOPENAPI.py             Initilize Post WebRequest Sent
2023-11-23 01:40:23             SUCCESS             MOFSLOPENAPI.py             Post WebRequest Send Successfully
2023-11-23 01:40:23             SUCCESS             MOFSLOPENAPI.py             GetLtp request sent Successfully
2023-11-23 02:08:54             SUCCESS             MOFSLOPENAPI.py             Initilize Constructor
2023-11-23 02:08:55             SUCCESS             MOFSLOPENAPI.py             Initilize Constructor Done
2023-11-23 02:08:55             SUCCESS             MOFSLOPENAPI.py             Initilize login request send
2023-11-23 02:08:55             SUCCESS             MOFSLOPENAPI.py             Initilize Post WebRequest Sent
2023-11-23 02:08:57             SUCCESS             MOFSLOPENAPI.py             Post WebRequest Send Successfully
2023-11-23 02:08:57             ERROR             MOFSLOPENAPI.py             Vendor Info Tag is Invalid In Header Parameter
2023-11-23 02:08:57             SUCCESS             MOFSLOPENAPI.py             Initilaize GetLtp request send
2023-11-23 02:08:57             SUCCESS             MOFSLOPENAPI.py             Initilize Post WebRequest Sent
2023-11-23 02:08:58             SUCCESS             MOFSLOPENAPI.py             Post WebRequest Send Successfully
2023-11-23 02:08:58             SUCCESS             MOFSLOPENAPI.py             GetLtp request sent Successfully
2023-11-23 02:12:04             SUCCESS             MOFSLOPENAPI.py             Initilize Constructor
2023-11-23 02:12:06             SUCCESS             MOFSLOPENAPI.py             Initilize Constructor Done
2023-11-23 02:12:06             SUCCESS             MOFSLOPENAPI.py             Initilize login request send
2023-11-23 02:12:06             SUCCESS             MOFSLOPENAPI.py             Initilize Post WebRequest Sent
2023-11-23 02:12:07             SUCCESS             MOFSLOPENAPI.py             Post WebRequest Send Successfully
2023-11-23 02:12:07             ERROR             MOFSLOPENAPI.py             Vendor Info Tag is Invalid In Header Parameter
2023-11-23 02:12:07             SUCCESS             MOFSLOPENAPI.py             Initilaize GetLtp request send
2023-11-23 02:12:07             SUCCESS             MOFSLOPENAPI.py             Initilize Post WebRequest Sent
2023-11-23 02:12:08             SUCCESS             MOFSLOPENAPI.py             Post WebRequest Send Successfully
2023-11-23 02:12:08             SUCCESS             MOFSLOPENAPI.py             GetLtp request sent Successfully
2023-11-23 02:13:19             SUCCESS             MOFSLOPENAPI.py             Initilize Constructor
2023-11-23 02:13:20             SUCCESS             MOFSLOPENAPI.py             Initilize Constructor Done
2023-11-23 02:13:42             SUCCESS             MOFSLOPENAPI.py             Initilize Constructor
2023-11-23 02:13:44             SUCCESS             MOFSLOPENAPI.py             Initilize Constructor Done
2023-11-23 02:13:44             SUCCESS             MOFSLOPENAPI.py             Initilize login request send
2023-11-23 02:13:44             SUCCESS             MOFSLOPENAPI.py             Initilize Post WebRequest Sent
2023-11-23 02:13:45             SUCCESS             MOFSLOPENAPI.py             Post WebRequest Send Successfully
2023-11-23 02:13:45             ERROR             MOFSLOPENAPI.py             Vendor Info Tag is Invalid In Header Parameter
2023-11-23 02:13:45             SUCCESS             MOFSLOPENAPI.py             Initilaize GetLtp request send
2023-11-23 02:13:45             SUCCESS             MOFSLOPENAPI.py             Initilize Post WebRequest Sent
2023-11-23 02:13:46             SUCCESS             MOFSLOPENAPI.py             Post WebRequest Send Successfully
2023-11-23 02:13:46             SUCCESS             MOFSLOPENAPI.py             GetLtp request sent Successfully
2023-11-23 02:14:27             SUCCESS             MOFSLOPENAPI.py             Initilize Constructor
2023-11-23 02:14:31             SUCCESS             MOFSLOPENAPI.py             Initilize Constructor Done
2023-11-23 02:14:31             SUCCESS             MOFSLOPENAPI.py             Initilize login request send
2023-11-23 02:14:31             SUCCESS             MOFSLOPENAPI.py             Initilize Post WebRequest Sent
2023-11-23 02:14:33             SUCCESS             MOFSLOPENAPI.py             Post WebRequest Send Successfully
2023-11-23 02:14:33             ERROR             MOFSLOPENAPI.py             Two Factor Authentication Failed
2023-11-23 02:14:33             SUCCESS             MOFSLOPENAPI.py             Initilaize GetLtp request send
2023-11-23 02:14:33             SUCCESS             MOFSLOPENAPI.py             Initilize Post WebRequest Sent
2023-11-23 02:14:34             SUCCESS             MOFSLOPENAPI.py             Post WebRequest Send Successfully
2023-11-23 02:14:34             SUCCESS             MOFSLOPENAPI.py             GetLtp request sent Successfully
2023-11-23 02:19:05             SUCCESS             MOFSLOPENAPI.py             Initilize Constructor
2023-11-23 02:19:06             SUCCESS             MOFSLOPENAPI.py             Initilize Constructor Done
2023-11-23 02:19:06             SUCCESS             MOFSLOPENAPI.py             Initilize login request send
2023-11-23 02:19:06             SUCCESS             MOFSLOPENAPI.py             Initilize Post WebRequest Sent
2023-11-23 02:19:07             SUCCESS             MOFSLOPENAPI.py             Post WebRequest Send Successfully
2023-11-23 02:19:07             ERROR             MOFSLOPENAPI.py             Two Factor Authentication Failed
2023-11-23 02:19:07             SUCCESS             MOFSLOPENAPI.py             Initilaize GetLtp request send
2023-11-23 02:19:07             SUCCESS             MOFSLOPENAPI.py             Initilize Post WebRequest Sent
2023-11-23 02:19:08             SUCCESS             MOFSLOPENAPI.py             Post WebRequest Send Successfully
2023-11-23 02:19:08             SUCCESS             MOFSLOPENAPI.py             GetLtp request sent Successfully
2023-11-23 02:21:24             SUCCESS             MOFSLOPENAPI.py             Initilize Constructor
2023-11-23 02:21:47             SUCCESS             MOFSLOPENAPI.py             Initilize Constructor Done
2023-11-23 02:21:47             SUCCESS             MOFSLOPENAPI.py             Initilize login request send
2023-11-23 02:21:47             SUCCESS             MOFSLOPENAPI.py             Initilize Post WebRequest Sent
2023-11-23 02:21:49             SUCCESS             MOFSLOPENAPI.py             Post WebRequest Send Successfully
2023-11-23 02:21:49             ERROR             MOFSLOPENAPI.py             Two Factor Authentication Failed
2023-11-23 02:21:49             SUCCESS             MOFSLOPENAPI.py             Initilaize GetLtp request send
2023-11-23 02:21:49             SUCCESS             MOFSLOPENAPI.py             Initilize Post WebRequest Sent
2023-11-23 02:21:50             SUCCESS             MOFSLOPENAPI.py             Post WebRequest Send Successfully
2023-11-23 02:21:50             SUCCESS             MOFSLOPENAPI.py             GetLtp request sent Successfully
2023-11-23 02:25:19             SUCCESS             MOFSLOPENAPI.py             Initilize Constructor
2023-11-23 02:25:42             SUCCESS             MOFSLOPENAPI.py             Initilize Constructor Done
2023-11-23 02:25:42             SUCCESS             MOFSLOPENAPI.py             Initilize login request send
2023-11-23 02:25:42             SUCCESS             MOFSLOPENAPI.py             Initilize Post WebRequest Sent
2023-11-23 02:25:43             SUCCESS             MOFSLOPENAPI.py             Post WebRequest Send Successfully
2023-11-23 02:25:43             ERROR             MOFSLOPENAPI.py             Two Factor Authentication Failed
2023-11-23 02:25:43             SUCCESS             MOFSLOPENAPI.py             Initilaize GetLtp request send
2023-11-23 02:25:43             SUCCESS             MOFSLOPENAPI.py             Initilize Post WebRequest Sent
2023-11-23 02:25:45             SUCCESS             MOFSLOPENAPI.py             Post WebRequest Send Successfully
2023-11-23 02:25:45             SUCCESS             MOFSLOPENAPI.py             GetLtp request sent Successfully
2023-11-23 02:31:02             SUCCESS             MOFSLOPENAPI.py             Initilize Constructor
2023-11-23 02:31:24             SUCCESS             MOFSLOPENAPI.py             Initilize Constructor Done
2023-11-23 02:31:24             SUCCESS             MOFSLOPENAPI.py             Initilize login request send
2023-11-23 02:31:24             SUCCESS             MOFSLOPENAPI.py             Initilize Post WebRequest Sent
2023-11-23 02:31:25             SUCCESS             MOFSLOPENAPI.py             Post WebRequest Send Successfully
2023-11-23 02:31:25             ERROR             MOFSLOPENAPI.py             Two Factor Authentication Failed
2023-11-23 02:31:25             SUCCESS             MOFSLOPENAPI.py             Initilaize GetLtp request send
2023-11-23 02:31:25             SUCCESS             MOFSLOPENAPI.py             Initilize Post WebRequest Sent
2023-11-23 02:31:27             SUCCESS             MOFSLOPENAPI.py             Post WebRequest Send Successfully
2023-11-23 02:31:27             SUCCESS             MOFSLOPENAPI.py             GetLtp request sent Successfully
2023-11-23 02:34:15             SUCCESS             MOFSLOPENAPI.py             Initilize Constructor
2023-11-23 02:34:16             SUCCESS             MOFSLOPENAPI.py             Initilize Constructor Done
2023-11-23 02:34:16             SUCCESS             MOFSLOPENAPI.py             Initilize login request send
2023-11-23 02:34:16             SUCCESS             MOFSLOPENAPI.py             Initilize Post WebRequest Sent
2023-11-23 02:34:17             SUCCESS             MOFSLOPENAPI.py             Post WebRequest Send Successfully
2023-11-23 02:34:17             ERROR             MOFSLOPENAPI.py             Two Factor Authentication Failed
2023-11-23 02:34:17             SUCCESS             MOFSLOPENAPI.py             Initilaize GetLtp request send
2023-11-23 02:34:17             SUCCESS             MOFSLOPENAPI.py             Initilize Post WebRequest Sent
2023-11-23 02:34:19             SUCCESS             MOFSLOPENAPI.py             Post WebRequest Send Successfully
2023-11-23 02:34:19             SUCCESS             MOFSLOPENAPI.py             GetLtp request sent Successfully
2023-11-23 02:34:58             SUCCESS             MOFSLOPENAPI.py             Initilize Constructor
2023-11-23 02:35:00             SUCCESS             MOFSLOPENAPI.py             Initilize Constructor Done
2023-11-23 02:40:46             SUCCESS             MOFSLOPENAPI.py             Initilize Constructor
2023-11-23 02:41:08             SUCCESS             MOFSLOPENAPI.py             Initilize Constructor Done
2023-11-23 02:41:08             SUCCESS             MOFSLOPENAPI.py             Initilize login request send
2023-11-23 02:41:08             SUCCESS             MOFSLOPENAPI.py             Initilize Post WebRequest Sent
2023-11-23 02:41:09             SUCCESS             MOFSLOPENAPI.py             Post WebRequest Send Successfully
2023-11-23 02:41:09             ERROR             MOFSLOPENAPI.py             Two Factor Authentication Failed
2023-11-23 02:41:09             SUCCESS             MOFSLOPENAPI.py             Initilaize GetLtp request send
2023-11-23 02:41:09             SUCCESS             MOFSLOPENAPI.py             Initilize Post WebRequest Sent
2023-11-23 02:41:10             SUCCESS             MOFSLOPENAPI.py             Post WebRequest Send Successfully
2023-11-23 02:41:10             SUCCESS             MOFSLOPENAPI.py             GetLtp request sent Successfully
2023-11-23 02:48:16             SUCCESS             MOFSLOPENAPI.py             Initilize Constructor
2023-11-23 02:48:17             SUCCESS             MOFSLOPENAPI.py             Initilize Constructor Done
2023-11-23 02:48:17             SUCCESS             MOFSLOPENAPI.py             Initilize login request send
2023-11-23 02:48:17             SUCCESS             MOFSLOPENAPI.py             Initilize Post WebRequest Sent
2023-11-23 02:48:18             SUCCESS             MOFSLOPENAPI.py             Post WebRequest Send Successfully
2023-11-23 02:48:18             ERROR             MOFSLOPENAPI.py             Two Factor Authentication Failed
2023-11-23 02:48:18             SUCCESS             MOFSLOPENAPI.py             Initilaize GetLtp request send
2023-11-23 02:48:18             SUCCESS             MOFSLOPENAPI.py             Initilize Post WebRequest Sent
2023-11-23 02:48:19             SUCCESS             MOFSLOPENAPI.py             Post WebRequest Send Successfully
2023-11-23 02:48:19             SUCCESS             MOFSLOPENAPI.py             GetLtp request sent Successfully
2023-11-23 02:49:22             SUCCESS             MOFSLOPENAPI.py             Initilize Constructor
2023-11-23 02:49:23             SUCCESS             MOFSLOPENAPI.py             Initilize Constructor Done
2023-11-23 02:49:23             SUCCESS             MOFSLOPENAPI.py             Initilize login request send
2023-11-23 02:49:23             SUCCESS             MOFSLOPENAPI.py             Initilize Post WebRequest Sent
2023-11-23 02:49:24             SUCCESS             MOFSLOPENAPI.py             Post WebRequest Send Successfully
2023-11-23 02:49:24             ERROR             MOFSLOPENAPI.py             Two Factor Authentication Failed
2023-11-23 02:49:24             SUCCESS             MOFSLOPENAPI.py             Initilaize GetLtp request send
2023-11-23 02:49:24             SUCCESS             MOFSLOPENAPI.py             Initilize Post WebRequest Sent
2023-11-23 02:49:26             SUCCESS             MOFSLOPENAPI.py             Post WebRequest Send Successfully
2023-11-23 02:49:26             SUCCESS             MOFSLOPENAPI.py             GetLtp request sent Successfully
2023-11-23 02:51:12             SUCCESS             MOFSLOPENAPI.py             Initilize Constructor
2023-11-23 02:51:55             SUCCESS             MOFSLOPENAPI.py             Initilize Constructor Done
2023-11-23 02:51:55             SUCCESS             MOFSLOPENAPI.py             Initilize login request send
2023-11-23 02:51:55             SUCCESS             MOFSLOPENAPI.py             Initilize Post WebRequest Sent
2023-11-23 02:51:56             SUCCESS             MOFSLOPENAPI.py             Post WebRequest Send Successfully
2023-11-23 02:51:56             ERROR             MOFSLOPENAPI.py             Vendor Info Tag is Invalid In Header Parameter
2023-11-23 02:51:56             SUCCESS             MOFSLOPENAPI.py             Initilaize GetLtp request send
2023-11-23 02:51:56             SUCCESS             MOFSLOPENAPI.py             Initilize Post WebRequest Sent
2023-11-23 02:51:58             SUCCESS             MOFSLOPENAPI.py             Post WebRequest Send Successfully
2023-11-23 02:51:58             SUCCESS             MOFSLOPENAPI.py             GetLtp request sent Successfully
2023-11-23 02:52:38             SUCCESS             MOFSLOPENAPI.py             Initilize Constructor
2023-11-23 02:52:50             SUCCESS             MOFSLOPENAPI.py             Initilize Constructor Done
2023-11-23 02:52:50             SUCCESS             MOFSLOPENAPI.py             Initilize login request send
2023-11-23 02:52:50             SUCCESS             MOFSLOPENAPI.py             Initilize Post WebRequest Sent
2023-11-23 02:52:51             SUCCESS             MOFSLOPENAPI.py             Post WebRequest Send Successfully
2023-11-23 02:52:51             ERROR             MOFSLOPENAPI.py             Two Factor Authentication Failed
2023-11-23 02:52:51             SUCCESS             MOFSLOPENAPI.py             Initilaize GetLtp request send
2023-11-23 02:52:51             SUCCESS             MOFSLOPENAPI.py             Initilize Post WebRequest Sent
2023-11-23 02:52:53             SUCCESS             MOFSLOPENAPI.py             Post WebRequest Send Successfully
2023-11-23 02:52:53             SUCCESS             MOFSLOPENAPI.py             GetLtp request sent Successfully
2023-11-23 02:53:20             SUCCESS             MOFSLOPENAPI.py             Initilize Constructor
2023-11-23 02:53:21             SUCCESS             MOFSLOPENAPI.py             Initilize Constructor Done
2023-11-23 02:53:21             SUCCESS             MOFSLOPENAPI.py             Initilize login request send
2023-11-23 02:53:21             SUCCESS             MOFSLOPENAPI.py             Initilize Post WebRequest Sent
2023-11-23 02:53:22             SUCCESS             MOFSLOPENAPI.py             Post WebRequest Send Successfully
2023-11-23 02:53:22             ERROR             MOFSLOPENAPI.py             Two Factor Authentication Failed
2023-11-23 02:53:22             SUCCESS             MOFSLOPENAPI.py             Initilaize GetLtp request send
2023-11-23 02:53:22             SUCCESS             MOFSLOPENAPI.py             Initilize Post WebRequest Sent
2023-11-23 02:53:23             SUCCESS             MOFSLOPENAPI.py             Post WebRequest Send Successfully
2023-11-23 02:53:23             SUCCESS             MOFSLOPENAPI.py             GetLtp request sent Successfully
2023-11-23 02:55:39             SUCCESS             MOFSLOPENAPI.py             Initilize Constructor
2023-11-23 02:56:01             SUCCESS             MOFSLOPENAPI.py             Initilize Constructor Done
2023-11-23 02:56:01             SUCCESS             MOFSLOPENAPI.py             Initilize login request send
2023-11-23 02:56:01             SUCCESS             MOFSLOPENAPI.py             Initilize Post WebRequest Sent
2023-11-23 02:56:02             SUCCESS             MOFSLOPENAPI.py             Post WebRequest Send Successfully
2023-11-23 02:56:02             ERROR             MOFSLOPENAPI.py             Two Factor Authentication Failed
2023-11-23 02:56:02             SUCCESS             MOFSLOPENAPI.py             Initilaize GetLtp request send
2023-11-23 02:56:02             SUCCESS             MOFSLOPENAPI.py             Initilize Post WebRequest Sent
2023-11-23 02:56:04             SUCCESS             MOFSLOPENAPI.py             Post WebRequest Send Successfully
2023-11-23 02:56:04             SUCCESS             MOFSLOPENAPI.py             GetLtp request sent Successfully
2023-11-23 02:57:11             SUCCESS             MOFSLOPENAPI.py             Initilize Constructor
2023-11-23 02:57:12             SUCCESS             MOFSLOPENAPI.py             Initilize Constructor Done
2023-11-23 02:57:12             SUCCESS             MOFSLOPENAPI.py             Initilize login request send
2023-11-23 02:57:12             SUCCESS             MOFSLOPENAPI.py             Initilize Post WebRequest Sent
2023-11-23 02:57:14             SUCCESS             MOFSLOPENAPI.py             Post WebRequest Send Successfully
2023-11-23 02:57:14             ERROR             MOFSLOPENAPI.py             Invalid User Id Or Api Key
2023-11-23 02:57:14             SUCCESS             MOFSLOPENAPI.py             Initilaize GetLtp request send
2023-11-23 02:57:14             SUCCESS             MOFSLOPENAPI.py             Initilize Post WebRequest Sent
2023-11-23 02:57:15             SUCCESS             MOFSLOPENAPI.py             Post WebRequest Send Successfully
2023-11-23 02:57:15             SUCCESS             MOFSLOPENAPI.py             GetLtp request sent Successfully
2023-11-23 03:01:11             SUCCESS             MOFSLOPENAPI.py             Initilize Constructor
2023-11-23 03:01:33             SUCCESS             MOFSLOPENAPI.py             Initilize Constructor Done
2023-11-23 03:01:33             SUCCESS             MOFSLOPENAPI.py             Initilize login request send
2023-11-23 03:01:33             SUCCESS             MOFSLOPENAPI.py             Initilize Post WebRequest Sent
2023-11-23 03:01:34             SUCCESS             MOFSLOPENAPI.py             Post WebRequest Send Successfully
2023-11-23 03:01:35             ERROR             MOFSLOPENAPI.py             Two Factor Authentication Failed
2023-11-23 03:01:35             SUCCESS             MOFSLOPENAPI.py             Initilaize GetLtp request send
2023-11-23 03:01:35             SUCCESS             MOFSLOPENAPI.py             Initilize Post WebRequest Sent
2023-11-23 03:01:36             SUCCESS             MOFSLOPENAPI.py             Post WebRequest Send Successfully
2023-11-23 03:01:36             SUCCESS             MOFSLOPENAPI.py             GetLtp request sent Successfully
2023-11-23 03:04:48             SUCCESS             MOFSLOPENAPI.py             Initilize Constructor
2023-11-23 03:04:49             SUCCESS             MOFSLOPENAPI.py             Initilize Constructor Done
2023-11-23 03:04:49             SUCCESS             MOFSLOPENAPI.py             Initilize login request send
2023-11-23 03:04:49             SUCCESS             MOFSLOPENAPI.py             Initilize Post WebRequest Sent
2023-11-23 03:04:50             SUCCESS             MOFSLOPENAPI.py             Post WebRequest Send Successfully
2023-11-23 03:04:50             ERROR             MOFSLOPENAPI.py             Two Factor Authentication Failed
2023-11-23 03:04:50             SUCCESS             MOFSLOPENAPI.py             Initilaize GetLtp request send
2023-11-23 03:04:50             SUCCESS             MOFSLOPENAPI.py             Initilize Post WebRequest Sent
2023-11-23 03:04:52             SUCCESS             MOFSLOPENAPI.py             Post WebRequest Send Successfully
2023-11-23 03:04:52             SUCCESS             MOFSLOPENAPI.py             GetLtp request sent Successfully
2023-11-23 03:05:26             SUCCESS             MOFSLOPENAPI.py             Initilize Constructor
2023-11-23 03:05:27             SUCCESS             MOFSLOPENAPI.py             Initilize Constructor Done
2023-11-23 03:05:27             SUCCESS             MOFSLOPENAPI.py             Initilize login request send
2023-11-23 03:05:27             SUCCESS             MOFSLOPENAPI.py             Initilize Post WebRequest Sent
2023-11-23 03:05:29             SUCCESS             MOFSLOPENAPI.py             Post WebRequest Send Successfully
2023-11-23 03:05:29             ERROR             MOFSLOPENAPI.py             Two Factor Authentication Failed
2023-11-23 03:05:29             SUCCESS             MOFSLOPENAPI.py             Initilaize GetLtp request send
2023-11-23 03:05:29             SUCCESS             MOFSLOPENAPI.py             Initilize Post WebRequest Sent
2023-11-23 03:05:30             SUCCESS             MOFSLOPENAPI.py             Post WebRequest Send Successfully
2023-11-23 03:05:30             SUCCESS             MOFSLOPENAPI.py             GetLtp request sent Successfully
2023-11-23 03:06:31             SUCCESS             MOFSLOPENAPI.py             Initilize Constructor
2023-11-23 03:07:40             SUCCESS             MOFSLOPENAPI.py             Initilize Constructor
2023-11-23 03:08:16             FAILED             MOFSLOPENAPI.py             GetPublicIPAddressHTTPConnectionPool(host='checkip.dyndns.org', port=80): Max retries exceeded with url: / (Caused by ConnectTimeoutError(<urllib3.connection.HTTPConnection object at 0x00000264A0775410>, 'Connection to checkip.dyndns.org timed out. (connect timeout=None)'))
2023-11-23 03:08:21             SUCCESS             MOFSLOPENAPI.py             Initilize Constructor Done
2023-11-23 03:08:21             SUCCESS             MOFSLOPENAPI.py             Initilize login request send
2023-11-23 03:08:21             SUCCESS             MOFSLOPENAPI.py             Initilize Post WebRequest Sent
2023-11-23 03:08:22             FAILED             MOFSLOPENAPI.py             'NoneType' object is not subscriptable
2023-11-23 03:08:22             FAILED             MOFSLOPENAPI.py             login_Error while sending the webRequest
2023-11-23 03:08:22             FAILED             MOFSLOPENAPI.py             Login Request failed
2023-11-23 03:08:22             SUCCESS             MOFSLOPENAPI.py             Initilaize GetLtp request send
2023-11-23 03:08:22             SUCCESS             MOFSLOPENAPI.py             Initilize Post WebRequest Sent
2023-11-23 03:08:23             FAILED             MOFSLOPENAPI.py             'NoneType' object is not subscriptable
2023-11-23 03:08:23             FAILED             MOFSLOPENAPI.py             Expecting value: line 1 column 1 (char 0)
2023-11-23 03:09:31             SUCCESS             MOFSLOPENAPI.py             Initilize Constructor
2023-11-23 03:09:39             SUCCESS             MOFSLOPENAPI.py             Initilize Constructor Done
2023-11-23 03:09:39             SUCCESS             MOFSLOPENAPI.py             Initilize login request send
2023-11-23 03:09:39             SUCCESS             MOFSLOPENAPI.py             Initilize Post WebRequest Sent
2023-11-23 03:09:40             SUCCESS             MOFSLOPENAPI.py             Post WebRequest Send Successfully
2023-11-23 03:09:40             ERROR             MOFSLOPENAPI.py             Two Factor Authentication Failed
2023-11-23 03:09:40             SUCCESS             MOFSLOPENAPI.py             Initilaize GetLtp request send
2023-11-23 03:09:40             SUCCESS             MOFSLOPENAPI.py             Initilize Post WebRequest Sent
2023-11-23 03:09:41             SUCCESS             MOFSLOPENAPI.py             Post WebRequest Send Successfully
2023-11-23 03:09:41             SUCCESS             MOFSLOPENAPI.py             GetLtp request sent Successfully
2023-11-23 03:14:18             SUCCESS             MOFSLOPENAPI.py             Initilize Constructor
2023-11-23 03:14:20             SUCCESS             MOFSLOPENAPI.py             Initilize Constructor Done
2023-11-23 03:14:20             SUCCESS             MOFSLOPENAPI.py             Initilize login request send
2023-11-23 03:14:20             SUCCESS             MOFSLOPENAPI.py             Initilize Post WebRequest Sent
2023-11-23 03:14:21             SUCCESS             MOFSLOPENAPI.py             Post WebRequest Send Successfully
2023-11-23 03:14:21             ERROR             MOFSLOPENAPI.py             Two Factor Authentication Failed
2023-11-23 03:14:21             SUCCESS             MOFSLOPENAPI.py             Initilaize GetLtp request send
2023-11-23 03:14:21             SUCCESS             MOFSLOPENAPI.py             Initilize Post WebRequest Sent
2023-11-23 03:14:22             SUCCESS             MOFSLOPENAPI.py             Post WebRequest Send Successfully
2023-11-23 03:14:22             SUCCESS             MOFSLOPENAPI.py             GetLtp request sent Successfully
2023-11-23 03:22:12             SUCCESS             MOFSLOPENAPI.py             Initilize Constructor
2023-11-23 03:22:24             SUCCESS             MOFSLOPENAPI.py             Initilize Constructor Done
2023-11-23 03:22:24             SUCCESS             MOFSLOPENAPI.py             Initilize login request send
2023-11-23 03:22:24             SUCCESS             MOFSLOPENAPI.py             Initilize Post WebRequest Sent
2023-11-23 03:22:25             SUCCESS             MOFSLOPENAPI.py             Post WebRequest Send Successfully
2023-11-23 03:22:25             ERROR             MOFSLOPENAPI.py             Two Factor Authentication Failed
2023-11-23 03:22:25             SUCCESS             MOFSLOPENAPI.py             Initilaize verifyotp request send
2023-11-23 03:22:25             SUCCESS             MOFSLOPENAPI.py             Initilize Post WebRequest Sent
2023-11-23 03:22:26             SUCCESS             MOFSLOPENAPI.py             Post WebRequest Send Successfully
2023-11-23 03:22:26             SUCCESS             MOFSLOPENAPI.py             verifyotp request sent Successfully
2023-11-23 03:22:26             SUCCESS             MOFSLOPENAPI.py             Initilaize GetLtp request send
2023-11-23 03:22:26             SUCCESS             MOFSLOPENAPI.py             Initilize Post WebRequest Sent
2023-11-23 03:22:28             SUCCESS             MOFSLOPENAPI.py             Post WebRequest Send Successfully
2023-11-23 03:22:28             SUCCESS             MOFSLOPENAPI.py             GetLtp request sent Successfully
2023-11-23 21:18:41             SUCCESS             MOFSLOPENAPI.py             Initilize Constructor
2023-11-23 21:18:43             SUCCESS             MOFSLOPENAPI.py             Initilize Constructor Done
2023-11-23 21:18:43             SUCCESS             MOFSLOPENAPI.py             Initilize login request send
2023-11-23 21:18:43             SUCCESS             MOFSLOPENAPI.py             Initilize Post WebRequest Sent
2023-11-23 21:18:44             SUCCESS             MOFSLOPENAPI.py             Post WebRequest Send Successfully
2023-11-23 21:18:44             ERROR             MOFSLOPENAPI.py             Two Factor Authentication Failed
2023-11-23 21:18:44             SUCCESS             MOFSLOPENAPI.py             Initilaize verifyotp request send
2023-11-23 21:18:44             SUCCESS             MOFSLOPENAPI.py             Initilize Post WebRequest Sent
2023-11-23 21:18:46             SUCCESS             MOFSLOPENAPI.py             Post WebRequest Send Successfully
2023-11-23 21:18:46             SUCCESS             MOFSLOPENAPI.py             verifyotp request sent Successfully
2023-11-23 21:18:46             SUCCESS             MOFSLOPENAPI.py             Initilaize GetLtp request send
2023-11-23 21:18:46             SUCCESS             MOFSLOPENAPI.py             Initilize Post WebRequest Sent
2023-11-23 21:18:47             SUCCESS             MOFSLOPENAPI.py             Post WebRequest Send Successfully
2023-11-23 21:18:47             SUCCESS             MOFSLOPENAPI.py             GetLtp request sent Successfully
2023-11-23 21:22:53             SUCCESS             MOFSLOPENAPI.py             Initilize Constructor
2023-11-23 21:22:55             SUCCESS             MOFSLOPENAPI.py             Initilize Constructor Done
2023-11-23 21:22:55             SUCCESS             MOFSLOPENAPI.py             Initilize login request send
2023-11-23 21:22:55             SUCCESS             MOFSLOPENAPI.py             Initilize Post WebRequest Sent
2023-11-23 21:22:56             SUCCESS             MOFSLOPENAPI.py             Post WebRequest Send Successfully
2023-11-23 21:22:56             ERROR             MOFSLOPENAPI.py             Two Factor Authentication Failed
2023-11-23 21:22:56             SUCCESS             MOFSLOPENAPI.py             Initilaize verifyotp request send
2023-11-23 21:22:56             SUCCESS             MOFSLOPENAPI.py             Initilize Post WebRequest Sent
2023-11-23 21:22:58             SUCCESS             MOFSLOPENAPI.py             Post WebRequest Send Successfully
2023-11-23 21:22:58             SUCCESS             MOFSLOPENAPI.py             verifyotp request sent Successfully
2023-11-23 21:22:58             SUCCESS             MOFSLOPENAPI.py             Initilaize GetLtp request send
2023-11-23 21:22:58             SUCCESS             MOFSLOPENAPI.py             Initilize Post WebRequest Sent
2023-11-23 21:22:59             SUCCESS             MOFSLOPENAPI.py             Post WebRequest Send Successfully
2023-11-23 21:22:59             SUCCESS             MOFSLOPENAPI.py             GetLtp request sent Successfully
2023-11-23 21:28:06             SUCCESS             MOFSLOPENAPI.py             Initilize Constructor
2023-11-23 21:28:08             SUCCESS             MOFSLOPENAPI.py             Initilize Constructor Done
2023-11-23 21:29:41             SUCCESS             MOFSLOPENAPI.py             Initilize Constructor
2023-11-23 21:29:42             SUCCESS             MOFSLOPENAPI.py             Initilize Constructor Done
2023-11-23 21:29:42             SUCCESS             MOFSLOPENAPI.py             Initilize login request send
2023-11-23 21:29:42             SUCCESS             MOFSLOPENAPI.py             Initilize Post WebRequest Sent
2023-11-23 21:29:43             SUCCESS             MOFSLOPENAPI.py             Post WebRequest Send Successfully
2023-11-23 21:29:43             ERROR             MOFSLOPENAPI.py             Two Factor Authentication Failed
2023-11-23 22:01:22             SUCCESS             MOFSLOPENAPI.py             Initilize Constructor
2023-11-23 22:01:23             SUCCESS             MOFSLOPENAPI.py             Initilize Constructor Done
2023-11-23 22:01:23             SUCCESS             MOFSLOPENAPI.py             Initilize login request send
2023-11-23 22:01:23             SUCCESS             MOFSLOPENAPI.py             Initilize Post WebRequest Sent
2023-11-23 22:01:25             SUCCESS             MOFSLOPENAPI.py             Post WebRequest Send Successfully
2023-11-23 22:01:25             ERROR             MOFSLOPENAPI.py             Two Factor Authentication Failed
2023-11-23 22:01:25             SUCCESS             MOFSLOPENAPI.py             Initilaize verifyotp request send
2023-11-23 22:01:25             SUCCESS             MOFSLOPENAPI.py             Initilize Post WebRequest Sent
2023-11-23 22:01:26             SUCCESS             MOFSLOPENAPI.py             Post WebRequest Send Successfully
2023-11-23 22:01:26             SUCCESS             MOFSLOPENAPI.py             verifyotp request sent Successfully
2023-11-23 22:01:26             SUCCESS             MOFSLOPENAPI.py             Initilaize verifyotp request send
2023-11-23 22:01:26             SUCCESS             MOFSLOPENAPI.py             Initilize Post WebRequest Sent
2023-11-23 22:01:27             SUCCESS             MOFSLOPENAPI.py             Post WebRequest Send Successfully
2023-11-23 22:01:27             SUCCESS             MOFSLOPENAPI.py             verifyotp request sent Successfully
2023-11-23 22:01:27             SUCCESS             MOFSLOPENAPI.py             Initilaize GetLtp request send
2023-11-23 22:01:27             SUCCESS             MOFSLOPENAPI.py             Initilize Post WebRequest Sent
2023-11-23 22:01:29             SUCCESS             MOFSLOPENAPI.py             Post WebRequest Send Successfully
2023-11-23 22:01:29             SUCCESS             MOFSLOPENAPI.py             GetLtp request sent Successfully
2023-11-23 22:05:41             SUCCESS             MOFSLOPENAPI.py             Initilize Constructor
2023-11-23 22:05:43             SUCCESS             MOFSLOPENAPI.py             Initilize Constructor Done
2023-11-23 22:05:43             SUCCESS             MOFSLOPENAPI.py             Initilize login request send
2023-11-23 22:05:43             SUCCESS             MOFSLOPENAPI.py             Initilize Post WebRequest Sent
2023-11-23 22:05:44             SUCCESS             MOFSLOPENAPI.py             Post WebRequest Send Successfully
2023-11-23 22:05:44             ERROR             MOFSLOPENAPI.py             Two Factor Authentication Failed
2023-11-23 23:32:12             SUCCESS             MOFSLOPENAPI.py             Initilize Constructor
2023-11-23 23:32:13             SUCCESS             MOFSLOPENAPI.py             Initilize Constructor Done
2023-11-23 23:32:13             SUCCESS             MOFSLOPENAPI.py             Initilize login request send
2023-11-23 23:32:13             SUCCESS             MOFSLOPENAPI.py             Initilize Post WebRequest Sent
2023-11-23 23:32:14             SUCCESS             MOFSLOPENAPI.py             Post WebRequest Send Successfully
2023-11-23 23:32:14             ERROR             MOFSLOPENAPI.py             Two Factor Authentication Failed
2023-11-23 23:42:18             SUCCESS             MOFSLOPENAPI.py             Initilize Constructor
2023-11-23 23:42:19             SUCCESS             MOFSLOPENAPI.py             Initilize Constructor Done
2023-11-23 23:42:19             SUCCESS             MOFSLOPENAPI.py             Initilize login request send
2023-11-23 23:42:19             SUCCESS             MOFSLOPENAPI.py             Initilize Post WebRequest Sent
2023-11-23 23:42:21             SUCCESS             MOFSLOPENAPI.py             Post WebRequest Send Successfully
2023-11-23 23:42:21             ERROR             MOFSLOPENAPI.py             Two Factor Authentication Failed
2023-11-23 23:57:41             SUCCESS             MOFSLOPENAPI.py             Initilize Constructor
2023-11-23 23:57:43             SUCCESS             MOFSLOPENAPI.py             Initilize Constructor Done
2023-11-23 23:57:43             SUCCESS             MOFSLOPENAPI.py             Initilize login request send
2023-11-23 23:57:43             SUCCESS             MOFSLOPENAPI.py             Initilize Post WebRequest Sent
2023-11-23 23:57:44             SUCCESS             MOFSLOPENAPI.py             Post WebRequest Send Successfully
2023-11-23 23:57:44             ERROR             MOFSLOPENAPI.py             Two Factor Authentication Failed
2023-11-23 23:57:44             SUCCESS             MOFSLOPENAPI.py             Initilaize verifyotp request send
2023-11-23 23:57:44             SUCCESS             MOFSLOPENAPI.py             Initilize Post WebRequest Sent
2023-11-23 23:57:45             SUCCESS             MOFSLOPENAPI.py             Post WebRequest Send Successfully
2023-11-23 23:57:45             SUCCESS             MOFSLOPENAPI.py             verifyotp request sent Successfully
2023-11-23 23:57:45             SUCCESS             MOFSLOPENAPI.py             Initilaize GetLtp request send
2023-11-23 23:57:45             SUCCESS             MOFSLOPENAPI.py             Initilize Post WebRequest Sent
2023-11-23 23:57:46             SUCCESS             MOFSLOPENAPI.py             Post WebRequest Send Successfully
2023-11-23 23:57:46             SUCCESS             MOFSLOPENAPI.py             GetLtp request sent Successfully
