2024-02-29 00:48:21             SUCCESS             MOFSLOPENAPI.py             Initilize Constructor
2024-02-29 00:48:23             SUCCESS             MOFSLOPENAPI.py             GetManufacturerLENOVO
2024-02-29 00:48:25             SUCCESS             MOFSLOPENAPI.py             Initilize Constructor Done
2024-02-29 00:48:36             SUCCESS             MOFSLOPENAPI.py             Initilize Constructor
2024-02-29 00:48:37             SUCCESS             MOFSLOPENAPI.py             GetManufacturerLENOVO
2024-02-29 00:48:37             SUCCESS             MOFSLOPENAPI.py             Initilize Constructor Done
2024-02-29 00:48:37             SUCCESS             MOFSLOPENAPI.py             Initilize login request send
2024-02-29 00:48:37             SUCCESS             MOFSLOPENAPI.py             Initilize Post WebRequest Sent
2024-02-29 00:48:40             SUCCESS             MOFSLOPENAPI.py             Post WebRequest Send Successfully
2024-02-29 00:48:40             SUCCESS             MOFSLOPENAPI.py             Login sucessfully
2024-02-29 00:48:41             SUCCESS             MOFSLOPENAPI.py             Initilaize GetLtp request send
2024-02-29 00:48:41             SUCCESS             MOFSLOPENAPI.py             Initilize Post WebRequest Sent
2024-02-29 00:48:43             SUCCESS             MOFSLOPENAPI.py             Post WebRequest Send Successfully
2024-02-29 00:48:43             SUCCESS             MOFSLOPENAPI.py             GetLtp request sent Successfully
2024-02-29 00:48:47             SUCCESS             MOFSLOPENAPI.py             Initilaize GetOrderBook request send
2024-02-29 00:48:47             SUCCESS             MOFSLOPENAPI.py             Initilize Post WebRequest Sent
2024-02-29 00:48:49             SUCCESS             MOFSLOPENAPI.py             Post WebRequest Send Successfully
2024-02-29 00:48:49             SUCCESS             MOFSLOPENAPI.py             GetOrderBook request sent Successfully
2024-02-29 00:55:35             SUCCESS             MOFSLOPENAPI.py             Initilaize GetLtp request send
2024-02-29 00:55:35             SUCCESS             MOFSLOPENAPI.py             Initilize Post WebRequest Sent
2024-02-29 00:55:36             SUCCESS             MOFSLOPENAPI.py             Post WebRequest Send Successfully
2024-02-29 00:55:36             SUCCESS             MOFSLOPENAPI.py             GetLtp request sent Successfully
2024-02-29 00:55:41             SUCCESS             MOFSLOPENAPI.py             Initilaize GetOrderBook request send
2024-02-29 00:55:41             SUCCESS             MOFSLOPENAPI.py             Initilize Post WebRequest Sent
2024-02-29 00:55:42             SUCCESS             MOFSLOPENAPI.py             Post WebRequest Send Successfully
2024-02-29 00:55:42             SUCCESS             MOFSLOPENAPI.py             GetOrderBook request sent Successfully
