2023-11-29 00:07:05             SUCCESS             MOFSLOPENAPI.py             Initilize Constructor
2023-11-29 00:07:06             SUCCESS             MOFSLOPENAPI.py             Initilize Constructor Done
2023-11-29 00:07:17             SUCCESS             MOFSLOPENAPI.py             Initilize login request send
2023-11-29 00:07:17             SUCCESS             MOFSLOPENAPI.py             Initilize Post WebRequest Sent
2023-11-29 00:07:19             SUCCESS             MOFSLOPENAPI.py             Post WebRequest Send Successfully
2023-11-29 00:07:19             SUCCESS             MOFSLOPENAPI.py             Login sucessfully
2023-11-29 15:14:36             SUCCESS             MOFSLOPENAPI.py             Initilize Constructor
2023-11-29 15:14:43             SUCCESS             MOFSLOPENAPI.py             Initilize Constructor Done
2023-11-29 15:15:52             SUCCESS             MOFSLOPENAPI.py             Initilize login request send
2023-11-29 15:15:52             SUCCESS             MOFSLOPENAPI.py             Initilize Post WebRequest Sent
2023-11-29 15:15:54             SUCCESS             MOFSLOPENAPI.py             Post WebRequest Send Successfully
2023-11-29 15:15:54             SUCCESS             MOFSLOPENAPI.py             Login sucessfully
2023-11-29 15:21:52             SUCCESS             MOFSLOPENAPI.py             Initilize Constructor
2023-11-29 15:22:15             SUCCESS             MOFSLOPENAPI.py             Initilize Constructor Done
2023-11-29 15:23:39             SUCCESS             MOFSLOPENAPI.py             Initilize login request send
2023-11-29 15:23:39             SUCCESS             MOFSLOPENAPI.py             Initilize Post WebRequest Sent
2023-11-29 15:23:43             SUCCESS             MOFSLOPENAPI.py             Post WebRequest Send Successfully
2023-11-29 15:23:43             SUCCESS             MOFSLOPENAPI.py             Login sucessfully
2023-11-29 15:26:48             SUCCESS             MOFSLOPENAPI.py             Initilize Constructor
2023-11-29 15:26:50             SUCCESS             MOFSLOPENAPI.py             Initilize Constructor Done
2023-11-29 15:27:19             SUCCESS             MOFSLOPENAPI.py             Initilize login request send
2023-11-29 15:27:19             SUCCESS             MOFSLOPENAPI.py             Initilize Post WebRequest Sent
2023-11-29 15:27:22             SUCCESS             MOFSLOPENAPI.py             Post WebRequest Send Successfully
2023-11-29 15:27:22             SUCCESS             MOFSLOPENAPI.py             Login sucessfully
2023-11-29 15:34:10             SUCCESS             MOFSLOPENAPI.py             Initilize Constructor
2023-11-29 15:34:12             SUCCESS             MOFSLOPENAPI.py             Initilize Constructor Done
2023-11-29 15:34:31             SUCCESS             MOFSLOPENAPI.py             Initilize Constructor
2023-11-29 15:34:33             SUCCESS             MOFSLOPENAPI.py             Initilize Constructor Done
2023-11-29 15:34:40             SUCCESS             MOFSLOPENAPI.py             Initilize login request send
2023-11-29 15:34:40             SUCCESS             MOFSLOPENAPI.py             Initilize Post WebRequest Sent
2023-11-29 15:34:43             SUCCESS             MOFSLOPENAPI.py             Post WebRequest Send Successfully
2023-11-29 15:34:44             SUCCESS             MOFSLOPENAPI.py             Login sucessfully
2023-11-29 15:35:27             SUCCESS             MOFSLOPENAPI.py             Initilize Constructor
2023-11-29 15:36:03             SUCCESS             MOFSLOPENAPI.py             Initilize Constructor Done
2023-11-29 15:36:23             SUCCESS             MOFSLOPENAPI.py             Initilize login request send
2023-11-29 15:36:23             SUCCESS             MOFSLOPENAPI.py             Initilize Post WebRequest Sent
2023-11-29 15:36:25             SUCCESS             MOFSLOPENAPI.py             Post WebRequest Send Successfully
2023-11-29 15:36:25             SUCCESS             MOFSLOPENAPI.py             Login sucessfully
2023-11-29 15:43:51             SUCCESS             MOFSLOPENAPI.py             Initilize Constructor
2023-11-29 15:43:53             SUCCESS             MOFSLOPENAPI.py             Initilize Constructor Done
2023-11-29 15:44:14             SUCCESS             MOFSLOPENAPI.py             Initilize login request send
2023-11-29 15:44:14             SUCCESS             MOFSLOPENAPI.py             Initilize Post WebRequest Sent
2023-11-29 15:44:17             SUCCESS             MOFSLOPENAPI.py             Post WebRequest Send Successfully
2023-11-29 15:44:17             SUCCESS             MOFSLOPENAPI.py             Login sucessfully
2023-11-29 16:04:14             SUCCESS             MOFSLOPENAPI.py             Initilize Constructor
2023-11-29 16:04:16             SUCCESS             MOFSLOPENAPI.py             Initilize Constructor Done
2023-11-29 16:04:47             SUCCESS             MOFSLOPENAPI.py             Initilize login request send
2023-11-29 16:04:47             SUCCESS             MOFSLOPENAPI.py             Initilize Post WebRequest Sent
2023-11-29 16:04:50             SUCCESS             MOFSLOPENAPI.py             Post WebRequest Send Successfully
2023-11-29 16:04:50             SUCCESS             MOFSLOPENAPI.py             Login sucessfully
2023-11-29 16:08:28             SUCCESS             MOFSLOPENAPI.py             Initilize Constructor
2023-11-29 16:08:30             SUCCESS             MOFSLOPENAPI.py             Initilize Constructor Done
2023-11-29 16:08:43             SUCCESS             MOFSLOPENAPI.py             Initilize login request send
2023-11-29 16:08:43             SUCCESS             MOFSLOPENAPI.py             Initilize Post WebRequest Sent
2023-11-29 16:08:46             SUCCESS             MOFSLOPENAPI.py             Post WebRequest Send Successfully
2023-11-29 16:08:46             SUCCESS             MOFSLOPENAPI.py             Login sucessfully
2023-11-29 16:09:37             SUCCESS             MOFSLOPENAPI.py             Initilize Constructor
2023-11-29 16:09:39             SUCCESS             MOFSLOPENAPI.py             Initilize Constructor Done
2023-11-29 16:09:50             SUCCESS             MOFSLOPENAPI.py             Initilize login request send
2023-11-29 16:09:50             SUCCESS             MOFSLOPENAPI.py             Initilize Post WebRequest Sent
2023-11-29 16:09:53             SUCCESS             MOFSLOPENAPI.py             Post WebRequest Send Successfully
2023-11-29 16:09:53             SUCCESS             MOFSLOPENAPI.py             Login sucessfully
2023-11-29 23:10:15             SUCCESS             MOFSLOPENAPI.py             Initilize Constructor
2023-11-29 23:10:39             SUCCESS             MOFSLOPENAPI.py             Initilize Constructor Done
2023-11-29 23:10:53             SUCCESS             MOFSLOPENAPI.py             Initilize login request send
2023-11-29 23:10:53             SUCCESS             MOFSLOPENAPI.py             Initilize Post WebRequest Sent
2023-11-29 23:10:55             SUCCESS             MOFSLOPENAPI.py             Post WebRequest Send Successfully
2023-11-29 23:10:55             SUCCESS             MOFSLOPENAPI.py             Login sucessfully
2023-11-29 23:10:55             SUCCESS             MOFSLOPENAPI.py             Initilaize GetInstrumentFile request send
2023-11-29 23:10:55             SUCCESS             MOFSLOPENAPI.py             Initilize Post WebRequest Sent
2023-11-29 23:11:00             SUCCESS             MOFSLOPENAPI.py             Post WebRequest Send Successfully
2023-11-29 23:11:00             SUCCESS             MOFSLOPENAPI.py             GetInstrumentFile request sent Successfully
2023-11-29 23:13:07             SUCCESS             MOFSLOPENAPI.py             Initilize Constructor
2023-11-29 23:13:09             SUCCESS             MOFSLOPENAPI.py             Initilize Constructor Done
2023-11-29 23:13:25             SUCCESS             MOFSLOPENAPI.py             Initilize login request send
2023-11-29 23:13:25             SUCCESS             MOFSLOPENAPI.py             Initilize Post WebRequest Sent
2023-11-29 23:13:29             SUCCESS             MOFSLOPENAPI.py             Post WebRequest Send Successfully
2023-11-29 23:13:29             SUCCESS             MOFSLOPENAPI.py             Login sucessfully
2023-11-29 23:13:29             SUCCESS             MOFSLOPENAPI.py             Initilaize GetInstrumentFile request send
2023-11-29 23:13:29             SUCCESS             MOFSLOPENAPI.py             Initilize Post WebRequest Sent
2023-11-29 23:13:34             SUCCESS             MOFSLOPENAPI.py             Post WebRequest Send Successfully
2023-11-29 23:13:34             SUCCESS             MOFSLOPENAPI.py             GetInstrumentFile request sent Successfully
2023-11-29 23:25:55             SUCCESS             MOFSLOPENAPI.py             Initilize Constructor
2023-11-29 23:25:56             SUCCESS             MOFSLOPENAPI.py             Initilize Constructor Done
2023-11-29 23:26:16             SUCCESS             MOFSLOPENAPI.py             Initilize login request send
2023-11-29 23:26:16             SUCCESS             MOFSLOPENAPI.py             Initilize Post WebRequest Sent
2023-11-29 23:26:19             SUCCESS             MOFSLOPENAPI.py             Post WebRequest Send Successfully
2023-11-29 23:26:19             SUCCESS             MOFSLOPENAPI.py             Login sucessfully
2023-11-29 23:26:19             SUCCESS             MOFSLOPENAPI.py             Initilaize GetLtp request send
2023-11-29 23:26:19             SUCCESS             MOFSLOPENAPI.py             Initilize Post WebRequest Sent
2023-11-29 23:26:20             SUCCESS             MOFSLOPENAPI.py             Post WebRequest Send Successfully
2023-11-29 23:26:20             SUCCESS             MOFSLOPENAPI.py             GetLtp request sent Successfully
2023-11-29 23:27:18             SUCCESS             MOFSLOPENAPI.py             Initilize Constructor
2023-11-29 23:27:19             SUCCESS             MOFSLOPENAPI.py             Initilize Constructor Done
2023-11-29 23:27:36             SUCCESS             MOFSLOPENAPI.py             Initilize login request send
2023-11-29 23:27:36             SUCCESS             MOFSLOPENAPI.py             Initilize Post WebRequest Sent
2023-11-29 23:27:37             SUCCESS             MOFSLOPENAPI.py             Post WebRequest Send Successfully
2023-11-29 23:27:37             SUCCESS             MOFSLOPENAPI.py             Login sucessfully
2023-11-29 23:27:37             SUCCESS             MOFSLOPENAPI.py             Initilaize GetLtp request send
2023-11-29 23:27:37             SUCCESS             MOFSLOPENAPI.py             Initilize Post WebRequest Sent
2023-11-29 23:27:39             SUCCESS             MOFSLOPENAPI.py             Post WebRequest Send Successfully
2023-11-29 23:27:39             SUCCESS             MOFSLOPENAPI.py             GetLtp request sent Successfully
