2023-11-30 00:08:26             SUCCESS             MOFSLOPENAPI.py             Initilize Constructor
2023-11-30 00:08:28             SUCCESS             MOFSLOPENAPI.py             Initilize Constructor Done
2023-11-30 00:08:37             SUCCESS             MOFSLOPENAPI.py             Initilize login request send
2023-11-30 00:08:37             SUCCESS             MOFSLOPENAPI.py             Initilize Post WebRequest Sent
2023-11-30 00:08:38             SUCCESS             MOFSLOPENAPI.py             Post WebRequest Send Successfully
2023-11-30 00:08:38             SUCCESS             MOFSLOPENAPI.py             Login sucessfully
2023-11-30 00:08:38             SUCCESS             MOFSLOPENAPI.py             Initilaize GetInstrumentFile request send
2023-11-30 00:08:39             SUCCESS             MOFSLOPENAPI.py             Initilize Post WebRequest Sent
2023-11-30 00:08:51             SUCCESS             MOFSLOPENAPI.py             Post WebRequest Send Successfully
2023-11-30 00:08:51             SUCCESS             MOFSLOPENAPI.py             GetInstrumentFile request sent Successfully
2023-11-30 00:09:50             SUCCESS             MOFSLOPENAPI.py             Initilize Constructor
2023-11-30 00:09:51             SUCCESS             MOFSLOPENAPI.py             Initilize Constructor Done
2023-11-30 00:10:16             SUCCESS             MOFSLOPENAPI.py             Initilize Constructor
2023-11-30 00:10:18             SUCCESS             MOFSLOPENAPI.py             Initilize Constructor Done
2023-11-30 00:10:23             SUCCESS             MOFSLOPENAPI.py             Initilize login request send
2023-11-30 00:10:23             SUCCESS             MOFSLOPENAPI.py             Initilize Post WebRequest Sent
2023-11-30 00:10:25             SUCCESS             MOFSLOPENAPI.py             Post WebRequest Send Successfully
2023-11-30 00:10:25             SUCCESS             MOFSLOPENAPI.py             Login sucessfully
2023-11-30 00:10:25             SUCCESS             MOFSLOPENAPI.py             Initilaize GetInstrumentFile request send
2023-11-30 00:10:25             SUCCESS             MOFSLOPENAPI.py             Initilize Post WebRequest Sent
2023-11-30 00:10:40             SUCCESS             MOFSLOPENAPI.py             Post WebRequest Send Successfully
2023-11-30 00:10:40             SUCCESS             MOFSLOPENAPI.py             GetInstrumentFile request sent Successfully
2023-11-30 00:12:57             SUCCESS             MOFSLOPENAPI.py             Initilize Constructor
2023-11-30 00:12:58             SUCCESS             MOFSLOPENAPI.py             Initilize Constructor Done
2023-11-30 00:13:05             SUCCESS             MOFSLOPENAPI.py             Initilize login request send
2023-11-30 00:13:05             SUCCESS             MOFSLOPENAPI.py             Initilize Post WebRequest Sent
2023-11-30 00:13:07             SUCCESS             MOFSLOPENAPI.py             Post WebRequest Send Successfully
2023-11-30 00:13:07             SUCCESS             MOFSLOPENAPI.py             Login sucessfully
2023-11-30 00:13:07             SUCCESS             MOFSLOPENAPI.py             Initilaize GetLtp request send
2023-11-30 00:13:07             SUCCESS             MOFSLOPENAPI.py             Initilize Post WebRequest Sent
2023-11-30 00:13:08             SUCCESS             MOFSLOPENAPI.py             Post WebRequest Send Successfully
2023-11-30 00:13:08             SUCCESS             MOFSLOPENAPI.py             GetLtp request sent Successfully
2023-11-30 00:24:11             SUCCESS             MOFSLOPENAPI.py             Initilize Constructor
2023-11-30 00:24:12             SUCCESS             MOFSLOPENAPI.py             Initilize Constructor Done
2023-11-30 00:24:34             SUCCESS             MOFSLOPENAPI.py             Initilize login request send
2023-11-30 00:24:34             SUCCESS             MOFSLOPENAPI.py             Initilize Post WebRequest Sent
2023-11-30 00:24:36             SUCCESS             MOFSLOPENAPI.py             Post WebRequest Send Successfully
2023-11-30 00:24:36             SUCCESS             MOFSLOPENAPI.py             Login sucessfully
2023-11-30 00:24:36             SUCCESS             MOFSLOPENAPI.py             Initilaize GetLtp request send
2023-11-30 00:24:36             SUCCESS             MOFSLOPENAPI.py             Initilize Post WebRequest Sent
2023-11-30 00:24:37             SUCCESS             MOFSLOPENAPI.py             Post WebRequest Send Successfully
2023-11-30 00:24:37             SUCCESS             MOFSLOPENAPI.py             GetLtp request sent Successfully
2023-11-30 00:27:20             SUCCESS             MOFSLOPENAPI.py             Initilize Constructor
2023-11-30 00:28:10             SUCCESS             MOFSLOPENAPI.py             Initilize Constructor
2023-11-30 00:28:11             SUCCESS             MOFSLOPENAPI.py             Initilize Constructor Done
2023-11-30 00:28:42             SUCCESS             MOFSLOPENAPI.py             Initilize Constructor
2023-11-30 00:28:43             SUCCESS             MOFSLOPENAPI.py             Initilize Constructor Done
2023-11-30 00:29:13             SUCCESS             MOFSLOPENAPI.py             Initilize Constructor
2023-11-30 00:29:14             SUCCESS             MOFSLOPENAPI.py             Initilize Constructor Done
2023-11-30 00:29:41             SUCCESS             MOFSLOPENAPI.py             Initilize Constructor
2023-11-30 00:29:42             SUCCESS             MOFSLOPENAPI.py             Initilize Constructor Done
2023-11-30 00:30:25             SUCCESS             MOFSLOPENAPI.py             Initilize Constructor
2023-11-30 00:30:48             SUCCESS             MOFSLOPENAPI.py             Initilize Constructor Done
2023-11-30 00:32:22             SUCCESS             MOFSLOPENAPI.py             Initilize Constructor
2023-11-30 00:32:24             SUCCESS             MOFSLOPENAPI.py             Initilize Constructor Done
2023-11-30 00:32:25             SUCCESS             MOFSLOPENAPI.py             Initilize Constructor
2023-11-30 00:32:27             SUCCESS             MOFSLOPENAPI.py             Initilize Constructor Done
2023-11-30 00:33:12             SUCCESS             MOFSLOPENAPI.py             Initilize Constructor
2023-11-30 00:33:14             SUCCESS             MOFSLOPENAPI.py             Initilize Constructor Done
2023-11-30 00:33:17             SUCCESS             MOFSLOPENAPI.py             Initilize Constructor
2023-11-30 00:33:18             SUCCESS             MOFSLOPENAPI.py             Initilize Constructor Done
2023-11-30 00:33:54             SUCCESS             MOFSLOPENAPI.py             Initilize login request send
2023-11-30 00:33:54             SUCCESS             MOFSLOPENAPI.py             Initilize Post WebRequest Sent
2023-11-30 00:33:55             SUCCESS             MOFSLOPENAPI.py             Post WebRequest Send Successfully
2023-11-30 00:33:55             SUCCESS             MOFSLOPENAPI.py             Login sucessfully
2023-11-30 00:35:50             SUCCESS             MOFSLOPENAPI.py             Initilize Constructor
2023-11-30 00:36:06             SUCCESS             MOFSLOPENAPI.py             Initilize Constructor
2023-11-30 00:36:28             SUCCESS             MOFSLOPENAPI.py             Initilize Constructor
2023-11-30 00:36:30             SUCCESS             MOFSLOPENAPI.py             Initilize Constructor Done
2023-11-30 00:36:35             SUCCESS             MOFSLOPENAPI.py             Initilize Constructor
2023-11-30 00:36:36             SUCCESS             MOFSLOPENAPI.py             Initilize Constructor Done
2023-11-30 00:36:43             SUCCESS             MOFSLOPENAPI.py             Initilize login request send
2023-11-30 00:36:43             SUCCESS             MOFSLOPENAPI.py             Initilize Post WebRequest Sent
2023-11-30 00:36:44             SUCCESS             MOFSLOPENAPI.py             Post WebRequest Send Successfully
2023-11-30 00:36:44             SUCCESS             MOFSLOPENAPI.py             Login sucessfully
2023-11-30 00:54:49             SUCCESS             MOFSLOPENAPI.py             Initilize Constructor
2023-11-30 00:54:50             SUCCESS             MOFSLOPENAPI.py             Initilize Constructor Done
2023-11-30 00:55:04             SUCCESS             MOFSLOPENAPI.py             Initilize login request send
2023-11-30 00:55:04             SUCCESS             MOFSLOPENAPI.py             Initilize Post WebRequest Sent
2023-11-30 00:55:06             SUCCESS             MOFSLOPENAPI.py             Post WebRequest Send Successfully
2023-11-30 00:55:06             SUCCESS             MOFSLOPENAPI.py             Login sucessfully
2023-11-30 00:57:49             SUCCESS             MOFSLOPENAPI.py             Initilize Constructor
2023-11-30 00:57:51             SUCCESS             MOFSLOPENAPI.py             Initilize Constructor Done
2023-11-30 00:58:04             SUCCESS             MOFSLOPENAPI.py             Initilize login request send
2023-11-30 00:58:04             SUCCESS             MOFSLOPENAPI.py             Initilize Post WebRequest Sent
2023-11-30 00:58:06             SUCCESS             MOFSLOPENAPI.py             Post WebRequest Send Successfully
2023-11-30 00:58:06             SUCCESS             MOFSLOPENAPI.py             Login sucessfully
2023-11-30 00:58:26             SUCCESS             MOFSLOPENAPI.py             Initilize Constructor
2023-11-30 00:58:28             SUCCESS             MOFSLOPENAPI.py             Initilize Constructor Done
2023-11-30 00:58:35             SUCCESS             MOFSLOPENAPI.py             Initilize login request send
2023-11-30 00:58:35             SUCCESS             MOFSLOPENAPI.py             Initilize Post WebRequest Sent
2023-11-30 00:58:36             SUCCESS             MOFSLOPENAPI.py             Post WebRequest Send Successfully
2023-11-30 00:58:36             SUCCESS             MOFSLOPENAPI.py             Login sucessfully
2023-11-30 01:02:05             SUCCESS             MOFSLOPENAPI.py             Initilize Constructor
2023-11-30 01:02:05             FAILED             MOFSLOPENAPI.py             GetPublicIPAddressHTTPConnectionPool(host='checkip.dyndns.org', port=80): Max retries exceeded with url: / (Caused by NewConnectionError('<urllib3.connection.HTTPConnection object at 0x0000022A87431350>: Failed to establish a new connection: [Errno 11001] getaddrinfo failed'))
2023-11-30 01:02:05             SUCCESS             MOFSLOPENAPI.py             Initilize Constructor Done
2023-11-30 01:02:15             SUCCESS             MOFSLOPENAPI.py             Initilize login request send
2023-11-30 01:02:15             SUCCESS             MOFSLOPENAPI.py             Initilize Post WebRequest Sent
2023-11-30 01:02:15             FAILED             MOFSLOPENAPI.py             Network connection is unavailable
2023-11-30 01:02:15             FAILED             MOFSLOPENAPI.py             'NoneType' object is not subscriptable
2023-11-30 01:02:15             FAILED             MOFSLOPENAPI.py             login_Error while sending the webRequest
2023-11-30 01:02:15             FAILED             MOFSLOPENAPI.py             Login Request failed
2023-11-30 01:10:42             SUCCESS             MOFSLOPENAPI.py             Initilize Constructor
2023-11-30 01:11:04             SUCCESS             MOFSLOPENAPI.py             Initilize Constructor Done
2023-11-30 01:11:09             SUCCESS             MOFSLOPENAPI.py             Initilize login request send
2023-11-30 01:11:09             SUCCESS             MOFSLOPENAPI.py             Initilize Post WebRequest Sent
2023-11-30 01:11:11             SUCCESS             MOFSLOPENAPI.py             Post WebRequest Send Successfully
2023-11-30 01:11:11             SUCCESS             MOFSLOPENAPI.py             Login sucessfully
2023-11-30 01:16:06             SUCCESS             MOFSLOPENAPI.py             Initilize Constructor
2023-11-30 01:16:08             SUCCESS             MOFSLOPENAPI.py             Initilize Constructor Done
2023-11-30 01:16:17             SUCCESS             MOFSLOPENAPI.py             Initilize login request send
2023-11-30 01:16:17             SUCCESS             MOFSLOPENAPI.py             Initilize Post WebRequest Sent
2023-11-30 01:16:18             SUCCESS             MOFSLOPENAPI.py             Post WebRequest Send Successfully
2023-11-30 01:16:18             SUCCESS             MOFSLOPENAPI.py             Login sucessfully
2023-11-30 01:17:39             SUCCESS             MOFSLOPENAPI.py             Initilize Constructor
2023-11-30 01:17:39             SUCCESS             MOFSLOPENAPI.py             Initilize Constructor Done
2023-11-30 01:18:08             SUCCESS             MOFSLOPENAPI.py             Initilize Constructor
2023-11-30 01:18:09             SUCCESS             MOFSLOPENAPI.py             Initilize Constructor Done
2023-11-30 01:18:14             SUCCESS             MOFSLOPENAPI.py             Initilize login request send
2023-11-30 01:18:14             SUCCESS             MOFSLOPENAPI.py             Initilize Post WebRequest Sent
2023-11-30 01:18:15             SUCCESS             MOFSLOPENAPI.py             Post WebRequest Send Successfully
2023-11-30 01:18:15             SUCCESS             MOFSLOPENAPI.py             Login sucessfully
2023-11-30 01:20:06             SUCCESS             MOFSLOPENAPI.py             Initilize Constructor
2023-11-30 01:20:27             SUCCESS             MOFSLOPENAPI.py             Initilize Constructor Done
2023-11-30 01:20:36             SUCCESS             MOFSLOPENAPI.py             Initilize login request send
2023-11-30 01:20:36             SUCCESS             MOFSLOPENAPI.py             Initilize Post WebRequest Sent
2023-11-30 01:20:37             SUCCESS             MOFSLOPENAPI.py             Post WebRequest Send Successfully
2023-11-30 01:20:37             SUCCESS             MOFSLOPENAPI.py             Login sucessfully
2023-11-30 01:22:16             SUCCESS             MOFSLOPENAPI.py             Initilize Constructor
2023-11-30 01:22:17             SUCCESS             MOFSLOPENAPI.py             Initilize Constructor Done
2023-11-30 01:22:25             SUCCESS             MOFSLOPENAPI.py             Initilize login request send
2023-11-30 01:22:25             SUCCESS             MOFSLOPENAPI.py             Initilize Post WebRequest Sent
2023-11-30 01:22:26             SUCCESS             MOFSLOPENAPI.py             Post WebRequest Send Successfully
2023-11-30 01:22:26             SUCCESS             MOFSLOPENAPI.py             Login sucessfully
2023-11-30 01:23:39             SUCCESS             MOFSLOPENAPI.py             Initilize Constructor
2023-11-30 01:23:57             FAILED             MOFSLOPENAPI.py             GetPublicIPAddressHTTPConnectionPool(host='checkip.dyndns.org', port=80): Max retries exceeded with url: / (Caused by NewConnectionError('<urllib3.connection.HTTPConnection object at 0x0000021818BC46D0>: Failed to establish a new connection: [WinError 10051] A socket operation was attempted to an unreachable network'))
2023-11-30 01:23:57             SUCCESS             MOFSLOPENAPI.py             Initilize Constructor Done
2023-11-30 01:24:04             SUCCESS             MOFSLOPENAPI.py             Initilize login request send
2023-11-30 01:24:04             SUCCESS             MOFSLOPENAPI.py             Initilize Post WebRequest Sent
2023-11-30 01:24:04             FAILED             MOFSLOPENAPI.py             Network connection is unavailable
2023-11-30 01:24:04             FAILED             MOFSLOPENAPI.py             'NoneType' object is not subscriptable
2023-11-30 01:24:04             FAILED             MOFSLOPENAPI.py             login_Error while sending the webRequest
2023-11-30 01:24:04             FAILED             MOFSLOPENAPI.py             Login Request failed
2023-11-30 01:25:33             SUCCESS             MOFSLOPENAPI.py             Initilize Constructor
2023-11-30 01:26:38             SUCCESS             MOFSLOPENAPI.py             Initilize Constructor Done
2023-11-30 01:26:53             SUCCESS             MOFSLOPENAPI.py             Initilize login request send
2023-11-30 01:26:53             SUCCESS             MOFSLOPENAPI.py             Initilize Post WebRequest Sent
2023-11-30 01:26:56             SUCCESS             MOFSLOPENAPI.py             Post WebRequest Send Successfully
2023-11-30 01:26:56             SUCCESS             MOFSLOPENAPI.py             Login sucessfully
2023-11-30 01:31:22             SUCCESS             MOFSLOPENAPI.py             Initilize Constructor
2023-11-30 01:31:45             SUCCESS             MOFSLOPENAPI.py             Initilize Constructor Done
2023-11-30 01:31:54             SUCCESS             MOFSLOPENAPI.py             Initilize login request send
2023-11-30 01:31:54             SUCCESS             MOFSLOPENAPI.py             Initilize Post WebRequest Sent
2023-11-30 01:31:56             SUCCESS             MOFSLOPENAPI.py             Post WebRequest Send Successfully
2023-11-30 01:31:56             SUCCESS             MOFSLOPENAPI.py             Login sucessfully
2023-11-30 01:31:56             SUCCESS             MOFSLOPENAPI.py             Initilaize GetLtp request send
2023-11-30 01:31:56             SUCCESS             MOFSLOPENAPI.py             Initilize Post WebRequest Sent
2023-11-30 01:31:57             SUCCESS             MOFSLOPENAPI.py             Post WebRequest Send Successfully
2023-11-30 01:31:58             SUCCESS             MOFSLOPENAPI.py             GetLtp request sent Successfully
